-- The C compiler identification is GNU 11.4.0
-- The CXX compiler identification is GNU 11.4.0
-- Detecting C compiler ABI info
-- Detecting C compiler ABI info - done
-- Check for working C compiler: /usr/bin/cc - skipped
-- Detecting C compile features
-- Detecting C compile features - done
-- Detecting CXX compiler ABI info
-- Detecting CXX compiler ABI info - done
-- Check for working CXX compiler: /usr/bin/c++ - skipped
-- Detecting CXX compile features
-- Detecting CXX compile features - done
-- Found ament_cmake: 1.3.9 (/opt/ros/humble/share/ament_cmake/cmake)
-- Found Python3: /usr/bin/python3 (found version "3.10.12") found components: Interpreter 
-- Found ament_lint_auto: 0.12.11 (/opt/ros/humble/share/ament_lint_auto/cmake)
-- Added test 'cppcheck' to perform static code analysis on C / C++ code
-- Configured cppcheck include dirs: $<BUILD_INTERFACE:/home/moses/marp/src/dt_controller/include>
-- Configured cppcheck exclude dirs and/or files: 
-- Added test 'lint_cmake' to check CMake code style
-- Added test 'uncrustify' to check C / C++ code style
-- Configured uncrustify additional arguments: 
-- Added test 'xmllint' to check XML markup files
-- Configuring done
-- Generating done
-- Build files have been written to: /home/moses/marp/build/dt_controller
[ 50%] [32mBuilding CXX object CMakeFiles/dt_controller.dir/src/dt_controller.cpp.o[0m
[100%] [32m[1mLinking CXX executable dt_controller[0m
[100%] Built target dt_controller
-- Install configuration: ""
-- Installing: /home/moses/marp/install/dt_controller/lib/dt_controller/dt_controller
-- Installing: /home/moses/marp/install/dt_controller/share/ament_index/resource_index/package_run_dependencies/dt_controller
-- Installing: /home/moses/marp/install/dt_controller/share/ament_index/resource_index/parent_prefix_path/dt_controller
-- Installing: /home/moses/marp/install/dt_controller/share/dt_controller/environment/ament_prefix_path.sh
-- Installing: /home/moses/marp/install/dt_controller/share/dt_controller/environment/ament_prefix_path.dsv
-- Installing: /home/moses/marp/install/dt_controller/share/dt_controller/environment/path.sh
-- Installing: /home/moses/marp/install/dt_controller/share/dt_controller/environment/path.dsv
-- Installing: /home/moses/marp/install/dt_controller/share/dt_controller/local_setup.bash
-- Installing: /home/moses/marp/install/dt_controller/share/dt_controller/local_setup.sh
-- Installing: /home/moses/marp/install/dt_controller/share/dt_controller/local_setup.zsh
-- Installing: /home/moses/marp/install/dt_controller/share/dt_controller/local_setup.dsv
-- Installing: /home/moses/marp/install/dt_controller/share/dt_controller/package.dsv
-- Installing: /home/moses/marp/install/dt_controller/share/ament_index/resource_index/packages/dt_controller
-- Installing: /home/moses/marp/install/dt_controller/share/dt_controller/cmake/dt_controllerConfig.cmake
-- Installing: /home/moses/marp/install/dt_controller/share/dt_controller/cmake/dt_controllerConfig-version.cmake
-- Installing: /home/moses/marp/install/dt_controller/share/dt_controller/package.xml
