[0.056s] Invoking command in '/home/moses/marp/build/dt_controller': CMAKE_PREFIX_PATH=/opt/ros/humble /usr/bin/cmake /home/moses/marp/src/dt_controller -DCMAKE_INSTALL_PREFIX=/home/moses/marp/install/dt_controller
[0.404s] -- The C compiler identification is GNU 11.4.0
[0.738s] -- The CXX compiler identification is GNU 11.4.0
[0.788s] -- Detecting C compiler ABI info
[1.397s] -- Detecting C compiler ABI info - done
[1.431s] -- Check for working C compiler: /usr/bin/cc - skipped
[1.434s] -- Detecting C compile features
[1.437s] -- Detecting C compile features - done
[1.453s] -- Detecting CXX compiler ABI info
[1.936s] -- Detecting CXX compiler ABI info - done
[1.966s] -- Check for working CXX compiler: /usr/bin/c++ - skipped
[1.969s] -- Detecting CXX compile features
[1.971s] -- Detecting CXX compile features - done
[1.992s] -- Found ament_cmake: 1.3.9 (/opt/ros/humble/share/ament_cmake/cmake)
[2.831s] -- Found Python3: /usr/bin/python3 (found version "3.10.12") found components: Interpreter 
[3.383s] -- Found ament_lint_auto: 0.12.11 (/opt/ros/humble/share/ament_lint_auto/cmake)
[3.885s] -- Added test 'cppcheck' to perform static code analysis on C / C++ code
[3.886s] -- Configured cppcheck include dirs: $<BUILD_INTERFACE:/home/moses/marp/src/dt_controller/include>
[3.887s] -- Configured cppcheck exclude dirs and/or files: 
[3.890s] -- Added test 'lint_cmake' to check CMake code style
[3.945s] -- Added test 'uncrustify' to check C / C++ code style
[3.948s] -- Configured uncrustify additional arguments: 
[3.950s] -- Added test 'xmllint' to check XML markup files
[3.952s] -- Configuring done
[3.952s] -- Generating done
[3.953s] -- Build files have been written to: /home/moses/marp/build/dt_controller
[3.954s] Invoked command in '/home/moses/marp/build/dt_controller' returned '0': CMAKE_PREFIX_PATH=/opt/ros/humble /usr/bin/cmake /home/moses/marp/src/dt_controller -DCMAKE_INSTALL_PREFIX=/home/moses/marp/install/dt_controller
[3.958s] Invoking command in '/home/moses/marp/build/dt_controller': CMAKE_PREFIX_PATH=/opt/ros/humble /usr/bin/cmake --build /home/moses/marp/build/dt_controller -- -j4 -l4
[4.139s] [ 50%] [32mBuilding CXX object CMakeFiles/dt_controller.dir/src/dt_controller.cpp.o[0m
[4.275s] [100%] [32m[1mLinking CXX executable dt_controller[0m
[4.474s] [100%] Built target dt_controller
[4.512s] Invoked command in '/home/moses/marp/build/dt_controller' returned '0': CMAKE_PREFIX_PATH=/opt/ros/humble /usr/bin/cmake --build /home/moses/marp/build/dt_controller -- -j4 -l4
[4.634s] Invoking command in '/home/moses/marp/build/dt_controller': CMAKE_PREFIX_PATH=/opt/ros/humble /usr/bin/cmake --install /home/moses/marp/build/dt_controller
[4.659s] -- Install configuration: ""
[4.661s] -- Installing: /home/moses/marp/install/dt_controller/lib/dt_controller/dt_controller
[4.662s] -- Installing: /home/moses/marp/install/dt_controller/share/ament_index/resource_index/package_run_dependencies/dt_controller
[4.663s] -- Installing: /home/moses/marp/install/dt_controller/share/ament_index/resource_index/parent_prefix_path/dt_controller
[4.665s] -- Installing: /home/moses/marp/install/dt_controller/share/dt_controller/environment/ament_prefix_path.sh
[4.667s] -- Installing: /home/moses/marp/install/dt_controller/share/dt_controller/environment/ament_prefix_path.dsv
[4.667s] -- Installing: /home/moses/marp/install/dt_controller/share/dt_controller/environment/path.sh
[4.670s] -- Installing: /home/moses/marp/install/dt_controller/share/dt_controller/environment/path.dsv
[4.674s] -- Installing: /home/moses/marp/install/dt_controller/share/dt_controller/local_setup.bash
[4.675s] -- Installing: /home/moses/marp/install/dt_controller/share/dt_controller/local_setup.sh
[4.675s] -- Installing: /home/moses/marp/install/dt_controller/share/dt_controller/local_setup.zsh
[4.676s] -- Installing: /home/moses/marp/install/dt_controller/share/dt_controller/local_setup.dsv
[4.677s] -- Installing: /home/moses/marp/install/dt_controller/share/dt_controller/package.dsv
[4.681s] -- Installing: /home/moses/marp/install/dt_controller/share/ament_index/resource_index/packages/dt_controller
[4.683s] -- Installing: /home/moses/marp/install/dt_controller/share/dt_controller/cmake/dt_controllerConfig.cmake
[4.683s] -- Installing: /home/moses/marp/install/dt_controller/share/dt_controller/cmake/dt_controllerConfig-version.cmake
[4.684s] -- Installing: /home/moses/marp/install/dt_controller/share/dt_controller/package.xml
[4.691s] Invoked command in '/home/moses/marp/build/dt_controller' returned '0': CMAKE_PREFIX_PATH=/opt/ros/humble /usr/bin/cmake --install /home/moses/marp/build/dt_controller
