-- Found ament_cmake: 1.3.9 (/opt/ros/humble/share/ament_cmake/cmake)
-- Found rclcpp: 16.0.9 (/opt/ros/humble/share/rclcpp/cmake)
-- Found rosidl_generator_c: 3.1.5 (/opt/ros/humble/share/rosidl_generator_c/cmake)
-- Found rosidl_adapter: 3.1.5 (/opt/ros/humble/share/rosidl_adapter/cmake)
-- Found rosidl_generator_cpp: 3.1.5 (/opt/ros/humble/share/rosidl_generator_cpp/cmake)
-- Using all available rosidl_typesupport_c: rosidl_typesupport_fastrtps_c;rosidl_typesupport_introspection_c
-- Using all available rosidl_typesupport_cpp: rosidl_typesupport_fastrtps_cpp;rosidl_typesupport_introspection_cpp
-- Found rmw_implementation_cmake: 6.1.2 (/opt/ros/humble/share/rmw_implementation_cmake/cmake)
-- Found rmw_fastrtps_cpp: 6.2.6 (/opt/ros/humble/share/rmw_fastrtps_cpp/cmake)
-- Using RMW implementation 'rmw_fastrtps_cpp' as default
-- Found ament_lint_auto: 0.12.11 (/opt/ros/humble/share/ament_lint_auto/cmake)
-- Added test 'cppcheck' to perform static code analysis on C / C++ code
-- Configured cppcheck include dirs: /home/moses/marp/src/controller/include;$<BUILD_INTERFACE:/home/moses/marp/src/controller/include>
-- Configured cppcheck exclude dirs and/or files: 
-- Added test 'lint_cmake' to check CMake code style
-- Added test 'uncrustify' to check C / C++ code style
-- Configured uncrustify additional arguments: 
-- Added test 'xmllint' to check XML markup files
-- Configuring done
-- Generating done
-- Build files have been written to: /home/moses/marp/build/controller
[ 50%] [32mBuilding CXX object CMakeFiles/controller.dir/src/controller.cpp.o[0m
In file included from [01m[K/home/moses/marp/src/controller/src/controller.cpp:7[m[K:
[01m[K/home/moses/marp/src/serialib/lib/serialib.cpp:[m[K In member function ‘[01m[Kint serialib::readStringNoTimeOut(char*, char, unsigned int)[m[K’:
[01m[K/home/moses/marp/src/serialib/lib/serialib.cpp:576:21:[m[K [01;35m[Kwarning: [m[Kcomparison is always false due to limited range of data type [[01;35m[K]8;;https://gcc.gnu.org/onlinedocs/gcc/Warning-Options.html#index-Wtype-limits-Wtype-limits]8;;[m[K]
  576 |         if ([01;35m[KcharRead<0[m[K) return charRead;
      |             [01;35m[K~~~~~~~~^~[m[K
[01m[K/home/moses/marp/src/serialib/lib/serialib.cpp:[m[K In member function ‘[01m[Kint serialib::readString(char*, char, unsigned int, unsigned int)[m[K’:
[01m[K/home/moses/marp/src/serialib/lib/serialib.cpp:639:25:[m[K [01;35m[Kwarning: [m[Kcomparison is always false due to limited range of data type [[01;35m[K]8;;https://gcc.gnu.org/onlinedocs/gcc/Warning-Options.html#index-Wtype-limits-Wtype-limits]8;;[m[K]
  639 |             if ([01;35m[KcharRead<0[m[K) return charRead;
      |                 [01;35m[K~~~~~~~~^~[m[K
[01m[K/home/moses/marp/src/controller/src/controller.cpp:[m[K In member function ‘[01m[Kvoid MinimalPublisher::timer_callback()[m[K’:
[01m[K/home/moses/marp/src/controller/src/controller.cpp:38:39:[m[K [01;31m[Kerror: [m[Kno matching function for call to ‘[01m[Kserialib::readString()[m[K’
   38 |       message.data = [01;31m[Kserial.readString()[m[K;
      |                      [01;31m[K~~~~~~~~~~~~~~~~~^~[m[K
In file included from [01m[K/home/moses/marp/src/controller/src/controller.cpp:7[m[K:
[01m[K/home/moses/marp/src/serialib/lib/serialib.cpp:595:5:[m[K [01;36m[Knote: [m[Kcandidate: ‘[01m[Kint serialib::readString(char*, char, unsigned int, unsigned int)[m[K’
  595 | int [01;36m[Kserialib[m[K::readString(char *receivedString,char finalChar,unsigned int maxNbBytes,unsigned int timeOut_ms)
      |     [01;36m[K^~~~~~~~[m[K
[01m[K/home/moses/marp/src/serialib/lib/serialib.cpp:595:5:[m[K [01;36m[Knote: [m[K  candidate expects 4 arguments, 0 provided
gmake[2]: *** [CMakeFiles/controller.dir/build.make:76: CMakeFiles/controller.dir/src/controller.cpp.o] Error 1
gmake[1]: *** [CMakeFiles/Makefile2:137: CMakeFiles/controller.dir/all] Error 2
gmake: *** [Makefile:146: all] Error 2
