[0.077s] Invoking command in '/home/moses/marp/build/dtc': CMAKE_PREFIX_PATH=/opt/ros/humble /usr/bin/cmake --build /home/moses/marp/build/dtc -- -j4 -l4
[0.338s] [100%] Built target dtc
[0.407s] Invoked command in '/home/moses/marp/build/dtc' returned '0': CMAKE_PREFIX_PATH=/opt/ros/humble /usr/bin/cmake --build /home/moses/marp/build/dtc -- -j4 -l4
[0.929s] Invoking command in '/home/moses/marp/build/dtc': CMAKE_PREFIX_PATH=/opt/ros/humble /usr/bin/cmake --install /home/moses/marp/build/dtc
[1.000s] -- Install configuration: ""
[1.006s] -- Up-to-date: /home/moses/marp/install/dtc/lib/dtc/dtc
[1.011s] -- Up-to-date: /home/moses/marp/install/dtc/share/ament_index/resource_index/package_run_dependencies/dtc
[1.014s] -- Up-to-date: /home/moses/marp/install/dtc/share/ament_index/resource_index/parent_prefix_path/dtc
[1.017s] -- Up-to-date: /home/moses/marp/install/dtc/share/dtc/environment/ament_prefix_path.sh
[1.019s] -- Up-to-date: /home/moses/marp/install/dtc/share/dtc/environment/ament_prefix_path.dsv
[1.023s] -- Up-to-date: /home/moses/marp/install/dtc/share/dtc/environment/path.sh
[1.024s] -- Up-to-date: /home/moses/marp/install/dtc/share/dtc/environment/path.dsv
[1.025s] -- Up-to-date: /home/moses/marp/install/dtc/share/dtc/local_setup.bash
[1.026s] -- Up-to-date: /home/moses/marp/install/dtc/share/dtc/local_setup.sh
[1.028s] -- Up-to-date: /home/moses/marp/install/dtc/share/dtc/local_setup.zsh
[1.030s] -- Up-to-date: /home/moses/marp/install/dtc/share/dtc/local_setup.dsv
[1.032s] -- Installing: /home/moses/marp/install/dtc/share/dtc/package.dsv
[1.035s] -- Up-to-date: /home/moses/marp/install/dtc/share/ament_index/resource_index/packages/dtc
[1.036s] -- Up-to-date: /home/moses/marp/install/dtc/share/dtc/cmake/dtcConfig.cmake
[1.037s] -- Up-to-date: /home/moses/marp/install/dtc/share/dtc/cmake/dtcConfig-version.cmake
[1.038s] -- Up-to-date: /home/moses/marp/install/dtc/share/dtc/package.xml
[1.062s] Invoked command in '/home/moses/marp/build/dtc' returned '0': CMAKE_PREFIX_PATH=/opt/ros/humble /usr/bin/cmake --install /home/moses/marp/build/dtc
