[0.046s] Invoking command in '/home/moses/marp/build/dtc': CMAKE_PREFIX_PATH=/opt/ros/humble /usr/bin/cmake /home/moses/marp/src/dtc -DCMAKE_INSTALL_PREFIX=/home/moses/marp/install/dtc
[0.302s] -- The C compiler identification is GNU 11.4.0
[0.582s] -- The CXX compiler identification is GNU 11.4.0
[0.617s] -- Detecting C compiler ABI info
[0.961s] -- Detecting C compiler ABI info - done
[0.997s] -- Check for working C compiler: /usr/bin/cc - skipped
[0.998s] -- Detecting C compile features
[0.999s] -- Detecting C compile features - done
[1.011s] -- Detecting CXX compiler ABI info
[1.358s] -- Detecting CXX compiler ABI info - done
[1.387s] -- Check for working CXX compiler: /usr/bin/c++ - skipped
[1.388s] -- Detecting CXX compile features
[1.390s] -- Detecting CXX compile features - done
[1.409s] -- Found ament_cmake: 1.3.9 (/opt/ros/humble/share/ament_cmake/cmake)
[2.209s] -- Found Python3: /usr/bin/python3 (found version "3.10.12") found components: Interpreter 
[2.738s] -- Found ament_lint_auto: 0.12.11 (/opt/ros/humble/share/ament_lint_auto/cmake)
[3.128s] -- Added test 'cppcheck' to perform static code analysis on C / C++ code
[3.128s] -- Configured cppcheck include dirs: $<BUILD_INTERFACE:/home/moses/marp/src/dtc/include>
[3.129s] -- Configured cppcheck exclude dirs and/or files: 
[3.132s] -- Added test 'lint_cmake' to check CMake code style
[3.140s] -- Added test 'uncrustify' to check C / C++ code style
[3.140s] -- Configured uncrustify additional arguments: 
[3.142s] -- Added test 'xmllint' to check XML markup files
[3.150s] -- Configuring done
[3.174s] -- Generating done
[3.178s] -- Build files have been written to: /home/moses/marp/build/dtc
[3.197s] Invoked command in '/home/moses/marp/build/dtc' returned '0': CMAKE_PREFIX_PATH=/opt/ros/humble /usr/bin/cmake /home/moses/marp/src/dtc -DCMAKE_INSTALL_PREFIX=/home/moses/marp/install/dtc
[3.208s] Invoking command in '/home/moses/marp/build/dtc': CMAKE_PREFIX_PATH=/opt/ros/humble /usr/bin/cmake --build /home/moses/marp/build/dtc -- -j4 -l4
[3.398s] [ 50%] [32mBuilding CXX object CMakeFiles/dtc.dir/src/dtc.cpp.o[0m
[3.549s] [100%] [32m[1mLinking CXX executable dtc[0m
[3.757s] [100%] Built target dtc
[3.800s] Invoked command in '/home/moses/marp/build/dtc' returned '0': CMAKE_PREFIX_PATH=/opt/ros/humble /usr/bin/cmake --build /home/moses/marp/build/dtc -- -j4 -l4
[3.953s] Invoking command in '/home/moses/marp/build/dtc': CMAKE_PREFIX_PATH=/opt/ros/humble /usr/bin/cmake --install /home/moses/marp/build/dtc
[3.983s] -- Install configuration: ""
[3.984s] -- Installing: /home/moses/marp/install/dtc/lib/dtc/dtc
[3.986s] -- Installing: /home/moses/marp/install/dtc/share/ament_index/resource_index/package_run_dependencies/dtc
[3.987s] -- Installing: /home/moses/marp/install/dtc/share/ament_index/resource_index/parent_prefix_path/dtc
[3.989s] -- Installing: /home/moses/marp/install/dtc/share/dtc/environment/ament_prefix_path.sh
[3.990s] -- Installing: /home/moses/marp/install/dtc/share/dtc/environment/ament_prefix_path.dsv
[3.991s] -- Installing: /home/moses/marp/install/dtc/share/dtc/environment/path.sh
[3.992s] -- Installing: /home/moses/marp/install/dtc/share/dtc/environment/path.dsv
[3.993s] -- Installing: /home/moses/marp/install/dtc/share/dtc/local_setup.bash
[3.995s] -- Installing: /home/moses/marp/install/dtc/share/dtc/local_setup.sh
[3.996s] -- Installing: /home/moses/marp/install/dtc/share/dtc/local_setup.zsh
[3.997s] -- Installing: /home/moses/marp/install/dtc/share/dtc/local_setup.dsv
[3.998s] -- Installing: /home/moses/marp/install/dtc/share/dtc/package.dsv
[4.000s] -- Installing: /home/moses/marp/install/dtc/share/ament_index/resource_index/packages/dtc
[4.001s] -- Installing: /home/moses/marp/install/dtc/share/dtc/cmake/dtcConfig.cmake
[4.002s] -- Installing: /home/moses/marp/install/dtc/share/dtc/cmake/dtcConfig-version.cmake
[4.003s] -- Installing: /home/moses/marp/install/dtc/share/dtc/package.xml
[4.012s] Invoked command in '/home/moses/marp/build/dtc' returned '0': CMAKE_PREFIX_PATH=/opt/ros/humble /usr/bin/cmake --install /home/moses/marp/build/dtc
