-- Found ament_cmake: 1.3.9 (/opt/ros/humble/share/ament_cmake/cmake)
-- Found rclcpp: 16.0.9 (/opt/ros/humble/share/rclcpp/cmake)
-- Found rosidl_generator_c: 3.1.5 (/opt/ros/humble/share/rosidl_generator_c/cmake)
-- Found rosidl_adapter: 3.1.5 (/opt/ros/humble/share/rosidl_adapter/cmake)
-- Found rosidl_generator_cpp: 3.1.5 (/opt/ros/humble/share/rosidl_generator_cpp/cmake)
-- Using all available rosidl_typesupport_c: rosidl_typesupport_fastrtps_c;rosidl_typesupport_introspection_c
-- Using all available rosidl_typesupport_cpp: rosidl_typesupport_fastrtps_cpp;rosidl_typesupport_introspection_cpp
-- Found rmw_implementation_cmake: 6.1.2 (/opt/ros/humble/share/rmw_implementation_cmake/cmake)
-- Found rmw_fastrtps_cpp: 6.2.6 (/opt/ros/humble/share/rmw_fastrtps_cpp/cmake)
-- Using RMW implementation 'rmw_fastrtps_cpp' as default
-- Found ament_lint_auto: 0.12.11 (/opt/ros/humble/share/ament_lint_auto/cmake)
-- Added test 'cppcheck' to perform static code analysis on C / C++ code
-- Configured cppcheck include dirs: $<BUILD_INTERFACE:/home/moses/marp/src/dtc/include>
-- Configured cppcheck exclude dirs and/or files: 
-- Added test 'lint_cmake' to check CMake code style
-- Added test 'uncrustify' to check C / C++ code style
-- Configured uncrustify additional arguments: 
-- Added test 'xmllint' to check XML markup files
-- Configuring done
-- Generating done
-- Build files have been written to: /home/moses/marp/build/dtc
[35m[1mConsolidate compiler generated dependencies of target dtc[0m
[ 50%] [32mBuilding CXX object CMakeFiles/dtc.dir/src/dtc.cpp.o[0m
[100%] [32m[1mLinking CXX executable dtc[0m
[100%] Built target dtc
-- Install configuration: ""
-- Installing: /home/moses/marp/install/dtc/lib/dtc/dtc
-- Set runtime path of "/home/moses/marp/install/dtc/lib/dtc/dtc" to ""
-- Installing: /home/moses/marp/install/dtc/share/ament_index/resource_index/package_run_dependencies/dtc
-- Installing: /home/moses/marp/install/dtc/share/ament_index/resource_index/parent_prefix_path/dtc
-- Up-to-date: /home/moses/marp/install/dtc/share/dtc/environment/ament_prefix_path.sh
-- Installing: /home/moses/marp/install/dtc/share/dtc/environment/ament_prefix_path.dsv
-- Up-to-date: /home/moses/marp/install/dtc/share/dtc/environment/path.sh
-- Installing: /home/moses/marp/install/dtc/share/dtc/environment/path.dsv
-- Up-to-date: /home/moses/marp/install/dtc/share/dtc/local_setup.bash
-- Up-to-date: /home/moses/marp/install/dtc/share/dtc/local_setup.sh
-- Up-to-date: /home/moses/marp/install/dtc/share/dtc/local_setup.zsh
-- Installing: /home/moses/marp/install/dtc/share/dtc/local_setup.dsv
-- Installing: /home/moses/marp/install/dtc/share/dtc/package.dsv
-- Up-to-date: /home/moses/marp/install/dtc/share/ament_index/resource_index/packages/dtc
-- Up-to-date: /home/moses/marp/install/dtc/share/dtc/cmake/dtcConfig.cmake
-- Up-to-date: /home/moses/marp/install/dtc/share/dtc/cmake/dtcConfig-version.cmake
-- Installing: /home/moses/marp/install/dtc/share/dtc/package.xml
