[0.047s] Invoking command in '/home/moses/marp/build/dtc': CMAKE_PREFIX_PATH=${CMAKE_PREFIX_PATH}:/opt/ros/humble /usr/bin/cmake --build /home/moses/marp/build/dtc -- -j4 -l4
[0.154s] -- Found ament_cmake: 1.3.9 (/opt/ros/humble/share/ament_cmake/cmake)
[0.720s] -- Found rclcpp: 16.0.9 (/opt/ros/humble/share/rclcpp/cmake)
[0.853s] -- Found rosidl_generator_c: 3.1.5 (/opt/ros/humble/share/rosidl_generator_c/cmake)
[0.863s] -- Found rosidl_adapter: 3.1.5 (/opt/ros/humble/share/rosidl_adapter/cmake)
[0.888s] -- Found rosidl_generator_cpp: 3.1.5 (/opt/ros/humble/share/rosidl_generator_cpp/cmake)
[0.933s] -- Using all available rosidl_typesupport_c: rosidl_typesupport_fastrtps_c;rosidl_typesupport_introspection_c
[0.995s] -- Using all available rosidl_typesupport_cpp: rosidl_typesupport_fastrtps_cpp;rosidl_typesupport_introspection_cpp
[1.218s] -- Found rmw_implementation_cmake: 6.1.2 (/opt/ros/humble/share/rmw_implementation_cmake/cmake)
[1.224s] -- Found rmw_fastrtps_cpp: 6.2.6 (/opt/ros/humble/share/rmw_fastrtps_cpp/cmake)
[1.781s] -- Using RMW implementation 'rmw_fastrtps_cpp' as default
[2.371s] -- Found ament_lint_auto: 0.12.11 (/opt/ros/humble/share/ament_lint_auto/cmake)
[2.678s] -- Added test 'cppcheck' to perform static code analysis on C / C++ code
[2.679s] -- Configured cppcheck include dirs: $<BUILD_INTERFACE:/home/moses/marp/src/dtc/include>
[2.679s] -- Configured cppcheck exclude dirs and/or files: 
[2.682s] -- Added test 'lint_cmake' to check CMake code style
[2.688s] -- Added test 'uncrustify' to check C / C++ code style
[2.688s] -- Configured uncrustify additional arguments: 
[2.690s] -- Added test 'xmllint' to check XML markup files
[2.693s] -- Configuring done
[2.749s] -- Generating done
[2.758s] -- Build files have been written to: /home/moses/marp/build/dtc
[2.862s] [35m[1mConsolidate compiler generated dependencies of target dtc[0m
[2.908s] [ 50%] [32mBuilding CXX object CMakeFiles/dtc.dir/src/dtc.cpp.o[0m
[20.289s] [100%] [32m[1mLinking CXX executable dtc[0m
[21.194s] [100%] Built target dtc
[21.232s] Invoked command in '/home/moses/marp/build/dtc' returned '0': CMAKE_PREFIX_PATH=${CMAKE_PREFIX_PATH}:/opt/ros/humble /usr/bin/cmake --build /home/moses/marp/build/dtc -- -j4 -l4
[21.410s] Invoking command in '/home/moses/marp/build/dtc': CMAKE_PREFIX_PATH=${CMAKE_PREFIX_PATH}:/opt/ros/humble /usr/bin/cmake --install /home/moses/marp/build/dtc
[21.435s] -- Install configuration: ""
[21.436s] -- Installing: /home/moses/marp/install/dtc/lib/dtc/dtc
[21.446s] -- Set runtime path of "/home/moses/marp/install/dtc/lib/dtc/dtc" to ""
[21.447s] -- Installing: /home/moses/marp/install/dtc/share/ament_index/resource_index/package_run_dependencies/dtc
[21.448s] -- Installing: /home/moses/marp/install/dtc/share/ament_index/resource_index/parent_prefix_path/dtc
[21.449s] -- Up-to-date: /home/moses/marp/install/dtc/share/dtc/environment/ament_prefix_path.sh
[21.450s] -- Installing: /home/moses/marp/install/dtc/share/dtc/environment/ament_prefix_path.dsv
[21.451s] -- Up-to-date: /home/moses/marp/install/dtc/share/dtc/environment/path.sh
[21.451s] -- Installing: /home/moses/marp/install/dtc/share/dtc/environment/path.dsv
[21.452s] -- Up-to-date: /home/moses/marp/install/dtc/share/dtc/local_setup.bash
[21.453s] -- Up-to-date: /home/moses/marp/install/dtc/share/dtc/local_setup.sh
[21.454s] -- Up-to-date: /home/moses/marp/install/dtc/share/dtc/local_setup.zsh
[21.454s] -- Installing: /home/moses/marp/install/dtc/share/dtc/local_setup.dsv
[21.455s] -- Installing: /home/moses/marp/install/dtc/share/dtc/package.dsv
[21.456s] -- Up-to-date: /home/moses/marp/install/dtc/share/ament_index/resource_index/packages/dtc
[21.457s] -- Up-to-date: /home/moses/marp/install/dtc/share/dtc/cmake/dtcConfig.cmake
[21.457s] -- Up-to-date: /home/moses/marp/install/dtc/share/dtc/cmake/dtcConfig-version.cmake
[21.457s] -- Installing: /home/moses/marp/install/dtc/share/dtc/package.xml
[21.464s] Invoked command in '/home/moses/marp/build/dtc' returned '0': CMAKE_PREFIX_PATH=${CMAKE_PREFIX_PATH}:/opt/ros/humble /usr/bin/cmake --install /home/moses/marp/build/dtc
