[0.095s] Invoking command in '/home/moses/marp/build/turtlesim': CMAKE_PREFIX_PATH=/opt/ros/humble /usr/bin/cmake --build /home/moses/marp/build/turtlesim -- -j4 -l4
[0.459s] [  1%] Built target turtlesim__cpp
[0.516s] [ 11%] Built target turtlesim__rosidl_generator_c
[0.590s] [ 11%] Built target ament_cmake_python_copy_turtlesim
[0.742s] [ 21%] Built target turtlesim__rosidl_typesupport_cpp
[0.808s] [ 31%] Built target turtlesim__rosidl_typesupport_introspection_cpp
[0.811s] [ 41%] Built target turtlesim__rosidl_typesupport_fastrtps_cpp
[0.902s] [ 51%] Built target turtlesim__rosidl_typesupport_fastrtps_c
[1.005s] [ 61%] Built target turtlesim__rosidl_typesupport_introspection_c
[1.147s] [ 71%] Built target turtlesim__rosidl_typesupport_c
[1.295s] [ 73%] Built target turtle_teleop_key
[1.381s] [ 75%] Built target draw_square
[1.405s] [ 81%] Built target turtlesim_node
[1.534s] [ 83%] Built target mimic
[1.571s] [ 83%] Built target turtlesim
[1.835s] [ 84%] Built target turtlesim__py
[2.112s] [ 93%] Built target turtlesim__rosidl_generator_py
[2.361s] [ 95%] Built target turtlesim__rosidl_typesupport_introspection_c__pyext
[2.392s] [ 97%] Built target turtlesim__rosidl_typesupport_fastrtps_c__pyext
[2.423s] [100%] Built target turtlesim__rosidl_typesupport_c__pyext
[3.335s] running egg_info
[3.339s] writing turtlesim.egg-info/PKG-INFO
[3.342s] writing dependency_links to turtlesim.egg-info/dependency_links.txt
[3.343s] writing top-level names to turtlesim.egg-info/top_level.txt
[3.362s] reading manifest file 'turtlesim.egg-info/SOURCES.txt'
[3.368s] writing manifest file 'turtlesim.egg-info/SOURCES.txt'
[3.572s] [100%] Built target ament_cmake_python_build_turtlesim_egg
[3.648s] Invoked command in '/home/moses/marp/build/turtlesim' returned '0': CMAKE_PREFIX_PATH=/opt/ros/humble /usr/bin/cmake --build /home/moses/marp/build/turtlesim -- -j4 -l4
[5.893s] Invoking command in '/home/moses/marp/build/turtlesim': CMAKE_PREFIX_PATH=/opt/ros/humble /usr/bin/cmake --install /home/moses/marp/build/turtlesim
[5.950s] -- Install configuration: ""
[5.950s] -- Up-to-date: /home/moses/marp/install/turtlesim/share/ament_index/resource_index/rosidl_interfaces/turtlesim
[5.951s] -- Up-to-date: /home/moses/marp/install/turtlesim/include/turtlesim/turtlesim
[5.952s] -- Up-to-date: /home/moses/marp/install/turtlesim/include/turtlesim/turtlesim/srv
[5.952s] -- Up-to-date: /home/moses/marp/install/turtlesim/include/turtlesim/turtlesim/srv/teleport_absolute.h
[5.953s] -- Up-to-date: /home/moses/marp/install/turtlesim/include/turtlesim/turtlesim/srv/set_pen.h
[5.956s] -- Up-to-date: /home/moses/marp/install/turtlesim/include/turtlesim/turtlesim/srv/kill.h
[5.957s] -- Up-to-date: /home/moses/marp/install/turtlesim/include/turtlesim/turtlesim/srv/teleport_relative.h
[5.958s] -- Up-to-date: /home/moses/marp/install/turtlesim/include/turtlesim/turtlesim/srv/detail
[5.959s] -- Up-to-date: /home/moses/marp/install/turtlesim/include/turtlesim/turtlesim/srv/detail/spawn__type_support.h
[5.960s] -- Up-to-date: /home/moses/marp/install/turtlesim/include/turtlesim/turtlesim/srv/detail/spawn__struct.h
[5.961s] -- Up-to-date: /home/moses/marp/install/turtlesim/include/turtlesim/turtlesim/srv/detail/teleport_absolute__type_support.h
[5.968s] -- Up-to-date: /home/moses/marp/install/turtlesim/include/turtlesim/turtlesim/srv/detail/set_pen__functions.c
[5.970s] -- Up-to-date: /home/moses/marp/install/turtlesim/include/turtlesim/turtlesim/srv/detail/teleport_relative__struct.h
[5.971s] -- Up-to-date: /home/moses/marp/install/turtlesim/include/turtlesim/turtlesim/srv/detail/teleport_absolute__functions.c
[5.972s] -- Up-to-date: /home/moses/marp/install/turtlesim/include/turtlesim/turtlesim/srv/detail/teleport_relative__functions.h
[5.973s] -- Up-to-date: /home/moses/marp/install/turtlesim/include/turtlesim/turtlesim/srv/detail/teleport_relative__functions.c
[5.974s] -- Up-to-date: /home/moses/marp/install/turtlesim/include/turtlesim/turtlesim/srv/detail/teleport_absolute__struct.h
[5.975s] -- Up-to-date: /home/moses/marp/install/turtlesim/include/turtlesim/turtlesim/srv/detail/set_pen__struct.h
[5.976s] -- Up-to-date: /home/moses/marp/install/turtlesim/include/turtlesim/turtlesim/srv/detail/spawn__functions.c
[5.977s] -- Up-to-date: /home/moses/marp/install/turtlesim/include/turtlesim/turtlesim/srv/detail/kill__functions.h
[5.978s] -- Up-to-date: /home/moses/marp/install/turtlesim/include/turtlesim/turtlesim/srv/detail/kill__type_support.h
[5.979s] -- Up-to-date: /home/moses/marp/install/turtlesim/include/turtlesim/turtlesim/srv/detail/set_pen__type_support.h
[5.980s] -- Up-to-date: /home/moses/marp/install/turtlesim/include/turtlesim/turtlesim/srv/detail/kill__struct.h
[5.982s] -- Up-to-date: /home/moses/marp/install/turtlesim/include/turtlesim/turtlesim/srv/detail/teleport_relative__type_support.h
[5.983s] -- Up-to-date: /home/moses/marp/install/turtlesim/include/turtlesim/turtlesim/srv/detail/spawn__functions.h
[5.984s] -- Up-to-date: /home/moses/marp/install/turtlesim/include/turtlesim/turtlesim/srv/detail/kill__functions.c
[5.985s] -- Up-to-date: /home/moses/marp/install/turtlesim/include/turtlesim/turtlesim/srv/detail/teleport_absolute__functions.h
[5.986s] -- Up-to-date: /home/moses/marp/install/turtlesim/include/turtlesim/turtlesim/srv/detail/set_pen__functions.h
[5.987s] -- Up-to-date: /home/moses/marp/install/turtlesim/include/turtlesim/turtlesim/srv/spawn.h
[5.987s] -- Up-to-date: /home/moses/marp/install/turtlesim/include/turtlesim/turtlesim/action
[5.987s] -- Up-to-date: /home/moses/marp/install/turtlesim/include/turtlesim/turtlesim/action/rotate_absolute.h
[5.988s] -- Up-to-date: /home/moses/marp/install/turtlesim/include/turtlesim/turtlesim/action/detail
[5.988s] -- Up-to-date: /home/moses/marp/install/turtlesim/include/turtlesim/turtlesim/action/detail/rotate_absolute__type_support.h
[5.989s] -- Up-to-date: /home/moses/marp/install/turtlesim/include/turtlesim/turtlesim/action/detail/rotate_absolute__struct.h
[5.989s] -- Up-to-date: /home/moses/marp/install/turtlesim/include/turtlesim/turtlesim/action/detail/rotate_absolute__functions.h
[5.990s] -- Up-to-date: /home/moses/marp/install/turtlesim/include/turtlesim/turtlesim/action/detail/rotate_absolute__functions.c
[5.990s] -- Up-to-date: /home/moses/marp/install/turtlesim/include/turtlesim/turtlesim/msg
[5.991s] -- Up-to-date: /home/moses/marp/install/turtlesim/include/turtlesim/turtlesim/msg/pose.h
[5.991s] -- Up-to-date: /home/moses/marp/install/turtlesim/include/turtlesim/turtlesim/msg/detail
[5.991s] -- Up-to-date: /home/moses/marp/install/turtlesim/include/turtlesim/turtlesim/msg/detail/pose__type_support.h
[5.992s] -- Up-to-date: /home/moses/marp/install/turtlesim/include/turtlesim/turtlesim/msg/detail/color__functions.h
[5.992s] -- Up-to-date: /home/moses/marp/install/turtlesim/include/turtlesim/turtlesim/msg/detail/pose__functions.h
[5.993s] -- Up-to-date: /home/moses/marp/install/turtlesim/include/turtlesim/turtlesim/msg/detail/color__type_support.h
[5.993s] -- Up-to-date: /home/moses/marp/install/turtlesim/include/turtlesim/turtlesim/msg/detail/pose__functions.c
[5.993s] -- Up-to-date: /home/moses/marp/install/turtlesim/include/turtlesim/turtlesim/msg/detail/color__functions.c
[5.994s] -- Up-to-date: /home/moses/marp/install/turtlesim/include/turtlesim/turtlesim/msg/detail/color__struct.h
[5.994s] -- Up-to-date: /home/moses/marp/install/turtlesim/include/turtlesim/turtlesim/msg/detail/pose__struct.h
[5.995s] -- Up-to-date: /home/moses/marp/install/turtlesim/include/turtlesim/turtlesim/msg/color.h
[5.996s] -- Up-to-date: /home/moses/marp/install/turtlesim/include/turtlesim/turtlesim/msg/rosidl_generator_c__visibility_control.h
[5.996s] -- Up-to-date: /home/moses/marp/install/turtlesim/share/turtlesim/environment/library_path.sh
[5.997s] -- Up-to-date: /home/moses/marp/install/turtlesim/share/turtlesim/environment/library_path.dsv
[5.998s] -- Up-to-date: /home/moses/marp/install/turtlesim/lib/libturtlesim__rosidl_generator_c.so
[5.999s] -- Up-to-date: /home/moses/marp/install/turtlesim/include/turtlesim/turtlesim
[6.000s] -- Up-to-date: /home/moses/marp/install/turtlesim/include/turtlesim/turtlesim/srv
[6.001s] -- Up-to-date: /home/moses/marp/install/turtlesim/include/turtlesim/turtlesim/srv/detail
[6.002s] -- Up-to-date: /home/moses/marp/install/turtlesim/include/turtlesim/turtlesim/srv/detail/spawn__rosidl_typesupport_fastrtps_c.h
[6.004s] -- Up-to-date: /home/moses/marp/install/turtlesim/include/turtlesim/turtlesim/srv/detail/set_pen__rosidl_typesupport_fastrtps_c.h
[6.006s] -- Up-to-date: /home/moses/marp/install/turtlesim/include/turtlesim/turtlesim/srv/detail/teleport_absolute__rosidl_typesupport_fastrtps_c.h
[6.008s] -- Up-to-date: /home/moses/marp/install/turtlesim/include/turtlesim/turtlesim/srv/detail/kill__rosidl_typesupport_fastrtps_c.h
[6.010s] -- Up-to-date: /home/moses/marp/install/turtlesim/include/turtlesim/turtlesim/srv/detail/teleport_relative__rosidl_typesupport_fastrtps_c.h
[6.011s] -- Up-to-date: /home/moses/marp/install/turtlesim/include/turtlesim/turtlesim/action
[6.013s] -- Up-to-date: /home/moses/marp/install/turtlesim/include/turtlesim/turtlesim/action/detail
[6.014s] -- Up-to-date: /home/moses/marp/install/turtlesim/include/turtlesim/turtlesim/action/detail/rotate_absolute__rosidl_typesupport_fastrtps_c.h
[6.015s] -- Up-to-date: /home/moses/marp/install/turtlesim/include/turtlesim/turtlesim/msg
[6.016s] -- Up-to-date: /home/moses/marp/install/turtlesim/include/turtlesim/turtlesim/msg/rosidl_typesupport_fastrtps_c__visibility_control.h
[6.018s] -- Up-to-date: /home/moses/marp/install/turtlesim/include/turtlesim/turtlesim/msg/detail
[6.019s] -- Up-to-date: /home/moses/marp/install/turtlesim/include/turtlesim/turtlesim/msg/detail/pose__rosidl_typesupport_fastrtps_c.h
[6.019s] -- Up-to-date: /home/moses/marp/install/turtlesim/include/turtlesim/turtlesim/msg/detail/color__rosidl_typesupport_fastrtps_c.h
[6.020s] -- Up-to-date: /home/moses/marp/install/turtlesim/lib/libturtlesim__rosidl_typesupport_fastrtps_c.so
[6.021s] -- Up-to-date: /home/moses/marp/install/turtlesim/include/turtlesim/turtlesim
[6.021s] -- Up-to-date: /home/moses/marp/install/turtlesim/include/turtlesim/turtlesim/srv
[6.022s] -- Up-to-date: /home/moses/marp/install/turtlesim/include/turtlesim/turtlesim/srv/set_pen.hpp
[6.023s] -- Up-to-date: /home/moses/marp/install/turtlesim/include/turtlesim/turtlesim/srv/kill.hpp
[6.023s] -- Up-to-date: /home/moses/marp/install/turtlesim/include/turtlesim/turtlesim/srv/spawn.hpp
[6.024s] -- Up-to-date: /home/moses/marp/install/turtlesim/include/turtlesim/turtlesim/srv/teleport_absolute.hpp
[6.025s] -- Up-to-date: /home/moses/marp/install/turtlesim/include/turtlesim/turtlesim/srv/detail
[6.025s] -- Up-to-date: /home/moses/marp/install/turtlesim/include/turtlesim/turtlesim/srv/detail/set_pen__traits.hpp
[6.026s] -- Up-to-date: /home/moses/marp/install/turtlesim/include/turtlesim/turtlesim/srv/detail/kill__struct.hpp
[6.026s] -- Up-to-date: /home/moses/marp/install/turtlesim/include/turtlesim/turtlesim/srv/detail/set_pen__struct.hpp
[6.028s] -- Up-to-date: /home/moses/marp/install/turtlesim/include/turtlesim/turtlesim/srv/detail/teleport_relative__builder.hpp
[6.028s] -- Up-to-date: /home/moses/marp/install/turtlesim/include/turtlesim/turtlesim/srv/detail/spawn__struct.hpp
[6.029s] -- Up-to-date: /home/moses/marp/install/turtlesim/include/turtlesim/turtlesim/srv/detail/teleport_relative__struct.hpp
[6.030s] -- Up-to-date: /home/moses/marp/install/turtlesim/include/turtlesim/turtlesim/srv/detail/teleport_absolute__struct.hpp
[6.031s] -- Up-to-date: /home/moses/marp/install/turtlesim/include/turtlesim/turtlesim/srv/detail/spawn__traits.hpp
[6.032s] -- Up-to-date: /home/moses/marp/install/turtlesim/include/turtlesim/turtlesim/srv/detail/spawn__builder.hpp
[6.032s] -- Up-to-date: /home/moses/marp/install/turtlesim/include/turtlesim/turtlesim/srv/detail/set_pen__builder.hpp
[6.033s] -- Up-to-date: /home/moses/marp/install/turtlesim/include/turtlesim/turtlesim/srv/detail/teleport_relative__traits.hpp
[6.034s] -- Up-to-date: /home/moses/marp/install/turtlesim/include/turtlesim/turtlesim/srv/detail/teleport_absolute__builder.hpp
[6.035s] -- Up-to-date: /home/moses/marp/install/turtlesim/include/turtlesim/turtlesim/srv/detail/teleport_absolute__traits.hpp
[6.037s] -- Up-to-date: /home/moses/marp/install/turtlesim/include/turtlesim/turtlesim/srv/detail/kill__builder.hpp
[6.039s] -- Up-to-date: /home/moses/marp/install/turtlesim/include/turtlesim/turtlesim/srv/detail/kill__traits.hpp
[6.039s] -- Up-to-date: /home/moses/marp/install/turtlesim/include/turtlesim/turtlesim/srv/teleport_relative.hpp
[6.040s] -- Up-to-date: /home/moses/marp/install/turtlesim/include/turtlesim/turtlesim/action
[6.040s] -- Up-to-date: /home/moses/marp/install/turtlesim/include/turtlesim/turtlesim/action/rotate_absolute.hpp
[6.041s] -- Up-to-date: /home/moses/marp/install/turtlesim/include/turtlesim/turtlesim/action/detail
[6.042s] -- Up-to-date: /home/moses/marp/install/turtlesim/include/turtlesim/turtlesim/action/detail/rotate_absolute__struct.hpp
[6.042s] -- Up-to-date: /home/moses/marp/install/turtlesim/include/turtlesim/turtlesim/action/detail/rotate_absolute__traits.hpp
[6.043s] -- Up-to-date: /home/moses/marp/install/turtlesim/include/turtlesim/turtlesim/action/detail/rotate_absolute__builder.hpp
[6.044s] -- Up-to-date: /home/moses/marp/install/turtlesim/include/turtlesim/turtlesim/msg
[6.044s] -- Up-to-date: /home/moses/marp/install/turtlesim/include/turtlesim/turtlesim/msg/color.hpp
[6.045s] -- Up-to-date: /home/moses/marp/install/turtlesim/include/turtlesim/turtlesim/msg/pose.hpp
[6.045s] -- Up-to-date: /home/moses/marp/install/turtlesim/include/turtlesim/turtlesim/msg/detail
[6.048s] -- Up-to-date: /home/moses/marp/install/turtlesim/include/turtlesim/turtlesim/msg/detail/color__struct.hpp
[6.049s] -- Up-to-date: /home/moses/marp/install/turtlesim/include/turtlesim/turtlesim/msg/detail/color__builder.hpp
[6.050s] -- Up-to-date: /home/moses/marp/install/turtlesim/include/turtlesim/turtlesim/msg/detail/pose__traits.hpp
[6.051s] -- Up-to-date: /home/moses/marp/install/turtlesim/include/turtlesim/turtlesim/msg/detail/color__traits.hpp
[6.054s] -- Up-to-date: /home/moses/marp/install/turtlesim/include/turtlesim/turtlesim/msg/detail/pose__builder.hpp
[6.055s] -- Up-to-date: /home/moses/marp/install/turtlesim/include/turtlesim/turtlesim/msg/detail/pose__struct.hpp
[6.056s] -- Up-to-date: /home/moses/marp/install/turtlesim/include/turtlesim/turtlesim
[6.056s] -- Up-to-date: /home/moses/marp/install/turtlesim/include/turtlesim/turtlesim/srv
[6.057s] -- Up-to-date: /home/moses/marp/install/turtlesim/include/turtlesim/turtlesim/srv/detail
[6.057s] -- Up-to-date: /home/moses/marp/install/turtlesim/include/turtlesim/turtlesim/srv/detail/teleport_absolute__rosidl_typesupport_fastrtps_cpp.hpp
[6.058s] -- Up-to-date: /home/moses/marp/install/turtlesim/include/turtlesim/turtlesim/srv/detail/kill__rosidl_typesupport_fastrtps_cpp.hpp
[6.058s] -- Up-to-date: /home/moses/marp/install/turtlesim/include/turtlesim/turtlesim/srv/detail/spawn__rosidl_typesupport_fastrtps_cpp.hpp
[6.059s] -- Up-to-date: /home/moses/marp/install/turtlesim/include/turtlesim/turtlesim/srv/detail/dds_fastrtps
[6.060s] -- Up-to-date: /home/moses/marp/install/turtlesim/include/turtlesim/turtlesim/srv/detail/teleport_relative__rosidl_typesupport_fastrtps_cpp.hpp
[6.060s] -- Up-to-date: /home/moses/marp/install/turtlesim/include/turtlesim/turtlesim/srv/detail/set_pen__rosidl_typesupport_fastrtps_cpp.hpp
[6.061s] -- Up-to-date: /home/moses/marp/install/turtlesim/include/turtlesim/turtlesim/action
[6.063s] -- Up-to-date: /home/moses/marp/install/turtlesim/include/turtlesim/turtlesim/action/detail
[6.065s] -- Up-to-date: /home/moses/marp/install/turtlesim/include/turtlesim/turtlesim/action/detail/rotate_absolute__rosidl_typesupport_fastrtps_cpp.hpp
[6.066s] -- Up-to-date: /home/moses/marp/install/turtlesim/include/turtlesim/turtlesim/action/detail/dds_fastrtps
[6.067s] -- Up-to-date: /home/moses/marp/install/turtlesim/include/turtlesim/turtlesim/msg
[6.068s] -- Up-to-date: /home/moses/marp/install/turtlesim/include/turtlesim/turtlesim/msg/rosidl_typesupport_fastrtps_cpp__visibility_control.h
[6.069s] -- Up-to-date: /home/moses/marp/install/turtlesim/include/turtlesim/turtlesim/msg/detail
[6.070s] -- Up-to-date: /home/moses/marp/install/turtlesim/include/turtlesim/turtlesim/msg/detail/color__rosidl_typesupport_fastrtps_cpp.hpp
[6.071s] -- Up-to-date: /home/moses/marp/install/turtlesim/include/turtlesim/turtlesim/msg/detail/pose__rosidl_typesupport_fastrtps_cpp.hpp
[6.072s] -- Up-to-date: /home/moses/marp/install/turtlesim/include/turtlesim/turtlesim/msg/detail/dds_fastrtps
[6.073s] -- Up-to-date: /home/moses/marp/install/turtlesim/lib/libturtlesim__rosidl_typesupport_fastrtps_cpp.so
[6.073s] -- Up-to-date: /home/moses/marp/install/turtlesim/include/turtlesim/turtlesim
[6.074s] -- Up-to-date: /home/moses/marp/install/turtlesim/include/turtlesim/turtlesim/srv
[6.075s] -- Up-to-date: /home/moses/marp/install/turtlesim/include/turtlesim/turtlesim/srv/detail
[6.075s] -- Up-to-date: /home/moses/marp/install/turtlesim/include/turtlesim/turtlesim/srv/detail/set_pen__rosidl_typesupport_introspection_c.h
[6.076s] -- Up-to-date: /home/moses/marp/install/turtlesim/include/turtlesim/turtlesim/srv/detail/teleport_relative__type_support.c
[6.076s] -- Up-to-date: /home/moses/marp/install/turtlesim/include/turtlesim/turtlesim/srv/detail/teleport_relative__rosidl_typesupport_introspection_c.h
[6.077s] -- Up-to-date: /home/moses/marp/install/turtlesim/include/turtlesim/turtlesim/srv/detail/kill__rosidl_typesupport_introspection_c.h
[6.077s] -- Up-to-date: /home/moses/marp/install/turtlesim/include/turtlesim/turtlesim/srv/detail/spawn__type_support.c
[6.078s] -- Up-to-date: /home/moses/marp/install/turtlesim/include/turtlesim/turtlesim/srv/detail/teleport_absolute__rosidl_typesupport_introspection_c.h
[6.078s] -- Up-to-date: /home/moses/marp/install/turtlesim/include/turtlesim/turtlesim/srv/detail/spawn__rosidl_typesupport_introspection_c.h
[6.078s] -- Up-to-date: /home/moses/marp/install/turtlesim/include/turtlesim/turtlesim/srv/detail/set_pen__type_support.c
[6.079s] -- Up-to-date: /home/moses/marp/install/turtlesim/include/turtlesim/turtlesim/srv/detail/kill__type_support.c
[6.079s] -- Up-to-date: /home/moses/marp/install/turtlesim/include/turtlesim/turtlesim/srv/detail/teleport_absolute__type_support.c
[6.080s] -- Up-to-date: /home/moses/marp/install/turtlesim/include/turtlesim/turtlesim/action
[6.083s] -- Up-to-date: /home/moses/marp/install/turtlesim/include/turtlesim/turtlesim/action/detail
[6.085s] -- Up-to-date: /home/moses/marp/install/turtlesim/include/turtlesim/turtlesim/action/detail/rotate_absolute__rosidl_typesupport_introspection_c.h
[6.085s] -- Up-to-date: /home/moses/marp/install/turtlesim/include/turtlesim/turtlesim/action/detail/rotate_absolute__type_support.c
[6.088s] -- Up-to-date: /home/moses/marp/install/turtlesim/include/turtlesim/turtlesim/msg
[6.089s] -- Up-to-date: /home/moses/marp/install/turtlesim/include/turtlesim/turtlesim/msg/detail
[6.090s] -- Up-to-date: /home/moses/marp/install/turtlesim/include/turtlesim/turtlesim/msg/detail/color__type_support.c
[6.095s] -- Up-to-date: /home/moses/marp/install/turtlesim/include/turtlesim/turtlesim/msg/detail/pose__rosidl_typesupport_introspection_c.h
[6.096s] -- Up-to-date: /home/moses/marp/install/turtlesim/include/turtlesim/turtlesim/msg/detail/color__rosidl_typesupport_introspection_c.h
[6.096s] -- Up-to-date: /home/moses/marp/install/turtlesim/include/turtlesim/turtlesim/msg/detail/pose__type_support.c
[6.097s] -- Up-to-date: /home/moses/marp/install/turtlesim/include/turtlesim/turtlesim/msg/rosidl_typesupport_introspection_c__visibility_control.h
[6.109s] -- Up-to-date: /home/moses/marp/install/turtlesim/lib/libturtlesim__rosidl_typesupport_introspection_c.so
[6.124s] -- Up-to-date: /home/moses/marp/install/turtlesim/lib/libturtlesim__rosidl_typesupport_c.so
[6.126s] -- Up-to-date: /home/moses/marp/install/turtlesim/include/turtlesim/turtlesim
[6.127s] -- Up-to-date: /home/moses/marp/install/turtlesim/include/turtlesim/turtlesim/srv
[6.128s] -- Up-to-date: /home/moses/marp/install/turtlesim/include/turtlesim/turtlesim/srv/detail
[6.130s] -- Up-to-date: /home/moses/marp/install/turtlesim/include/turtlesim/turtlesim/srv/detail/spawn__rosidl_typesupport_introspection_cpp.hpp
[6.133s] -- Up-to-date: /home/moses/marp/install/turtlesim/include/turtlesim/turtlesim/srv/detail/teleport_absolute__rosidl_typesupport_introspection_cpp.hpp
[6.135s] -- Up-to-date: /home/moses/marp/install/turtlesim/include/turtlesim/turtlesim/srv/detail/set_pen__type_support.cpp
[6.136s] -- Up-to-date: /home/moses/marp/install/turtlesim/include/turtlesim/turtlesim/srv/detail/teleport_relative__rosidl_typesupport_introspection_cpp.hpp
[6.139s] -- Up-to-date: /home/moses/marp/install/turtlesim/include/turtlesim/turtlesim/srv/detail/teleport_relative__type_support.cpp
[6.140s] -- Up-to-date: /home/moses/marp/install/turtlesim/include/turtlesim/turtlesim/srv/detail/kill__type_support.cpp
[6.142s] -- Up-to-date: /home/moses/marp/install/turtlesim/include/turtlesim/turtlesim/srv/detail/spawn__type_support.cpp
[6.143s] -- Up-to-date: /home/moses/marp/install/turtlesim/include/turtlesim/turtlesim/srv/detail/kill__rosidl_typesupport_introspection_cpp.hpp
[6.144s] -- Up-to-date: /home/moses/marp/install/turtlesim/include/turtlesim/turtlesim/srv/detail/set_pen__rosidl_typesupport_introspection_cpp.hpp
[6.145s] -- Up-to-date: /home/moses/marp/install/turtlesim/include/turtlesim/turtlesim/srv/detail/teleport_absolute__type_support.cpp
[6.146s] -- Up-to-date: /home/moses/marp/install/turtlesim/include/turtlesim/turtlesim/action
[6.156s] -- Up-to-date: /home/moses/marp/install/turtlesim/include/turtlesim/turtlesim/action/detail
[6.158s] -- Up-to-date: /home/moses/marp/install/turtlesim/include/turtlesim/turtlesim/action/detail/rotate_absolute__type_support.cpp
[6.164s] -- Up-to-date: /home/moses/marp/install/turtlesim/include/turtlesim/turtlesim/action/detail/rotate_absolute__rosidl_typesupport_introspection_cpp.hpp
[6.165s] -- Up-to-date: /home/moses/marp/install/turtlesim/include/turtlesim/turtlesim/msg
[6.166s] -- Up-to-date: /home/moses/marp/install/turtlesim/include/turtlesim/turtlesim/msg/detail
[6.167s] -- Up-to-date: /home/moses/marp/install/turtlesim/include/turtlesim/turtlesim/msg/detail/pose__type_support.cpp
[6.168s] -- Up-to-date: /home/moses/marp/install/turtlesim/include/turtlesim/turtlesim/msg/detail/pose__rosidl_typesupport_introspection_cpp.hpp
[6.169s] -- Up-to-date: /home/moses/marp/install/turtlesim/include/turtlesim/turtlesim/msg/detail/color__type_support.cpp
[6.170s] -- Up-to-date: /home/moses/marp/install/turtlesim/include/turtlesim/turtlesim/msg/detail/color__rosidl_typesupport_introspection_cpp.hpp
[6.171s] -- Up-to-date: /home/moses/marp/install/turtlesim/lib/libturtlesim__rosidl_typesupport_introspection_cpp.so
[6.187s] -- Up-to-date: /home/moses/marp/install/turtlesim/lib/libturtlesim__rosidl_typesupport_cpp.so
[6.188s] -- Up-to-date: /home/moses/marp/install/turtlesim/share/turtlesim/environment/pythonpath.sh
[6.189s] -- Up-to-date: /home/moses/marp/install/turtlesim/share/turtlesim/environment/pythonpath.dsv
[6.190s] -- Up-to-date: /home/moses/marp/install/turtlesim/local/lib/python3.10/dist-packages/turtlesim-1.4.2-py3.10.egg-info
[6.191s] -- Installing: /home/moses/marp/install/turtlesim/local/lib/python3.10/dist-packages/turtlesim-1.4.2-py3.10.egg-info/SOURCES.txt
[6.191s] -- Installing: /home/moses/marp/install/turtlesim/local/lib/python3.10/dist-packages/turtlesim-1.4.2-py3.10.egg-info/dependency_links.txt
[6.192s] -- Installing: /home/moses/marp/install/turtlesim/local/lib/python3.10/dist-packages/turtlesim-1.4.2-py3.10.egg-info/PKG-INFO
[6.197s] -- Installing: /home/moses/marp/install/turtlesim/local/lib/python3.10/dist-packages/turtlesim-1.4.2-py3.10.egg-info/top_level.txt
[6.201s] -- Up-to-date: /home/moses/marp/install/turtlesim/local/lib/python3.10/dist-packages/turtlesim
[6.208s] -- Up-to-date: /home/moses/marp/install/turtlesim/local/lib/python3.10/dist-packages/turtlesim/__init__.py
[6.209s] -- Up-to-date: /home/moses/marp/install/turtlesim/local/lib/python3.10/dist-packages/turtlesim/libturtlesim__rosidl_generator_py.so
[6.209s] -- Up-to-date: /home/moses/marp/install/turtlesim/local/lib/python3.10/dist-packages/turtlesim/_turtlesim_s.ep.rosidl_typesupport_c.c
[6.210s] -- Up-to-date: /home/moses/marp/install/turtlesim/local/lib/python3.10/dist-packages/turtlesim/turtlesim_s__rosidl_typesupport_introspection_c.cpython-310-aarch64-linux-gnu.so
[6.211s] -- Up-to-date: /home/moses/marp/install/turtlesim/local/lib/python3.10/dist-packages/turtlesim/_turtlesim_s.ep.rosidl_typesupport_fastrtps_c.c
[6.213s] -- Up-to-date: /home/moses/marp/install/turtlesim/local/lib/python3.10/dist-packages/turtlesim/turtlesim_s__rosidl_typesupport_c.cpython-310-aarch64-linux-gnu.so
[6.214s] -- Up-to-date: /home/moses/marp/install/turtlesim/local/lib/python3.10/dist-packages/turtlesim/srv
[6.228s] -- Up-to-date: /home/moses/marp/install/turtlesim/local/lib/python3.10/dist-packages/turtlesim/srv/__init__.py
[6.229s] -- Up-to-date: /home/moses/marp/install/turtlesim/local/lib/python3.10/dist-packages/turtlesim/srv/_teleport_relative_s.c
[6.230s] -- Up-to-date: /home/moses/marp/install/turtlesim/local/lib/python3.10/dist-packages/turtlesim/srv/_set_pen.py
[6.231s] -- Up-to-date: /home/moses/marp/install/turtlesim/local/lib/python3.10/dist-packages/turtlesim/srv/_teleport_relative.py
[6.232s] -- Up-to-date: /home/moses/marp/install/turtlesim/local/lib/python3.10/dist-packages/turtlesim/srv/_teleport_absolute.py
[6.233s] -- Up-to-date: /home/moses/marp/install/turtlesim/local/lib/python3.10/dist-packages/turtlesim/srv/_spawn_s.c
[6.233s] -- Up-to-date: /home/moses/marp/install/turtlesim/local/lib/python3.10/dist-packages/turtlesim/srv/_set_pen_s.c
[6.234s] -- Up-to-date: /home/moses/marp/install/turtlesim/local/lib/python3.10/dist-packages/turtlesim/srv/_kill_s.c
[6.235s] -- Up-to-date: /home/moses/marp/install/turtlesim/local/lib/python3.10/dist-packages/turtlesim/srv/_teleport_absolute_s.c
[6.236s] -- Up-to-date: /home/moses/marp/install/turtlesim/local/lib/python3.10/dist-packages/turtlesim/srv/_spawn.py
[6.238s] -- Up-to-date: /home/moses/marp/install/turtlesim/local/lib/python3.10/dist-packages/turtlesim/srv/_kill.py
[6.239s] -- Up-to-date: /home/moses/marp/install/turtlesim/local/lib/python3.10/dist-packages/turtlesim/_turtlesim_s.ep.rosidl_typesupport_introspection_c.c
[6.241s] -- Up-to-date: /home/moses/marp/install/turtlesim/local/lib/python3.10/dist-packages/turtlesim/action
[6.242s] -- Up-to-date: /home/moses/marp/install/turtlesim/local/lib/python3.10/dist-packages/turtlesim/action/__init__.py
[6.243s] -- Up-to-date: /home/moses/marp/install/turtlesim/local/lib/python3.10/dist-packages/turtlesim/action/_rotate_absolute.py
[6.259s] -- Up-to-date: /home/moses/marp/install/turtlesim/local/lib/python3.10/dist-packages/turtlesim/action/_rotate_absolute_s.c
[6.261s] -- Up-to-date: /home/moses/marp/install/turtlesim/local/lib/python3.10/dist-packages/turtlesim/msg
[6.262s] -- Up-to-date: /home/moses/marp/install/turtlesim/local/lib/python3.10/dist-packages/turtlesim/msg/__init__.py
[6.262s] -- Up-to-date: /home/moses/marp/install/turtlesim/local/lib/python3.10/dist-packages/turtlesim/msg/_pose_s.c
[6.263s] -- Up-to-date: /home/moses/marp/install/turtlesim/local/lib/python3.10/dist-packages/turtlesim/msg/_color_s.c
[6.264s] -- Up-to-date: /home/moses/marp/install/turtlesim/local/lib/python3.10/dist-packages/turtlesim/msg/_color.py
[6.264s] -- Up-to-date: /home/moses/marp/install/turtlesim/local/lib/python3.10/dist-packages/turtlesim/msg/_pose.py
[6.270s] -- Up-to-date: /home/moses/marp/install/turtlesim/local/lib/python3.10/dist-packages/turtlesim/turtlesim_s__rosidl_typesupport_fastrtps_c.cpython-310-aarch64-linux-gnu.so
[6.504s] Listing '/home/moses/marp/install/turtlesim/local/lib/python3.10/dist-packages/turtlesim'...
[6.506s] Listing '/home/moses/marp/install/turtlesim/local/lib/python3.10/dist-packages/turtlesim/action'...
[6.507s] Listing '/home/moses/marp/install/turtlesim/local/lib/python3.10/dist-packages/turtlesim/msg'...
[6.508s] Listing '/home/moses/marp/install/turtlesim/local/lib/python3.10/dist-packages/turtlesim/srv'...
[6.566s] -- Up-to-date: /home/moses/marp/install/turtlesim/local/lib/python3.10/dist-packages/turtlesim/turtlesim_s__rosidl_typesupport_fastrtps_c.cpython-310-aarch64-linux-gnu.so
[6.571s] -- Up-to-date: /home/moses/marp/install/turtlesim/local/lib/python3.10/dist-packages/turtlesim/turtlesim_s__rosidl_typesupport_introspection_c.cpython-310-aarch64-linux-gnu.so
[6.577s] -- Up-to-date: /home/moses/marp/install/turtlesim/local/lib/python3.10/dist-packages/turtlesim/turtlesim_s__rosidl_typesupport_c.cpython-310-aarch64-linux-gnu.so
[6.585s] -- Up-to-date: /home/moses/marp/install/turtlesim/lib/libturtlesim__rosidl_generator_py.so
[6.589s] -- Up-to-date: /home/moses/marp/install/turtlesim/share/turtlesim/action/RotateAbsolute.idl
[6.592s] -- Up-to-date: /home/moses/marp/install/turtlesim/share/turtlesim/msg/Color.idl
[6.596s] -- Up-to-date: /home/moses/marp/install/turtlesim/share/turtlesim/msg/Pose.idl
[6.598s] -- Up-to-date: /home/moses/marp/install/turtlesim/share/turtlesim/srv/Kill.idl
[6.599s] -- Up-to-date: /home/moses/marp/install/turtlesim/share/turtlesim/srv/SetPen.idl
[6.600s] -- Up-to-date: /home/moses/marp/install/turtlesim/share/turtlesim/srv/Spawn.idl
[6.600s] -- Up-to-date: /home/moses/marp/install/turtlesim/share/turtlesim/srv/TeleportAbsolute.idl
[6.601s] -- Up-to-date: /home/moses/marp/install/turtlesim/share/turtlesim/srv/TeleportRelative.idl
[6.602s] -- Up-to-date: /home/moses/marp/install/turtlesim/share/turtlesim/action/RotateAbsolute.action
[6.619s] -- Up-to-date: /home/moses/marp/install/turtlesim/share/turtlesim/msg/Color.msg
[6.619s] -- Up-to-date: /home/moses/marp/install/turtlesim/share/turtlesim/msg/Pose.msg
[6.620s] -- Up-to-date: /home/moses/marp/install/turtlesim/share/turtlesim/srv/Kill.srv
[6.621s] -- Up-to-date: /home/moses/marp/install/turtlesim/share/turtlesim/srv/Kill_Request.msg
[6.622s] -- Up-to-date: /home/moses/marp/install/turtlesim/share/turtlesim/srv/Kill_Response.msg
[6.635s] -- Up-to-date: /home/moses/marp/install/turtlesim/share/turtlesim/srv/SetPen.srv
[6.635s] -- Up-to-date: /home/moses/marp/install/turtlesim/share/turtlesim/srv/SetPen_Request.msg
[6.636s] -- Up-to-date: /home/moses/marp/install/turtlesim/share/turtlesim/srv/SetPen_Response.msg
[6.637s] -- Up-to-date: /home/moses/marp/install/turtlesim/share/turtlesim/srv/Spawn.srv
[6.638s] -- Up-to-date: /home/moses/marp/install/turtlesim/share/turtlesim/srv/Spawn_Request.msg
[6.639s] -- Up-to-date: /home/moses/marp/install/turtlesim/share/turtlesim/srv/Spawn_Response.msg
[6.645s] -- Up-to-date: /home/moses/marp/install/turtlesim/share/turtlesim/srv/TeleportAbsolute.srv
[6.646s] -- Up-to-date: /home/moses/marp/install/turtlesim/share/turtlesim/srv/TeleportAbsolute_Request.msg
[6.658s] -- Up-to-date: /home/moses/marp/install/turtlesim/share/turtlesim/srv/TeleportAbsolute_Response.msg
[6.659s] -- Up-to-date: /home/moses/marp/install/turtlesim/share/turtlesim/srv/TeleportRelative.srv
[6.660s] -- Up-to-date: /home/moses/marp/install/turtlesim/share/turtlesim/srv/TeleportRelative_Request.msg
[6.667s] -- Up-to-date: /home/moses/marp/install/turtlesim/share/turtlesim/srv/TeleportRelative_Response.msg
[6.683s] -- Up-to-date: /home/moses/marp/install/turtlesim/lib/turtlesim/turtlesim_node
[6.684s] -- Up-to-date: /home/moses/marp/install/turtlesim/lib/turtlesim/turtle_teleop_key
[6.687s] -- Up-to-date: /home/moses/marp/install/turtlesim/lib/turtlesim/draw_square
[6.687s] -- Up-to-date: /home/moses/marp/install/turtlesim/lib/turtlesim/mimic
[6.688s] -- Up-to-date: /home/moses/marp/install/turtlesim/share/turtlesim/images
[6.689s] -- Up-to-date: /home/moses/marp/install/turtlesim/share/turtlesim/images/humble.png
[6.690s] -- Up-to-date: /home/moses/marp/install/turtlesim/share/turtlesim/images/crystal.png
[6.690s] -- Up-to-date: /home/moses/marp/install/turtlesim/share/turtlesim/images/eloquent.png
[6.691s] -- Up-to-date: /home/moses/marp/install/turtlesim/share/turtlesim/images/rolling.png
[6.692s] -- Up-to-date: /home/moses/marp/install/turtlesim/share/turtlesim/images/foxy.png
[6.693s] -- Up-to-date: /home/moses/marp/install/turtlesim/share/turtlesim/images/bouncy.png
[6.693s] -- Up-to-date: /home/moses/marp/install/turtlesim/share/turtlesim/images/galactic.png
[6.702s] -- Up-to-date: /home/moses/marp/install/turtlesim/share/turtlesim/images/ardent.png
[6.706s] -- Up-to-date: /home/moses/marp/install/turtlesim/share/turtlesim/images/dashing.png
[6.712s] -- Up-to-date: /home/moses/marp/install/turtlesim/share/turtlesim/launch
[6.712s] -- Up-to-date: /home/moses/marp/install/turtlesim/share/turtlesim/launch/multisim.launch.py
[6.713s] -- Up-to-date: /home/moses/marp/install/turtlesim/share/ament_index/resource_index/package_run_dependencies/turtlesim
[6.714s] -- Up-to-date: /home/moses/marp/install/turtlesim/share/ament_index/resource_index/parent_prefix_path/turtlesim
[6.718s] -- Up-to-date: /home/moses/marp/install/turtlesim/share/turtlesim/environment/ament_prefix_path.sh
[6.719s] -- Up-to-date: /home/moses/marp/install/turtlesim/share/turtlesim/environment/ament_prefix_path.dsv
[6.720s] -- Up-to-date: /home/moses/marp/install/turtlesim/share/turtlesim/environment/path.sh
[6.721s] -- Up-to-date: /home/moses/marp/install/turtlesim/share/turtlesim/environment/path.dsv
[6.721s] -- Up-to-date: /home/moses/marp/install/turtlesim/share/turtlesim/local_setup.bash
[6.723s] -- Up-to-date: /home/moses/marp/install/turtlesim/share/turtlesim/local_setup.sh
[6.725s] -- Up-to-date: /home/moses/marp/install/turtlesim/share/turtlesim/local_setup.zsh
[6.734s] -- Up-to-date: /home/moses/marp/install/turtlesim/share/turtlesim/local_setup.dsv
[6.734s] -- Installing: /home/moses/marp/install/turtlesim/share/turtlesim/package.dsv
[6.735s] -- Up-to-date: /home/moses/marp/install/turtlesim/share/ament_index/resource_index/packages/turtlesim
[6.736s] -- Up-to-date: /home/moses/marp/install/turtlesim/share/turtlesim/cmake/export_turtlesim__rosidl_generator_cExport.cmake
[6.736s] -- Up-to-date: /home/moses/marp/install/turtlesim/share/turtlesim/cmake/export_turtlesim__rosidl_generator_cExport-noconfig.cmake
[6.737s] -- Up-to-date: /home/moses/marp/install/turtlesim/share/turtlesim/cmake/export_turtlesim__rosidl_typesupport_fastrtps_cExport.cmake
[6.737s] -- Up-to-date: /home/moses/marp/install/turtlesim/share/turtlesim/cmake/export_turtlesim__rosidl_typesupport_fastrtps_cExport-noconfig.cmake
[6.738s] -- Up-to-date: /home/moses/marp/install/turtlesim/share/turtlesim/cmake/export_turtlesim__rosidl_generator_cppExport.cmake
[6.739s] -- Up-to-date: /home/moses/marp/install/turtlesim/share/turtlesim/cmake/export_turtlesim__rosidl_typesupport_fastrtps_cppExport.cmake
[6.740s] -- Up-to-date: /home/moses/marp/install/turtlesim/share/turtlesim/cmake/export_turtlesim__rosidl_typesupport_fastrtps_cppExport-noconfig.cmake
[6.741s] -- Up-to-date: /home/moses/marp/install/turtlesim/share/turtlesim/cmake/turtlesim__rosidl_typesupport_introspection_cExport.cmake
[6.741s] -- Up-to-date: /home/moses/marp/install/turtlesim/share/turtlesim/cmake/turtlesim__rosidl_typesupport_introspection_cExport-noconfig.cmake
[6.742s] -- Up-to-date: /home/moses/marp/install/turtlesim/share/turtlesim/cmake/turtlesim__rosidl_typesupport_cExport.cmake
[6.742s] -- Up-to-date: /home/moses/marp/install/turtlesim/share/turtlesim/cmake/turtlesim__rosidl_typesupport_cExport-noconfig.cmake
[6.743s] -- Up-to-date: /home/moses/marp/install/turtlesim/share/turtlesim/cmake/turtlesim__rosidl_typesupport_introspection_cppExport.cmake
[6.743s] -- Up-to-date: /home/moses/marp/install/turtlesim/share/turtlesim/cmake/turtlesim__rosidl_typesupport_introspection_cppExport-noconfig.cmake
[6.744s] -- Up-to-date: /home/moses/marp/install/turtlesim/share/turtlesim/cmake/turtlesim__rosidl_typesupport_cppExport.cmake
[6.745s] -- Up-to-date: /home/moses/marp/install/turtlesim/share/turtlesim/cmake/turtlesim__rosidl_typesupport_cppExport-noconfig.cmake
[6.767s] -- Up-to-date: /home/moses/marp/install/turtlesim/share/turtlesim/cmake/export_turtlesim__rosidl_generator_pyExport.cmake
[6.772s] -- Up-to-date: /home/moses/marp/install/turtlesim/share/turtlesim/cmake/export_turtlesim__rosidl_generator_pyExport-noconfig.cmake
[6.776s] -- Up-to-date: /home/moses/marp/install/turtlesim/share/turtlesim/cmake/rosidl_cmake-extras.cmake
[6.789s] -- Up-to-date: /home/moses/marp/install/turtlesim/share/turtlesim/cmake/ament_cmake_export_dependencies-extras.cmake
[6.792s] -- Up-to-date: /home/moses/marp/install/turtlesim/share/turtlesim/cmake/ament_cmake_export_include_directories-extras.cmake
[6.795s] -- Up-to-date: /home/moses/marp/install/turtlesim/share/turtlesim/cmake/ament_cmake_export_libraries-extras.cmake
[6.798s] -- Up-to-date: /home/moses/marp/install/turtlesim/share/turtlesim/cmake/ament_cmake_export_targets-extras.cmake
[6.809s] -- Up-to-date: /home/moses/marp/install/turtlesim/share/turtlesim/cmake/rosidl_cmake_export_typesupport_targets-extras.cmake
[6.812s] -- Up-to-date: /home/moses/marp/install/turtlesim/share/turtlesim/cmake/rosidl_cmake_export_typesupport_libraries-extras.cmake
[6.815s] -- Up-to-date: /home/moses/marp/install/turtlesim/share/turtlesim/cmake/turtlesimConfig.cmake
[6.818s] -- Up-to-date: /home/moses/marp/install/turtlesim/share/turtlesim/cmake/turtlesimConfig-version.cmake
[6.821s] -- Up-to-date: /home/moses/marp/install/turtlesim/share/turtlesim/package.xml
[6.830s] Invoked command in '/home/moses/marp/build/turtlesim' returned '0': CMAKE_PREFIX_PATH=/opt/ros/humble /usr/bin/cmake --install /home/moses/marp/build/turtlesim
