[0.056s] Invoking command in '/home/moses/marp/build/dtc': CMAKE_PREFIX_PATH=${CMAKE_PREFIX_PATH}:/opt/ros/humble /usr/bin/cmake --build /home/moses/marp/build/dtc -- -j4 -l4
[0.291s] [ 50%] [32mBuilding CXX object CMakeFiles/dtc.dir/src/dtc.cpp.o[0m
[3.272s] In file included from [01m[K/home/moses/marp/src/dtc/src/dtc.cpp:7[m[K:
[3.275s] [01m[K/home/moses/marp/src/dtc/src/serialib.cpp:[m[K In member function ‘[01m[Kint serialib::readStringNoTimeOut(char*, char, unsigned int)[m[K’:
[3.278s] [01m[K/home/moses/marp/src/dtc/src/serialib.cpp:576:21:[m[K [01;35m[Kwarning: [m[Kcomparison is always false due to limited range of data type [[01;35m[K]8;;https://gcc.gnu.org/onlinedocs/gcc/Warning-Options.html#index-Wtype-limits-Wtype-limits]8;;[m[K]
[3.281s]   576 |         if ([01;35m[KcharRead<0[m[K) return charRead;
[3.284s]       |             [01;35m[K~~~~~~~~^~[m[K
[3.287s] [01m[K/home/moses/marp/src/dtc/src/serialib.cpp:[m[K In member function ‘[01m[Kint serialib::readString(char*, char, unsigned int, unsigned int)[m[K’:
[3.290s] [01m[K/home/moses/marp/src/dtc/src/serialib.cpp:639:25:[m[K [01;35m[Kwarning: [m[Kcomparison is always false due to limited range of data type [[01;35m[K]8;;https://gcc.gnu.org/onlinedocs/gcc/Warning-Options.html#index-Wtype-limits-Wtype-limits]8;;[m[K]
[3.295s]   639 |             if ([01;35m[KcharRead<0[m[K) return charRead;
[3.296s]       |                 [01;35m[K~~~~~~~~^~[m[K
[18.931s] [100%] [32m[1mLinking CXX executable dtc[0m
[19.886s] [100%] Built target dtc
[19.927s] Invoked command in '/home/moses/marp/build/dtc' returned '0': CMAKE_PREFIX_PATH=${CMAKE_PREFIX_PATH}:/opt/ros/humble /usr/bin/cmake --build /home/moses/marp/build/dtc -- -j4 -l4
[20.093s] Invoking command in '/home/moses/marp/build/dtc': CMAKE_PREFIX_PATH=${CMAKE_PREFIX_PATH}:/opt/ros/humble /usr/bin/cmake --install /home/moses/marp/build/dtc
[20.119s] -- Install configuration: ""
[20.121s] -- Installing: /home/moses/marp/install/dtc/lib/dtc/dtc
[20.131s] -- Set runtime path of "/home/moses/marp/install/dtc/lib/dtc/dtc" to ""
[20.132s] -- Up-to-date: /home/moses/marp/install/dtc/share/ament_index/resource_index/package_run_dependencies/dtc
[20.133s] -- Up-to-date: /home/moses/marp/install/dtc/share/ament_index/resource_index/parent_prefix_path/dtc
[20.135s] -- Up-to-date: /home/moses/marp/install/dtc/share/dtc/environment/ament_prefix_path.sh
[20.136s] -- Up-to-date: /home/moses/marp/install/dtc/share/dtc/environment/ament_prefix_path.dsv
[20.137s] -- Up-to-date: /home/moses/marp/install/dtc/share/dtc/environment/path.sh
[20.138s] -- Up-to-date: /home/moses/marp/install/dtc/share/dtc/environment/path.dsv
[20.138s] -- Up-to-date: /home/moses/marp/install/dtc/share/dtc/local_setup.bash
[20.139s] -- Up-to-date: /home/moses/marp/install/dtc/share/dtc/local_setup.sh
[20.140s] -- Up-to-date: /home/moses/marp/install/dtc/share/dtc/local_setup.zsh
[20.140s] -- Up-to-date: /home/moses/marp/install/dtc/share/dtc/local_setup.dsv
[20.141s] -- Installing: /home/moses/marp/install/dtc/share/dtc/package.dsv
[20.143s] -- Up-to-date: /home/moses/marp/install/dtc/share/ament_index/resource_index/packages/dtc
[20.144s] -- Up-to-date: /home/moses/marp/install/dtc/share/dtc/cmake/dtcConfig.cmake
[20.148s] -- Up-to-date: /home/moses/marp/install/dtc/share/dtc/cmake/dtcConfig-version.cmake
[20.148s] -- Up-to-date: /home/moses/marp/install/dtc/share/dtc/package.xml
[20.149s] Invoked command in '/home/moses/marp/build/dtc' returned '0': CMAKE_PREFIX_PATH=${CMAKE_PREFIX_PATH}:/opt/ros/humble /usr/bin/cmake --install /home/moses/marp/build/dtc
