[0.077s] Invoking command in '/home/moses/marp/build/dtc': CMAKE_PREFIX_PATH=/opt/ros/humble /usr/bin/cmake --build /home/moses/marp/build/dtc -- -j4 -l4
[0.250s] [35m[1mConsolidate compiler generated dependencies of target dtc[0m
[0.477s] [100%] Built target dtc
[0.601s] Invoked command in '/home/moses/marp/build/dtc' returned '0': CMAKE_PREFIX_PATH=/opt/ros/humble /usr/bin/cmake --build /home/moses/marp/build/dtc -- -j4 -l4
[1.186s] Invoking command in '/home/moses/marp/build/dtc': CMAKE_PREFIX_PATH=/opt/ros/humble /usr/bin/cmake --install /home/moses/marp/build/dtc
[1.232s] -- Install configuration: ""
[1.235s] -- Installing: /home/moses/marp/install/dtc/lib/dtc/dtc
[1.382s] -- Set runtime path of "/home/moses/marp/install/dtc/lib/dtc/dtc" to ""
[1.386s] -- Up-to-date: /home/moses/marp/install/dtc/share/ament_index/resource_index/package_run_dependencies/dtc
[1.392s] -- Up-to-date: /home/moses/marp/install/dtc/share/ament_index/resource_index/parent_prefix_path/dtc
[1.399s] -- Up-to-date: /home/moses/marp/install/dtc/share/dtc/environment/ament_prefix_path.sh
[1.402s] -- Up-to-date: /home/moses/marp/install/dtc/share/dtc/environment/ament_prefix_path.dsv
[1.406s] -- Up-to-date: /home/moses/marp/install/dtc/share/dtc/environment/path.sh
[1.409s] -- Up-to-date: /home/moses/marp/install/dtc/share/dtc/environment/path.dsv
[1.412s] -- Up-to-date: /home/moses/marp/install/dtc/share/dtc/local_setup.bash
[1.414s] -- Up-to-date: /home/moses/marp/install/dtc/share/dtc/local_setup.sh
[1.417s] -- Up-to-date: /home/moses/marp/install/dtc/share/dtc/local_setup.zsh
[1.419s] -- Up-to-date: /home/moses/marp/install/dtc/share/dtc/local_setup.dsv
[1.422s] -- Installing: /home/moses/marp/install/dtc/share/dtc/package.dsv
[1.425s] -- Up-to-date: /home/moses/marp/install/dtc/share/ament_index/resource_index/packages/dtc
[1.429s] -- Up-to-date: /home/moses/marp/install/dtc/share/dtc/cmake/dtcConfig.cmake
[1.430s] -- Up-to-date: /home/moses/marp/install/dtc/share/dtc/cmake/dtcConfig-version.cmake
[1.433s] -- Up-to-date: /home/moses/marp/install/dtc/share/dtc/package.xml
[1.451s] Invoked command in '/home/moses/marp/build/dtc' returned '0': CMAKE_PREFIX_PATH=/opt/ros/humble /usr/bin/cmake --install /home/moses/marp/build/dtc
