[0.047s] Invoking command in '/home/moses/marp/build/dtc': CMAKE_PREFIX_PATH=${CMAKE_PREFIX_PATH}:/opt/ros/humble /usr/bin/cmake --build /home/moses/marp/build/dtc -- -j4 -l4
[0.283s] [ 50%] [32mBuilding CXX object CMakeFiles/dtc.dir/src/dtc.cpp.o[0m
[19.591s] [100%] [32m[1mLinking CXX executable dtc[0m
[20.535s] [100%] Built target dtc
[20.580s] Invoked command in '/home/moses/marp/build/dtc' returned '0': CMAKE_PREFIX_PATH=${CMAKE_PREFIX_PATH}:/opt/ros/humble /usr/bin/cmake --build /home/moses/marp/build/dtc -- -j4 -l4
[20.745s] Invoking command in '/home/moses/marp/build/dtc': CMAKE_PREFIX_PATH=${CMAKE_PREFIX_PATH}:/opt/ros/humble /usr/bin/cmake --install /home/moses/marp/build/dtc
[20.771s] -- Install configuration: ""
[20.774s] -- Installing: /home/moses/marp/install/dtc/lib/dtc/dtc
[20.790s] -- Set runtime path of "/home/moses/marp/install/dtc/lib/dtc/dtc" to ""
[20.791s] -- Up-to-date: /home/moses/marp/install/dtc/share/ament_index/resource_index/package_run_dependencies/dtc
[20.791s] -- Up-to-date: /home/moses/marp/install/dtc/share/ament_index/resource_index/parent_prefix_path/dtc
[20.793s] -- Up-to-date: /home/moses/marp/install/dtc/share/dtc/environment/ament_prefix_path.sh
[20.809s] -- Up-to-date: /home/moses/marp/install/dtc/share/dtc/environment/ament_prefix_path.dsv
[20.811s] -- Up-to-date: /home/moses/marp/install/dtc/share/dtc/environment/path.sh
[20.811s] -- Up-to-date: /home/moses/marp/install/dtc/share/dtc/environment/path.dsv
[20.812s] -- Up-to-date: /home/moses/marp/install/dtc/share/dtc/local_setup.bash
[20.813s] -- Up-to-date: /home/moses/marp/install/dtc/share/dtc/local_setup.sh
[20.814s] -- Up-to-date: /home/moses/marp/install/dtc/share/dtc/local_setup.zsh
[20.814s] -- Up-to-date: /home/moses/marp/install/dtc/share/dtc/local_setup.dsv
[20.815s] -- Up-to-date: /home/moses/marp/install/dtc/share/dtc/package.dsv
[20.816s] -- Up-to-date: /home/moses/marp/install/dtc/share/ament_index/resource_index/packages/dtc
[20.817s] -- Up-to-date: /home/moses/marp/install/dtc/share/dtc/cmake/dtcConfig.cmake
[20.818s] -- Up-to-date: /home/moses/marp/install/dtc/share/dtc/cmake/dtcConfig-version.cmake
[20.819s] -- Up-to-date: /home/moses/marp/install/dtc/share/dtc/package.xml
[20.819s] Invoked command in '/home/moses/marp/build/dtc' returned '0': CMAKE_PREFIX_PATH=${CMAKE_PREFIX_PATH}:/opt/ros/humble /usr/bin/cmake --install /home/moses/marp/build/dtc
