[0.055s] Invoking command in '/home/moses/marp/build/dtc': CMAKE_PREFIX_PATH=${CMAKE_PREFIX_PATH}:/opt/ros/humble /usr/bin/cmake --build /home/moses/marp/build/dtc -- -j4 -l4
[0.141s] -- Found ament_cmake: 1.3.9 (/opt/ros/humble/share/ament_cmake/cmake)
[0.723s] -- Found rclcpp: 16.0.9 (/opt/ros/humble/share/rclcpp/cmake)
[0.998s] -- Found rosidl_generator_c: 3.1.5 (/opt/ros/humble/share/rosidl_generator_c/cmake)
[1.036s] -- Found rosidl_adapter: 3.1.5 (/opt/ros/humble/share/rosidl_adapter/cmake)
[1.087s] -- Found rosidl_generator_cpp: 3.1.5 (/opt/ros/humble/share/rosidl_generator_cpp/cmake)
[1.160s] -- Using all available rosidl_typesupport_c: rosidl_typesupport_fastrtps_c;rosidl_typesupport_introspection_c
[1.265s] -- Using all available rosidl_typesupport_cpp: rosidl_typesupport_fastrtps_cpp;rosidl_typesupport_introspection_cpp
[1.619s] -- Found rmw_implementation_cmake: 6.1.2 (/opt/ros/humble/share/rmw_implementation_cmake/cmake)
[1.639s] -- Found rmw_fastrtps_cpp: 6.2.6 (/opt/ros/humble/share/rmw_fastrtps_cpp/cmake)
[2.121s] -- Found OpenSSL: /usr/lib/aarch64-linux-gnu/libcrypto.so (found version "3.0.2")  
[2.245s] -- Found FastRTPS: /opt/ros/humble/include  
[2.473s] -- Using RMW implementation 'rmw_fastrtps_cpp' as default
[2.539s] -- Looking for pthread.h
[2.881s] -- Looking for pthread.h - found
[2.884s] -- Performing Test CMAKE_HAVE_LIBC_PTHREAD
[3.234s] -- Performing Test CMAKE_HAVE_LIBC_PTHREAD - Success
[3.239s] -- Found Threads: TRUE  
[3.889s] -- Found ament_lint_auto: 0.12.11 (/opt/ros/humble/share/ament_lint_auto/cmake)
[4.195s] -- Added test 'cppcheck' to perform static code analysis on C / C++ code
[4.195s] -- Configured cppcheck include dirs: $<BUILD_INTERFACE:/home/moses/marp/src/dtc/include>
[4.196s] -- Configured cppcheck exclude dirs and/or files: 
[4.198s] -- Added test 'lint_cmake' to check CMake code style
[4.204s] -- Added test 'uncrustify' to check C / C++ code style
[4.205s] -- Configured uncrustify additional arguments: 
[4.206s] -- Added test 'xmllint' to check XML markup files
[4.210s] -- Configuring done
[4.250s] -- Generating done
[4.259s] -- Build files have been written to: /home/moses/marp/build/dtc
[4.362s] [35m[1mConsolidate compiler generated dependencies of target dtc[0m
[4.408s] [ 50%] [32mBuilding CXX object CMakeFiles/dtc.dir/src/dtc.cpp.o[0m
[4.627s] [01m[K/home/moses/marp/src/dtc/src/dtc.cpp:6:10:[m[K [01;31m[Kfatal error: [m[Krclcpp/rclcpp.hpp: No such file or directory
[4.628s]     6 | #include [01;31m[K"rclcpp/rclcpp.hpp"[m[K
[4.629s]       |          [01;31m[K^~~~~~~~~~~~~~~~~~~[m[K
[4.630s] compilation terminated.
[4.633s] gmake[2]: *** [CMakeFiles/dtc.dir/build.make:76: CMakeFiles/dtc.dir/src/dtc.cpp.o] Error 1
[4.633s] gmake[1]: *** [CMakeFiles/Makefile2:137: CMakeFiles/dtc.dir/all] Error 2
[4.635s] gmake: *** [Makefile:146: all] Error 2
[4.642s] Invoked command in '/home/moses/marp/build/dtc' returned '2': CMAKE_PREFIX_PATH=${CMAKE_PREFIX_PATH}:/opt/ros/humble /usr/bin/cmake --build /home/moses/marp/build/dtc -- -j4 -l4
