[0.087s] Invoking command in '/home/moses/marp/build/dtc': CMAKE_PREFIX_PATH=${CMAKE_PREFIX_PATH}:/home/moses/marp/install/turtlesim:/opt/ros/humble /usr/bin/cmake --build /home/moses/marp/build/dtc -- -j4 -l4
[0.355s] [100%] Built target dtc
[0.453s] Invoked command in '/home/moses/marp/build/dtc' returned '0': CMAKE_PREFIX_PATH=${CMAKE_PREFIX_PATH}:/home/moses/marp/install/turtlesim:/opt/ros/humble /usr/bin/cmake --build /home/moses/marp/build/dtc -- -j4 -l4
[0.944s] Invoking command in '/home/moses/marp/build/dtc': CMAKE_PREFIX_PATH=${CMAKE_PREFIX_PATH}:/home/moses/marp/install/turtlesim:/opt/ros/humble /usr/bin/cmake --install /home/moses/marp/build/dtc
[0.997s] -- Install configuration: ""
[1.004s] -- Up-to-date: /home/moses/marp/install/dtc/lib/dtc/dtc
[1.012s] -- Up-to-date: /home/moses/marp/install/dtc/share/ament_index/resource_index/package_run_dependencies/dtc
[1.015s] -- Up-to-date: /home/moses/marp/install/dtc/share/ament_index/resource_index/parent_prefix_path/dtc
[1.018s] -- Up-to-date: /home/moses/marp/install/dtc/share/dtc/environment/ament_prefix_path.sh
[1.022s] -- Up-to-date: /home/moses/marp/install/dtc/share/dtc/environment/ament_prefix_path.dsv
[1.025s] -- Up-to-date: /home/moses/marp/install/dtc/share/dtc/environment/path.sh
[1.028s] -- Up-to-date: /home/moses/marp/install/dtc/share/dtc/environment/path.dsv
[1.031s] -- Up-to-date: /home/moses/marp/install/dtc/share/dtc/local_setup.bash
[1.034s] -- Up-to-date: /home/moses/marp/install/dtc/share/dtc/local_setup.sh
[1.041s] -- Up-to-date: /home/moses/marp/install/dtc/share/dtc/local_setup.zsh
[1.043s] -- Up-to-date: /home/moses/marp/install/dtc/share/dtc/local_setup.dsv
[1.051s] -- Installing: /home/moses/marp/install/dtc/share/dtc/package.dsv
[1.055s] -- Up-to-date: /home/moses/marp/install/dtc/share/ament_index/resource_index/packages/dtc
[1.056s] -- Up-to-date: /home/moses/marp/install/dtc/share/dtc/cmake/dtcConfig.cmake
[1.056s] -- Up-to-date: /home/moses/marp/install/dtc/share/dtc/cmake/dtcConfig-version.cmake
[1.056s] -- Up-to-date: /home/moses/marp/install/dtc/share/dtc/package.xml
[1.080s] Invoked command in '/home/moses/marp/build/dtc' returned '0': CMAKE_PREFIX_PATH=${CMAKE_PREFIX_PATH}:/home/moses/marp/install/turtlesim:/opt/ros/humble /usr/bin/cmake --install /home/moses/marp/build/dtc
