[0.053s] Invoking command in '/home/moses/marp/build/controller': CMAKE_PREFIX_PATH=${CMAKE_PREFIX_PATH}:/opt/ros/humble /usr/bin/cmake --build /home/moses/marp/build/controller -- -j4 -l4
[0.221s] [35m[1mConsolidate compiler generated dependencies of target controller[0m
[0.316s] [ 50%] [32mBuilding CXX object CMakeFiles/controller.dir/src/controller.cpp.o[0m
[3.403s] In file included from [01m[K/home/moses/marp/src/controller/src/controller.cpp:7[m[K:
[3.403s] [01m[K/home/moses/marp/src/serialib/lib/serialib.cpp:[m[K In member function ‘[01m[Kint serialib::readStringNoTimeOut(char*, char, unsigned int)[m[K’:
[3.404s] [01m[K/home/moses/marp/src/serialib/lib/serialib.cpp:576:21:[m[K [01;35m[Kwarning: [m[Kcomparison is always false due to limited range of data type [[01;35m[K]8;;https://gcc.gnu.org/onlinedocs/gcc/Warning-Options.html#index-Wtype-limits-Wtype-limits]8;;[m[K]
[3.405s]   576 |         if ([01;35m[KcharRead<0[m[K) return charRead;
[3.405s]       |             [01;35m[K~~~~~~~~^~[m[K
[3.406s] [01m[K/home/moses/marp/src/serialib/lib/serialib.cpp:[m[K In member function ‘[01m[Kint serialib::readString(char*, char, unsigned int, unsigned int)[m[K’:
[3.407s] [01m[K/home/moses/marp/src/serialib/lib/serialib.cpp:639:25:[m[K [01;35m[Kwarning: [m[Kcomparison is always false due to limited range of data type [[01;35m[K]8;;https://gcc.gnu.org/onlinedocs/gcc/Warning-Options.html#index-Wtype-limits-Wtype-limits]8;;[m[K]
[3.407s]   639 |             if ([01;35m[KcharRead<0[m[K) return charRead;
[3.408s]       |                 [01;35m[K~~~~~~~~^~[m[K
[18.569s] [100%] [32m[1mLinking CXX executable controller[0m
[19.551s] [100%] Built target controller
[19.594s] Invoked command in '/home/moses/marp/build/controller' returned '0': CMAKE_PREFIX_PATH=${CMAKE_PREFIX_PATH}:/opt/ros/humble /usr/bin/cmake --build /home/moses/marp/build/controller -- -j4 -l4
[19.756s] Invoking command in '/home/moses/marp/build/controller': CMAKE_PREFIX_PATH=${CMAKE_PREFIX_PATH}:/opt/ros/humble /usr/bin/cmake --install /home/moses/marp/build/controller
[19.784s] -- Install configuration: ""
[19.786s] -- Installing: /home/moses/marp/install/controller/lib/controller/controller
[19.797s] -- Set runtime path of "/home/moses/marp/install/controller/lib/controller/controller" to ""
[19.798s] -- Up-to-date: /home/moses/marp/install/controller/share/ament_index/resource_index/package_run_dependencies/controller
[19.800s] -- Up-to-date: /home/moses/marp/install/controller/share/ament_index/resource_index/parent_prefix_path/controller
[19.801s] -- Up-to-date: /home/moses/marp/install/controller/share/controller/environment/ament_prefix_path.sh
[19.801s] -- Up-to-date: /home/moses/marp/install/controller/share/controller/environment/ament_prefix_path.dsv
[19.802s] -- Up-to-date: /home/moses/marp/install/controller/share/controller/environment/path.sh
[19.803s] -- Up-to-date: /home/moses/marp/install/controller/share/controller/environment/path.dsv
[19.804s] -- Up-to-date: /home/moses/marp/install/controller/share/controller/local_setup.bash
[19.805s] -- Up-to-date: /home/moses/marp/install/controller/share/controller/local_setup.sh
[19.806s] -- Up-to-date: /home/moses/marp/install/controller/share/controller/local_setup.zsh
[19.807s] -- Up-to-date: /home/moses/marp/install/controller/share/controller/local_setup.dsv
[19.808s] -- Installing: /home/moses/marp/install/controller/share/controller/package.dsv
[19.809s] -- Up-to-date: /home/moses/marp/install/controller/share/ament_index/resource_index/packages/controller
[19.822s] -- Up-to-date: /home/moses/marp/install/controller/share/controller/cmake/controllerConfig.cmake
[19.823s] -- Up-to-date: /home/moses/marp/install/controller/share/controller/cmake/controllerConfig-version.cmake
[19.823s] -- Up-to-date: /home/moses/marp/install/controller/share/controller/package.xml
[19.824s] Invoked command in '/home/moses/marp/build/controller' returned '0': CMAKE_PREFIX_PATH=${CMAKE_PREFIX_PATH}:/opt/ros/humble /usr/bin/cmake --install /home/moses/marp/build/controller
