[0.043s] Invoking command in '/home/moses/marp/build/dtc': CMAKE_PREFIX_PATH=/opt/ros/humble /usr/bin/cmake --build /home/moses/marp/build/dtc -- -j4 -l4
[0.217s] [35m[1mConsolidate compiler generated dependencies of target dtc[0m
[0.312s] [ 50%] [32mBuilding CXX object CMakeFiles/dtc.dir/src/dtc.cpp.o[0m
[2.775s] In file included from [01m[K/home/moses/marp/src/dtc/src/dtc.cpp:59[m[K:
[2.775s] [01m[K/home/moses/marp/src/serialib/lib/serialib.cpp:[m[K In member function ‘[01m[Kint serialib::readStringNoTimeOut(char*, char, unsigned int)[m[K’:
[2.776s] [01m[K/home/moses/marp/src/serialib/lib/serialib.cpp:576:21:[m[K [01;35m[Kwarning: [m[Kcomparison is always false due to limited range of data type [[01;35m[K]8;;https://gcc.gnu.org/onlinedocs/gcc/Warning-Options.html#index-Wtype-limits-Wtype-limits]8;;[m[K]
[2.776s]   576 |         if ([01;35m[KcharRead<0[m[K) return charRead;
[2.777s]       |             [01;35m[K~~~~~~~~^~[m[K
[2.777s] [01m[K/home/moses/marp/src/serialib/lib/serialib.cpp:[m[K In member function ‘[01m[Kint serialib::readString(char*, char, unsigned int, unsigned int)[m[K’:
[2.778s] [01m[K/home/moses/marp/src/serialib/lib/serialib.cpp:639:25:[m[K [01;35m[Kwarning: [m[Kcomparison is always false due to limited range of data type [[01;35m[K]8;;https://gcc.gnu.org/onlinedocs/gcc/Warning-Options.html#index-Wtype-limits-Wtype-limits]8;;[m[K]
[2.778s]   639 |             if ([01;35m[KcharRead<0[m[K) return charRead;
[2.778s]       |                 [01;35m[K~~~~~~~~^~[m[K
[32.882s] [100%] [32m[1mLinking CXX executable dtc[0m
[34.834s] [100%] Built target dtc
[34.871s] Invoked command in '/home/moses/marp/build/dtc' returned '0': CMAKE_PREFIX_PATH=/opt/ros/humble /usr/bin/cmake --build /home/moses/marp/build/dtc -- -j4 -l4
[35.046s] Invoking command in '/home/moses/marp/build/dtc': CMAKE_PREFIX_PATH=/opt/ros/humble /usr/bin/cmake --install /home/moses/marp/build/dtc
[35.074s] -- Install configuration: ""
[35.078s] -- Installing: /home/moses/marp/install/dtc/lib/dtc/dtc
[35.111s] -- Set runtime path of "/home/moses/marp/install/dtc/lib/dtc/dtc" to ""
[35.111s] -- Up-to-date: /home/moses/marp/install/dtc/share/ament_index/resource_index/package_run_dependencies/dtc
[35.112s] -- Up-to-date: /home/moses/marp/install/dtc/share/ament_index/resource_index/parent_prefix_path/dtc
[35.112s] -- Up-to-date: /home/moses/marp/install/dtc/share/dtc/environment/ament_prefix_path.sh
[35.113s] -- Up-to-date: /home/moses/marp/install/dtc/share/dtc/environment/ament_prefix_path.dsv
[35.113s] -- Up-to-date: /home/moses/marp/install/dtc/share/dtc/environment/path.sh
[35.114s] -- Up-to-date: /home/moses/marp/install/dtc/share/dtc/environment/path.dsv
[35.114s] -- Up-to-date: /home/moses/marp/install/dtc/share/dtc/local_setup.bash
[35.115s] -- Up-to-date: /home/moses/marp/install/dtc/share/dtc/local_setup.sh
[35.116s] -- Up-to-date: /home/moses/marp/install/dtc/share/dtc/local_setup.zsh
[35.116s] -- Up-to-date: /home/moses/marp/install/dtc/share/dtc/local_setup.dsv
[35.117s] -- Installing: /home/moses/marp/install/dtc/share/dtc/package.dsv
[35.118s] -- Up-to-date: /home/moses/marp/install/dtc/share/ament_index/resource_index/packages/dtc
[35.118s] -- Up-to-date: /home/moses/marp/install/dtc/share/dtc/cmake/dtcConfig.cmake
[35.119s] -- Up-to-date: /home/moses/marp/install/dtc/share/dtc/cmake/dtcConfig-version.cmake
[35.119s] -- Up-to-date: /home/moses/marp/install/dtc/share/dtc/package.xml
[35.126s] Invoked command in '/home/moses/marp/build/dtc' returned '0': CMAKE_PREFIX_PATH=/opt/ros/humble /usr/bin/cmake --install /home/moses/marp/build/dtc
