[0.088s] Invoking command in '/home/moses/marp/build/turtlesim': CMAKE_PREFIX_PATH=${CMAKE_PREFIX_PATH}:/home/moses/marp/install/turtlesim:/opt/ros/humble /usr/bin/cmake --build /home/moses/marp/build/turtlesim -- -j4 -l4
[0.419s] [ 10%] Built target turtlesim__rosidl_generator_c
[0.460s] [ 11%] Built target turtlesim__cpp
[0.556s] [ 11%] Built target ament_cmake_python_copy_turtlesim
[0.603s] [ 21%] Built target turtlesim__rosidl_typesupport_fastrtps_c
[0.650s] [ 31%] Built target turtlesim__rosidl_typesupport_introspection_c
[0.757s] [ 50%] Built target turtlesim__rosidl_typesupport_introspection_cpp
[0.761s] [ 51%] Built target turtlesim__rosidl_typesupport_c
[0.879s] [ 61%] Built target turtlesim__rosidl_typesupport_cpp
[1.032s] [ 71%] Built target turtlesim__rosidl_typesupport_fastrtps_cpp
[1.119s] [ 77%] Built target turtlesim_node
[1.149s] [ 79%] Built target turtle_teleop_key
[1.218s] [ 81%] Built target draw_square
[1.328s] [ 81%] Built target turtlesim
[1.357s] [ 83%] Built target mimic
[1.451s] [ 84%] Built target turtlesim__py
[1.585s] [ 93%] Built target turtlesim__rosidl_generator_py
[1.728s] [ 95%] Built target turtlesim__rosidl_typesupport_introspection_c__pyext
[1.736s] [ 97%] Built target turtlesim__rosidl_typesupport_fastrtps_c__pyext
[1.779s] [100%] Built target turtlesim__rosidl_typesupport_c__pyext
[2.377s] running egg_info
[2.380s] writing turtlesim.egg-info/PKG-INFO
[2.381s] writing dependency_links to turtlesim.egg-info/dependency_links.txt
[2.383s] writing top-level names to turtlesim.egg-info/top_level.txt
[2.398s] reading manifest file 'turtlesim.egg-info/SOURCES.txt'
[2.402s] writing manifest file 'turtlesim.egg-info/SOURCES.txt'
[2.560s] [100%] Built target ament_cmake_python_build_turtlesim_egg
