[0.048s] Invoking command in '/home/moses/marp/build/dtc': CMAKE_PREFIX_PATH=${CMAKE_PREFIX_PATH}:/opt/ros/humble /usr/bin/cmake --build /home/moses/marp/build/dtc -- -j4 -l4
[0.224s] [35m[1mConsolidate compiler generated dependencies of target dtc[0m
[0.324s] [ 50%] [32mBuilding CXX object CMakeFiles/dtc.dir/src/dtc.cpp.o[0m
[2.798s] In file included from [01m[K/home/moses/marp/src/dtc/src/dtc.cpp:6[m[K:
[2.799s] [01m[K/home/moses/marp/src/serial/serialib.cpp:[m[K In member function ‘[01m[Kint serialib::readStringNoTimeOut(char*, char, unsigned int)[m[K’:
[2.799s] [01m[K/home/moses/marp/src/serial/serialib.cpp:576:21:[m[K [01;35m[Kwarning: [m[Kcomparison is always false due to limited range of data type [[01;35m[K]8;;https://gcc.gnu.org/onlinedocs/gcc/Warning-Options.html#index-Wtype-limits-Wtype-limits]8;;[m[K]
[2.800s]   576 |         if ([01;35m[KcharRead<0[m[K) return charRead;
[2.800s]       |             [01;35m[K~~~~~~~~^~[m[K
[2.800s] [01m[K/home/moses/marp/src/serial/serialib.cpp:[m[K In member function ‘[01m[Kint serialib::readString(char*, char, unsigned int, unsigned int)[m[K’:
[2.801s] [01m[K/home/moses/marp/src/serial/serialib.cpp:639:25:[m[K [01;35m[Kwarning: [m[Kcomparison is always false due to limited range of data type [[01;35m[K]8;;https://gcc.gnu.org/onlinedocs/gcc/Warning-Options.html#index-Wtype-limits-Wtype-limits]8;;[m[K]
[2.801s]   639 |             if ([01;35m[KcharRead<0[m[K) return charRead;
[2.802s]       |                 [01;35m[K~~~~~~~~^~[m[K
[32.756s] [100%] [32m[1mLinking CXX executable dtc[0m
[34.534s] [100%] Built target dtc
[34.575s] Invoked command in '/home/moses/marp/build/dtc' returned '0': CMAKE_PREFIX_PATH=${CMAKE_PREFIX_PATH}:/opt/ros/humble /usr/bin/cmake --build /home/moses/marp/build/dtc -- -j4 -l4
[34.755s] Invoking command in '/home/moses/marp/build/dtc': CMAKE_PREFIX_PATH=${CMAKE_PREFIX_PATH}:/opt/ros/humble /usr/bin/cmake --install /home/moses/marp/build/dtc
[34.782s] -- Install configuration: ""
[34.783s] -- Installing: /home/moses/marp/install/dtc/lib/dtc/dtc
[34.812s] -- Set runtime path of "/home/moses/marp/install/dtc/lib/dtc/dtc" to ""
[34.813s] -- Up-to-date: /home/moses/marp/install/dtc/share/ament_index/resource_index/package_run_dependencies/dtc
[34.813s] -- Up-to-date: /home/moses/marp/install/dtc/share/ament_index/resource_index/parent_prefix_path/dtc
[34.814s] -- Up-to-date: /home/moses/marp/install/dtc/share/dtc/environment/ament_prefix_path.sh
[34.814s] -- Up-to-date: /home/moses/marp/install/dtc/share/dtc/environment/ament_prefix_path.dsv
[34.815s] -- Up-to-date: /home/moses/marp/install/dtc/share/dtc/environment/path.sh
[34.815s] -- Up-to-date: /home/moses/marp/install/dtc/share/dtc/environment/path.dsv
[34.816s] -- Up-to-date: /home/moses/marp/install/dtc/share/dtc/local_setup.bash
[34.816s] -- Up-to-date: /home/moses/marp/install/dtc/share/dtc/local_setup.sh
[34.817s] -- Up-to-date: /home/moses/marp/install/dtc/share/dtc/local_setup.zsh
[34.817s] -- Up-to-date: /home/moses/marp/install/dtc/share/dtc/local_setup.dsv
[34.817s] -- Installing: /home/moses/marp/install/dtc/share/dtc/package.dsv
[34.818s] -- Up-to-date: /home/moses/marp/install/dtc/share/ament_index/resource_index/packages/dtc
[34.819s] -- Up-to-date: /home/moses/marp/install/dtc/share/dtc/cmake/dtcConfig.cmake
[34.820s] -- Up-to-date: /home/moses/marp/install/dtc/share/dtc/cmake/dtcConfig-version.cmake
[34.820s] -- Up-to-date: /home/moses/marp/install/dtc/share/dtc/package.xml
[34.824s] Invoked command in '/home/moses/marp/build/dtc' returned '0': CMAKE_PREFIX_PATH=${CMAKE_PREFIX_PATH}:/opt/ros/humble /usr/bin/cmake --install /home/moses/marp/build/dtc
