[0.062s] Invoking command in '/home/moses/marp/build/controller': CMAKE_PREFIX_PATH=/opt/ros/humble /usr/bin/cmake --build /home/moses/marp/build/controller -- -j4 -l4
[0.435s] [ 50%] [32mBuilding CXX object CMakeFiles/controller.dir/src/controller.cpp.o[0m
[4.368s] In file included from [01m[K/home/moses/marp/src/controller/src/controller.cpp:7[m[K:
[4.369s] [01m[K/home/moses/marp/src/serialib/lib/serialib.cpp:[m[K In member function ‘[01m[Kint serialib::readStringNoTimeOut(char*, char, unsigned int)[m[K’:
[4.370s] [01m[K/home/moses/marp/src/serialib/lib/serialib.cpp:576:21:[m[K [01;35m[Kwarning: [m[Kcomparison is always false due to limited range of data type [[01;35m[K]8;;https://gcc.gnu.org/onlinedocs/gcc/Warning-Options.html#index-Wtype-limits-Wtype-limits]8;;[m[K]
[4.370s]   576 |         if ([01;35m[KcharRead<0[m[K) return charRead;
[4.371s]       |             [01;35m[K~~~~~~~~^~[m[K
[4.372s] [01m[K/home/moses/marp/src/serialib/lib/serialib.cpp:[m[K In member function ‘[01m[Kint serialib::readString(char*, char, unsigned int, unsigned int)[m[K’:
[4.373s] [01m[K/home/moses/marp/src/serialib/lib/serialib.cpp:639:25:[m[K [01;35m[Kwarning: [m[Kcomparison is always false due to limited range of data type [[01;35m[K]8;;https://gcc.gnu.org/onlinedocs/gcc/Warning-Options.html#index-Wtype-limits-Wtype-limits]8;;[m[K]
[4.373s]   639 |             if ([01;35m[KcharRead<0[m[K) return charRead;
[4.374s]       |                 [01;35m[K~~~~~~~~^~[m[K
[19.550s] [100%] [32m[1mLinking CXX executable controller[0m
[20.709s] [100%] Built target controller
[20.745s] Invoked command in '/home/moses/marp/build/controller' returned '0': CMAKE_PREFIX_PATH=/opt/ros/humble /usr/bin/cmake --build /home/moses/marp/build/controller -- -j4 -l4
[20.913s] Invoking command in '/home/moses/marp/build/controller': CMAKE_PREFIX_PATH=/opt/ros/humble /usr/bin/cmake --install /home/moses/marp/build/controller
[20.943s] -- Install configuration: ""
[20.946s] -- Installing: /home/moses/marp/install/controller/lib/controller/controller
[20.956s] -- Set runtime path of "/home/moses/marp/install/controller/lib/controller/controller" to ""
[20.957s] -- Up-to-date: /home/moses/marp/install/controller/share/ament_index/resource_index/package_run_dependencies/controller
[20.959s] -- Up-to-date: /home/moses/marp/install/controller/share/ament_index/resource_index/parent_prefix_path/controller
[20.960s] -- Up-to-date: /home/moses/marp/install/controller/share/controller/environment/ament_prefix_path.sh
[20.961s] -- Up-to-date: /home/moses/marp/install/controller/share/controller/environment/ament_prefix_path.dsv
[20.961s] -- Up-to-date: /home/moses/marp/install/controller/share/controller/environment/path.sh
[20.962s] -- Up-to-date: /home/moses/marp/install/controller/share/controller/environment/path.dsv
[20.962s] -- Up-to-date: /home/moses/marp/install/controller/share/controller/local_setup.bash
[20.963s] -- Up-to-date: /home/moses/marp/install/controller/share/controller/local_setup.sh
[20.964s] -- Up-to-date: /home/moses/marp/install/controller/share/controller/local_setup.zsh
[20.965s] -- Up-to-date: /home/moses/marp/install/controller/share/controller/local_setup.dsv
[20.965s] -- Installing: /home/moses/marp/install/controller/share/controller/package.dsv
[20.966s] -- Up-to-date: /home/moses/marp/install/controller/share/ament_index/resource_index/packages/controller
[20.966s] -- Up-to-date: /home/moses/marp/install/controller/share/controller/cmake/controllerConfig.cmake
[20.967s] -- Up-to-date: /home/moses/marp/install/controller/share/controller/cmake/controllerConfig-version.cmake
[20.967s] -- Up-to-date: /home/moses/marp/install/controller/share/controller/package.xml
[20.977s] Invoked command in '/home/moses/marp/build/controller' returned '0': CMAKE_PREFIX_PATH=/opt/ros/humble /usr/bin/cmake --install /home/moses/marp/build/controller
