[0.055s] Invoking command in '/home/moses/marp/build/dtc': CMAKE_PREFIX_PATH=${CMAKE_PREFIX_PATH}:/opt/ros/humble /usr/bin/cmake --build /home/moses/marp/build/dtc -- -j4 -l4
[0.304s] [ 50%] [32mBuilding CXX object CMakeFiles/dtc.dir/src/dtc.cpp.o[0m
[2.765s] In file included from [01m[K/home/moses/marp/src/dtc/src/dtc.cpp:6[m[K:
[2.765s] [01m[K/home/moses/marp/src/serialib/lib/serialib.cpp:[m[K In member function ‘[01m[Kint serialib::readStringNoTimeOut(char*, char, unsigned int)[m[K’:
[2.766s] [01m[K/home/moses/marp/src/serialib/lib/serialib.cpp:576:21:[m[K [01;35m[Kwarning: [m[Kcomparison is always false due to limited range of data type [[01;35m[K]8;;https://gcc.gnu.org/onlinedocs/gcc/Warning-Options.html#index-Wtype-limits-Wtype-limits]8;;[m[K]
[2.766s]   576 |         if ([01;35m[KcharRead<0[m[K) return charRead;
[2.767s]       |             [01;35m[K~~~~~~~~^~[m[K
[2.767s] [01m[K/home/moses/marp/src/serialib/lib/serialib.cpp:[m[K In member function ‘[01m[Kint serialib::readString(char*, char, unsigned int, unsigned int)[m[K’:
[2.767s] [01m[K/home/moses/marp/src/serialib/lib/serialib.cpp:639:25:[m[K [01;35m[Kwarning: [m[Kcomparison is always false due to limited range of data type [[01;35m[K]8;;https://gcc.gnu.org/onlinedocs/gcc/Warning-Options.html#index-Wtype-limits-Wtype-limits]8;;[m[K]
[2.768s]   639 |             if ([01;35m[KcharRead<0[m[K) return charRead;
[2.768s]       |                 [01;35m[K~~~~~~~~^~[m[K
[32.697s] [100%] [32m[1mLinking CXX executable dtc[0m
[34.435s] [100%] Built target dtc
[34.472s] Invoked command in '/home/moses/marp/build/dtc' returned '0': CMAKE_PREFIX_PATH=${CMAKE_PREFIX_PATH}:/opt/ros/humble /usr/bin/cmake --build /home/moses/marp/build/dtc -- -j4 -l4
[34.652s] Invoking command in '/home/moses/marp/build/dtc': CMAKE_PREFIX_PATH=${CMAKE_PREFIX_PATH}:/opt/ros/humble /usr/bin/cmake --install /home/moses/marp/build/dtc
[34.678s] -- Install configuration: ""
[34.679s] -- Installing: /home/moses/marp/install/dtc/lib/dtc/dtc
[34.708s] -- Set runtime path of "/home/moses/marp/install/dtc/lib/dtc/dtc" to ""
[34.708s] -- Up-to-date: /home/moses/marp/install/dtc/share/ament_index/resource_index/package_run_dependencies/dtc
[34.709s] -- Up-to-date: /home/moses/marp/install/dtc/share/ament_index/resource_index/parent_prefix_path/dtc
[34.709s] -- Up-to-date: /home/moses/marp/install/dtc/share/dtc/environment/ament_prefix_path.sh
[34.710s] -- Up-to-date: /home/moses/marp/install/dtc/share/dtc/environment/ament_prefix_path.dsv
[34.710s] -- Up-to-date: /home/moses/marp/install/dtc/share/dtc/environment/path.sh
[34.711s] -- Up-to-date: /home/moses/marp/install/dtc/share/dtc/environment/path.dsv
[34.712s] -- Up-to-date: /home/moses/marp/install/dtc/share/dtc/local_setup.bash
[34.712s] -- Up-to-date: /home/moses/marp/install/dtc/share/dtc/local_setup.sh
[34.712s] -- Up-to-date: /home/moses/marp/install/dtc/share/dtc/local_setup.zsh
[34.713s] -- Up-to-date: /home/moses/marp/install/dtc/share/dtc/local_setup.dsv
[34.713s] -- Installing: /home/moses/marp/install/dtc/share/dtc/package.dsv
[34.714s] -- Up-to-date: /home/moses/marp/install/dtc/share/ament_index/resource_index/packages/dtc
[34.714s] -- Up-to-date: /home/moses/marp/install/dtc/share/dtc/cmake/dtcConfig.cmake
[34.715s] -- Up-to-date: /home/moses/marp/install/dtc/share/dtc/cmake/dtcConfig-version.cmake
[34.715s] -- Up-to-date: /home/moses/marp/install/dtc/share/dtc/package.xml
[34.720s] Invoked command in '/home/moses/marp/build/dtc' returned '0': CMAKE_PREFIX_PATH=${CMAKE_PREFIX_PATH}:/opt/ros/humble /usr/bin/cmake --install /home/moses/marp/build/dtc
