[0.066s] Invoking command in '/home/moses/marp/build/dtc': CMAKE_PREFIX_PATH=${CMAKE_PREFIX_PATH}:/opt/ros/humble /usr/bin/cmake --build /home/moses/marp/build/dtc -- -j4 -l4
[0.310s] [ 50%] [32mBuilding CXX object CMakeFiles/dtc.dir/src/dtc.cpp.o[0m
[3.436s] In file included from [01m[K/home/moses/marp/src/dtc/src/dtc.cpp:7[m[K:
[3.438s] [01m[K/home/moses/marp/src/serialib/lib/serialib.cpp:[m[K In member function ‘[01m[Kint serialib::readStringNoTimeOut(char*, char, unsigned int)[m[K’:
[3.439s] [01m[K/home/moses/marp/src/serialib/lib/serialib.cpp:576:21:[m[K [01;35m[Kwarning: [m[Kcomparison is always false due to limited range of data type [[01;35m[K]8;;https://gcc.gnu.org/onlinedocs/gcc/Warning-Options.html#index-Wtype-limits-Wtype-limits]8;;[m[K]
[3.439s]   576 |         if ([01;35m[KcharRead<0[m[K) return charRead;
[3.440s]       |             [01;35m[K~~~~~~~~^~[m[K
[3.440s] [01m[K/home/moses/marp/src/serialib/lib/serialib.cpp:[m[K In member function ‘[01m[Kint serialib::readString(char*, char, unsigned int, unsigned int)[m[K’:
[3.440s] [01m[K/home/moses/marp/src/serialib/lib/serialib.cpp:639:25:[m[K [01;35m[Kwarning: [m[Kcomparison is always false due to limited range of data type [[01;35m[K]8;;https://gcc.gnu.org/onlinedocs/gcc/Warning-Options.html#index-Wtype-limits-Wtype-limits]8;;[m[K]
[3.441s]   639 |             if ([01;35m[KcharRead<0[m[K) return charRead;
[3.441s]       |                 [01;35m[K~~~~~~~~^~[m[K
[18.705s] [100%] [32m[1mLinking CXX executable dtc[0m
[19.665s] [100%] Built target dtc
[19.708s] Invoked command in '/home/moses/marp/build/dtc' returned '0': CMAKE_PREFIX_PATH=${CMAKE_PREFIX_PATH}:/opt/ros/humble /usr/bin/cmake --build /home/moses/marp/build/dtc -- -j4 -l4
[19.872s] Invoking command in '/home/moses/marp/build/dtc': CMAKE_PREFIX_PATH=${CMAKE_PREFIX_PATH}:/opt/ros/humble /usr/bin/cmake --install /home/moses/marp/build/dtc
[19.911s] -- Install configuration: ""
[19.911s] -- Installing: /home/moses/marp/install/dtc/lib/dtc/dtc
[19.916s] -- Set runtime path of "/home/moses/marp/install/dtc/lib/dtc/dtc" to ""
[19.919s] -- Up-to-date: /home/moses/marp/install/dtc/share/ament_index/resource_index/package_run_dependencies/dtc
[19.920s] -- Up-to-date: /home/moses/marp/install/dtc/share/ament_index/resource_index/parent_prefix_path/dtc
[19.921s] -- Up-to-date: /home/moses/marp/install/dtc/share/dtc/environment/ament_prefix_path.sh
[19.924s] -- Up-to-date: /home/moses/marp/install/dtc/share/dtc/environment/ament_prefix_path.dsv
[19.927s] -- Up-to-date: /home/moses/marp/install/dtc/share/dtc/environment/path.sh
[19.944s] -- Up-to-date: /home/moses/marp/install/dtc/share/dtc/environment/path.dsv
[19.945s] -- Up-to-date: /home/moses/marp/install/dtc/share/dtc/local_setup.bash
[19.946s] -- Up-to-date: /home/moses/marp/install/dtc/share/dtc/local_setup.sh
[19.946s] -- Up-to-date: /home/moses/marp/install/dtc/share/dtc/local_setup.zsh
[19.947s] -- Up-to-date: /home/moses/marp/install/dtc/share/dtc/local_setup.dsv
[19.948s] -- Installing: /home/moses/marp/install/dtc/share/dtc/package.dsv
[19.949s] -- Up-to-date: /home/moses/marp/install/dtc/share/ament_index/resource_index/packages/dtc
[19.950s] -- Up-to-date: /home/moses/marp/install/dtc/share/dtc/cmake/dtcConfig.cmake
[19.950s] -- Up-to-date: /home/moses/marp/install/dtc/share/dtc/cmake/dtcConfig-version.cmake
[19.951s] -- Up-to-date: /home/moses/marp/install/dtc/share/dtc/package.xml
[19.953s] Invoked command in '/home/moses/marp/build/dtc' returned '0': CMAKE_PREFIX_PATH=${CMAKE_PREFIX_PATH}:/opt/ros/humble /usr/bin/cmake --install /home/moses/marp/build/dtc
