[0.056s] Invoking command in '/home/moses/marp/build/dtc': CMAKE_PREFIX_PATH=${CMAKE_PREFIX_PATH}:/opt/ros/humble /usr/bin/cmake --build /home/moses/marp/build/dtc -- -j4 -l4
[0.153s] -- Found ament_cmake: 1.3.9 (/opt/ros/humble/share/ament_cmake/cmake)
[0.716s] -- Found rclcpp: 16.0.9 (/opt/ros/humble/share/rclcpp/cmake)
[0.850s] -- Found rosidl_generator_c: 3.1.5 (/opt/ros/humble/share/rosidl_generator_c/cmake)
[0.861s] -- Found rosidl_adapter: 3.1.5 (/opt/ros/humble/share/rosidl_adapter/cmake)
[0.885s] -- Found rosidl_generator_cpp: 3.1.5 (/opt/ros/humble/share/rosidl_generator_cpp/cmake)
[0.930s] -- Using all available rosidl_typesupport_c: rosidl_typesupport_fastrtps_c;rosidl_typesupport_introspection_c
[0.992s] -- Using all available rosidl_typesupport_cpp: rosidl_typesupport_fastrtps_cpp;rosidl_typesupport_introspection_cpp
[1.215s] -- Found rmw_implementation_cmake: 6.1.2 (/opt/ros/humble/share/rmw_implementation_cmake/cmake)
[1.220s] -- Found rmw_fastrtps_cpp: 6.2.6 (/opt/ros/humble/share/rmw_fastrtps_cpp/cmake)
[1.774s] -- Using RMW implementation 'rmw_fastrtps_cpp' as default
[2.373s] -- Found ament_lint_auto: 0.12.11 (/opt/ros/humble/share/ament_lint_auto/cmake)
[2.680s] -- Added test 'cppcheck' to perform static code analysis on C / C++ code
[2.680s] -- Configured cppcheck include dirs: /home/moses/marp/src/dtc/include;$<BUILD_INTERFACE:/home/moses/marp/src/dtc/include>
[2.681s] -- Configured cppcheck exclude dirs and/or files: 
[2.684s] -- Added test 'lint_cmake' to check CMake code style
[2.689s] -- Added test 'uncrustify' to check C / C++ code style
[2.690s] -- Configured uncrustify additional arguments: 
[2.691s] -- Added test 'xmllint' to check XML markup files
[2.695s] -- Configuring done
[2.748s] -- Generating done
[2.756s] -- Build files have been written to: /home/moses/marp/build/dtc
[2.855s] [35m[1mConsolidate compiler generated dependencies of target dtc[0m
[2.947s] [100%] Built target dtc
[2.985s] Invoked command in '/home/moses/marp/build/dtc' returned '0': CMAKE_PREFIX_PATH=${CMAKE_PREFIX_PATH}:/opt/ros/humble /usr/bin/cmake --build /home/moses/marp/build/dtc -- -j4 -l4
[3.165s] Invoking command in '/home/moses/marp/build/dtc': CMAKE_PREFIX_PATH=${CMAKE_PREFIX_PATH}:/opt/ros/humble /usr/bin/cmake --install /home/moses/marp/build/dtc
[3.200s] -- Install configuration: ""
[3.202s] -- Up-to-date: /home/moses/marp/install/dtc/lib/dtc/dtc
[3.203s] -- Up-to-date: /home/moses/marp/install/dtc/share/ament_index/resource_index/package_run_dependencies/dtc
[3.204s] -- Up-to-date: /home/moses/marp/install/dtc/share/ament_index/resource_index/parent_prefix_path/dtc
[3.205s] -- Up-to-date: /home/moses/marp/install/dtc/share/dtc/environment/ament_prefix_path.sh
[3.206s] -- Installing: /home/moses/marp/install/dtc/share/dtc/environment/ament_prefix_path.dsv
[3.214s] -- Up-to-date: /home/moses/marp/install/dtc/share/dtc/environment/path.sh
[3.216s] -- Installing: /home/moses/marp/install/dtc/share/dtc/environment/path.dsv
[3.219s] -- Up-to-date: /home/moses/marp/install/dtc/share/dtc/local_setup.bash
[3.220s] -- Up-to-date: /home/moses/marp/install/dtc/share/dtc/local_setup.sh
[3.220s] -- Up-to-date: /home/moses/marp/install/dtc/share/dtc/local_setup.zsh
[3.226s] -- Installing: /home/moses/marp/install/dtc/share/dtc/local_setup.dsv
[3.226s] -- Installing: /home/moses/marp/install/dtc/share/dtc/package.dsv
[3.227s] -- Up-to-date: /home/moses/marp/install/dtc/share/ament_index/resource_index/packages/dtc
[3.227s] -- Up-to-date: /home/moses/marp/install/dtc/share/dtc/cmake/dtcConfig.cmake
[3.228s] -- Up-to-date: /home/moses/marp/install/dtc/share/dtc/cmake/dtcConfig-version.cmake
[3.229s] -- Up-to-date: /home/moses/marp/install/dtc/share/dtc/package.xml
[3.229s] Invoked command in '/home/moses/marp/build/dtc' returned '0': CMAKE_PREFIX_PATH=${CMAKE_PREFIX_PATH}:/opt/ros/humble /usr/bin/cmake --install /home/moses/marp/build/dtc
