[0.047s] Invoking command in '/home/moses/marp/build/dtc': CMAKE_PREFIX_PATH=${CMAKE_PREFIX_PATH}:/opt/ros/humble /usr/bin/cmake --build /home/moses/marp/build/dtc -- -j4 -l4
[0.153s] -- Found ament_cmake: 1.3.9 (/opt/ros/humble/share/ament_cmake/cmake)
[0.718s] -- Found rclcpp: 16.0.9 (/opt/ros/humble/share/rclcpp/cmake)
[0.854s] -- Found rosidl_generator_c: 3.1.5 (/opt/ros/humble/share/rosidl_generator_c/cmake)
[0.865s] -- Found rosidl_adapter: 3.1.5 (/opt/ros/humble/share/rosidl_adapter/cmake)
[0.888s] -- Found rosidl_generator_cpp: 3.1.5 (/opt/ros/humble/share/rosidl_generator_cpp/cmake)
[0.934s] -- Using all available rosidl_typesupport_c: rosidl_typesupport_fastrtps_c;rosidl_typesupport_introspection_c
[0.996s] -- Using all available rosidl_typesupport_cpp: rosidl_typesupport_fastrtps_cpp;rosidl_typesupport_introspection_cpp
[1.220s] -- Found rmw_implementation_cmake: 6.1.2 (/opt/ros/humble/share/rmw_implementation_cmake/cmake)
[1.226s] -- Found rmw_fastrtps_cpp: 6.2.6 (/opt/ros/humble/share/rmw_fastrtps_cpp/cmake)
[1.783s] -- Using RMW implementation 'rmw_fastrtps_cpp' as default
[2.375s] [31mCMake Error at CMakeLists.txt:16 (add_library):
[2.375s]   The target name "/home/moses/marp/src/serialib/lib/serialib.h" is reserved
[2.376s]   or not valid for certain CMake features, such as generator expressions, and
[2.376s]   may result in undefined behavior.
[2.376s] 
[2.377s] [0m
[2.379s] -- Found ament_lint_auto: 0.12.11 (/opt/ros/humble/share/ament_lint_auto/cmake)
[2.688s] -- Added test 'cppcheck' to perform static code analysis on C / C++ code
[2.688s] -- Configured cppcheck include dirs: $<BUILD_INTERFACE:/home/moses/marp/src/dtc/include>
[2.688s] -- Configured cppcheck exclude dirs and/or files: 
[2.691s] -- Added test 'lint_cmake' to check CMake code style
[2.697s] -- Added test 'uncrustify' to check C / C++ code style
[2.698s] -- Configured uncrustify additional arguments: 
[2.699s] -- Added test 'xmllint' to check XML markup files
[2.703s] -- Configuring incomplete, errors occurred!
[2.704s] See also "/home/moses/marp/build/dtc/CMakeFiles/CMakeOutput.log".
[2.729s] gmake: *** [Makefile:267: cmake_check_build_system] Error 1
[2.735s] Invoked command in '/home/moses/marp/build/dtc' returned '2': CMAKE_PREFIX_PATH=${CMAKE_PREFIX_PATH}:/opt/ros/humble /usr/bin/cmake --build /home/moses/marp/build/dtc -- -j4 -l4
