[0.455s] DEBUG:colcon:Command line arguments: ['/usr/bin/colcon', 'build', '--packages-select', 'dtc']
[0.455s] DEBUG:colcon:Parsed command line arguments: Namespace(log_base=None, log_level=None, verb_name='build', build_base='build', install_base='install', merge_install=False, symlink_install=False, test_result_base=None, continue_on_error=False, executor='parallel', parallel_workers=4, event_handlers=None, ignore_user_meta=False, metas=['./colcon.meta'], base_paths=['.'], packages_ignore=None, packages_ignore_regex=None, paths=None, packages_up_to=None, packages_up_to_regex=None, packages_above=None, packages_above_and_dependencies=None, packages_above_depth=None, packages_select_by_dep=None, packages_skip_by_dep=None, packages_skip_up_to=None, packages_select_build_failed=False, packages_skip_build_finished=False, packages_select_test_failures=False, packages_skip_test_passed=False, packages_select=['dtc'], packages_skip=None, packages_select_regex=None, packages_skip_regex=None, packages_start=None, packages_end=None, allow_overriding=[], cmake_args=None, cmake_target=None, cmake_target_skip_unavailable=False, cmake_clean_cache=False, cmake_clean_first=False, cmake_force_configure=False, ament_cmake_args=None, catkin_cmake_args=None, catkin_skip_building_tests=False, mixin_files=None, mixin=None, verb_parser=<colcon_mixin.mixin.mixin_argument.MixinArgumentDecorator object at 0xffff918a44c0>, verb_extension=<colcon_core.verb.build.BuildVerb object at 0xffff919f0b50>, main=<bound method BuildVerb.main of <colcon_core.verb.build.BuildVerb object at 0xffff919f0b50>>, mixin_verb=('build',))
[1.177s] Level 1:colcon.colcon_core.package_discovery:discover_packages(colcon_meta) check parameters
[1.178s] Level 1:colcon.colcon_core.package_discovery:discover_packages(recursive) check parameters
[1.179s] Level 1:colcon.colcon_core.package_discovery:discover_packages(ignore) check parameters
[1.179s] Level 1:colcon.colcon_core.package_discovery:discover_packages(path) check parameters
[1.179s] Level 1:colcon.colcon_core.package_discovery:discover_packages(colcon_meta) discover
[1.179s] Level 1:colcon.colcon_core.package_discovery:discover_packages(recursive) discover
[1.179s] INFO:colcon.colcon_core.package_discovery:Crawling recursively for packages in '/home/moses/marp'
[1.180s] Level 1:colcon.colcon_core.package_identification:_identify(.) by extensions ['ignore', 'ignore_ament_install']
[1.180s] Level 1:colcon.colcon_core.package_identification:_identify(.) by extension 'ignore'
[1.181s] Level 1:colcon.colcon_core.package_identification:_identify(.) by extension 'ignore_ament_install'
[1.181s] Level 1:colcon.colcon_core.package_identification:_identify(.) by extensions ['colcon_pkg']
[1.181s] Level 1:colcon.colcon_core.package_identification:_identify(.) by extension 'colcon_pkg'
[1.181s] Level 1:colcon.colcon_core.package_identification:_identify(.) by extensions ['colcon_meta']
[1.181s] Level 1:colcon.colcon_core.package_identification:_identify(.) by extension 'colcon_meta'
[1.182s] Level 1:colcon.colcon_core.package_identification:_identify(.) by extensions ['ros']
[1.182s] Level 1:colcon.colcon_core.package_identification:_identify(.) by extension 'ros'
[1.232s] Level 1:colcon.colcon_core.package_identification:_identify(.) by extensions ['cmake', 'python']
[1.233s] Level 1:colcon.colcon_core.package_identification:_identify(.) by extension 'cmake'
[1.233s] Level 1:colcon.colcon_core.package_identification:_identify(.) by extension 'python'
[1.233s] Level 1:colcon.colcon_core.package_identification:_identify(.) by extensions ['python_setup_py']
[1.233s] Level 1:colcon.colcon_core.package_identification:_identify(.) by extension 'python_setup_py'
[1.234s] Level 1:colcon.colcon_core.package_identification:_identify(build) by extensions ['ignore', 'ignore_ament_install']
[1.234s] Level 1:colcon.colcon_core.package_identification:_identify(build) by extension 'ignore'
[1.235s] Level 1:colcon.colcon_core.package_identification:_identify(build) ignored
[1.235s] Level 1:colcon.colcon_core.package_identification:_identify(install) by extensions ['ignore', 'ignore_ament_install']
[1.236s] Level 1:colcon.colcon_core.package_identification:_identify(install) by extension 'ignore'
[1.236s] Level 1:colcon.colcon_core.package_identification:_identify(install) ignored
[1.237s] Level 1:colcon.colcon_core.package_identification:_identify(log) by extensions ['ignore', 'ignore_ament_install']
[1.237s] Level 1:colcon.colcon_core.package_identification:_identify(log) by extension 'ignore'
[1.238s] Level 1:colcon.colcon_core.package_identification:_identify(log) ignored
[1.238s] Level 1:colcon.colcon_core.package_identification:_identify(src) by extensions ['ignore', 'ignore_ament_install']
[1.238s] Level 1:colcon.colcon_core.package_identification:_identify(src) by extension 'ignore'
[1.239s] Level 1:colcon.colcon_core.package_identification:_identify(src) by extension 'ignore_ament_install'
[1.239s] Level 1:colcon.colcon_core.package_identification:_identify(src) by extensions ['colcon_pkg']
[1.239s] Level 1:colcon.colcon_core.package_identification:_identify(src) by extension 'colcon_pkg'
[1.239s] Level 1:colcon.colcon_core.package_identification:_identify(src) by extensions ['colcon_meta']
[1.240s] Level 1:colcon.colcon_core.package_identification:_identify(src) by extension 'colcon_meta'
[1.240s] Level 1:colcon.colcon_core.package_identification:_identify(src) by extensions ['ros']
[1.240s] Level 1:colcon.colcon_core.package_identification:_identify(src) by extension 'ros'
[1.240s] Level 1:colcon.colcon_core.package_identification:_identify(src) by extensions ['cmake', 'python']
[1.240s] Level 1:colcon.colcon_core.package_identification:_identify(src) by extension 'cmake'
[1.241s] Level 1:colcon.colcon_core.package_identification:_identify(src) by extension 'python'
[1.241s] Level 1:colcon.colcon_core.package_identification:_identify(src) by extensions ['python_setup_py']
[1.241s] Level 1:colcon.colcon_core.package_identification:_identify(src) by extension 'python_setup_py'
[1.241s] Level 1:colcon.colcon_core.package_identification:_identify(src/dtc) by extensions ['ignore', 'ignore_ament_install']
[1.242s] Level 1:colcon.colcon_core.package_identification:_identify(src/dtc) by extension 'ignore'
[1.242s] Level 1:colcon.colcon_core.package_identification:_identify(src/dtc) by extension 'ignore_ament_install'
[1.242s] Level 1:colcon.colcon_core.package_identification:_identify(src/dtc) by extensions ['colcon_pkg']
[1.242s] Level 1:colcon.colcon_core.package_identification:_identify(src/dtc) by extension 'colcon_pkg'
[1.243s] Level 1:colcon.colcon_core.package_identification:_identify(src/dtc) by extensions ['colcon_meta']
[1.243s] Level 1:colcon.colcon_core.package_identification:_identify(src/dtc) by extension 'colcon_meta'
[1.243s] Level 1:colcon.colcon_core.package_identification:_identify(src/dtc) by extensions ['ros']
[1.243s] Level 1:colcon.colcon_core.package_identification:_identify(src/dtc) by extension 'ros'
[1.252s] DEBUG:colcon.colcon_core.package_identification:Package 'src/dtc' with type 'ros.ament_cmake' and name 'dtc'
[1.252s] Level 1:colcon.colcon_core.package_identification:_identify(src/ros_tutorials) by extensions ['ignore', 'ignore_ament_install']
[1.253s] Level 1:colcon.colcon_core.package_identification:_identify(src/ros_tutorials) by extension 'ignore'
[1.253s] Level 1:colcon.colcon_core.package_identification:_identify(src/ros_tutorials) by extension 'ignore_ament_install'
[1.254s] Level 1:colcon.colcon_core.package_identification:_identify(src/ros_tutorials) by extensions ['colcon_pkg']
[1.254s] Level 1:colcon.colcon_core.package_identification:_identify(src/ros_tutorials) by extension 'colcon_pkg'
[1.254s] Level 1:colcon.colcon_core.package_identification:_identify(src/ros_tutorials) by extensions ['colcon_meta']
[1.255s] Level 1:colcon.colcon_core.package_identification:_identify(src/ros_tutorials) by extension 'colcon_meta'
[1.255s] Level 1:colcon.colcon_core.package_identification:_identify(src/ros_tutorials) by extensions ['ros']
[1.255s] Level 1:colcon.colcon_core.package_identification:_identify(src/ros_tutorials) by extension 'ros'
[1.256s] Level 1:colcon.colcon_core.package_identification:_identify(src/ros_tutorials) by extensions ['cmake', 'python']
[1.256s] Level 1:colcon.colcon_core.package_identification:_identify(src/ros_tutorials) by extension 'cmake'
[1.256s] Level 1:colcon.colcon_core.package_identification:_identify(src/ros_tutorials) by extension 'python'
[1.256s] Level 1:colcon.colcon_core.package_identification:_identify(src/ros_tutorials) by extensions ['python_setup_py']
[1.256s] Level 1:colcon.colcon_core.package_identification:_identify(src/ros_tutorials) by extension 'python_setup_py'
[1.257s] Level 1:colcon.colcon_core.package_identification:_identify(src/ros_tutorials/ros_tutorials) by extensions ['ignore', 'ignore_ament_install']
[1.257s] Level 1:colcon.colcon_core.package_identification:_identify(src/ros_tutorials/ros_tutorials) by extension 'ignore'
[1.258s] Level 1:colcon.colcon_core.package_identification:_identify(src/ros_tutorials/ros_tutorials) ignored
[1.258s] Level 1:colcon.colcon_core.package_identification:_identify(src/ros_tutorials/roscpp_tutorials) by extensions ['ignore', 'ignore_ament_install']
[1.259s] Level 1:colcon.colcon_core.package_identification:_identify(src/ros_tutorials/roscpp_tutorials) by extension 'ignore'
[1.259s] Level 1:colcon.colcon_core.package_identification:_identify(src/ros_tutorials/roscpp_tutorials) ignored
[1.260s] Level 1:colcon.colcon_core.package_identification:_identify(src/ros_tutorials/rospy_tutorials) by extensions ['ignore', 'ignore_ament_install']
[1.260s] Level 1:colcon.colcon_core.package_identification:_identify(src/ros_tutorials/rospy_tutorials) by extension 'ignore'
[1.260s] Level 1:colcon.colcon_core.package_identification:_identify(src/ros_tutorials/rospy_tutorials) ignored
[1.261s] Level 1:colcon.colcon_core.package_identification:_identify(src/ros_tutorials/turtlesim) by extensions ['ignore', 'ignore_ament_install']
[1.261s] Level 1:colcon.colcon_core.package_identification:_identify(src/ros_tutorials/turtlesim) by extension 'ignore'
[1.262s] Level 1:colcon.colcon_core.package_identification:_identify(src/ros_tutorials/turtlesim) by extension 'ignore_ament_install'
[1.262s] Level 1:colcon.colcon_core.package_identification:_identify(src/ros_tutorials/turtlesim) by extensions ['colcon_pkg']
[1.262s] Level 1:colcon.colcon_core.package_identification:_identify(src/ros_tutorials/turtlesim) by extension 'colcon_pkg'
[1.262s] Level 1:colcon.colcon_core.package_identification:_identify(src/ros_tutorials/turtlesim) by extensions ['colcon_meta']
[1.262s] Level 1:colcon.colcon_core.package_identification:_identify(src/ros_tutorials/turtlesim) by extension 'colcon_meta'
[1.263s] Level 1:colcon.colcon_core.package_identification:_identify(src/ros_tutorials/turtlesim) by extensions ['ros']
[1.263s] Level 1:colcon.colcon_core.package_identification:_identify(src/ros_tutorials/turtlesim) by extension 'ros'
[1.268s] DEBUG:colcon.colcon_core.package_identification:Package 'src/ros_tutorials/turtlesim' with type 'ros.ament_cmake' and name 'turtlesim'
[1.268s] Level 1:colcon.colcon_core.package_identification:_identify(src/serialib) by extensions ['ignore', 'ignore_ament_install']
[1.269s] Level 1:colcon.colcon_core.package_identification:_identify(src/serialib) by extension 'ignore'
[1.269s] Level 1:colcon.colcon_core.package_identification:_identify(src/serialib) by extension 'ignore_ament_install'
[1.270s] Level 1:colcon.colcon_core.package_identification:_identify(src/serialib) by extensions ['colcon_pkg']
[1.270s] Level 1:colcon.colcon_core.package_identification:_identify(src/serialib) by extension 'colcon_pkg'
[1.270s] Level 1:colcon.colcon_core.package_identification:_identify(src/serialib) by extensions ['colcon_meta']
[1.270s] Level 1:colcon.colcon_core.package_identification:_identify(src/serialib) by extension 'colcon_meta'
[1.270s] Level 1:colcon.colcon_core.package_identification:_identify(src/serialib) by extensions ['ros']
[1.270s] Level 1:colcon.colcon_core.package_identification:_identify(src/serialib) by extension 'ros'
[1.271s] Level 1:colcon.colcon_core.package_identification:_identify(src/serialib) by extensions ['cmake', 'python']
[1.271s] Level 1:colcon.colcon_core.package_identification:_identify(src/serialib) by extension 'cmake'
[1.271s] Level 1:colcon.colcon_core.package_identification:_identify(src/serialib) by extension 'python'
[1.271s] Level 1:colcon.colcon_core.package_identification:_identify(src/serialib) by extensions ['python_setup_py']
[1.271s] Level 1:colcon.colcon_core.package_identification:_identify(src/serialib) by extension 'python_setup_py'
[1.272s] Level 1:colcon.colcon_core.package_identification:_identify(src/serialib/example1) by extensions ['ignore', 'ignore_ament_install']
[1.272s] Level 1:colcon.colcon_core.package_identification:_identify(src/serialib/example1) by extension 'ignore'
[1.273s] Level 1:colcon.colcon_core.package_identification:_identify(src/serialib/example1) by extension 'ignore_ament_install'
[1.273s] Level 1:colcon.colcon_core.package_identification:_identify(src/serialib/example1) by extensions ['colcon_pkg']
[1.273s] Level 1:colcon.colcon_core.package_identification:_identify(src/serialib/example1) by extension 'colcon_pkg'
[1.273s] Level 1:colcon.colcon_core.package_identification:_identify(src/serialib/example1) by extensions ['colcon_meta']
[1.273s] Level 1:colcon.colcon_core.package_identification:_identify(src/serialib/example1) by extension 'colcon_meta'
[1.274s] Level 1:colcon.colcon_core.package_identification:_identify(src/serialib/example1) by extensions ['ros']
[1.274s] Level 1:colcon.colcon_core.package_identification:_identify(src/serialib/example1) by extension 'ros'
[1.274s] Level 1:colcon.colcon_core.package_identification:_identify(src/serialib/example1) by extensions ['cmake', 'python']
[1.274s] Level 1:colcon.colcon_core.package_identification:_identify(src/serialib/example1) by extension 'cmake'
[1.275s] Level 1:colcon.colcon_core.package_identification:_identify(src/serialib/example1) by extension 'python'
[1.275s] Level 1:colcon.colcon_core.package_identification:_identify(src/serialib/example1) by extensions ['python_setup_py']
[1.275s] Level 1:colcon.colcon_core.package_identification:_identify(src/serialib/example1) by extension 'python_setup_py'
[1.275s] Level 1:colcon.colcon_core.package_identification:_identify(src/serialib/example2) by extensions ['ignore', 'ignore_ament_install']
[1.276s] Level 1:colcon.colcon_core.package_identification:_identify(src/serialib/example2) by extension 'ignore'
[1.276s] Level 1:colcon.colcon_core.package_identification:_identify(src/serialib/example2) by extension 'ignore_ament_install'
[1.276s] Level 1:colcon.colcon_core.package_identification:_identify(src/serialib/example2) by extensions ['colcon_pkg']
[1.276s] Level 1:colcon.colcon_core.package_identification:_identify(src/serialib/example2) by extension 'colcon_pkg'
[1.277s] Level 1:colcon.colcon_core.package_identification:_identify(src/serialib/example2) by extensions ['colcon_meta']
[1.277s] Level 1:colcon.colcon_core.package_identification:_identify(src/serialib/example2) by extension 'colcon_meta'
[1.277s] Level 1:colcon.colcon_core.package_identification:_identify(src/serialib/example2) by extensions ['ros']
[1.277s] Level 1:colcon.colcon_core.package_identification:_identify(src/serialib/example2) by extension 'ros'
[1.278s] Level 1:colcon.colcon_core.package_identification:_identify(src/serialib/example2) by extensions ['cmake', 'python']
[1.278s] Level 1:colcon.colcon_core.package_identification:_identify(src/serialib/example2) by extension 'cmake'
[1.278s] Level 1:colcon.colcon_core.package_identification:_identify(src/serialib/example2) by extension 'python'
[1.278s] Level 1:colcon.colcon_core.package_identification:_identify(src/serialib/example2) by extensions ['python_setup_py']
[1.278s] Level 1:colcon.colcon_core.package_identification:_identify(src/serialib/example2) by extension 'python_setup_py'
[1.279s] Level 1:colcon.colcon_core.package_identification:_identify(src/serialib/example3) by extensions ['ignore', 'ignore_ament_install']
[1.279s] Level 1:colcon.colcon_core.package_identification:_identify(src/serialib/example3) by extension 'ignore'
[1.279s] Level 1:colcon.colcon_core.package_identification:_identify(src/serialib/example3) by extension 'ignore_ament_install'
[1.280s] Level 1:colcon.colcon_core.package_identification:_identify(src/serialib/example3) by extensions ['colcon_pkg']
[1.280s] Level 1:colcon.colcon_core.package_identification:_identify(src/serialib/example3) by extension 'colcon_pkg'
[1.280s] Level 1:colcon.colcon_core.package_identification:_identify(src/serialib/example3) by extensions ['colcon_meta']
[1.280s] Level 1:colcon.colcon_core.package_identification:_identify(src/serialib/example3) by extension 'colcon_meta'
[1.280s] Level 1:colcon.colcon_core.package_identification:_identify(src/serialib/example3) by extensions ['ros']
[1.281s] Level 1:colcon.colcon_core.package_identification:_identify(src/serialib/example3) by extension 'ros'
[1.281s] Level 1:colcon.colcon_core.package_identification:_identify(src/serialib/example3) by extensions ['cmake', 'python']
[1.281s] Level 1:colcon.colcon_core.package_identification:_identify(src/serialib/example3) by extension 'cmake'
[1.281s] Level 1:colcon.colcon_core.package_identification:_identify(src/serialib/example3) by extension 'python'
[1.281s] Level 1:colcon.colcon_core.package_identification:_identify(src/serialib/example3) by extensions ['python_setup_py']
[1.282s] Level 1:colcon.colcon_core.package_identification:_identify(src/serialib/example3) by extension 'python_setup_py'
[1.282s] Level 1:colcon.colcon_core.package_identification:_identify(src/serialib/example3/arduino-code) by extensions ['ignore', 'ignore_ament_install']
[1.282s] Level 1:colcon.colcon_core.package_identification:_identify(src/serialib/example3/arduino-code) by extension 'ignore'
[1.283s] Level 1:colcon.colcon_core.package_identification:_identify(src/serialib/example3/arduino-code) by extension 'ignore_ament_install'
[1.283s] Level 1:colcon.colcon_core.package_identification:_identify(src/serialib/example3/arduino-code) by extensions ['colcon_pkg']
[1.283s] Level 1:colcon.colcon_core.package_identification:_identify(src/serialib/example3/arduino-code) by extension 'colcon_pkg'
[1.283s] Level 1:colcon.colcon_core.package_identification:_identify(src/serialib/example3/arduino-code) by extensions ['colcon_meta']
[1.283s] Level 1:colcon.colcon_core.package_identification:_identify(src/serialib/example3/arduino-code) by extension 'colcon_meta'
[1.284s] Level 1:colcon.colcon_core.package_identification:_identify(src/serialib/example3/arduino-code) by extensions ['ros']
[1.284s] Level 1:colcon.colcon_core.package_identification:_identify(src/serialib/example3/arduino-code) by extension 'ros'
[1.284s] Level 1:colcon.colcon_core.package_identification:_identify(src/serialib/example3/arduino-code) by extensions ['cmake', 'python']
[1.284s] Level 1:colcon.colcon_core.package_identification:_identify(src/serialib/example3/arduino-code) by extension 'cmake'
[1.285s] Level 1:colcon.colcon_core.package_identification:_identify(src/serialib/example3/arduino-code) by extension 'python'
[1.285s] Level 1:colcon.colcon_core.package_identification:_identify(src/serialib/example3/arduino-code) by extensions ['python_setup_py']
[1.285s] Level 1:colcon.colcon_core.package_identification:_identify(src/serialib/example3/arduino-code) by extension 'python_setup_py'
[1.285s] Level 1:colcon.colcon_core.package_identification:_identify(src/serialib/example4) by extensions ['ignore', 'ignore_ament_install']
[1.286s] Level 1:colcon.colcon_core.package_identification:_identify(src/serialib/example4) by extension 'ignore'
[1.286s] Level 1:colcon.colcon_core.package_identification:_identify(src/serialib/example4) by extension 'ignore_ament_install'
[1.286s] Level 1:colcon.colcon_core.package_identification:_identify(src/serialib/example4) by extensions ['colcon_pkg']
[1.286s] Level 1:colcon.colcon_core.package_identification:_identify(src/serialib/example4) by extension 'colcon_pkg'
[1.287s] Level 1:colcon.colcon_core.package_identification:_identify(src/serialib/example4) by extensions ['colcon_meta']
[1.287s] Level 1:colcon.colcon_core.package_identification:_identify(src/serialib/example4) by extension 'colcon_meta'
[1.287s] Level 1:colcon.colcon_core.package_identification:_identify(src/serialib/example4) by extensions ['ros']
[1.287s] Level 1:colcon.colcon_core.package_identification:_identify(src/serialib/example4) by extension 'ros'
[1.288s] Level 1:colcon.colcon_core.package_identification:_identify(src/serialib/example4) by extensions ['cmake', 'python']
[1.288s] Level 1:colcon.colcon_core.package_identification:_identify(src/serialib/example4) by extension 'cmake'
[1.288s] Level 1:colcon.colcon_core.package_identification:_identify(src/serialib/example4) by extension 'python'
[1.288s] Level 1:colcon.colcon_core.package_identification:_identify(src/serialib/example4) by extensions ['python_setup_py']
[1.288s] Level 1:colcon.colcon_core.package_identification:_identify(src/serialib/example4) by extension 'python_setup_py'
[1.289s] Level 1:colcon.colcon_core.package_identification:_identify(src/serialib/example4/arduino-code) by extensions ['ignore', 'ignore_ament_install']
[1.289s] Level 1:colcon.colcon_core.package_identification:_identify(src/serialib/example4/arduino-code) by extension 'ignore'
[1.289s] Level 1:colcon.colcon_core.package_identification:_identify(src/serialib/example4/arduino-code) by extension 'ignore_ament_install'
[1.290s] Level 1:colcon.colcon_core.package_identification:_identify(src/serialib/example4/arduino-code) by extensions ['colcon_pkg']
[1.290s] Level 1:colcon.colcon_core.package_identification:_identify(src/serialib/example4/arduino-code) by extension 'colcon_pkg'
[1.290s] Level 1:colcon.colcon_core.package_identification:_identify(src/serialib/example4/arduino-code) by extensions ['colcon_meta']
[1.290s] Level 1:colcon.colcon_core.package_identification:_identify(src/serialib/example4/arduino-code) by extension 'colcon_meta'
[1.290s] Level 1:colcon.colcon_core.package_identification:_identify(src/serialib/example4/arduino-code) by extensions ['ros']
[1.291s] Level 1:colcon.colcon_core.package_identification:_identify(src/serialib/example4/arduino-code) by extension 'ros'
[1.291s] Level 1:colcon.colcon_core.package_identification:_identify(src/serialib/example4/arduino-code) by extensions ['cmake', 'python']
[1.291s] Level 1:colcon.colcon_core.package_identification:_identify(src/serialib/example4/arduino-code) by extension 'cmake'
[1.291s] Level 1:colcon.colcon_core.package_identification:_identify(src/serialib/example4/arduino-code) by extension 'python'
[1.291s] Level 1:colcon.colcon_core.package_identification:_identify(src/serialib/example4/arduino-code) by extensions ['python_setup_py']
[1.292s] Level 1:colcon.colcon_core.package_identification:_identify(src/serialib/example4/arduino-code) by extension 'python_setup_py'
[1.292s] Level 1:colcon.colcon_core.package_identification:_identify(src/serialib/lib) by extensions ['ignore', 'ignore_ament_install']
[1.292s] Level 1:colcon.colcon_core.package_identification:_identify(src/serialib/lib) by extension 'ignore'
[1.293s] Level 1:colcon.colcon_core.package_identification:_identify(src/serialib/lib) by extension 'ignore_ament_install'
[1.293s] Level 1:colcon.colcon_core.package_identification:_identify(src/serialib/lib) by extensions ['colcon_pkg']
[1.293s] Level 1:colcon.colcon_core.package_identification:_identify(src/serialib/lib) by extension 'colcon_pkg'
[1.293s] Level 1:colcon.colcon_core.package_identification:_identify(src/serialib/lib) by extensions ['colcon_meta']
[1.293s] Level 1:colcon.colcon_core.package_identification:_identify(src/serialib/lib) by extension 'colcon_meta'
[1.294s] Level 1:colcon.colcon_core.package_identification:_identify(src/serialib/lib) by extensions ['ros']
[1.294s] Level 1:colcon.colcon_core.package_identification:_identify(src/serialib/lib) by extension 'ros'
[1.294s] Level 1:colcon.colcon_core.package_identification:_identify(src/serialib/lib) by extensions ['cmake', 'python']
[1.294s] Level 1:colcon.colcon_core.package_identification:_identify(src/serialib/lib) by extension 'cmake'
[1.295s] Level 1:colcon.colcon_core.package_identification:_identify(src/serialib/lib) by extension 'python'
[1.295s] Level 1:colcon.colcon_core.package_identification:_identify(src/serialib/lib) by extensions ['python_setup_py']
[1.295s] Level 1:colcon.colcon_core.package_identification:_identify(src/serialib/lib) by extension 'python_setup_py'
[1.295s] Level 1:colcon.colcon_core.package_discovery:discover_packages(recursive) using defaults
[1.295s] Level 1:colcon.colcon_core.package_discovery:discover_packages(ignore) discover
[1.296s] Level 1:colcon.colcon_core.package_discovery:discover_packages(ignore) using defaults
[1.296s] Level 1:colcon.colcon_core.package_discovery:discover_packages(path) discover
[1.296s] Level 1:colcon.colcon_core.package_discovery:discover_packages(path) using defaults
[1.369s] INFO:colcon.colcon_core.package_selection:Skipping not selected package 'turtlesim' in 'src/ros_tutorials/turtlesim'
[1.371s] Level 1:colcon.colcon_core.package_discovery:discover_packages(prefix_path) check parameters
[1.371s] Level 1:colcon.colcon_core.package_discovery:discover_packages(prefix_path) discover
[1.380s] DEBUG:colcon.colcon_installed_package_information.package_discovery:Found 3 installed packages in /home/moses/marp/install
[1.386s] DEBUG:colcon.colcon_installed_package_information.package_discovery:Found 180 installed packages in /opt/ros/humble
[1.391s] Level 1:colcon.colcon_core.package_discovery:discover_packages(prefix_path) using defaults
[1.586s] Level 5:colcon.colcon_core.verb:set package 'dtc' build argument 'cmake_args' from command line to 'None'
[1.587s] Level 5:colcon.colcon_core.verb:set package 'dtc' build argument 'cmake_target' from command line to 'None'
[1.587s] Level 5:colcon.colcon_core.verb:set package 'dtc' build argument 'cmake_target_skip_unavailable' from command line to 'False'
[1.587s] Level 5:colcon.colcon_core.verb:set package 'dtc' build argument 'cmake_clean_cache' from command line to 'False'
[1.587s] Level 5:colcon.colcon_core.verb:set package 'dtc' build argument 'cmake_clean_first' from command line to 'False'
[1.587s] Level 5:colcon.colcon_core.verb:set package 'dtc' build argument 'cmake_force_configure' from command line to 'False'
[1.587s] Level 5:colcon.colcon_core.verb:set package 'dtc' build argument 'ament_cmake_args' from command line to 'None'
[1.587s] Level 5:colcon.colcon_core.verb:set package 'dtc' build argument 'catkin_cmake_args' from command line to 'None'
[1.587s] Level 5:colcon.colcon_core.verb:set package 'dtc' build argument 'catkin_skip_building_tests' from command line to 'False'
[1.588s] DEBUG:colcon.colcon_core.verb:Building package 'dtc' with the following arguments: {'ament_cmake_args': None, 'build_base': '/home/moses/marp/build/dtc', 'catkin_cmake_args': None, 'catkin_skip_building_tests': False, 'cmake_args': None, 'cmake_clean_cache': False, 'cmake_clean_first': False, 'cmake_force_configure': False, 'cmake_target': None, 'cmake_target_skip_unavailable': False, 'install_base': '/home/moses/marp/install/dtc', 'merge_install': False, 'path': '/home/moses/marp/src/dtc', 'symlink_install': False, 'test_result_base': None}
[1.588s] INFO:colcon.colcon_core.executor:Executing jobs using 'parallel' executor
[1.592s] DEBUG:colcon.colcon_parallel_executor.executor.parallel:run_until_complete
[1.593s] INFO:colcon.colcon_ros.task.ament_cmake.build:Building ROS package in '/home/moses/marp/src/dtc' with build type 'ament_cmake'
[1.595s] INFO:colcon.colcon_cmake.task.cmake.build:Building CMake package in '/home/moses/marp/src/dtc'
[1.604s] INFO:colcon.colcon_core.plugin_system:Skipping extension 'colcon_core.shell.bat': Not used on non-Windows systems
[1.605s] INFO:colcon.colcon_core.shell:Skip shell extension 'powershell' for command environment: Not usable outside of PowerShell
[1.606s] DEBUG:colcon.colcon_core.shell:Skip shell extension 'dsv' for command environment
[1.651s] DEBUG:colcon.colcon_core.event_handler.log_command:Invoking command in '/home/moses/marp/build/dtc': CMAKE_PREFIX_PATH=${CMAKE_PREFIX_PATH}:/opt/ros/humble /usr/bin/cmake --build /home/moses/marp/build/dtc -- -j4 -l4
[20.578s] DEBUG:colcon.colcon_core.event_handler.log_command:Invoked command in '/home/moses/marp/build/dtc' returned '2': CMAKE_PREFIX_PATH=${CMAKE_PREFIX_PATH}:/opt/ros/humble /usr/bin/cmake --build /home/moses/marp/build/dtc -- -j4 -l4
[20.701s] Level 1:colcon.colcon_core.environment:create_environment_scripts_only(dtc)
[20.714s] Level 1:colcon.colcon_core.environment:checking '/home/moses/marp/install/dtc' for CMake module files
[20.718s] Level 1:colcon.colcon_core.environment:checking '/home/moses/marp/install/dtc' for CMake config files
[20.721s] Level 1:colcon.colcon_core.shell:create_environment_hook('dtc', 'cmake_prefix_path')
[20.722s] INFO:colcon.colcon_core.shell:Creating environment hook '/home/moses/marp/install/dtc/share/dtc/hook/cmake_prefix_path.ps1'
[20.725s] INFO:colcon.colcon_core.shell:Creating environment descriptor '/home/moses/marp/install/dtc/share/dtc/hook/cmake_prefix_path.dsv'
[20.728s] INFO:colcon.colcon_core.shell:Creating environment hook '/home/moses/marp/install/dtc/share/dtc/hook/cmake_prefix_path.sh'
[20.733s] Level 1:colcon.colcon_core.environment:checking '/home/moses/marp/install/dtc/lib'
[20.734s] Level 1:colcon.colcon_core.environment:checking '/home/moses/marp/install/dtc/bin'
[20.735s] Level 1:colcon.colcon_core.environment:checking '/home/moses/marp/install/dtc/lib/pkgconfig/dtc.pc'
[20.736s] Level 1:colcon.colcon_core.environment:checking '/home/moses/marp/install/dtc/lib/python3.10/site-packages'
[20.738s] Level 1:colcon.colcon_core.environment:checking '/home/moses/marp/install/dtc/bin'
[20.739s] INFO:colcon.colcon_core.shell:Creating package script '/home/moses/marp/install/dtc/share/dtc/package.ps1'
[20.744s] INFO:colcon.colcon_core.shell:Creating package descriptor '/home/moses/marp/install/dtc/share/dtc/package.dsv'
[20.747s] INFO:colcon.colcon_core.shell:Creating package script '/home/moses/marp/install/dtc/share/dtc/package.sh'
[20.751s] INFO:colcon.colcon_core.shell:Creating package script '/home/moses/marp/install/dtc/share/dtc/package.bash'
[20.756s] INFO:colcon.colcon_core.shell:Creating package script '/home/moses/marp/install/dtc/share/dtc/package.zsh'
[20.760s] Level 1:colcon.colcon_core.environment:create_file_with_runtime_dependencies(/home/moses/marp/install/dtc/share/colcon-core/packages/dtc)
[20.772s] DEBUG:colcon.colcon_parallel_executor.executor.parallel:closing loop
[20.773s] DEBUG:colcon.colcon_parallel_executor.executor.parallel:loop closed
[20.773s] DEBUG:colcon.colcon_parallel_executor.executor.parallel:run_until_complete finished with '2'
[20.773s] DEBUG:colcon.colcon_core.event_reactor:joining thread
[20.797s] INFO:colcon.colcon_core.plugin_system:Skipping extension 'colcon_notification.desktop_notification.notify_send': Could not find 'notify-send'
[20.798s] INFO:colcon.colcon_core.plugin_system:Skipping extension 'colcon_notification.desktop_notification.terminal_notifier': Not used on non-Darwin systems
[20.798s] INFO:colcon.colcon_core.plugin_system:Skipping extension 'colcon_notification.desktop_notification.win32': Not used on non-Windows systems
[20.799s] INFO:colcon.colcon_notification.desktop_notification:Sending desktop notification using 'notify2'
[20.802s] DEBUG:colcon.colcon_notification.desktop_notification.notify2:Failed to initialize notify2: org.freedesktop.DBus.Error.ServiceUnknown: The name org.freedesktop.Notifications was not provided by any .service files
[20.803s] DEBUG:colcon.colcon_core.event_reactor:joined thread
[20.804s] INFO:colcon.colcon_core.shell:Creating prefix script '/home/moses/marp/install/local_setup.ps1'
[20.809s] INFO:colcon.colcon_core.shell:Creating prefix util module '/home/moses/marp/install/_local_setup_util_ps1.py'
[20.816s] INFO:colcon.colcon_core.shell:Creating prefix chain script '/home/moses/marp/install/setup.ps1'
[20.822s] INFO:colcon.colcon_core.shell:Creating prefix script '/home/moses/marp/install/local_setup.sh'
[20.825s] INFO:colcon.colcon_core.shell:Creating prefix util module '/home/moses/marp/install/_local_setup_util_sh.py'
[20.828s] INFO:colcon.colcon_core.shell:Creating prefix chain script '/home/moses/marp/install/setup.sh'
[20.833s] INFO:colcon.colcon_core.shell:Creating prefix script '/home/moses/marp/install/local_setup.bash'
[20.835s] INFO:colcon.colcon_core.shell:Creating prefix chain script '/home/moses/marp/install/setup.bash'
[20.840s] INFO:colcon.colcon_core.shell:Creating prefix script '/home/moses/marp/install/local_setup.zsh'
[20.842s] INFO:colcon.colcon_core.shell:Creating prefix chain script '/home/moses/marp/install/setup.zsh'
