[0.439s] DEBUG:colcon:Command line arguments: ['/usr/bin/colcon', 'build', '--packages-select', 'dtc']
[0.439s] DEBUG:colcon:Parsed command line arguments: Namespace(log_base=None, log_level=None, verb_name='build', build_base='build', install_base='install', merge_install=False, symlink_install=False, test_result_base=None, continue_on_error=False, executor='parallel', parallel_workers=4, event_handlers=None, ignore_user_meta=False, metas=['./colcon.meta'], base_paths=['.'], packages_ignore=None, packages_ignore_regex=None, paths=None, packages_up_to=None, packages_up_to_regex=None, packages_above=None, packages_above_and_dependencies=None, packages_above_depth=None, packages_select_by_dep=None, packages_skip_by_dep=None, packages_skip_up_to=None, packages_select_build_failed=False, packages_skip_build_finished=False, packages_select_test_failures=False, packages_skip_test_passed=False, packages_select=['dtc'], packages_skip=None, packages_select_regex=None, packages_skip_regex=None, packages_start=None, packages_end=None, allow_overriding=[], cmake_args=None, cmake_target=None, cmake_target_skip_unavailable=False, cmake_clean_cache=False, cmake_clean_first=False, cmake_force_configure=False, ament_cmake_args=None, catkin_cmake_args=None, catkin_skip_building_tests=False, mixin_files=None, mixin=None, verb_parser=<colcon_mixin.mixin.mixin_argument.MixinArgumentDecorator object at 0xffffaf9244c0>, verb_extension=<colcon_core.verb.build.BuildVerb object at 0xffffafa70b50>, main=<bound method BuildVerb.main of <colcon_core.verb.build.BuildVerb object at 0xffffafa70b50>>, mixin_verb=('build',))
[1.134s] Level 1:colcon.colcon_core.package_discovery:discover_packages(colcon_meta) check parameters
[1.134s] Level 1:colcon.colcon_core.package_discovery:discover_packages(recursive) check parameters
[1.135s] Level 1:colcon.colcon_core.package_discovery:discover_packages(ignore) check parameters
[1.135s] Level 1:colcon.colcon_core.package_discovery:discover_packages(path) check parameters
[1.135s] Level 1:colcon.colcon_core.package_discovery:discover_packages(colcon_meta) discover
[1.135s] Level 1:colcon.colcon_core.package_discovery:discover_packages(recursive) discover
[1.135s] INFO:colcon.colcon_core.package_discovery:Crawling recursively for packages in '/home/moses/marp'
[1.136s] Level 1:colcon.colcon_core.package_identification:_identify(.) by extensions ['ignore', 'ignore_ament_install']
[1.136s] Level 1:colcon.colcon_core.package_identification:_identify(.) by extension 'ignore'
[1.137s] Level 1:colcon.colcon_core.package_identification:_identify(.) by extension 'ignore_ament_install'
[1.137s] Level 1:colcon.colcon_core.package_identification:_identify(.) by extensions ['colcon_pkg']
[1.137s] Level 1:colcon.colcon_core.package_identification:_identify(.) by extension 'colcon_pkg'
[1.138s] Level 1:colcon.colcon_core.package_identification:_identify(.) by extensions ['colcon_meta']
[1.138s] Level 1:colcon.colcon_core.package_identification:_identify(.) by extension 'colcon_meta'
[1.138s] Level 1:colcon.colcon_core.package_identification:_identify(.) by extensions ['ros']
[1.139s] Level 1:colcon.colcon_core.package_identification:_identify(.) by extension 'ros'
[1.189s] Level 1:colcon.colcon_core.package_identification:_identify(.) by extensions ['cmake', 'python']
[1.190s] Level 1:colcon.colcon_core.package_identification:_identify(.) by extension 'cmake'
[1.190s] Level 1:colcon.colcon_core.package_identification:_identify(.) by extension 'python'
[1.190s] Level 1:colcon.colcon_core.package_identification:_identify(.) by extensions ['python_setup_py']
[1.190s] Level 1:colcon.colcon_core.package_identification:_identify(.) by extension 'python_setup_py'
[1.191s] Level 1:colcon.colcon_core.package_identification:_identify(build) by extensions ['ignore', 'ignore_ament_install']
[1.191s] Level 1:colcon.colcon_core.package_identification:_identify(build) by extension 'ignore'
[1.192s] Level 1:colcon.colcon_core.package_identification:_identify(build) ignored
[1.192s] Level 1:colcon.colcon_core.package_identification:_identify(install) by extensions ['ignore', 'ignore_ament_install']
[1.193s] Level 1:colcon.colcon_core.package_identification:_identify(install) by extension 'ignore'
[1.193s] Level 1:colcon.colcon_core.package_identification:_identify(install) ignored
[1.194s] Level 1:colcon.colcon_core.package_identification:_identify(log) by extensions ['ignore', 'ignore_ament_install']
[1.194s] Level 1:colcon.colcon_core.package_identification:_identify(log) by extension 'ignore'
[1.195s] Level 1:colcon.colcon_core.package_identification:_identify(log) ignored
[1.195s] Level 1:colcon.colcon_core.package_identification:_identify(src) by extensions ['ignore', 'ignore_ament_install']
[1.195s] Level 1:colcon.colcon_core.package_identification:_identify(src) by extension 'ignore'
[1.196s] Level 1:colcon.colcon_core.package_identification:_identify(src) by extension 'ignore_ament_install'
[1.196s] Level 1:colcon.colcon_core.package_identification:_identify(src) by extensions ['colcon_pkg']
[1.196s] Level 1:colcon.colcon_core.package_identification:_identify(src) by extension 'colcon_pkg'
[1.196s] Level 1:colcon.colcon_core.package_identification:_identify(src) by extensions ['colcon_meta']
[1.196s] Level 1:colcon.colcon_core.package_identification:_identify(src) by extension 'colcon_meta'
[1.197s] Level 1:colcon.colcon_core.package_identification:_identify(src) by extensions ['ros']
[1.197s] Level 1:colcon.colcon_core.package_identification:_identify(src) by extension 'ros'
[1.197s] Level 1:colcon.colcon_core.package_identification:_identify(src) by extensions ['cmake', 'python']
[1.197s] Level 1:colcon.colcon_core.package_identification:_identify(src) by extension 'cmake'
[1.197s] Level 1:colcon.colcon_core.package_identification:_identify(src) by extension 'python'
[1.198s] Level 1:colcon.colcon_core.package_identification:_identify(src) by extensions ['python_setup_py']
[1.198s] Level 1:colcon.colcon_core.package_identification:_identify(src) by extension 'python_setup_py'
[1.198s] Level 1:colcon.colcon_core.package_identification:_identify(src/dtc) by extensions ['ignore', 'ignore_ament_install']
[1.198s] Level 1:colcon.colcon_core.package_identification:_identify(src/dtc) by extension 'ignore'
[1.199s] Level 1:colcon.colcon_core.package_identification:_identify(src/dtc) by extension 'ignore_ament_install'
[1.199s] Level 1:colcon.colcon_core.package_identification:_identify(src/dtc) by extensions ['colcon_pkg']
[1.199s] Level 1:colcon.colcon_core.package_identification:_identify(src/dtc) by extension 'colcon_pkg'
[1.199s] Level 1:colcon.colcon_core.package_identification:_identify(src/dtc) by extensions ['colcon_meta']
[1.200s] Level 1:colcon.colcon_core.package_identification:_identify(src/dtc) by extension 'colcon_meta'
[1.200s] Level 1:colcon.colcon_core.package_identification:_identify(src/dtc) by extensions ['ros']
[1.200s] Level 1:colcon.colcon_core.package_identification:_identify(src/dtc) by extension 'ros'
[1.208s] DEBUG:colcon.colcon_core.package_identification:Package 'src/dtc' with type 'ros.ament_cmake' and name 'dtc'
[1.209s] Level 1:colcon.colcon_core.package_identification:_identify(src/ros_tutorials) by extensions ['ignore', 'ignore_ament_install']
[1.210s] Level 1:colcon.colcon_core.package_identification:_identify(src/ros_tutorials) by extension 'ignore'
[1.210s] Level 1:colcon.colcon_core.package_identification:_identify(src/ros_tutorials) by extension 'ignore_ament_install'
[1.210s] Level 1:colcon.colcon_core.package_identification:_identify(src/ros_tutorials) by extensions ['colcon_pkg']
[1.211s] Level 1:colcon.colcon_core.package_identification:_identify(src/ros_tutorials) by extension 'colcon_pkg'
[1.211s] Level 1:colcon.colcon_core.package_identification:_identify(src/ros_tutorials) by extensions ['colcon_meta']
[1.212s] Level 1:colcon.colcon_core.package_identification:_identify(src/ros_tutorials) by extension 'colcon_meta'
[1.212s] Level 1:colcon.colcon_core.package_identification:_identify(src/ros_tutorials) by extensions ['ros']
[1.212s] Level 1:colcon.colcon_core.package_identification:_identify(src/ros_tutorials) by extension 'ros'
[1.213s] Level 1:colcon.colcon_core.package_identification:_identify(src/ros_tutorials) by extensions ['cmake', 'python']
[1.213s] Level 1:colcon.colcon_core.package_identification:_identify(src/ros_tutorials) by extension 'cmake'
[1.213s] Level 1:colcon.colcon_core.package_identification:_identify(src/ros_tutorials) by extension 'python'
[1.213s] Level 1:colcon.colcon_core.package_identification:_identify(src/ros_tutorials) by extensions ['python_setup_py']
[1.214s] Level 1:colcon.colcon_core.package_identification:_identify(src/ros_tutorials) by extension 'python_setup_py'
[1.214s] Level 1:colcon.colcon_core.package_identification:_identify(src/ros_tutorials/ros_tutorials) by extensions ['ignore', 'ignore_ament_install']
[1.215s] Level 1:colcon.colcon_core.package_identification:_identify(src/ros_tutorials/ros_tutorials) by extension 'ignore'
[1.215s] Level 1:colcon.colcon_core.package_identification:_identify(src/ros_tutorials/ros_tutorials) ignored
[1.216s] Level 1:colcon.colcon_core.package_identification:_identify(src/ros_tutorials/roscpp_tutorials) by extensions ['ignore', 'ignore_ament_install']
[1.216s] Level 1:colcon.colcon_core.package_identification:_identify(src/ros_tutorials/roscpp_tutorials) by extension 'ignore'
[1.216s] Level 1:colcon.colcon_core.package_identification:_identify(src/ros_tutorials/roscpp_tutorials) ignored
[1.217s] Level 1:colcon.colcon_core.package_identification:_identify(src/ros_tutorials/rospy_tutorials) by extensions ['ignore', 'ignore_ament_install']
[1.217s] Level 1:colcon.colcon_core.package_identification:_identify(src/ros_tutorials/rospy_tutorials) by extension 'ignore'
[1.218s] Level 1:colcon.colcon_core.package_identification:_identify(src/ros_tutorials/rospy_tutorials) ignored
[1.218s] Level 1:colcon.colcon_core.package_identification:_identify(src/ros_tutorials/turtlesim) by extensions ['ignore', 'ignore_ament_install']
[1.218s] Level 1:colcon.colcon_core.package_identification:_identify(src/ros_tutorials/turtlesim) by extension 'ignore'
[1.219s] Level 1:colcon.colcon_core.package_identification:_identify(src/ros_tutorials/turtlesim) by extension 'ignore_ament_install'
[1.219s] Level 1:colcon.colcon_core.package_identification:_identify(src/ros_tutorials/turtlesim) by extensions ['colcon_pkg']
[1.219s] Level 1:colcon.colcon_core.package_identification:_identify(src/ros_tutorials/turtlesim) by extension 'colcon_pkg'
[1.219s] Level 1:colcon.colcon_core.package_identification:_identify(src/ros_tutorials/turtlesim) by extensions ['colcon_meta']
[1.219s] Level 1:colcon.colcon_core.package_identification:_identify(src/ros_tutorials/turtlesim) by extension 'colcon_meta'
[1.220s] Level 1:colcon.colcon_core.package_identification:_identify(src/ros_tutorials/turtlesim) by extensions ['ros']
[1.220s] Level 1:colcon.colcon_core.package_identification:_identify(src/ros_tutorials/turtlesim) by extension 'ros'
[1.225s] DEBUG:colcon.colcon_core.package_identification:Package 'src/ros_tutorials/turtlesim' with type 'ros.ament_cmake' and name 'turtlesim'
[1.226s] Level 1:colcon.colcon_core.package_identification:_identify(src/serialib) by extensions ['ignore', 'ignore_ament_install']
[1.226s] Level 1:colcon.colcon_core.package_identification:_identify(src/serialib) by extension 'ignore'
[1.226s] Level 1:colcon.colcon_core.package_identification:_identify(src/serialib) by extension 'ignore_ament_install'
[1.227s] Level 1:colcon.colcon_core.package_identification:_identify(src/serialib) by extensions ['colcon_pkg']
[1.227s] Level 1:colcon.colcon_core.package_identification:_identify(src/serialib) by extension 'colcon_pkg'
[1.227s] Level 1:colcon.colcon_core.package_identification:_identify(src/serialib) by extensions ['colcon_meta']
[1.227s] Level 1:colcon.colcon_core.package_identification:_identify(src/serialib) by extension 'colcon_meta'
[1.227s] Level 1:colcon.colcon_core.package_identification:_identify(src/serialib) by extensions ['ros']
[1.228s] Level 1:colcon.colcon_core.package_identification:_identify(src/serialib) by extension 'ros'
[1.228s] Level 1:colcon.colcon_core.package_identification:_identify(src/serialib) by extensions ['cmake', 'python']
[1.228s] Level 1:colcon.colcon_core.package_identification:_identify(src/serialib) by extension 'cmake'
[1.228s] Level 1:colcon.colcon_core.package_identification:_identify(src/serialib) by extension 'python'
[1.228s] Level 1:colcon.colcon_core.package_identification:_identify(src/serialib) by extensions ['python_setup_py']
[1.229s] Level 1:colcon.colcon_core.package_identification:_identify(src/serialib) by extension 'python_setup_py'
[1.229s] Level 1:colcon.colcon_core.package_identification:_identify(src/serialib/example1) by extensions ['ignore', 'ignore_ament_install']
[1.230s] Level 1:colcon.colcon_core.package_identification:_identify(src/serialib/example1) by extension 'ignore'
[1.230s] Level 1:colcon.colcon_core.package_identification:_identify(src/serialib/example1) by extension 'ignore_ament_install'
[1.230s] Level 1:colcon.colcon_core.package_identification:_identify(src/serialib/example1) by extensions ['colcon_pkg']
[1.230s] Level 1:colcon.colcon_core.package_identification:_identify(src/serialib/example1) by extension 'colcon_pkg'
[1.230s] Level 1:colcon.colcon_core.package_identification:_identify(src/serialib/example1) by extensions ['colcon_meta']
[1.231s] Level 1:colcon.colcon_core.package_identification:_identify(src/serialib/example1) by extension 'colcon_meta'
[1.231s] Level 1:colcon.colcon_core.package_identification:_identify(src/serialib/example1) by extensions ['ros']
[1.231s] Level 1:colcon.colcon_core.package_identification:_identify(src/serialib/example1) by extension 'ros'
[1.231s] Level 1:colcon.colcon_core.package_identification:_identify(src/serialib/example1) by extensions ['cmake', 'python']
[1.231s] Level 1:colcon.colcon_core.package_identification:_identify(src/serialib/example1) by extension 'cmake'
[1.232s] Level 1:colcon.colcon_core.package_identification:_identify(src/serialib/example1) by extension 'python'
[1.232s] Level 1:colcon.colcon_core.package_identification:_identify(src/serialib/example1) by extensions ['python_setup_py']
[1.232s] Level 1:colcon.colcon_core.package_identification:_identify(src/serialib/example1) by extension 'python_setup_py'
[1.232s] Level 1:colcon.colcon_core.package_identification:_identify(src/serialib/example2) by extensions ['ignore', 'ignore_ament_install']
[1.233s] Level 1:colcon.colcon_core.package_identification:_identify(src/serialib/example2) by extension 'ignore'
[1.233s] Level 1:colcon.colcon_core.package_identification:_identify(src/serialib/example2) by extension 'ignore_ament_install'
[1.233s] Level 1:colcon.colcon_core.package_identification:_identify(src/serialib/example2) by extensions ['colcon_pkg']
[1.233s] Level 1:colcon.colcon_core.package_identification:_identify(src/serialib/example2) by extension 'colcon_pkg'
[1.234s] Level 1:colcon.colcon_core.package_identification:_identify(src/serialib/example2) by extensions ['colcon_meta']
[1.234s] Level 1:colcon.colcon_core.package_identification:_identify(src/serialib/example2) by extension 'colcon_meta'
[1.234s] Level 1:colcon.colcon_core.package_identification:_identify(src/serialib/example2) by extensions ['ros']
[1.234s] Level 1:colcon.colcon_core.package_identification:_identify(src/serialib/example2) by extension 'ros'
[1.234s] Level 1:colcon.colcon_core.package_identification:_identify(src/serialib/example2) by extensions ['cmake', 'python']
[1.235s] Level 1:colcon.colcon_core.package_identification:_identify(src/serialib/example2) by extension 'cmake'
[1.235s] Level 1:colcon.colcon_core.package_identification:_identify(src/serialib/example2) by extension 'python'
[1.235s] Level 1:colcon.colcon_core.package_identification:_identify(src/serialib/example2) by extensions ['python_setup_py']
[1.235s] Level 1:colcon.colcon_core.package_identification:_identify(src/serialib/example2) by extension 'python_setup_py'
[1.236s] Level 1:colcon.colcon_core.package_identification:_identify(src/serialib/example3) by extensions ['ignore', 'ignore_ament_install']
[1.236s] Level 1:colcon.colcon_core.package_identification:_identify(src/serialib/example3) by extension 'ignore'
[1.236s] Level 1:colcon.colcon_core.package_identification:_identify(src/serialib/example3) by extension 'ignore_ament_install'
[1.237s] Level 1:colcon.colcon_core.package_identification:_identify(src/serialib/example3) by extensions ['colcon_pkg']
[1.237s] Level 1:colcon.colcon_core.package_identification:_identify(src/serialib/example3) by extension 'colcon_pkg'
[1.237s] Level 1:colcon.colcon_core.package_identification:_identify(src/serialib/example3) by extensions ['colcon_meta']
[1.237s] Level 1:colcon.colcon_core.package_identification:_identify(src/serialib/example3) by extension 'colcon_meta'
[1.237s] Level 1:colcon.colcon_core.package_identification:_identify(src/serialib/example3) by extensions ['ros']
[1.237s] Level 1:colcon.colcon_core.package_identification:_identify(src/serialib/example3) by extension 'ros'
[1.238s] Level 1:colcon.colcon_core.package_identification:_identify(src/serialib/example3) by extensions ['cmake', 'python']
[1.238s] Level 1:colcon.colcon_core.package_identification:_identify(src/serialib/example3) by extension 'cmake'
[1.238s] Level 1:colcon.colcon_core.package_identification:_identify(src/serialib/example3) by extension 'python'
[1.238s] Level 1:colcon.colcon_core.package_identification:_identify(src/serialib/example3) by extensions ['python_setup_py']
[1.238s] Level 1:colcon.colcon_core.package_identification:_identify(src/serialib/example3) by extension 'python_setup_py'
[1.239s] Level 1:colcon.colcon_core.package_identification:_identify(src/serialib/example3/arduino-code) by extensions ['ignore', 'ignore_ament_install']
[1.239s] Level 1:colcon.colcon_core.package_identification:_identify(src/serialib/example3/arduino-code) by extension 'ignore'
[1.240s] Level 1:colcon.colcon_core.package_identification:_identify(src/serialib/example3/arduino-code) by extension 'ignore_ament_install'
[1.240s] Level 1:colcon.colcon_core.package_identification:_identify(src/serialib/example3/arduino-code) by extensions ['colcon_pkg']
[1.240s] Level 1:colcon.colcon_core.package_identification:_identify(src/serialib/example3/arduino-code) by extension 'colcon_pkg'
[1.240s] Level 1:colcon.colcon_core.package_identification:_identify(src/serialib/example3/arduino-code) by extensions ['colcon_meta']
[1.240s] Level 1:colcon.colcon_core.package_identification:_identify(src/serialib/example3/arduino-code) by extension 'colcon_meta'
[1.241s] Level 1:colcon.colcon_core.package_identification:_identify(src/serialib/example3/arduino-code) by extensions ['ros']
[1.241s] Level 1:colcon.colcon_core.package_identification:_identify(src/serialib/example3/arduino-code) by extension 'ros'
[1.241s] Level 1:colcon.colcon_core.package_identification:_identify(src/serialib/example3/arduino-code) by extensions ['cmake', 'python']
[1.241s] Level 1:colcon.colcon_core.package_identification:_identify(src/serialib/example3/arduino-code) by extension 'cmake'
[1.241s] Level 1:colcon.colcon_core.package_identification:_identify(src/serialib/example3/arduino-code) by extension 'python'
[1.242s] Level 1:colcon.colcon_core.package_identification:_identify(src/serialib/example3/arduino-code) by extensions ['python_setup_py']
[1.242s] Level 1:colcon.colcon_core.package_identification:_identify(src/serialib/example3/arduino-code) by extension 'python_setup_py'
[1.242s] Level 1:colcon.colcon_core.package_identification:_identify(src/serialib/example4) by extensions ['ignore', 'ignore_ament_install']
[1.243s] Level 1:colcon.colcon_core.package_identification:_identify(src/serialib/example4) by extension 'ignore'
[1.243s] Level 1:colcon.colcon_core.package_identification:_identify(src/serialib/example4) by extension 'ignore_ament_install'
[1.243s] Level 1:colcon.colcon_core.package_identification:_identify(src/serialib/example4) by extensions ['colcon_pkg']
[1.243s] Level 1:colcon.colcon_core.package_identification:_identify(src/serialib/example4) by extension 'colcon_pkg'
[1.243s] Level 1:colcon.colcon_core.package_identification:_identify(src/serialib/example4) by extensions ['colcon_meta']
[1.244s] Level 1:colcon.colcon_core.package_identification:_identify(src/serialib/example4) by extension 'colcon_meta'
[1.244s] Level 1:colcon.colcon_core.package_identification:_identify(src/serialib/example4) by extensions ['ros']
[1.244s] Level 1:colcon.colcon_core.package_identification:_identify(src/serialib/example4) by extension 'ros'
[1.244s] Level 1:colcon.colcon_core.package_identification:_identify(src/serialib/example4) by extensions ['cmake', 'python']
[1.245s] Level 1:colcon.colcon_core.package_identification:_identify(src/serialib/example4) by extension 'cmake'
[1.245s] Level 1:colcon.colcon_core.package_identification:_identify(src/serialib/example4) by extension 'python'
[1.245s] Level 1:colcon.colcon_core.package_identification:_identify(src/serialib/example4) by extensions ['python_setup_py']
[1.245s] Level 1:colcon.colcon_core.package_identification:_identify(src/serialib/example4) by extension 'python_setup_py'
[1.246s] Level 1:colcon.colcon_core.package_identification:_identify(src/serialib/example4/arduino-code) by extensions ['ignore', 'ignore_ament_install']
[1.246s] Level 1:colcon.colcon_core.package_identification:_identify(src/serialib/example4/arduino-code) by extension 'ignore'
[1.246s] Level 1:colcon.colcon_core.package_identification:_identify(src/serialib/example4/arduino-code) by extension 'ignore_ament_install'
[1.246s] Level 1:colcon.colcon_core.package_identification:_identify(src/serialib/example4/arduino-code) by extensions ['colcon_pkg']
[1.247s] Level 1:colcon.colcon_core.package_identification:_identify(src/serialib/example4/arduino-code) by extension 'colcon_pkg'
[1.247s] Level 1:colcon.colcon_core.package_identification:_identify(src/serialib/example4/arduino-code) by extensions ['colcon_meta']
[1.247s] Level 1:colcon.colcon_core.package_identification:_identify(src/serialib/example4/arduino-code) by extension 'colcon_meta'
[1.247s] Level 1:colcon.colcon_core.package_identification:_identify(src/serialib/example4/arduino-code) by extensions ['ros']
[1.247s] Level 1:colcon.colcon_core.package_identification:_identify(src/serialib/example4/arduino-code) by extension 'ros'
[1.248s] Level 1:colcon.colcon_core.package_identification:_identify(src/serialib/example4/arduino-code) by extensions ['cmake', 'python']
[1.248s] Level 1:colcon.colcon_core.package_identification:_identify(src/serialib/example4/arduino-code) by extension 'cmake'
[1.248s] Level 1:colcon.colcon_core.package_identification:_identify(src/serialib/example4/arduino-code) by extension 'python'
[1.248s] Level 1:colcon.colcon_core.package_identification:_identify(src/serialib/example4/arduino-code) by extensions ['python_setup_py']
[1.248s] Level 1:colcon.colcon_core.package_identification:_identify(src/serialib/example4/arduino-code) by extension 'python_setup_py'
[1.249s] Level 1:colcon.colcon_core.package_identification:_identify(src/serialib/lib) by extensions ['ignore', 'ignore_ament_install']
[1.249s] Level 1:colcon.colcon_core.package_identification:_identify(src/serialib/lib) by extension 'ignore'
[1.249s] Level 1:colcon.colcon_core.package_identification:_identify(src/serialib/lib) by extension 'ignore_ament_install'
[1.250s] Level 1:colcon.colcon_core.package_identification:_identify(src/serialib/lib) by extensions ['colcon_pkg']
[1.250s] Level 1:colcon.colcon_core.package_identification:_identify(src/serialib/lib) by extension 'colcon_pkg'
[1.250s] Level 1:colcon.colcon_core.package_identification:_identify(src/serialib/lib) by extensions ['colcon_meta']
[1.250s] Level 1:colcon.colcon_core.package_identification:_identify(src/serialib/lib) by extension 'colcon_meta'
[1.250s] Level 1:colcon.colcon_core.package_identification:_identify(src/serialib/lib) by extensions ['ros']
[1.250s] Level 1:colcon.colcon_core.package_identification:_identify(src/serialib/lib) by extension 'ros'
[1.251s] Level 1:colcon.colcon_core.package_identification:_identify(src/serialib/lib) by extensions ['cmake', 'python']
[1.251s] Level 1:colcon.colcon_core.package_identification:_identify(src/serialib/lib) by extension 'cmake'
[1.251s] Level 1:colcon.colcon_core.package_identification:_identify(src/serialib/lib) by extension 'python'
[1.251s] Level 1:colcon.colcon_core.package_identification:_identify(src/serialib/lib) by extensions ['python_setup_py']
[1.252s] Level 1:colcon.colcon_core.package_identification:_identify(src/serialib/lib) by extension 'python_setup_py'
[1.252s] Level 1:colcon.colcon_core.package_discovery:discover_packages(recursive) using defaults
[1.252s] Level 1:colcon.colcon_core.package_discovery:discover_packages(ignore) discover
[1.252s] Level 1:colcon.colcon_core.package_discovery:discover_packages(ignore) using defaults
[1.252s] Level 1:colcon.colcon_core.package_discovery:discover_packages(path) discover
[1.252s] Level 1:colcon.colcon_core.package_discovery:discover_packages(path) using defaults
[1.325s] INFO:colcon.colcon_core.package_selection:Skipping not selected package 'turtlesim' in 'src/ros_tutorials/turtlesim'
[1.327s] Level 1:colcon.colcon_core.package_discovery:discover_packages(prefix_path) check parameters
[1.327s] Level 1:colcon.colcon_core.package_discovery:discover_packages(prefix_path) discover
[1.336s] DEBUG:colcon.colcon_installed_package_information.package_discovery:Found 3 installed packages in /home/moses/marp/install
[1.342s] DEBUG:colcon.colcon_installed_package_information.package_discovery:Found 180 installed packages in /opt/ros/humble
[1.347s] Level 1:colcon.colcon_core.package_discovery:discover_packages(prefix_path) using defaults
[1.504s] Level 5:colcon.colcon_core.verb:set package 'dtc' build argument 'cmake_args' from command line to 'None'
[1.504s] Level 5:colcon.colcon_core.verb:set package 'dtc' build argument 'cmake_target' from command line to 'None'
[1.504s] Level 5:colcon.colcon_core.verb:set package 'dtc' build argument 'cmake_target_skip_unavailable' from command line to 'False'
[1.505s] Level 5:colcon.colcon_core.verb:set package 'dtc' build argument 'cmake_clean_cache' from command line to 'False'
[1.505s] Level 5:colcon.colcon_core.verb:set package 'dtc' build argument 'cmake_clean_first' from command line to 'False'
[1.505s] Level 5:colcon.colcon_core.verb:set package 'dtc' build argument 'cmake_force_configure' from command line to 'False'
[1.505s] Level 5:colcon.colcon_core.verb:set package 'dtc' build argument 'ament_cmake_args' from command line to 'None'
[1.505s] Level 5:colcon.colcon_core.verb:set package 'dtc' build argument 'catkin_cmake_args' from command line to 'None'
[1.505s] Level 5:colcon.colcon_core.verb:set package 'dtc' build argument 'catkin_skip_building_tests' from command line to 'False'
[1.505s] DEBUG:colcon.colcon_core.verb:Building package 'dtc' with the following arguments: {'ament_cmake_args': None, 'build_base': '/home/moses/marp/build/dtc', 'catkin_cmake_args': None, 'catkin_skip_building_tests': False, 'cmake_args': None, 'cmake_clean_cache': False, 'cmake_clean_first': False, 'cmake_force_configure': False, 'cmake_target': None, 'cmake_target_skip_unavailable': False, 'install_base': '/home/moses/marp/install/dtc', 'merge_install': False, 'path': '/home/moses/marp/src/dtc', 'symlink_install': False, 'test_result_base': None}
[1.506s] INFO:colcon.colcon_core.executor:Executing jobs using 'parallel' executor
[1.509s] DEBUG:colcon.colcon_parallel_executor.executor.parallel:run_until_complete
[1.511s] INFO:colcon.colcon_ros.task.ament_cmake.build:Building ROS package in '/home/moses/marp/src/dtc' with build type 'ament_cmake'
[1.511s] INFO:colcon.colcon_cmake.task.cmake.build:Building CMake package in '/home/moses/marp/src/dtc'
[1.521s] INFO:colcon.colcon_core.plugin_system:Skipping extension 'colcon_core.shell.bat': Not used on non-Windows systems
[1.522s] INFO:colcon.colcon_core.shell:Skip shell extension 'powershell' for command environment: Not usable outside of PowerShell
[1.522s] DEBUG:colcon.colcon_core.shell:Skip shell extension 'dsv' for command environment
[1.561s] DEBUG:colcon.colcon_core.event_handler.log_command:Invoking command in '/home/moses/marp/build/dtc': CMAKE_PREFIX_PATH=${CMAKE_PREFIX_PATH}:/opt/ros/humble /usr/bin/cmake --build /home/moses/marp/build/dtc -- -j4 -l4
[20.690s] DEBUG:colcon.colcon_core.event_handler.log_command:Invoked command in '/home/moses/marp/build/dtc' returned '2': CMAKE_PREFIX_PATH=${CMAKE_PREFIX_PATH}:/opt/ros/humble /usr/bin/cmake --build /home/moses/marp/build/dtc -- -j4 -l4
[20.839s] Level 1:colcon.colcon_core.environment:create_environment_scripts_only(dtc)
[20.853s] Level 1:colcon.colcon_core.environment:checking '/home/moses/marp/install/dtc' for CMake module files
[20.856s] Level 1:colcon.colcon_core.environment:checking '/home/moses/marp/install/dtc' for CMake config files
[20.858s] Level 1:colcon.colcon_core.shell:create_environment_hook('dtc', 'cmake_prefix_path')
[20.859s] INFO:colcon.colcon_core.shell:Creating environment hook '/home/moses/marp/install/dtc/share/dtc/hook/cmake_prefix_path.ps1'
[20.863s] INFO:colcon.colcon_core.shell:Creating environment descriptor '/home/moses/marp/install/dtc/share/dtc/hook/cmake_prefix_path.dsv'
[20.866s] INFO:colcon.colcon_core.shell:Creating environment hook '/home/moses/marp/install/dtc/share/dtc/hook/cmake_prefix_path.sh'
[20.871s] Level 1:colcon.colcon_core.environment:checking '/home/moses/marp/install/dtc/lib'
[20.872s] Level 1:colcon.colcon_core.environment:checking '/home/moses/marp/install/dtc/bin'
[20.873s] Level 1:colcon.colcon_core.environment:checking '/home/moses/marp/install/dtc/lib/pkgconfig/dtc.pc'
[20.875s] Level 1:colcon.colcon_core.environment:checking '/home/moses/marp/install/dtc/lib/python3.10/site-packages'
[20.877s] Level 1:colcon.colcon_core.environment:checking '/home/moses/marp/install/dtc/bin'
[20.879s] INFO:colcon.colcon_core.shell:Creating package script '/home/moses/marp/install/dtc/share/dtc/package.ps1'
[20.883s] INFO:colcon.colcon_core.shell:Creating package descriptor '/home/moses/marp/install/dtc/share/dtc/package.dsv'
[20.887s] INFO:colcon.colcon_core.shell:Creating package script '/home/moses/marp/install/dtc/share/dtc/package.sh'
[20.891s] INFO:colcon.colcon_core.shell:Creating package script '/home/moses/marp/install/dtc/share/dtc/package.bash'
[20.897s] INFO:colcon.colcon_core.shell:Creating package script '/home/moses/marp/install/dtc/share/dtc/package.zsh'
[20.901s] Level 1:colcon.colcon_core.environment:create_file_with_runtime_dependencies(/home/moses/marp/install/dtc/share/colcon-core/packages/dtc)
[20.905s] DEBUG:colcon.colcon_parallel_executor.executor.parallel:closing loop
[20.906s] DEBUG:colcon.colcon_parallel_executor.executor.parallel:loop closed
[20.906s] DEBUG:colcon.colcon_parallel_executor.executor.parallel:run_until_complete finished with '2'
[20.907s] DEBUG:colcon.colcon_core.event_reactor:joining thread
[20.933s] INFO:colcon.colcon_core.plugin_system:Skipping extension 'colcon_notification.desktop_notification.notify_send': Could not find 'notify-send'
[20.934s] INFO:colcon.colcon_core.plugin_system:Skipping extension 'colcon_notification.desktop_notification.terminal_notifier': Not used on non-Darwin systems
[20.935s] INFO:colcon.colcon_core.plugin_system:Skipping extension 'colcon_notification.desktop_notification.win32': Not used on non-Windows systems
[20.935s] INFO:colcon.colcon_notification.desktop_notification:Sending desktop notification using 'notify2'
[20.944s] DEBUG:colcon.colcon_notification.desktop_notification.notify2:Failed to initialize notify2: org.freedesktop.DBus.Error.ServiceUnknown: The name org.freedesktop.Notifications was not provided by any .service files
[20.945s] DEBUG:colcon.colcon_core.event_reactor:joined thread
[20.946s] INFO:colcon.colcon_core.shell:Creating prefix script '/home/moses/marp/install/local_setup.ps1'
[20.952s] INFO:colcon.colcon_core.shell:Creating prefix util module '/home/moses/marp/install/_local_setup_util_ps1.py'
[20.958s] INFO:colcon.colcon_core.shell:Creating prefix chain script '/home/moses/marp/install/setup.ps1'
[20.964s] INFO:colcon.colcon_core.shell:Creating prefix script '/home/moses/marp/install/local_setup.sh'
[20.967s] INFO:colcon.colcon_core.shell:Creating prefix util module '/home/moses/marp/install/_local_setup_util_sh.py'
[20.969s] INFO:colcon.colcon_core.shell:Creating prefix chain script '/home/moses/marp/install/setup.sh'
[20.976s] INFO:colcon.colcon_core.shell:Creating prefix script '/home/moses/marp/install/local_setup.bash'
[20.978s] INFO:colcon.colcon_core.shell:Creating prefix chain script '/home/moses/marp/install/setup.bash'
[20.984s] INFO:colcon.colcon_core.shell:Creating prefix script '/home/moses/marp/install/local_setup.zsh'
[20.987s] INFO:colcon.colcon_core.shell:Creating prefix chain script '/home/moses/marp/install/setup.zsh'
