[0.071s] Invoking command in '/home/moses/marp/build/controller': CMAKE_PREFIX_PATH=/opt/ros/humble /usr/bin/cmake /home/moses/marp/src/controller -DCMAKE_INSTALL_PREFIX=/home/moses/marp/install/controller
[0.742s] -- The C compiler identification is GNU 11.4.0
[1.464s] -- The CXX compiler identification is GNU 11.4.0
[1.567s] -- Detecting C compiler ABI info
[2.201s] -- Detecting C compiler ABI info - done
[2.278s] -- Check for working C compiler: /usr/bin/cc - skipped
[2.287s] -- Detecting C compile features
[2.298s] -- Detecting C compile features - done
[2.335s] -- Detecting CXX compiler ABI info
[3.006s] -- Detecting CXX compiler ABI info - done
[3.080s] -- Check for working CXX compiler: /usr/bin/c++ - skipped
[3.081s] -- Detecting CXX compile features
[3.085s] -- Detecting CXX compile features - done
[3.119s] -- Found ament_cmake: 1.3.9 (/opt/ros/humble/share/ament_cmake/cmake)
[4.487s] -- Found Python3: /usr/bin/python3 (found version "3.10.12") found components: Interpreter 
[5.366s] -- Found ament_lint_auto: 0.12.11 (/opt/ros/humble/share/ament_lint_auto/cmake)
[6.276s] -- Added test 'cppcheck' to perform static code analysis on C / C++ code
[6.277s] -- Configured cppcheck include dirs: $<BUILD_INTERFACE:/home/moses/marp/src/controller/include>
[6.279s] -- Configured cppcheck exclude dirs and/or files: 
[6.309s] -- Added test 'lint_cmake' to check CMake code style
[6.310s] -- Added test 'uncrustify' to check C / C++ code style
[6.311s] -- Configured uncrustify additional arguments: 
[6.311s] -- Added test 'xmllint' to check XML markup files
[6.312s] -- Configuring done
[6.377s] -- Generating done
[6.408s] -- Build files have been written to: /home/moses/marp/build/controller
[6.434s] Invoked command in '/home/moses/marp/build/controller' returned '0': CMAKE_PREFIX_PATH=/opt/ros/humble /usr/bin/cmake /home/moses/marp/src/controller -DCMAKE_INSTALL_PREFIX=/home/moses/marp/install/controller
[6.444s] Invoking command in '/home/moses/marp/build/controller': CMAKE_PREFIX_PATH=/opt/ros/humble /usr/bin/cmake --build /home/moses/marp/build/controller -- -j4 -l4
[6.870s] [ 50%] [32mBuilding CXX object CMakeFiles/controller.dir/src/controller.cpp.o[0m
[7.294s] [01m[K/home/moses/marp/src/controller/src/controller.cpp:11:10:[m[K [01;31m[Kfatal error: [m[Krclcpp/rclcpp.hpp: No such file or directory
[7.295s]    11 | #include [01;31m[K"rclcpp/rclcpp.hpp"[m[K
[7.295s]       |          [01;31m[K^~~~~~~~~~~~~~~~~~~[m[K
[7.296s] compilation terminated.
[7.349s] gmake[2]: *** [CMakeFiles/controller.dir/build.make:76: CMakeFiles/controller.dir/src/controller.cpp.o] Error 1
[7.350s] gmake[1]: *** [CMakeFiles/Makefile2:137: CMakeFiles/controller.dir/all] Error 2
[7.351s] gmake: *** [Makefile:146: all] Error 2
[7.355s] Invoked command in '/home/moses/marp/build/controller' returned '2': CMAKE_PREFIX_PATH=/opt/ros/humble /usr/bin/cmake --build /home/moses/marp/build/controller -- -j4 -l4
