[35m[1mConsolidate compiler generated dependencies of target dtc[0m
[ 50%] [32mBuilding CXX object CMakeFiles/dtc.dir/src/dtc.cpp.o[0m
In file included from [01m[K/home/moses/marp/src/dtc/src/dtc.cpp:7[m[K:
[01m[K/home/moses/marp/src/serialib/lib/serialib.cpp:[m[K In member function ‘[01m[Kint serialib::readStringNoTimeOut(char*, char, unsigned int)[m[K’:
[01m[K/home/moses/marp/src/serialib/lib/serialib.cpp:576:21:[m[K [01;35m[Kwarning: [m[Kcomparison is always false due to limited range of data type [[01;35m[K]8;;https://gcc.gnu.org/onlinedocs/gcc/Warning-Options.html#index-Wtype-limits-Wtype-limits]8;;[m[K]
  576 |         if ([01;35m[KcharRead<0[m[K) return charRead;
      |             [01;35m[K~~~~~~~~^~[m[K
[01m[K/home/moses/marp/src/serialib/lib/serialib.cpp:[m[K In member function ‘[01m[Kint serialib::readString(char*, char, unsigned int, unsigned int)[m[K’:
[01m[K/home/moses/marp/src/serialib/lib/serialib.cpp:639:25:[m[K [01;35m[Kwarning: [m[Kcomparison is always false due to limited range of data type [[01;35m[K]8;;https://gcc.gnu.org/onlinedocs/gcc/Warning-Options.html#index-Wtype-limits-Wtype-limits]8;;[m[K]
  639 |             if ([01;35m[KcharRead<0[m[K) return charRead;
      |                 [01;35m[K~~~~~~~~^~[m[K
[100%] [32m[1mLinking CXX executable dtc[0m
[100%] Built target dtc
-- Install configuration: ""
-- Installing: /home/moses/marp/install/dtc/lib/dtc/dtc
-- Set runtime path of "/home/moses/marp/install/dtc/lib/dtc/dtc" to ""
-- Up-to-date: /home/moses/marp/install/dtc/share/ament_index/resource_index/package_run_dependencies/dtc
-- Up-to-date: /home/moses/marp/install/dtc/share/ament_index/resource_index/parent_prefix_path/dtc
-- Up-to-date: /home/moses/marp/install/dtc/share/dtc/environment/ament_prefix_path.sh
-- Up-to-date: /home/moses/marp/install/dtc/share/dtc/environment/ament_prefix_path.dsv
-- Up-to-date: /home/moses/marp/install/dtc/share/dtc/environment/path.sh
-- Up-to-date: /home/moses/marp/install/dtc/share/dtc/environment/path.dsv
-- Up-to-date: /home/moses/marp/install/dtc/share/dtc/local_setup.bash
-- Up-to-date: /home/moses/marp/install/dtc/share/dtc/local_setup.sh
-- Up-to-date: /home/moses/marp/install/dtc/share/dtc/local_setup.zsh
-- Up-to-date: /home/moses/marp/install/dtc/share/dtc/local_setup.dsv
-- Installing: /home/moses/marp/install/dtc/share/dtc/package.dsv
-- Up-to-date: /home/moses/marp/install/dtc/share/ament_index/resource_index/packages/dtc
-- Up-to-date: /home/moses/marp/install/dtc/share/dtc/cmake/dtcConfig.cmake
-- Up-to-date: /home/moses/marp/install/dtc/share/dtc/cmake/dtcConfig-version.cmake
-- Up-to-date: /home/moses/marp/install/dtc/share/dtc/package.xml
