[0.095s] Invoking command in '/home/moses/marp/build/turtlesim': CMAKE_PREFIX_PATH=${CMAKE_PREFIX_PATH}:/home/moses/marp/install/turtlesim:/opt/ros/humble /usr/bin/cmake --build /home/moses/marp/build/turtlesim -- -j4 -l4
[0.471s] [  1%] Built target turtlesim__cpp
[0.514s] [ 11%] Built target turtlesim__rosidl_generator_c
[0.591s] [ 11%] Built target ament_cmake_python_copy_turtlesim
[0.650s] [ 21%] Built target turtlesim__rosidl_typesupport_cpp
[0.765s] [ 31%] Built target turtlesim__rosidl_typesupport_fastrtps_cpp
[0.774s] [ 41%] Built target turtlesim__rosidl_typesupport_fastrtps_c
[0.841s] [ 51%] Built target turtlesim__rosidl_typesupport_introspection_cpp
[0.905s] [ 61%] Built target turtlesim__rosidl_typesupport_introspection_c
[1.019s] [ 71%] Built target turtlesim__rosidl_typesupport_c
[1.199s] [ 77%] Built target turtlesim_node
[1.215s] [ 79%] Built target turtle_teleop_key
[1.263s] [ 81%] Built target draw_square
[1.404s] [ 83%] Built target mimic
[1.410s] [ 83%] Built target turtlesim
[1.522s] [ 84%] Built target turtlesim__py
[1.693s] [ 93%] Built target turtlesim__rosidl_generator_py
[1.835s] [ 95%] Built target turtlesim__rosidl_typesupport_introspection_c__pyext
[1.894s] [ 97%] Built target turtlesim__rosidl_typesupport_c__pyext
[1.931s] [100%] Built target turtlesim__rosidl_typesupport_fastrtps_c__pyext
[2.705s] running egg_info
[2.709s] writing turtlesim.egg-info/PKG-INFO
[2.711s] writing dependency_links to turtlesim.egg-info/dependency_links.txt
[2.711s] writing top-level names to turtlesim.egg-info/top_level.txt
[2.724s] reading manifest file 'turtlesim.egg-info/SOURCES.txt'
[2.728s] writing manifest file 'turtlesim.egg-info/SOURCES.txt'
[2.897s] [100%] Built target ament_cmake_python_build_turtlesim_egg
[2.951s] Invoked command in '/home/moses/marp/build/turtlesim' returned '0': CMAKE_PREFIX_PATH=${CMAKE_PREFIX_PATH}:/home/moses/marp/install/turtlesim:/opt/ros/humble /usr/bin/cmake --build /home/moses/marp/build/turtlesim -- -j4 -l4
