[0.045s] Invoking command in '/home/moses/marp/build/dtc': CMAKE_PREFIX_PATH=/opt/ros/humble /usr/bin/cmake --build /home/moses/marp/build/dtc -- -j4 -l4
[0.219s] [35m[1mConsolidate compiler generated dependencies of target dtc[0m
[0.312s] [100%] Built target dtc
[0.352s] Invoked command in '/home/moses/marp/build/dtc' returned '0': CMAKE_PREFIX_PATH=/opt/ros/humble /usr/bin/cmake --build /home/moses/marp/build/dtc -- -j4 -l4
[0.524s] Invoking command in '/home/moses/marp/build/dtc': CMAKE_PREFIX_PATH=/opt/ros/humble /usr/bin/cmake --install /home/moses/marp/build/dtc
[0.554s] -- Install configuration: ""
[0.555s] -- Up-to-date: /home/moses/marp/install/dtc/lib/dtc/dtc
[0.556s] -- Up-to-date: /home/moses/marp/install/dtc/share/ament_index/resource_index/package_run_dependencies/dtc
[0.557s] -- Up-to-date: /home/moses/marp/install/dtc/share/ament_index/resource_index/parent_prefix_path/dtc
[0.558s] -- Up-to-date: /home/moses/marp/install/dtc/share/dtc/environment/ament_prefix_path.sh
[0.559s] -- Up-to-date: /home/moses/marp/install/dtc/share/dtc/environment/ament_prefix_path.dsv
[0.560s] -- Up-to-date: /home/moses/marp/install/dtc/share/dtc/environment/path.sh
[0.560s] -- Up-to-date: /home/moses/marp/install/dtc/share/dtc/environment/path.dsv
[0.560s] -- Up-to-date: /home/moses/marp/install/dtc/share/dtc/local_setup.bash
[0.561s] -- Up-to-date: /home/moses/marp/install/dtc/share/dtc/local_setup.sh
[0.562s] -- Up-to-date: /home/moses/marp/install/dtc/share/dtc/local_setup.zsh
[0.563s] -- Up-to-date: /home/moses/marp/install/dtc/share/dtc/local_setup.dsv
[0.563s] -- Installing: /home/moses/marp/install/dtc/share/dtc/package.dsv
[0.563s] -- Up-to-date: /home/moses/marp/install/dtc/share/ament_index/resource_index/packages/dtc
[0.564s] -- Up-to-date: /home/moses/marp/install/dtc/share/dtc/cmake/dtcConfig.cmake
[0.565s] -- Up-to-date: /home/moses/marp/install/dtc/share/dtc/cmake/dtcConfig-version.cmake
[0.567s] -- Up-to-date: /home/moses/marp/install/dtc/share/dtc/package.xml
[0.570s] Invoked command in '/home/moses/marp/build/dtc' returned '0': CMAKE_PREFIX_PATH=/opt/ros/humble /usr/bin/cmake --install /home/moses/marp/build/dtc
