-- Found ament_cmake: 1.3.9 (/opt/ros/humble/share/ament_cmake/cmake)
-- Found rclcpp: 16.0.9 (/opt/ros/humble/share/rclcpp/cmake)
-- Found rosidl_generator_c: 3.1.5 (/opt/ros/humble/share/rosidl_generator_c/cmake)
-- Found rosidl_adapter: 3.1.5 (/opt/ros/humble/share/rosidl_adapter/cmake)
-- Found rosidl_generator_cpp: 3.1.5 (/opt/ros/humble/share/rosidl_generator_cpp/cmake)
-- Using all available rosidl_typesupport_c: rosidl_typesupport_fastrtps_c;rosidl_typesupport_introspection_c
-- Using all available rosidl_typesupport_cpp: rosidl_typesupport_fastrtps_cpp;rosidl_typesupport_introspection_cpp
-- Found rmw_implementation_cmake: 6.1.2 (/opt/ros/humble/share/rmw_implementation_cmake/cmake)
-- Found rmw_fastrtps_cpp: 6.2.6 (/opt/ros/humble/share/rmw_fastrtps_cpp/cmake)
-- Using RMW implementation 'rmw_fastrtps_cpp' as default
-- Found ament_lint_auto: 0.12.11 (/opt/ros/humble/share/ament_lint_auto/cmake)
-- Added test 'cppcheck' to perform static code analysis on C / C++ code
-- Configured cppcheck include dirs: $<BUILD_INTERFACE:/home/moses/marp/src/dtc/include>
-- Configured cppcheck exclude dirs and/or files: 
-- Added test 'lint_cmake' to check CMake code style
-- Added test 'uncrustify' to check C / C++ code style
-- Configured uncrustify additional arguments: 
-- Added test 'xmllint' to check XML markup files
-- Configuring done
-- Generating done
-- Build files have been written to: /home/moses/marp/build/dtc
[35m[1mConsolidate compiler generated dependencies of target dtc[0m
[ 50%] [32mBuilding CXX object CMakeFiles/dtc.dir/src/dtc.cpp.o[0m
[01m[K/home/moses/marp/src/dtc/src/dtc.cpp:[m[K In function ‘[01m[Kint main(int, char**)[m[K’:
[01m[K/home/moses/marp/src/dtc/src/dtc.cpp:47:8:[m[K [01;35m[Kwarning: [m[Kunused variable ‘[01m[KerrorOpening[m[K’ [[01;35m[K]8;;https://gcc.gnu.org/onlinedocs/gcc/Warning-Options.html#index-Wunused-variable-Wunused-variable]8;;[m[K]
   47 |   char [01;35m[KerrorOpening[m[K = serial.openDevice(SERIAL_PORT, 19200);
      |        [01;35m[K^~~~~~~~~~~~[m[K
[100%] [32m[1mLinking CXX executable dtc[0m
/usr/bin/ld: CMakeFiles/dtc.dir/src/dtc.cpp.o: in function `main':
dtc.cpp:(.text+0x34): undefined reference to `serialib::serialib()'
/usr/bin/ld: dtc.cpp:(.text+0x58): undefined reference to `serialib::openDevice(char const*, unsigned int, SerialDataBits, SerialParity, SerialStopBits)'
/usr/bin/ld: dtc.cpp:(.text+0x74): undefined reference to `serialib::writeString(char const*)'
/usr/bin/ld: dtc.cpp:(.text+0x90): undefined reference to `serialib::writeString(char const*)'
/usr/bin/ld: dtc.cpp:(.text+0x170): undefined reference to `serialib::~serialib()'
/usr/bin/ld: dtc.cpp:(.text+0x1f0): undefined reference to `serialib::~serialib()'
collect2: error: ld returned 1 exit status
gmake[2]: *** [CMakeFiles/dtc.dir/build.make:159: dtc] Error 1
gmake[1]: *** [CMakeFiles/Makefile2:137: CMakeFiles/dtc.dir/all] Error 2
gmake: *** [Makefile:146: all] Error 2
