[0.047s] Invoking command in '/home/moses/marp/build/dtc': CMAKE_PREFIX_PATH=${CMAKE_PREFIX_PATH}:/opt/ros/humble /usr/bin/cmake --build /home/moses/marp/build/dtc -- -j4 -l4
[0.152s] -- Found ament_cmake: 1.3.9 (/opt/ros/humble/share/ament_cmake/cmake)
[0.721s] -- Found rclcpp: 16.0.9 (/opt/ros/humble/share/rclcpp/cmake)
[0.856s] -- Found rosidl_generator_c: 3.1.5 (/opt/ros/humble/share/rosidl_generator_c/cmake)
[0.866s] -- Found rosidl_adapter: 3.1.5 (/opt/ros/humble/share/rosidl_adapter/cmake)
[0.890s] -- Found rosidl_generator_cpp: 3.1.5 (/opt/ros/humble/share/rosidl_generator_cpp/cmake)
[0.938s] -- Using all available rosidl_typesupport_c: rosidl_typesupport_fastrtps_c;rosidl_typesupport_introspection_c
[1.000s] -- Using all available rosidl_typesupport_cpp: rosidl_typesupport_fastrtps_cpp;rosidl_typesupport_introspection_cpp
[1.226s] -- Found rmw_implementation_cmake: 6.1.2 (/opt/ros/humble/share/rmw_implementation_cmake/cmake)
[1.233s] -- Found rmw_fastrtps_cpp: 6.2.6 (/opt/ros/humble/share/rmw_fastrtps_cpp/cmake)
[1.790s] -- Using RMW implementation 'rmw_fastrtps_cpp' as default
[2.385s] -- Found ament_lint_auto: 0.12.11 (/opt/ros/humble/share/ament_lint_auto/cmake)
[2.691s] -- Added test 'cppcheck' to perform static code analysis on C / C++ code
[2.692s] -- Configured cppcheck include dirs: $<BUILD_INTERFACE:/home/moses/marp/src/dtc/include>
[2.692s] -- Configured cppcheck exclude dirs and/or files: 
[2.695s] -- Added test 'lint_cmake' to check CMake code style
[2.701s] -- Added test 'uncrustify' to check C / C++ code style
[2.701s] -- Configured uncrustify additional arguments: 
[2.702s] -- Added test 'xmllint' to check XML markup files
[2.706s] -- Configuring done
[2.760s] -- Generating done
[2.769s] -- Build files have been written to: /home/moses/marp/build/dtc
[2.873s] [35m[1mConsolidate compiler generated dependencies of target dtc[0m
[2.968s] [ 50%] [32mBuilding CXX object CMakeFiles/dtc.dir/src/dtc.cpp.o[0m
[12.937s] [01m[K/home/moses/marp/src/dtc/src/dtc.cpp:[m[K In function ‘[01m[Kint main(int, char**)[m[K’:
[12.938s] [01m[K/home/moses/marp/src/dtc/src/dtc.cpp:47:8:[m[K [01;35m[Kwarning: [m[Kunused variable ‘[01m[KerrorOpening[m[K’ [[01;35m[K]8;;https://gcc.gnu.org/onlinedocs/gcc/Warning-Options.html#index-Wunused-variable-Wunused-variable]8;;[m[K]
[12.939s]    47 |   char [01;35m[KerrorOpening[m[K = serial.openDevice(SERIAL_PORT, 19200);
[12.939s]       |        [01;35m[K^~~~~~~~~~~~[m[K
[20.634s] [100%] [32m[1mLinking CXX executable dtc[0m
[21.447s] /usr/bin/ld: CMakeFiles/dtc.dir/src/dtc.cpp.o: in function `main':
[21.448s] dtc.cpp:(.text+0x34): undefined reference to `serialib::serialib()'
[21.450s] /usr/bin/ld: dtc.cpp:(.text+0x58): undefined reference to `serialib::openDevice(char const*, unsigned int, SerialDataBits, SerialParity, SerialStopBits)'
[21.450s] /usr/bin/ld: dtc.cpp:(.text+0x74): undefined reference to `serialib::writeString(char const*)'
[21.451s] /usr/bin/ld: dtc.cpp:(.text+0x90): undefined reference to `serialib::writeString(char const*)'
[21.451s] /usr/bin/ld: dtc.cpp:(.text+0x170): undefined reference to `serialib::~serialib()'
[21.451s] /usr/bin/ld: dtc.cpp:(.text+0x1f0): undefined reference to `serialib::~serialib()'
[21.529s] collect2: error: ld returned 1 exit status
[21.534s] gmake[2]: *** [CMakeFiles/dtc.dir/build.make:159: dtc] Error 1
[21.535s] gmake[1]: *** [CMakeFiles/Makefile2:137: CMakeFiles/dtc.dir/all] Error 2
[21.537s] gmake: *** [Makefile:146: all] Error 2
[21.544s] Invoked command in '/home/moses/marp/build/dtc' returned '2': CMAKE_PREFIX_PATH=${CMAKE_PREFIX_PATH}:/opt/ros/humble /usr/bin/cmake --build /home/moses/marp/build/dtc -- -j4 -l4
