[0.078s] Invoking command in '/home/moses/marp/build/controller': CMAKE_PREFIX_PATH=/opt/ros/humble /usr/bin/cmake --build /home/moses/marp/build/controller -- -j4 -l4
[0.171s] -- Found ament_cmake: 1.3.9 (/opt/ros/humble/share/ament_cmake/cmake)
[1.072s] -- Found rclcpp: 16.0.9 (/opt/ros/humble/share/rclcpp/cmake)
[1.661s] -- Found rosidl_generator_c: 3.1.5 (/opt/ros/humble/share/rosidl_generator_c/cmake)
[1.705s] -- Found rosidl_adapter: 3.1.5 (/opt/ros/humble/share/rosidl_adapter/cmake)
[1.778s] -- Found rosidl_generator_cpp: 3.1.5 (/opt/ros/humble/share/rosidl_generator_cpp/cmake)
[1.980s] -- Using all available rosidl_typesupport_c: rosidl_typesupport_fastrtps_c;rosidl_typesupport_introspection_c
[2.124s] -- Using all available rosidl_typesupport_cpp: rosidl_typesupport_fastrtps_cpp;rosidl_typesupport_introspection_cpp
[2.591s] -- Found rmw_implementation_cmake: 6.1.2 (/opt/ros/humble/share/rmw_implementation_cmake/cmake)
[2.618s] -- Found rmw_fastrtps_cpp: 6.2.6 (/opt/ros/humble/share/rmw_fastrtps_cpp/cmake)
[3.249s] -- Found OpenSSL: /usr/lib/aarch64-linux-gnu/libcrypto.so (found version "3.0.2")  
[3.394s] -- Found FastRTPS: /opt/ros/humble/include  
[3.642s] -- Using RMW implementation 'rmw_fastrtps_cpp' as default
[3.737s] -- Looking for pthread.h
[4.194s] -- Looking for pthread.h - found
[4.196s] -- Performing Test CMAKE_HAVE_LIBC_PTHREAD
[4.688s] -- Performing Test CMAKE_HAVE_LIBC_PTHREAD - Success
[4.689s] -- Found Threads: TRUE  
[5.583s] -- Found ament_lint_auto: 0.12.11 (/opt/ros/humble/share/ament_lint_auto/cmake)
[5.981s] -- Added test 'cppcheck' to perform static code analysis on C / C++ code
[5.982s] -- Configured cppcheck include dirs: $<BUILD_INTERFACE:/home/moses/marp/src/controller/include>
[5.983s] -- Configured cppcheck exclude dirs and/or files: 
[5.986s] -- Added test 'lint_cmake' to check CMake code style
[5.991s] -- Added test 'uncrustify' to check C / C++ code style
[5.993s] -- Configured uncrustify additional arguments: 
[5.994s] -- Added test 'xmllint' to check XML markup files
[5.997s] -- Configuring done
[6.050s] -- Generating done
[6.062s] -- Build files have been written to: /home/moses/marp/build/controller
[6.244s] [ 50%] [32mBuilding CXX object CMakeFiles/controller.dir/src/controller.cpp.o[0m
[6.551s] [01m[K/home/moses/marp/src/controller/src/controller.cpp:11:10:[m[K [01;31m[Kfatal error: [m[Krclcpp/rclcpp.hpp: No such file or directory
[6.553s]    11 | #include [01;31m[K"rclcpp/rclcpp.hpp"[m[K
[6.554s]       |          [01;31m[K^~~~~~~~~~~~~~~~~~~[m[K
[6.555s] compilation terminated.
[6.561s] gmake[2]: *** [CMakeFiles/controller.dir/build.make:76: CMakeFiles/controller.dir/src/controller.cpp.o] Error 1
[6.561s] gmake[1]: *** [CMakeFiles/Makefile2:137: CMakeFiles/controller.dir/all] Error 2
[6.563s] gmake: *** [Makefile:146: all] Error 2
[6.601s] Invoked command in '/home/moses/marp/build/controller' returned '2': CMAKE_PREFIX_PATH=/opt/ros/humble /usr/bin/cmake --build /home/moses/marp/build/controller -- -j4 -l4
