[0.047s] Invoking command in '/home/moses/marp/build/controller': CMAKE_PREFIX_PATH=${CMAKE_PREFIX_PATH}:/opt/ros/humble /usr/bin/cmake --build /home/moses/marp/build/controller -- -j4 -l4
[0.227s] [35m[1mConsolidate compiler generated dependencies of target controller[0m
[0.322s] [ 50%] [32mBuilding CXX object CMakeFiles/controller.dir/src/controller.cpp.o[0m
[3.443s] In file included from [01m[K/home/moses/marp/src/controller/src/controller.cpp:7[m[K:
[3.444s] [01m[K/home/moses/marp/src/serialib/lib/serialib.cpp:[m[K In member function ‘[01m[Kint serialib::readStringNoTimeOut(char*, char, unsigned int)[m[K’:
[3.444s] [01m[K/home/moses/marp/src/serialib/lib/serialib.cpp:576:21:[m[K [01;35m[Kwarning: [m[Kcomparison is always false due to limited range of data type [[01;35m[K]8;;https://gcc.gnu.org/onlinedocs/gcc/Warning-Options.html#index-Wtype-limits-Wtype-limits]8;;[m[K]
[3.445s]   576 |         if ([01;35m[KcharRead<0[m[K) return charRead;
[3.446s]       |             [01;35m[K~~~~~~~~^~[m[K
[3.447s] [01m[K/home/moses/marp/src/serialib/lib/serialib.cpp:[m[K In member function ‘[01m[Kint serialib::readString(char*, char, unsigned int, unsigned int)[m[K’:
[3.448s] [01m[K/home/moses/marp/src/serialib/lib/serialib.cpp:639:25:[m[K [01;35m[Kwarning: [m[Kcomparison is always false due to limited range of data type [[01;35m[K]8;;https://gcc.gnu.org/onlinedocs/gcc/Warning-Options.html#index-Wtype-limits-Wtype-limits]8;;[m[K]
[3.449s]   639 |             if ([01;35m[KcharRead<0[m[K) return charRead;
[3.449s]       |                 [01;35m[K~~~~~~~~^~[m[K
[18.816s] [100%] [32m[1mLinking CXX executable controller[0m
[19.779s] [100%] Built target controller
[19.821s] Invoked command in '/home/moses/marp/build/controller' returned '0': CMAKE_PREFIX_PATH=${CMAKE_PREFIX_PATH}:/opt/ros/humble /usr/bin/cmake --build /home/moses/marp/build/controller -- -j4 -l4
[19.996s] Invoking command in '/home/moses/marp/build/controller': CMAKE_PREFIX_PATH=${CMAKE_PREFIX_PATH}:/opt/ros/humble /usr/bin/cmake --install /home/moses/marp/build/controller
[20.024s] -- Install configuration: ""
[20.026s] -- Installing: /home/moses/marp/install/controller/lib/controller/controller
[20.037s] -- Set runtime path of "/home/moses/marp/install/controller/lib/controller/controller" to ""
[20.038s] -- Up-to-date: /home/moses/marp/install/controller/share/ament_index/resource_index/package_run_dependencies/controller
[20.039s] -- Up-to-date: /home/moses/marp/install/controller/share/ament_index/resource_index/parent_prefix_path/controller
[20.040s] -- Up-to-date: /home/moses/marp/install/controller/share/controller/environment/ament_prefix_path.sh
[20.040s] -- Up-to-date: /home/moses/marp/install/controller/share/controller/environment/ament_prefix_path.dsv
[20.041s] -- Up-to-date: /home/moses/marp/install/controller/share/controller/environment/path.sh
[20.042s] -- Up-to-date: /home/moses/marp/install/controller/share/controller/environment/path.dsv
[20.043s] -- Up-to-date: /home/moses/marp/install/controller/share/controller/local_setup.bash
[20.043s] -- Up-to-date: /home/moses/marp/install/controller/share/controller/local_setup.sh
[20.044s] -- Up-to-date: /home/moses/marp/install/controller/share/controller/local_setup.zsh
[20.045s] -- Up-to-date: /home/moses/marp/install/controller/share/controller/local_setup.dsv
[20.045s] -- Installing: /home/moses/marp/install/controller/share/controller/package.dsv
[20.046s] -- Up-to-date: /home/moses/marp/install/controller/share/ament_index/resource_index/packages/controller
[20.047s] -- Up-to-date: /home/moses/marp/install/controller/share/controller/cmake/controllerConfig.cmake
[20.047s] -- Up-to-date: /home/moses/marp/install/controller/share/controller/cmake/controllerConfig-version.cmake
[20.048s] -- Up-to-date: /home/moses/marp/install/controller/share/controller/package.xml
[20.060s] Invoked command in '/home/moses/marp/build/controller' returned '0': CMAKE_PREFIX_PATH=${CMAKE_PREFIX_PATH}:/opt/ros/humble /usr/bin/cmake --install /home/moses/marp/build/controller
