[0.088s] Invoking command in '/home/moses/marp/build/turtlesim': CMAKE_PREFIX_PATH=/opt/ros/humble /usr/bin/cmake --build /home/moses/marp/build/turtlesim -- -j4 -l4
[0.426s] [ 10%] Built target turtlesim__rosidl_generator_c
[0.458s] [ 11%] Built target turtlesim__cpp
[0.552s] [ 11%] Built target ament_cmake_python_copy_turtlesim
[0.620s] [ 21%] Built target turtlesim__rosidl_typesupport_introspection_c
[0.690s] [ 31%] Built target turtlesim__rosidl_typesupport_c
[0.712s] [ 41%] Built target turtlesim__rosidl_typesupport_fastrtps_c
[0.852s] [ 51%] Built target turtlesim__rosidl_typesupport_introspection_cpp
[0.902s] [ 61%] Built target turtlesim__rosidl_typesupport_cpp
[0.975s] [ 71%] Built target turtlesim__rosidl_typesupport_fastrtps_cpp
[1.308s] [ 74%] Built target draw_square
[1.319s] [ 75%] Built target turtle_teleop_key
[1.392s] [ 81%] Built target turtlesim_node
[1.506s] [ 83%] Built target mimic
[1.526s] [ 83%] Built target turtlesim
[1.653s] [ 84%] Built target turtlesim__py
[1.791s] [ 93%] Built target turtlesim__rosidl_generator_py
[1.944s] [ 95%] Built target turtlesim__rosidl_typesupport_introspection_c__pyext
[1.951s] [ 97%] Built target turtlesim__rosidl_typesupport_fastrtps_c__pyext
[1.978s] [100%] Built target turtlesim__rosidl_typesupport_c__pyext
[2.386s] running egg_info
[2.391s] writing turtlesim.egg-info/PKG-INFO
[2.394s] writing dependency_links to turtlesim.egg-info/dependency_links.txt
[2.398s] writing top-level names to turtlesim.egg-info/top_level.txt
[2.425s] reading manifest file 'turtlesim.egg-info/SOURCES.txt'
[2.431s] writing manifest file 'turtlesim.egg-info/SOURCES.txt'
[2.630s] [100%] Built target ament_cmake_python_build_turtlesim_egg
[2.680s] Invoked command in '/home/moses/marp/build/turtlesim' returned '0': CMAKE_PREFIX_PATH=/opt/ros/humble /usr/bin/cmake --build /home/moses/marp/build/turtlesim -- -j4 -l4
[3.935s] Invoking command in '/home/moses/marp/build/turtlesim': CMAKE_PREFIX_PATH=/opt/ros/humble /usr/bin/cmake --install /home/moses/marp/build/turtlesim
[3.962s] -- Install configuration: ""
[3.977s] -- Up-to-date: /home/moses/marp/install/turtlesim/share/ament_index/resource_index/rosidl_interfaces/turtlesim
[3.978s] -- Up-to-date: /home/moses/marp/install/turtlesim/include/turtlesim/turtlesim
[3.979s] -- Up-to-date: /home/moses/marp/install/turtlesim/include/turtlesim/turtlesim/srv
[3.979s] -- Up-to-date: /home/moses/marp/install/turtlesim/include/turtlesim/turtlesim/srv/teleport_absolute.h
[3.980s] -- Up-to-date: /home/moses/marp/install/turtlesim/include/turtlesim/turtlesim/srv/set_pen.h
[3.981s] -- Up-to-date: /home/moses/marp/install/turtlesim/include/turtlesim/turtlesim/srv/kill.h
[3.981s] -- Up-to-date: /home/moses/marp/install/turtlesim/include/turtlesim/turtlesim/srv/teleport_relative.h
[3.982s] -- Up-to-date: /home/moses/marp/install/turtlesim/include/turtlesim/turtlesim/srv/detail
[3.983s] -- Up-to-date: /home/moses/marp/install/turtlesim/include/turtlesim/turtlesim/srv/detail/spawn__type_support.h
[3.984s] -- Up-to-date: /home/moses/marp/install/turtlesim/include/turtlesim/turtlesim/srv/detail/spawn__struct.h
[3.989s] -- Up-to-date: /home/moses/marp/install/turtlesim/include/turtlesim/turtlesim/srv/detail/teleport_absolute__type_support.h
[3.990s] -- Up-to-date: /home/moses/marp/install/turtlesim/include/turtlesim/turtlesim/srv/detail/set_pen__functions.c
[3.990s] -- Up-to-date: /home/moses/marp/install/turtlesim/include/turtlesim/turtlesim/srv/detail/teleport_relative__struct.h
[3.991s] -- Up-to-date: /home/moses/marp/install/turtlesim/include/turtlesim/turtlesim/srv/detail/teleport_absolute__functions.c
[3.992s] -- Up-to-date: /home/moses/marp/install/turtlesim/include/turtlesim/turtlesim/srv/detail/teleport_relative__functions.h
[3.992s] -- Up-to-date: /home/moses/marp/install/turtlesim/include/turtlesim/turtlesim/srv/detail/teleport_relative__functions.c
[3.993s] -- Up-to-date: /home/moses/marp/install/turtlesim/include/turtlesim/turtlesim/srv/detail/teleport_absolute__struct.h
[4.001s] -- Up-to-date: /home/moses/marp/install/turtlesim/include/turtlesim/turtlesim/srv/detail/set_pen__struct.h
[4.002s] -- Up-to-date: /home/moses/marp/install/turtlesim/include/turtlesim/turtlesim/srv/detail/spawn__functions.c
[4.003s] -- Up-to-date: /home/moses/marp/install/turtlesim/include/turtlesim/turtlesim/srv/detail/kill__functions.h
[4.004s] -- Up-to-date: /home/moses/marp/install/turtlesim/include/turtlesim/turtlesim/srv/detail/kill__type_support.h
[4.004s] -- Up-to-date: /home/moses/marp/install/turtlesim/include/turtlesim/turtlesim/srv/detail/set_pen__type_support.h
[4.005s] -- Up-to-date: /home/moses/marp/install/turtlesim/include/turtlesim/turtlesim/srv/detail/kill__struct.h
[4.005s] -- Up-to-date: /home/moses/marp/install/turtlesim/include/turtlesim/turtlesim/srv/detail/teleport_relative__type_support.h
[4.006s] -- Up-to-date: /home/moses/marp/install/turtlesim/include/turtlesim/turtlesim/srv/detail/spawn__functions.h
[4.006s] -- Up-to-date: /home/moses/marp/install/turtlesim/include/turtlesim/turtlesim/srv/detail/kill__functions.c
[4.007s] -- Up-to-date: /home/moses/marp/install/turtlesim/include/turtlesim/turtlesim/srv/detail/teleport_absolute__functions.h
[4.008s] -- Up-to-date: /home/moses/marp/install/turtlesim/include/turtlesim/turtlesim/srv/detail/set_pen__functions.h
[4.008s] -- Up-to-date: /home/moses/marp/install/turtlesim/include/turtlesim/turtlesim/srv/spawn.h
[4.009s] -- Up-to-date: /home/moses/marp/install/turtlesim/include/turtlesim/turtlesim/action
[4.018s] -- Up-to-date: /home/moses/marp/install/turtlesim/include/turtlesim/turtlesim/action/rotate_absolute.h
[4.018s] -- Up-to-date: /home/moses/marp/install/turtlesim/include/turtlesim/turtlesim/action/detail
[4.019s] -- Up-to-date: /home/moses/marp/install/turtlesim/include/turtlesim/turtlesim/action/detail/rotate_absolute__type_support.h
[4.019s] -- Up-to-date: /home/moses/marp/install/turtlesim/include/turtlesim/turtlesim/action/detail/rotate_absolute__struct.h
[4.020s] -- Up-to-date: /home/moses/marp/install/turtlesim/include/turtlesim/turtlesim/action/detail/rotate_absolute__functions.h
[4.020s] -- Up-to-date: /home/moses/marp/install/turtlesim/include/turtlesim/turtlesim/action/detail/rotate_absolute__functions.c
[4.021s] -- Up-to-date: /home/moses/marp/install/turtlesim/include/turtlesim/turtlesim/msg
[4.021s] -- Up-to-date: /home/moses/marp/install/turtlesim/include/turtlesim/turtlesim/msg/pose.h
[4.022s] -- Up-to-date: /home/moses/marp/install/turtlesim/include/turtlesim/turtlesim/msg/detail
[4.022s] -- Up-to-date: /home/moses/marp/install/turtlesim/include/turtlesim/turtlesim/msg/detail/pose__type_support.h
[4.023s] -- Up-to-date: /home/moses/marp/install/turtlesim/include/turtlesim/turtlesim/msg/detail/color__functions.h
[4.023s] -- Up-to-date: /home/moses/marp/install/turtlesim/include/turtlesim/turtlesim/msg/detail/pose__functions.h
[4.023s] -- Up-to-date: /home/moses/marp/install/turtlesim/include/turtlesim/turtlesim/msg/detail/color__type_support.h
[4.024s] -- Up-to-date: /home/moses/marp/install/turtlesim/include/turtlesim/turtlesim/msg/detail/pose__functions.c
[4.024s] -- Up-to-date: /home/moses/marp/install/turtlesim/include/turtlesim/turtlesim/msg/detail/color__functions.c
[4.025s] -- Up-to-date: /home/moses/marp/install/turtlesim/include/turtlesim/turtlesim/msg/detail/color__struct.h
[4.025s] -- Up-to-date: /home/moses/marp/install/turtlesim/include/turtlesim/turtlesim/msg/detail/pose__struct.h
[4.026s] -- Up-to-date: /home/moses/marp/install/turtlesim/include/turtlesim/turtlesim/msg/color.h
[4.026s] -- Up-to-date: /home/moses/marp/install/turtlesim/include/turtlesim/turtlesim/msg/rosidl_generator_c__visibility_control.h
[4.027s] -- Up-to-date: /home/moses/marp/install/turtlesim/share/turtlesim/environment/library_path.sh
[4.027s] -- Up-to-date: /home/moses/marp/install/turtlesim/share/turtlesim/environment/library_path.dsv
[4.027s] -- Up-to-date: /home/moses/marp/install/turtlesim/lib/libturtlesim__rosidl_generator_c.so
[4.028s] -- Up-to-date: /home/moses/marp/install/turtlesim/include/turtlesim/turtlesim
[4.028s] -- Up-to-date: /home/moses/marp/install/turtlesim/include/turtlesim/turtlesim/srv
[4.029s] -- Up-to-date: /home/moses/marp/install/turtlesim/include/turtlesim/turtlesim/srv/detail
[4.031s] -- Up-to-date: /home/moses/marp/install/turtlesim/include/turtlesim/turtlesim/srv/detail/spawn__rosidl_typesupport_fastrtps_c.h
[4.033s] -- Up-to-date: /home/moses/marp/install/turtlesim/include/turtlesim/turtlesim/srv/detail/set_pen__rosidl_typesupport_fastrtps_c.h
[4.034s] -- Up-to-date: /home/moses/marp/install/turtlesim/include/turtlesim/turtlesim/srv/detail/teleport_absolute__rosidl_typesupport_fastrtps_c.h
[4.035s] -- Up-to-date: /home/moses/marp/install/turtlesim/include/turtlesim/turtlesim/srv/detail/kill__rosidl_typesupport_fastrtps_c.h
[4.036s] -- Up-to-date: /home/moses/marp/install/turtlesim/include/turtlesim/turtlesim/srv/detail/teleport_relative__rosidl_typesupport_fastrtps_c.h
[4.036s] -- Up-to-date: /home/moses/marp/install/turtlesim/include/turtlesim/turtlesim/action
[4.037s] -- Up-to-date: /home/moses/marp/install/turtlesim/include/turtlesim/turtlesim/action/detail
[4.038s] -- Up-to-date: /home/moses/marp/install/turtlesim/include/turtlesim/turtlesim/action/detail/rotate_absolute__rosidl_typesupport_fastrtps_c.h
[4.038s] -- Up-to-date: /home/moses/marp/install/turtlesim/include/turtlesim/turtlesim/msg
[4.040s] -- Up-to-date: /home/moses/marp/install/turtlesim/include/turtlesim/turtlesim/msg/rosidl_typesupport_fastrtps_c__visibility_control.h
[4.041s] -- Up-to-date: /home/moses/marp/install/turtlesim/include/turtlesim/turtlesim/msg/detail
[4.042s] -- Up-to-date: /home/moses/marp/install/turtlesim/include/turtlesim/turtlesim/msg/detail/pose__rosidl_typesupport_fastrtps_c.h
[4.042s] -- Up-to-date: /home/moses/marp/install/turtlesim/include/turtlesim/turtlesim/msg/detail/color__rosidl_typesupport_fastrtps_c.h
[4.043s] -- Up-to-date: /home/moses/marp/install/turtlesim/lib/libturtlesim__rosidl_typesupport_fastrtps_c.so
[4.043s] -- Up-to-date: /home/moses/marp/install/turtlesim/include/turtlesim/turtlesim
[4.044s] -- Up-to-date: /home/moses/marp/install/turtlesim/include/turtlesim/turtlesim/srv
[4.047s] -- Up-to-date: /home/moses/marp/install/turtlesim/include/turtlesim/turtlesim/srv/set_pen.hpp
[4.048s] -- Up-to-date: /home/moses/marp/install/turtlesim/include/turtlesim/turtlesim/srv/kill.hpp
[4.049s] -- Up-to-date: /home/moses/marp/install/turtlesim/include/turtlesim/turtlesim/srv/spawn.hpp
[4.050s] -- Up-to-date: /home/moses/marp/install/turtlesim/include/turtlesim/turtlesim/srv/teleport_absolute.hpp
[4.051s] -- Up-to-date: /home/moses/marp/install/turtlesim/include/turtlesim/turtlesim/srv/detail
[4.051s] -- Up-to-date: /home/moses/marp/install/turtlesim/include/turtlesim/turtlesim/srv/detail/set_pen__traits.hpp
[4.052s] -- Up-to-date: /home/moses/marp/install/turtlesim/include/turtlesim/turtlesim/srv/detail/kill__struct.hpp
[4.053s] -- Up-to-date: /home/moses/marp/install/turtlesim/include/turtlesim/turtlesim/srv/detail/set_pen__struct.hpp
[4.053s] -- Up-to-date: /home/moses/marp/install/turtlesim/include/turtlesim/turtlesim/srv/detail/teleport_relative__builder.hpp
[4.054s] -- Up-to-date: /home/moses/marp/install/turtlesim/include/turtlesim/turtlesim/srv/detail/spawn__struct.hpp
[4.055s] -- Up-to-date: /home/moses/marp/install/turtlesim/include/turtlesim/turtlesim/srv/detail/teleport_relative__struct.hpp
[4.055s] -- Up-to-date: /home/moses/marp/install/turtlesim/include/turtlesim/turtlesim/srv/detail/teleport_absolute__struct.hpp
[4.056s] -- Up-to-date: /home/moses/marp/install/turtlesim/include/turtlesim/turtlesim/srv/detail/spawn__traits.hpp
[4.057s] -- Up-to-date: /home/moses/marp/install/turtlesim/include/turtlesim/turtlesim/srv/detail/spawn__builder.hpp
[4.057s] -- Up-to-date: /home/moses/marp/install/turtlesim/include/turtlesim/turtlesim/srv/detail/set_pen__builder.hpp
[4.058s] -- Up-to-date: /home/moses/marp/install/turtlesim/include/turtlesim/turtlesim/srv/detail/teleport_relative__traits.hpp
[4.059s] -- Up-to-date: /home/moses/marp/install/turtlesim/include/turtlesim/turtlesim/srv/detail/teleport_absolute__builder.hpp
[4.060s] -- Up-to-date: /home/moses/marp/install/turtlesim/include/turtlesim/turtlesim/srv/detail/teleport_absolute__traits.hpp
[4.060s] -- Up-to-date: /home/moses/marp/install/turtlesim/include/turtlesim/turtlesim/srv/detail/kill__builder.hpp
[4.061s] -- Up-to-date: /home/moses/marp/install/turtlesim/include/turtlesim/turtlesim/srv/detail/kill__traits.hpp
[4.061s] -- Up-to-date: /home/moses/marp/install/turtlesim/include/turtlesim/turtlesim/srv/teleport_relative.hpp
[4.062s] -- Up-to-date: /home/moses/marp/install/turtlesim/include/turtlesim/turtlesim/action
[4.062s] -- Up-to-date: /home/moses/marp/install/turtlesim/include/turtlesim/turtlesim/action/rotate_absolute.hpp
[4.063s] -- Up-to-date: /home/moses/marp/install/turtlesim/include/turtlesim/turtlesim/action/detail
[4.063s] -- Up-to-date: /home/moses/marp/install/turtlesim/include/turtlesim/turtlesim/action/detail/rotate_absolute__struct.hpp
[4.064s] -- Up-to-date: /home/moses/marp/install/turtlesim/include/turtlesim/turtlesim/action/detail/rotate_absolute__traits.hpp
[4.064s] -- Up-to-date: /home/moses/marp/install/turtlesim/include/turtlesim/turtlesim/action/detail/rotate_absolute__builder.hpp
[4.065s] -- Up-to-date: /home/moses/marp/install/turtlesim/include/turtlesim/turtlesim/msg
[4.066s] -- Up-to-date: /home/moses/marp/install/turtlesim/include/turtlesim/turtlesim/msg/color.hpp
[4.067s] -- Up-to-date: /home/moses/marp/install/turtlesim/include/turtlesim/turtlesim/msg/pose.hpp
[4.073s] -- Up-to-date: /home/moses/marp/install/turtlesim/include/turtlesim/turtlesim/msg/detail
[4.074s] -- Up-to-date: /home/moses/marp/install/turtlesim/include/turtlesim/turtlesim/msg/detail/color__struct.hpp
[4.075s] -- Up-to-date: /home/moses/marp/install/turtlesim/include/turtlesim/turtlesim/msg/detail/color__builder.hpp
[4.075s] -- Up-to-date: /home/moses/marp/install/turtlesim/include/turtlesim/turtlesim/msg/detail/pose__traits.hpp
[4.076s] -- Up-to-date: /home/moses/marp/install/turtlesim/include/turtlesim/turtlesim/msg/detail/color__traits.hpp
[4.077s] -- Up-to-date: /home/moses/marp/install/turtlesim/include/turtlesim/turtlesim/msg/detail/pose__builder.hpp
[4.077s] -- Up-to-date: /home/moses/marp/install/turtlesim/include/turtlesim/turtlesim/msg/detail/pose__struct.hpp
[4.078s] -- Up-to-date: /home/moses/marp/install/turtlesim/include/turtlesim/turtlesim
[4.078s] -- Up-to-date: /home/moses/marp/install/turtlesim/include/turtlesim/turtlesim/srv
[4.079s] -- Up-to-date: /home/moses/marp/install/turtlesim/include/turtlesim/turtlesim/srv/detail
[4.079s] -- Up-to-date: /home/moses/marp/install/turtlesim/include/turtlesim/turtlesim/srv/detail/teleport_absolute__rosidl_typesupport_fastrtps_cpp.hpp
[4.080s] -- Up-to-date: /home/moses/marp/install/turtlesim/include/turtlesim/turtlesim/srv/detail/kill__rosidl_typesupport_fastrtps_cpp.hpp
[4.080s] -- Up-to-date: /home/moses/marp/install/turtlesim/include/turtlesim/turtlesim/srv/detail/spawn__rosidl_typesupport_fastrtps_cpp.hpp
[4.081s] -- Up-to-date: /home/moses/marp/install/turtlesim/include/turtlesim/turtlesim/srv/detail/dds_fastrtps
[4.081s] -- Up-to-date: /home/moses/marp/install/turtlesim/include/turtlesim/turtlesim/srv/detail/teleport_relative__rosidl_typesupport_fastrtps_cpp.hpp
[4.081s] -- Up-to-date: /home/moses/marp/install/turtlesim/include/turtlesim/turtlesim/srv/detail/set_pen__rosidl_typesupport_fastrtps_cpp.hpp
[4.082s] -- Up-to-date: /home/moses/marp/install/turtlesim/include/turtlesim/turtlesim/action
[4.082s] -- Up-to-date: /home/moses/marp/install/turtlesim/include/turtlesim/turtlesim/action/detail
[4.083s] -- Up-to-date: /home/moses/marp/install/turtlesim/include/turtlesim/turtlesim/action/detail/rotate_absolute__rosidl_typesupport_fastrtps_cpp.hpp
[4.083s] -- Up-to-date: /home/moses/marp/install/turtlesim/include/turtlesim/turtlesim/action/detail/dds_fastrtps
[4.084s] -- Up-to-date: /home/moses/marp/install/turtlesim/include/turtlesim/turtlesim/msg
[4.084s] -- Up-to-date: /home/moses/marp/install/turtlesim/include/turtlesim/turtlesim/msg/rosidl_typesupport_fastrtps_cpp__visibility_control.h
[4.084s] -- Up-to-date: /home/moses/marp/install/turtlesim/include/turtlesim/turtlesim/msg/detail
[4.085s] -- Up-to-date: /home/moses/marp/install/turtlesim/include/turtlesim/turtlesim/msg/detail/color__rosidl_typesupport_fastrtps_cpp.hpp
[4.086s] -- Up-to-date: /home/moses/marp/install/turtlesim/include/turtlesim/turtlesim/msg/detail/pose__rosidl_typesupport_fastrtps_cpp.hpp
[4.094s] -- Up-to-date: /home/moses/marp/install/turtlesim/include/turtlesim/turtlesim/msg/detail/dds_fastrtps
[4.095s] -- Up-to-date: /home/moses/marp/install/turtlesim/lib/libturtlesim__rosidl_typesupport_fastrtps_cpp.so
[4.095s] -- Up-to-date: /home/moses/marp/install/turtlesim/include/turtlesim/turtlesim
[4.096s] -- Up-to-date: /home/moses/marp/install/turtlesim/include/turtlesim/turtlesim/srv
[4.096s] -- Up-to-date: /home/moses/marp/install/turtlesim/include/turtlesim/turtlesim/srv/detail
[4.097s] -- Up-to-date: /home/moses/marp/install/turtlesim/include/turtlesim/turtlesim/srv/detail/set_pen__rosidl_typesupport_introspection_c.h
[4.097s] -- Up-to-date: /home/moses/marp/install/turtlesim/include/turtlesim/turtlesim/srv/detail/teleport_relative__type_support.c
[4.098s] -- Up-to-date: /home/moses/marp/install/turtlesim/include/turtlesim/turtlesim/srv/detail/teleport_relative__rosidl_typesupport_introspection_c.h
[4.098s] -- Up-to-date: /home/moses/marp/install/turtlesim/include/turtlesim/turtlesim/srv/detail/kill__rosidl_typesupport_introspection_c.h
[4.099s] -- Up-to-date: /home/moses/marp/install/turtlesim/include/turtlesim/turtlesim/srv/detail/spawn__type_support.c
[4.100s] -- Up-to-date: /home/moses/marp/install/turtlesim/include/turtlesim/turtlesim/srv/detail/teleport_absolute__rosidl_typesupport_introspection_c.h
[4.100s] -- Up-to-date: /home/moses/marp/install/turtlesim/include/turtlesim/turtlesim/srv/detail/spawn__rosidl_typesupport_introspection_c.h
[4.101s] -- Up-to-date: /home/moses/marp/install/turtlesim/include/turtlesim/turtlesim/srv/detail/set_pen__type_support.c
[4.113s] -- Up-to-date: /home/moses/marp/install/turtlesim/include/turtlesim/turtlesim/srv/detail/kill__type_support.c
[4.114s] -- Up-to-date: /home/moses/marp/install/turtlesim/include/turtlesim/turtlesim/srv/detail/teleport_absolute__type_support.c
[4.114s] -- Up-to-date: /home/moses/marp/install/turtlesim/include/turtlesim/turtlesim/action
[4.114s] -- Up-to-date: /home/moses/marp/install/turtlesim/include/turtlesim/turtlesim/action/detail
[4.115s] -- Up-to-date: /home/moses/marp/install/turtlesim/include/turtlesim/turtlesim/action/detail/rotate_absolute__rosidl_typesupport_introspection_c.h
[4.115s] -- Up-to-date: /home/moses/marp/install/turtlesim/include/turtlesim/turtlesim/action/detail/rotate_absolute__type_support.c
[4.116s] -- Up-to-date: /home/moses/marp/install/turtlesim/include/turtlesim/turtlesim/msg
[4.116s] -- Up-to-date: /home/moses/marp/install/turtlesim/include/turtlesim/turtlesim/msg/detail
[4.117s] -- Up-to-date: /home/moses/marp/install/turtlesim/include/turtlesim/turtlesim/msg/detail/color__type_support.c
[4.117s] -- Up-to-date: /home/moses/marp/install/turtlesim/include/turtlesim/turtlesim/msg/detail/pose__rosidl_typesupport_introspection_c.h
[4.118s] -- Up-to-date: /home/moses/marp/install/turtlesim/include/turtlesim/turtlesim/msg/detail/color__rosidl_typesupport_introspection_c.h
[4.118s] -- Up-to-date: /home/moses/marp/install/turtlesim/include/turtlesim/turtlesim/msg/detail/pose__type_support.c
[4.119s] -- Up-to-date: /home/moses/marp/install/turtlesim/include/turtlesim/turtlesim/msg/rosidl_typesupport_introspection_c__visibility_control.h
[4.119s] -- Up-to-date: /home/moses/marp/install/turtlesim/lib/libturtlesim__rosidl_typesupport_introspection_c.so
[4.120s] -- Up-to-date: /home/moses/marp/install/turtlesim/lib/libturtlesim__rosidl_typesupport_c.so
[4.122s] -- Up-to-date: /home/moses/marp/install/turtlesim/include/turtlesim/turtlesim
[4.122s] -- Up-to-date: /home/moses/marp/install/turtlesim/include/turtlesim/turtlesim/srv
[4.123s] -- Up-to-date: /home/moses/marp/install/turtlesim/include/turtlesim/turtlesim/srv/detail
[4.123s] -- Up-to-date: /home/moses/marp/install/turtlesim/include/turtlesim/turtlesim/srv/detail/spawn__rosidl_typesupport_introspection_cpp.hpp
[4.124s] -- Up-to-date: /home/moses/marp/install/turtlesim/include/turtlesim/turtlesim/srv/detail/teleport_absolute__rosidl_typesupport_introspection_cpp.hpp
[4.124s] -- Up-to-date: /home/moses/marp/install/turtlesim/include/turtlesim/turtlesim/srv/detail/set_pen__type_support.cpp
[4.125s] -- Up-to-date: /home/moses/marp/install/turtlesim/include/turtlesim/turtlesim/srv/detail/teleport_relative__rosidl_typesupport_introspection_cpp.hpp
[4.125s] -- Up-to-date: /home/moses/marp/install/turtlesim/include/turtlesim/turtlesim/srv/detail/teleport_relative__type_support.cpp
[4.126s] -- Up-to-date: /home/moses/marp/install/turtlesim/include/turtlesim/turtlesim/srv/detail/kill__type_support.cpp
[4.126s] -- Up-to-date: /home/moses/marp/install/turtlesim/include/turtlesim/turtlesim/srv/detail/spawn__type_support.cpp
[4.127s] -- Up-to-date: /home/moses/marp/install/turtlesim/include/turtlesim/turtlesim/srv/detail/kill__rosidl_typesupport_introspection_cpp.hpp
[4.127s] -- Up-to-date: /home/moses/marp/install/turtlesim/include/turtlesim/turtlesim/srv/detail/set_pen__rosidl_typesupport_introspection_cpp.hpp
[4.128s] -- Up-to-date: /home/moses/marp/install/turtlesim/include/turtlesim/turtlesim/srv/detail/teleport_absolute__type_support.cpp
[4.129s] -- Up-to-date: /home/moses/marp/install/turtlesim/include/turtlesim/turtlesim/action
[4.129s] -- Up-to-date: /home/moses/marp/install/turtlesim/include/turtlesim/turtlesim/action/detail
[4.130s] -- Up-to-date: /home/moses/marp/install/turtlesim/include/turtlesim/turtlesim/action/detail/rotate_absolute__type_support.cpp
[4.130s] -- Up-to-date: /home/moses/marp/install/turtlesim/include/turtlesim/turtlesim/action/detail/rotate_absolute__rosidl_typesupport_introspection_cpp.hpp
[4.131s] -- Up-to-date: /home/moses/marp/install/turtlesim/include/turtlesim/turtlesim/msg
[4.131s] -- Up-to-date: /home/moses/marp/install/turtlesim/include/turtlesim/turtlesim/msg/detail
[4.132s] -- Up-to-date: /home/moses/marp/install/turtlesim/include/turtlesim/turtlesim/msg/detail/pose__type_support.cpp
[4.132s] -- Up-to-date: /home/moses/marp/install/turtlesim/include/turtlesim/turtlesim/msg/detail/pose__rosidl_typesupport_introspection_cpp.hpp
[4.133s] -- Up-to-date: /home/moses/marp/install/turtlesim/include/turtlesim/turtlesim/msg/detail/color__type_support.cpp
[4.135s] -- Up-to-date: /home/moses/marp/install/turtlesim/include/turtlesim/turtlesim/msg/detail/color__rosidl_typesupport_introspection_cpp.hpp
[4.137s] -- Up-to-date: /home/moses/marp/install/turtlesim/lib/libturtlesim__rosidl_typesupport_introspection_cpp.so
[4.137s] -- Up-to-date: /home/moses/marp/install/turtlesim/lib/libturtlesim__rosidl_typesupport_cpp.so
[4.138s] -- Up-to-date: /home/moses/marp/install/turtlesim/share/turtlesim/environment/pythonpath.sh
[4.139s] -- Up-to-date: /home/moses/marp/install/turtlesim/share/turtlesim/environment/pythonpath.dsv
[4.141s] -- Up-to-date: /home/moses/marp/install/turtlesim/local/lib/python3.10/dist-packages/turtlesim-1.4.2-py3.10.egg-info
[4.141s] -- Installing: /home/moses/marp/install/turtlesim/local/lib/python3.10/dist-packages/turtlesim-1.4.2-py3.10.egg-info/SOURCES.txt
[4.142s] -- Installing: /home/moses/marp/install/turtlesim/local/lib/python3.10/dist-packages/turtlesim-1.4.2-py3.10.egg-info/dependency_links.txt
[4.143s] -- Installing: /home/moses/marp/install/turtlesim/local/lib/python3.10/dist-packages/turtlesim-1.4.2-py3.10.egg-info/PKG-INFO
[4.143s] -- Installing: /home/moses/marp/install/turtlesim/local/lib/python3.10/dist-packages/turtlesim-1.4.2-py3.10.egg-info/top_level.txt
[4.144s] -- Up-to-date: /home/moses/marp/install/turtlesim/local/lib/python3.10/dist-packages/turtlesim
[4.144s] -- Up-to-date: /home/moses/marp/install/turtlesim/local/lib/python3.10/dist-packages/turtlesim/__init__.py
[4.144s] -- Up-to-date: /home/moses/marp/install/turtlesim/local/lib/python3.10/dist-packages/turtlesim/libturtlesim__rosidl_generator_py.so
[4.145s] -- Up-to-date: /home/moses/marp/install/turtlesim/local/lib/python3.10/dist-packages/turtlesim/_turtlesim_s.ep.rosidl_typesupport_c.c
[4.146s] -- Up-to-date: /home/moses/marp/install/turtlesim/local/lib/python3.10/dist-packages/turtlesim/turtlesim_s__rosidl_typesupport_introspection_c.cpython-310-aarch64-linux-gnu.so
[4.148s] -- Up-to-date: /home/moses/marp/install/turtlesim/local/lib/python3.10/dist-packages/turtlesim/_turtlesim_s.ep.rosidl_typesupport_fastrtps_c.c
[4.149s] -- Up-to-date: /home/moses/marp/install/turtlesim/local/lib/python3.10/dist-packages/turtlesim/turtlesim_s__rosidl_typesupport_c.cpython-310-aarch64-linux-gnu.so
[4.149s] -- Up-to-date: /home/moses/marp/install/turtlesim/local/lib/python3.10/dist-packages/turtlesim/srv
[4.150s] -- Up-to-date: /home/moses/marp/install/turtlesim/local/lib/python3.10/dist-packages/turtlesim/srv/__init__.py
[4.150s] -- Up-to-date: /home/moses/marp/install/turtlesim/local/lib/python3.10/dist-packages/turtlesim/srv/_teleport_relative_s.c
[4.151s] -- Up-to-date: /home/moses/marp/install/turtlesim/local/lib/python3.10/dist-packages/turtlesim/srv/_set_pen.py
[4.151s] -- Up-to-date: /home/moses/marp/install/turtlesim/local/lib/python3.10/dist-packages/turtlesim/srv/_teleport_relative.py
[4.152s] -- Up-to-date: /home/moses/marp/install/turtlesim/local/lib/python3.10/dist-packages/turtlesim/srv/_teleport_absolute.py
[4.152s] -- Up-to-date: /home/moses/marp/install/turtlesim/local/lib/python3.10/dist-packages/turtlesim/srv/_spawn_s.c
[4.153s] -- Up-to-date: /home/moses/marp/install/turtlesim/local/lib/python3.10/dist-packages/turtlesim/srv/_set_pen_s.c
[4.153s] -- Up-to-date: /home/moses/marp/install/turtlesim/local/lib/python3.10/dist-packages/turtlesim/srv/_kill_s.c
[4.154s] -- Up-to-date: /home/moses/marp/install/turtlesim/local/lib/python3.10/dist-packages/turtlesim/srv/_teleport_absolute_s.c
[4.154s] -- Up-to-date: /home/moses/marp/install/turtlesim/local/lib/python3.10/dist-packages/turtlesim/srv/_spawn.py
[4.155s] -- Up-to-date: /home/moses/marp/install/turtlesim/local/lib/python3.10/dist-packages/turtlesim/srv/_kill.py
[4.155s] -- Up-to-date: /home/moses/marp/install/turtlesim/local/lib/python3.10/dist-packages/turtlesim/_turtlesim_s.ep.rosidl_typesupport_introspection_c.c
[4.156s] -- Up-to-date: /home/moses/marp/install/turtlesim/local/lib/python3.10/dist-packages/turtlesim/action
[4.156s] -- Up-to-date: /home/moses/marp/install/turtlesim/local/lib/python3.10/dist-packages/turtlesim/action/__init__.py
[4.157s] -- Up-to-date: /home/moses/marp/install/turtlesim/local/lib/python3.10/dist-packages/turtlesim/action/_rotate_absolute.py
[4.157s] -- Up-to-date: /home/moses/marp/install/turtlesim/local/lib/python3.10/dist-packages/turtlesim/action/_rotate_absolute_s.c
[4.158s] -- Up-to-date: /home/moses/marp/install/turtlesim/local/lib/python3.10/dist-packages/turtlesim/msg
[4.158s] -- Up-to-date: /home/moses/marp/install/turtlesim/local/lib/python3.10/dist-packages/turtlesim/msg/__init__.py
[4.159s] -- Up-to-date: /home/moses/marp/install/turtlesim/local/lib/python3.10/dist-packages/turtlesim/msg/_pose_s.c
[4.159s] -- Up-to-date: /home/moses/marp/install/turtlesim/local/lib/python3.10/dist-packages/turtlesim/msg/_color_s.c
[4.160s] -- Up-to-date: /home/moses/marp/install/turtlesim/local/lib/python3.10/dist-packages/turtlesim/msg/_color.py
[4.161s] -- Up-to-date: /home/moses/marp/install/turtlesim/local/lib/python3.10/dist-packages/turtlesim/msg/_pose.py
[4.162s] -- Up-to-date: /home/moses/marp/install/turtlesim/local/lib/python3.10/dist-packages/turtlesim/turtlesim_s__rosidl_typesupport_fastrtps_c.cpython-310-aarch64-linux-gnu.so
[4.227s] Listing '/home/moses/marp/install/turtlesim/local/lib/python3.10/dist-packages/turtlesim'...
[4.229s] Listing '/home/moses/marp/install/turtlesim/local/lib/python3.10/dist-packages/turtlesim/action'...
[4.231s] Listing '/home/moses/marp/install/turtlesim/local/lib/python3.10/dist-packages/turtlesim/msg'...
[4.233s] Listing '/home/moses/marp/install/turtlesim/local/lib/python3.10/dist-packages/turtlesim/srv'...
[4.255s] -- Up-to-date: /home/moses/marp/install/turtlesim/local/lib/python3.10/dist-packages/turtlesim/turtlesim_s__rosidl_typesupport_fastrtps_c.cpython-310-aarch64-linux-gnu.so
[4.258s] -- Up-to-date: /home/moses/marp/install/turtlesim/local/lib/python3.10/dist-packages/turtlesim/turtlesim_s__rosidl_typesupport_introspection_c.cpython-310-aarch64-linux-gnu.so
[4.261s] -- Up-to-date: /home/moses/marp/install/turtlesim/local/lib/python3.10/dist-packages/turtlesim/turtlesim_s__rosidl_typesupport_c.cpython-310-aarch64-linux-gnu.so
[4.263s] -- Up-to-date: /home/moses/marp/install/turtlesim/lib/libturtlesim__rosidl_generator_py.so
[4.265s] -- Up-to-date: /home/moses/marp/install/turtlesim/share/turtlesim/action/RotateAbsolute.idl
[4.267s] -- Up-to-date: /home/moses/marp/install/turtlesim/share/turtlesim/msg/Color.idl
[4.268s] -- Up-to-date: /home/moses/marp/install/turtlesim/share/turtlesim/msg/Pose.idl
[4.269s] -- Up-to-date: /home/moses/marp/install/turtlesim/share/turtlesim/srv/Kill.idl
[4.271s] -- Up-to-date: /home/moses/marp/install/turtlesim/share/turtlesim/srv/SetPen.idl
[4.272s] -- Up-to-date: /home/moses/marp/install/turtlesim/share/turtlesim/srv/Spawn.idl
[4.274s] -- Up-to-date: /home/moses/marp/install/turtlesim/share/turtlesim/srv/TeleportAbsolute.idl
[4.275s] -- Up-to-date: /home/moses/marp/install/turtlesim/share/turtlesim/srv/TeleportRelative.idl
[4.276s] -- Up-to-date: /home/moses/marp/install/turtlesim/share/turtlesim/action/RotateAbsolute.action
[4.276s] -- Up-to-date: /home/moses/marp/install/turtlesim/share/turtlesim/msg/Color.msg
[4.277s] -- Up-to-date: /home/moses/marp/install/turtlesim/share/turtlesim/msg/Pose.msg
[4.278s] -- Up-to-date: /home/moses/marp/install/turtlesim/share/turtlesim/srv/Kill.srv
[4.278s] -- Up-to-date: /home/moses/marp/install/turtlesim/share/turtlesim/srv/Kill_Request.msg
[4.279s] -- Up-to-date: /home/moses/marp/install/turtlesim/share/turtlesim/srv/Kill_Response.msg
[4.279s] -- Up-to-date: /home/moses/marp/install/turtlesim/share/turtlesim/srv/SetPen.srv
[4.280s] -- Up-to-date: /home/moses/marp/install/turtlesim/share/turtlesim/srv/SetPen_Request.msg
[4.281s] -- Up-to-date: /home/moses/marp/install/turtlesim/share/turtlesim/srv/SetPen_Response.msg
[4.281s] -- Up-to-date: /home/moses/marp/install/turtlesim/share/turtlesim/srv/Spawn.srv
[4.282s] -- Up-to-date: /home/moses/marp/install/turtlesim/share/turtlesim/srv/Spawn_Request.msg
[4.283s] -- Up-to-date: /home/moses/marp/install/turtlesim/share/turtlesim/srv/Spawn_Response.msg
[4.283s] -- Up-to-date: /home/moses/marp/install/turtlesim/share/turtlesim/srv/TeleportAbsolute.srv
[4.284s] -- Up-to-date: /home/moses/marp/install/turtlesim/share/turtlesim/srv/TeleportAbsolute_Request.msg
[4.284s] -- Up-to-date: /home/moses/marp/install/turtlesim/share/turtlesim/srv/TeleportAbsolute_Response.msg
[4.285s] -- Up-to-date: /home/moses/marp/install/turtlesim/share/turtlesim/srv/TeleportRelative.srv
[4.285s] -- Up-to-date: /home/moses/marp/install/turtlesim/share/turtlesim/srv/TeleportRelative_Request.msg
[4.286s] -- Up-to-date: /home/moses/marp/install/turtlesim/share/turtlesim/srv/TeleportRelative_Response.msg
[4.288s] -- Up-to-date: /home/moses/marp/install/turtlesim/lib/turtlesim/turtlesim_node
[4.289s] -- Up-to-date: /home/moses/marp/install/turtlesim/lib/turtlesim/turtle_teleop_key
[4.291s] -- Up-to-date: /home/moses/marp/install/turtlesim/lib/turtlesim/draw_square
[4.292s] -- Up-to-date: /home/moses/marp/install/turtlesim/lib/turtlesim/mimic
[4.293s] -- Up-to-date: /home/moses/marp/install/turtlesim/share/turtlesim/images
[4.294s] -- Up-to-date: /home/moses/marp/install/turtlesim/share/turtlesim/images/humble.png
[4.295s] -- Up-to-date: /home/moses/marp/install/turtlesim/share/turtlesim/images/crystal.png
[4.296s] -- Up-to-date: /home/moses/marp/install/turtlesim/share/turtlesim/images/eloquent.png
[4.296s] -- Up-to-date: /home/moses/marp/install/turtlesim/share/turtlesim/images/rolling.png
[4.297s] -- Up-to-date: /home/moses/marp/install/turtlesim/share/turtlesim/images/foxy.png
[4.298s] -- Up-to-date: /home/moses/marp/install/turtlesim/share/turtlesim/images/bouncy.png
[4.299s] -- Up-to-date: /home/moses/marp/install/turtlesim/share/turtlesim/images/galactic.png
[4.300s] -- Up-to-date: /home/moses/marp/install/turtlesim/share/turtlesim/images/ardent.png
[4.301s] -- Up-to-date: /home/moses/marp/install/turtlesim/share/turtlesim/images/dashing.png
[4.303s] -- Up-to-date: /home/moses/marp/install/turtlesim/share/turtlesim/launch
[4.304s] -- Up-to-date: /home/moses/marp/install/turtlesim/share/turtlesim/launch/multisim.launch.py
[4.305s] -- Up-to-date: /home/moses/marp/install/turtlesim/share/ament_index/resource_index/package_run_dependencies/turtlesim
[4.306s] -- Up-to-date: /home/moses/marp/install/turtlesim/share/ament_index/resource_index/parent_prefix_path/turtlesim
[4.307s] -- Up-to-date: /home/moses/marp/install/turtlesim/share/turtlesim/environment/ament_prefix_path.sh
[4.308s] -- Up-to-date: /home/moses/marp/install/turtlesim/share/turtlesim/environment/ament_prefix_path.dsv
[4.309s] -- Up-to-date: /home/moses/marp/install/turtlesim/share/turtlesim/environment/path.sh
[4.311s] -- Up-to-date: /home/moses/marp/install/turtlesim/share/turtlesim/environment/path.dsv
[4.312s] -- Up-to-date: /home/moses/marp/install/turtlesim/share/turtlesim/local_setup.bash
[4.314s] -- Up-to-date: /home/moses/marp/install/turtlesim/share/turtlesim/local_setup.sh
[4.314s] -- Up-to-date: /home/moses/marp/install/turtlesim/share/turtlesim/local_setup.zsh
[4.315s] -- Up-to-date: /home/moses/marp/install/turtlesim/share/turtlesim/local_setup.dsv
[4.316s] -- Installing: /home/moses/marp/install/turtlesim/share/turtlesim/package.dsv
[4.317s] -- Up-to-date: /home/moses/marp/install/turtlesim/share/ament_index/resource_index/packages/turtlesim
[4.318s] -- Up-to-date: /home/moses/marp/install/turtlesim/share/turtlesim/cmake/export_turtlesim__rosidl_generator_cExport.cmake
[4.319s] -- Up-to-date: /home/moses/marp/install/turtlesim/share/turtlesim/cmake/export_turtlesim__rosidl_generator_cExport-noconfig.cmake
[4.319s] -- Up-to-date: /home/moses/marp/install/turtlesim/share/turtlesim/cmake/export_turtlesim__rosidl_typesupport_fastrtps_cExport.cmake
[4.320s] -- Up-to-date: /home/moses/marp/install/turtlesim/share/turtlesim/cmake/export_turtlesim__rosidl_typesupport_fastrtps_cExport-noconfig.cmake
[4.322s] -- Up-to-date: /home/moses/marp/install/turtlesim/share/turtlesim/cmake/export_turtlesim__rosidl_generator_cppExport.cmake
[4.324s] -- Up-to-date: /home/moses/marp/install/turtlesim/share/turtlesim/cmake/export_turtlesim__rosidl_typesupport_fastrtps_cppExport.cmake
[4.326s] -- Up-to-date: /home/moses/marp/install/turtlesim/share/turtlesim/cmake/export_turtlesim__rosidl_typesupport_fastrtps_cppExport-noconfig.cmake
[4.327s] -- Up-to-date: /home/moses/marp/install/turtlesim/share/turtlesim/cmake/turtlesim__rosidl_typesupport_introspection_cExport.cmake
[4.327s] -- Up-to-date: /home/moses/marp/install/turtlesim/share/turtlesim/cmake/turtlesim__rosidl_typesupport_introspection_cExport-noconfig.cmake
[4.328s] -- Up-to-date: /home/moses/marp/install/turtlesim/share/turtlesim/cmake/turtlesim__rosidl_typesupport_cExport.cmake
[4.328s] -- Up-to-date: /home/moses/marp/install/turtlesim/share/turtlesim/cmake/turtlesim__rosidl_typesupport_cExport-noconfig.cmake
[4.329s] -- Up-to-date: /home/moses/marp/install/turtlesim/share/turtlesim/cmake/turtlesim__rosidl_typesupport_introspection_cppExport.cmake
[4.330s] -- Up-to-date: /home/moses/marp/install/turtlesim/share/turtlesim/cmake/turtlesim__rosidl_typesupport_introspection_cppExport-noconfig.cmake
[4.330s] -- Up-to-date: /home/moses/marp/install/turtlesim/share/turtlesim/cmake/turtlesim__rosidl_typesupport_cppExport.cmake
[4.331s] -- Up-to-date: /home/moses/marp/install/turtlesim/share/turtlesim/cmake/turtlesim__rosidl_typesupport_cppExport-noconfig.cmake
[4.332s] -- Up-to-date: /home/moses/marp/install/turtlesim/share/turtlesim/cmake/export_turtlesim__rosidl_generator_pyExport.cmake
[4.332s] -- Up-to-date: /home/moses/marp/install/turtlesim/share/turtlesim/cmake/export_turtlesim__rosidl_generator_pyExport-noconfig.cmake
[4.333s] -- Up-to-date: /home/moses/marp/install/turtlesim/share/turtlesim/cmake/rosidl_cmake-extras.cmake
[4.334s] -- Up-to-date: /home/moses/marp/install/turtlesim/share/turtlesim/cmake/ament_cmake_export_dependencies-extras.cmake
[4.335s] -- Up-to-date: /home/moses/marp/install/turtlesim/share/turtlesim/cmake/ament_cmake_export_include_directories-extras.cmake
[4.335s] -- Up-to-date: /home/moses/marp/install/turtlesim/share/turtlesim/cmake/ament_cmake_export_libraries-extras.cmake
[4.336s] -- Up-to-date: /home/moses/marp/install/turtlesim/share/turtlesim/cmake/ament_cmake_export_targets-extras.cmake
[4.337s] -- Up-to-date: /home/moses/marp/install/turtlesim/share/turtlesim/cmake/rosidl_cmake_export_typesupport_targets-extras.cmake
[4.337s] -- Up-to-date: /home/moses/marp/install/turtlesim/share/turtlesim/cmake/rosidl_cmake_export_typesupport_libraries-extras.cmake
[4.338s] -- Up-to-date: /home/moses/marp/install/turtlesim/share/turtlesim/cmake/turtlesimConfig.cmake
[4.339s] -- Up-to-date: /home/moses/marp/install/turtlesim/share/turtlesim/cmake/turtlesimConfig-version.cmake
[4.339s] -- Up-to-date: /home/moses/marp/install/turtlesim/share/turtlesim/package.xml
[4.342s] Invoked command in '/home/moses/marp/build/turtlesim' returned '0': CMAKE_PREFIX_PATH=/opt/ros/humble /usr/bin/cmake --install /home/moses/marp/build/turtlesim
