[0.081s] Invoking command in '/home/moses/marp/build/controller': CMAKE_PREFIX_PATH=${CMAKE_PREFIX_PATH}:/home/moses/marp/install/turtlesim:/opt/ros/humble /usr/bin/cmake --build /home/moses/marp/build/controller -- -j4 -l4
[0.353s] [ 50%] [32mBuilding CXX object CMakeFiles/controller.dir/src/controller.cpp.o[0m
[4.986s] In file included from [01m[K/home/moses/marp/src/controller/src/controller.cpp:7[m[K:
[4.987s] [01m[K/home/moses/marp/src/serialib/lib/serialib.cpp:[m[K In member function ‘[01m[Kint serialib::readStringNoTimeOut(char*, char, unsigned int)[m[K’:
[4.988s] [01m[K/home/moses/marp/src/serialib/lib/serialib.cpp:576:21:[m[K [01;35m[Kwarning: [m[Kcomparison is always false due to limited range of data type [[01;35m[K]8;;https://gcc.gnu.org/onlinedocs/gcc/Warning-Options.html#index-Wtype-limits-Wtype-limits]8;;[m[K]
[4.988s]   576 |         if ([01;35m[KcharRead<0[m[K) return charRead;
[4.989s]       |             [01;35m[K~~~~~~~~^~[m[K
[4.990s] [01m[K/home/moses/marp/src/serialib/lib/serialib.cpp:[m[K In member function ‘[01m[Kint serialib::readString(char*, char, unsigned int, unsigned int)[m[K’:
[4.990s] [01m[K/home/moses/marp/src/serialib/lib/serialib.cpp:639:25:[m[K [01;35m[Kwarning: [m[Kcomparison is always false due to limited range of data type [[01;35m[K]8;;https://gcc.gnu.org/onlinedocs/gcc/Warning-Options.html#index-Wtype-limits-Wtype-limits]8;;[m[K]
[4.991s]   639 |             if ([01;35m[KcharRead<0[m[K) return charRead;
[4.992s]       |                 [01;35m[K~~~~~~~~^~[m[K
[21.832s] [100%] [32m[1mLinking CXX executable controller[0m
[22.787s] [100%] Built target controller
[22.828s] Invoked command in '/home/moses/marp/build/controller' returned '0': CMAKE_PREFIX_PATH=${CMAKE_PREFIX_PATH}:/home/moses/marp/install/turtlesim:/opt/ros/humble /usr/bin/cmake --build /home/moses/marp/build/controller -- -j4 -l4
[22.958s] Invoking command in '/home/moses/marp/build/controller': CMAKE_PREFIX_PATH=${CMAKE_PREFIX_PATH}:/home/moses/marp/install/turtlesim:/opt/ros/humble /usr/bin/cmake --install /home/moses/marp/build/controller
[22.986s] -- Install configuration: ""
[22.987s] -- Installing: /home/moses/marp/install/controller/lib/controller/controller
[22.998s] -- Set runtime path of "/home/moses/marp/install/controller/lib/controller/controller" to ""
[23.000s] -- Up-to-date: /home/moses/marp/install/controller/share/ament_index/resource_index/package_run_dependencies/controller
[23.004s] -- Up-to-date: /home/moses/marp/install/controller/share/ament_index/resource_index/parent_prefix_path/controller
[23.005s] -- Up-to-date: /home/moses/marp/install/controller/share/controller/environment/ament_prefix_path.sh
[23.006s] -- Up-to-date: /home/moses/marp/install/controller/share/controller/environment/ament_prefix_path.dsv
[23.007s] -- Up-to-date: /home/moses/marp/install/controller/share/controller/environment/path.sh
[23.008s] -- Up-to-date: /home/moses/marp/install/controller/share/controller/environment/path.dsv
[23.008s] -- Up-to-date: /home/moses/marp/install/controller/share/controller/local_setup.bash
[23.008s] -- Up-to-date: /home/moses/marp/install/controller/share/controller/local_setup.sh
[23.009s] -- Up-to-date: /home/moses/marp/install/controller/share/controller/local_setup.zsh
[23.009s] -- Up-to-date: /home/moses/marp/install/controller/share/controller/local_setup.dsv
[23.010s] -- Installing: /home/moses/marp/install/controller/share/controller/package.dsv
[23.010s] -- Up-to-date: /home/moses/marp/install/controller/share/ament_index/resource_index/packages/controller
[23.010s] -- Up-to-date: /home/moses/marp/install/controller/share/controller/cmake/controllerConfig.cmake
[23.011s] -- Up-to-date: /home/moses/marp/install/controller/share/controller/cmake/controllerConfig-version.cmake
[23.011s] -- Up-to-date: /home/moses/marp/install/controller/share/controller/package.xml
[23.022s] Invoked command in '/home/moses/marp/build/controller' returned '0': CMAKE_PREFIX_PATH=${CMAKE_PREFIX_PATH}:/home/moses/marp/install/turtlesim:/opt/ros/humble /usr/bin/cmake --install /home/moses/marp/build/controller
