[0.057s] Invoking command in '/home/moses/marp/build/dtc': CMAKE_PREFIX_PATH=${CMAKE_PREFIX_PATH}:/opt/ros/humble /usr/bin/cmake --build /home/moses/marp/build/dtc -- -j4 -l4
[0.153s] -- Found ament_cmake: 1.3.9 (/opt/ros/humble/share/ament_cmake/cmake)
[0.714s] -- Found rclcpp: 16.0.9 (/opt/ros/humble/share/rclcpp/cmake)
[0.848s] -- Found rosidl_generator_c: 3.1.5 (/opt/ros/humble/share/rosidl_generator_c/cmake)
[0.859s] -- Found rosidl_adapter: 3.1.5 (/opt/ros/humble/share/rosidl_adapter/cmake)
[0.883s] -- Found rosidl_generator_cpp: 3.1.5 (/opt/ros/humble/share/rosidl_generator_cpp/cmake)
[0.928s] -- Using all available rosidl_typesupport_c: rosidl_typesupport_fastrtps_c;rosidl_typesupport_introspection_c
[0.990s] -- Using all available rosidl_typesupport_cpp: rosidl_typesupport_fastrtps_cpp;rosidl_typesupport_introspection_cpp
[1.214s] -- Found rmw_implementation_cmake: 6.1.2 (/opt/ros/humble/share/rmw_implementation_cmake/cmake)
[1.220s] -- Found rmw_fastrtps_cpp: 6.2.6 (/opt/ros/humble/share/rmw_fastrtps_cpp/cmake)
[1.772s] -- Using RMW implementation 'rmw_fastrtps_cpp' as default
[2.432s] [31mCMake Error at CMakeLists.txt:12 (find_package):
[2.432s]   By not providing "Findserialib.cmake" in CMAKE_MODULE_PATH this project has
[2.433s]   asked CMake to find a package configuration file provided by "serialib",
[2.433s]   but CMake did not find one.
[2.434s] 
[2.434s]   Could not find a package configuration file provided by "serialib" with any
[2.434s]   of the following names:
[2.435s] 
[2.435s]     serialibConfig.cmake
[2.436s]     serialib-config.cmake
[2.436s] 
[2.438s]   Add the installation prefix of "serialib" to CMAKE_PREFIX_PATH or set
[2.439s]   "serialib_DIR" to a directory containing one of the above files.  If
[2.440s]   "serialib" provides a separate development package or SDK, be sure it has
[2.440s]   been installed.
[2.441s] 
[2.442s] [0m
[2.443s] -- Configuring incomplete, errors occurred!
[2.443s] See also "/home/moses/marp/build/dtc/CMakeFiles/CMakeOutput.log".
[2.458s] gmake: *** [Makefile:267: cmake_check_build_system] Error 1
[2.464s] Invoked command in '/home/moses/marp/build/dtc' returned '2': CMAKE_PREFIX_PATH=${CMAKE_PREFIX_PATH}:/opt/ros/humble /usr/bin/cmake --build /home/moses/marp/build/dtc -- -j4 -l4
