[0.439s] DEBUG:colcon:Command line arguments: ['/usr/bin/colcon', 'build', '--packages-select', 'dtc']
[0.439s] DEBUG:colcon:Parsed command line arguments: Namespace(log_base=None, log_level=None, verb_name='build', build_base='build', install_base='install', merge_install=False, symlink_install=False, test_result_base=None, continue_on_error=False, executor='parallel', parallel_workers=4, event_handlers=None, ignore_user_meta=False, metas=['./colcon.meta'], base_paths=['.'], packages_ignore=None, packages_ignore_regex=None, paths=None, packages_up_to=None, packages_up_to_regex=None, packages_above=None, packages_above_and_dependencies=None, packages_above_depth=None, packages_select_by_dep=None, packages_skip_by_dep=None, packages_skip_up_to=None, packages_select_build_failed=False, packages_skip_build_finished=False, packages_select_test_failures=False, packages_skip_test_passed=False, packages_select=['dtc'], packages_skip=None, packages_select_regex=None, packages_skip_regex=None, packages_start=None, packages_end=None, allow_overriding=[], cmake_args=None, cmake_target=None, cmake_target_skip_unavailable=False, cmake_clean_cache=False, cmake_clean_first=False, cmake_force_configure=False, ament_cmake_args=None, catkin_cmake_args=None, catkin_skip_building_tests=False, mixin_files=None, mixin=None, verb_parser=<colcon_mixin.mixin.mixin_argument.MixinArgumentDecorator object at 0xffffac4704c0>, verb_extension=<colcon_core.verb.build.BuildVerb object at 0xffffac5c0b50>, main=<bound method BuildVerb.main of <colcon_core.verb.build.BuildVerb object at 0xffffac5c0b50>>, mixin_verb=('build',))
[1.126s] Level 1:colcon.colcon_core.package_discovery:discover_packages(colcon_meta) check parameters
[1.126s] Level 1:colcon.colcon_core.package_discovery:discover_packages(recursive) check parameters
[1.126s] Level 1:colcon.colcon_core.package_discovery:discover_packages(ignore) check parameters
[1.127s] Level 1:colcon.colcon_core.package_discovery:discover_packages(path) check parameters
[1.127s] Level 1:colcon.colcon_core.package_discovery:discover_packages(colcon_meta) discover
[1.127s] Level 1:colcon.colcon_core.package_discovery:discover_packages(recursive) discover
[1.127s] INFO:colcon.colcon_core.package_discovery:Crawling recursively for packages in '/home/moses/marp'
[1.128s] Level 1:colcon.colcon_core.package_identification:_identify(.) by extensions ['ignore', 'ignore_ament_install']
[1.128s] Level 1:colcon.colcon_core.package_identification:_identify(.) by extension 'ignore'
[1.128s] Level 1:colcon.colcon_core.package_identification:_identify(.) by extension 'ignore_ament_install'
[1.129s] Level 1:colcon.colcon_core.package_identification:_identify(.) by extensions ['colcon_pkg']
[1.129s] Level 1:colcon.colcon_core.package_identification:_identify(.) by extension 'colcon_pkg'
[1.129s] Level 1:colcon.colcon_core.package_identification:_identify(.) by extensions ['colcon_meta']
[1.129s] Level 1:colcon.colcon_core.package_identification:_identify(.) by extension 'colcon_meta'
[1.129s] Level 1:colcon.colcon_core.package_identification:_identify(.) by extensions ['ros']
[1.129s] Level 1:colcon.colcon_core.package_identification:_identify(.) by extension 'ros'
[1.180s] Level 1:colcon.colcon_core.package_identification:_identify(.) by extensions ['cmake', 'python']
[1.180s] Level 1:colcon.colcon_core.package_identification:_identify(.) by extension 'cmake'
[1.181s] Level 1:colcon.colcon_core.package_identification:_identify(.) by extension 'python'
[1.181s] Level 1:colcon.colcon_core.package_identification:_identify(.) by extensions ['python_setup_py']
[1.181s] Level 1:colcon.colcon_core.package_identification:_identify(.) by extension 'python_setup_py'
[1.182s] Level 1:colcon.colcon_core.package_identification:_identify(build) by extensions ['ignore', 'ignore_ament_install']
[1.182s] Level 1:colcon.colcon_core.package_identification:_identify(build) by extension 'ignore'
[1.182s] Level 1:colcon.colcon_core.package_identification:_identify(build) ignored
[1.183s] Level 1:colcon.colcon_core.package_identification:_identify(install) by extensions ['ignore', 'ignore_ament_install']
[1.183s] Level 1:colcon.colcon_core.package_identification:_identify(install) by extension 'ignore'
[1.184s] Level 1:colcon.colcon_core.package_identification:_identify(install) ignored
[1.185s] Level 1:colcon.colcon_core.package_identification:_identify(log) by extensions ['ignore', 'ignore_ament_install']
[1.185s] Level 1:colcon.colcon_core.package_identification:_identify(log) by extension 'ignore'
[1.186s] Level 1:colcon.colcon_core.package_identification:_identify(log) ignored
[1.186s] Level 1:colcon.colcon_core.package_identification:_identify(src) by extensions ['ignore', 'ignore_ament_install']
[1.186s] Level 1:colcon.colcon_core.package_identification:_identify(src) by extension 'ignore'
[1.187s] Level 1:colcon.colcon_core.package_identification:_identify(src) by extension 'ignore_ament_install'
[1.187s] Level 1:colcon.colcon_core.package_identification:_identify(src) by extensions ['colcon_pkg']
[1.187s] Level 1:colcon.colcon_core.package_identification:_identify(src) by extension 'colcon_pkg'
[1.187s] Level 1:colcon.colcon_core.package_identification:_identify(src) by extensions ['colcon_meta']
[1.187s] Level 1:colcon.colcon_core.package_identification:_identify(src) by extension 'colcon_meta'
[1.188s] Level 1:colcon.colcon_core.package_identification:_identify(src) by extensions ['ros']
[1.188s] Level 1:colcon.colcon_core.package_identification:_identify(src) by extension 'ros'
[1.188s] Level 1:colcon.colcon_core.package_identification:_identify(src) by extensions ['cmake', 'python']
[1.188s] Level 1:colcon.colcon_core.package_identification:_identify(src) by extension 'cmake'
[1.188s] Level 1:colcon.colcon_core.package_identification:_identify(src) by extension 'python'
[1.189s] Level 1:colcon.colcon_core.package_identification:_identify(src) by extensions ['python_setup_py']
[1.189s] Level 1:colcon.colcon_core.package_identification:_identify(src) by extension 'python_setup_py'
[1.189s] Level 1:colcon.colcon_core.package_identification:_identify(src/controller) by extensions ['ignore', 'ignore_ament_install']
[1.190s] Level 1:colcon.colcon_core.package_identification:_identify(src/controller) by extension 'ignore'
[1.190s] Level 1:colcon.colcon_core.package_identification:_identify(src/controller) by extension 'ignore_ament_install'
[1.190s] Level 1:colcon.colcon_core.package_identification:_identify(src/controller) by extensions ['colcon_pkg']
[1.190s] Level 1:colcon.colcon_core.package_identification:_identify(src/controller) by extension 'colcon_pkg'
[1.190s] Level 1:colcon.colcon_core.package_identification:_identify(src/controller) by extensions ['colcon_meta']
[1.190s] Level 1:colcon.colcon_core.package_identification:_identify(src/controller) by extension 'colcon_meta'
[1.191s] Level 1:colcon.colcon_core.package_identification:_identify(src/controller) by extensions ['ros']
[1.191s] Level 1:colcon.colcon_core.package_identification:_identify(src/controller) by extension 'ros'
[1.199s] DEBUG:colcon.colcon_core.package_identification:Package 'src/controller' with type 'ros.ament_cmake' and name 'controller'
[1.200s] Level 1:colcon.colcon_core.package_identification:_identify(src/dtc) by extensions ['ignore', 'ignore_ament_install']
[1.200s] Level 1:colcon.colcon_core.package_identification:_identify(src/dtc) by extension 'ignore'
[1.201s] Level 1:colcon.colcon_core.package_identification:_identify(src/dtc) by extension 'ignore_ament_install'
[1.201s] Level 1:colcon.colcon_core.package_identification:_identify(src/dtc) by extensions ['colcon_pkg']
[1.201s] Level 1:colcon.colcon_core.package_identification:_identify(src/dtc) by extension 'colcon_pkg'
[1.201s] Level 1:colcon.colcon_core.package_identification:_identify(src/dtc) by extensions ['colcon_meta']
[1.201s] Level 1:colcon.colcon_core.package_identification:_identify(src/dtc) by extension 'colcon_meta'
[1.202s] Level 1:colcon.colcon_core.package_identification:_identify(src/dtc) by extensions ['ros']
[1.202s] Level 1:colcon.colcon_core.package_identification:_identify(src/dtc) by extension 'ros'
[1.204s] DEBUG:colcon.colcon_core.package_identification:Package 'src/dtc' with type 'ros.ament_cmake' and name 'dtc'
[1.205s] Level 1:colcon.colcon_core.package_identification:_identify(src/ros_tutorials) by extensions ['ignore', 'ignore_ament_install']
[1.206s] Level 1:colcon.colcon_core.package_identification:_identify(src/ros_tutorials) by extension 'ignore'
[1.206s] Level 1:colcon.colcon_core.package_identification:_identify(src/ros_tutorials) by extension 'ignore_ament_install'
[1.206s] Level 1:colcon.colcon_core.package_identification:_identify(src/ros_tutorials) by extensions ['colcon_pkg']
[1.206s] Level 1:colcon.colcon_core.package_identification:_identify(src/ros_tutorials) by extension 'colcon_pkg'
[1.206s] Level 1:colcon.colcon_core.package_identification:_identify(src/ros_tutorials) by extensions ['colcon_meta']
[1.207s] Level 1:colcon.colcon_core.package_identification:_identify(src/ros_tutorials) by extension 'colcon_meta'
[1.207s] Level 1:colcon.colcon_core.package_identification:_identify(src/ros_tutorials) by extensions ['ros']
[1.207s] Level 1:colcon.colcon_core.package_identification:_identify(src/ros_tutorials) by extension 'ros'
[1.207s] Level 1:colcon.colcon_core.package_identification:_identify(src/ros_tutorials) by extensions ['cmake', 'python']
[1.207s] Level 1:colcon.colcon_core.package_identification:_identify(src/ros_tutorials) by extension 'cmake'
[1.208s] Level 1:colcon.colcon_core.package_identification:_identify(src/ros_tutorials) by extension 'python'
[1.208s] Level 1:colcon.colcon_core.package_identification:_identify(src/ros_tutorials) by extensions ['python_setup_py']
[1.208s] Level 1:colcon.colcon_core.package_identification:_identify(src/ros_tutorials) by extension 'python_setup_py'
[1.208s] Level 1:colcon.colcon_core.package_identification:_identify(src/ros_tutorials/ros_tutorials) by extensions ['ignore', 'ignore_ament_install']
[1.209s] Level 1:colcon.colcon_core.package_identification:_identify(src/ros_tutorials/ros_tutorials) by extension 'ignore'
[1.210s] Level 1:colcon.colcon_core.package_identification:_identify(src/ros_tutorials/ros_tutorials) ignored
[1.210s] Level 1:colcon.colcon_core.package_identification:_identify(src/ros_tutorials/roscpp_tutorials) by extensions ['ignore', 'ignore_ament_install']
[1.211s] Level 1:colcon.colcon_core.package_identification:_identify(src/ros_tutorials/roscpp_tutorials) by extension 'ignore'
[1.211s] Level 1:colcon.colcon_core.package_identification:_identify(src/ros_tutorials/roscpp_tutorials) ignored
[1.212s] Level 1:colcon.colcon_core.package_identification:_identify(src/ros_tutorials/rospy_tutorials) by extensions ['ignore', 'ignore_ament_install']
[1.213s] Level 1:colcon.colcon_core.package_identification:_identify(src/ros_tutorials/rospy_tutorials) by extension 'ignore'
[1.213s] Level 1:colcon.colcon_core.package_identification:_identify(src/ros_tutorials/rospy_tutorials) ignored
[1.214s] Level 1:colcon.colcon_core.package_identification:_identify(src/ros_tutorials/turtlesim) by extensions ['ignore', 'ignore_ament_install']
[1.214s] Level 1:colcon.colcon_core.package_identification:_identify(src/ros_tutorials/turtlesim) by extension 'ignore'
[1.215s] Level 1:colcon.colcon_core.package_identification:_identify(src/ros_tutorials/turtlesim) by extension 'ignore_ament_install'
[1.215s] Level 1:colcon.colcon_core.package_identification:_identify(src/ros_tutorials/turtlesim) by extensions ['colcon_pkg']
[1.215s] Level 1:colcon.colcon_core.package_identification:_identify(src/ros_tutorials/turtlesim) by extension 'colcon_pkg'
[1.215s] Level 1:colcon.colcon_core.package_identification:_identify(src/ros_tutorials/turtlesim) by extensions ['colcon_meta']
[1.215s] Level 1:colcon.colcon_core.package_identification:_identify(src/ros_tutorials/turtlesim) by extension 'colcon_meta'
[1.216s] Level 1:colcon.colcon_core.package_identification:_identify(src/ros_tutorials/turtlesim) by extensions ['ros']
[1.216s] Level 1:colcon.colcon_core.package_identification:_identify(src/ros_tutorials/turtlesim) by extension 'ros'
[1.220s] DEBUG:colcon.colcon_core.package_identification:Package 'src/ros_tutorials/turtlesim' with type 'ros.ament_cmake' and name 'turtlesim'
[1.221s] Level 1:colcon.colcon_core.package_identification:_identify(src/serialib) by extensions ['ignore', 'ignore_ament_install']
[1.221s] Level 1:colcon.colcon_core.package_identification:_identify(src/serialib) by extension 'ignore'
[1.221s] Level 1:colcon.colcon_core.package_identification:_identify(src/serialib) by extension 'ignore_ament_install'
[1.222s] Level 1:colcon.colcon_core.package_identification:_identify(src/serialib) by extensions ['colcon_pkg']
[1.222s] Level 1:colcon.colcon_core.package_identification:_identify(src/serialib) by extension 'colcon_pkg'
[1.222s] Level 1:colcon.colcon_core.package_identification:_identify(src/serialib) by extensions ['colcon_meta']
[1.222s] Level 1:colcon.colcon_core.package_identification:_identify(src/serialib) by extension 'colcon_meta'
[1.222s] Level 1:colcon.colcon_core.package_identification:_identify(src/serialib) by extensions ['ros']
[1.222s] Level 1:colcon.colcon_core.package_identification:_identify(src/serialib) by extension 'ros'
[1.223s] Level 1:colcon.colcon_core.package_identification:_identify(src/serialib) by extensions ['cmake', 'python']
[1.223s] Level 1:colcon.colcon_core.package_identification:_identify(src/serialib) by extension 'cmake'
[1.223s] Level 1:colcon.colcon_core.package_identification:_identify(src/serialib) by extension 'python'
[1.223s] Level 1:colcon.colcon_core.package_identification:_identify(src/serialib) by extensions ['python_setup_py']
[1.223s] Level 1:colcon.colcon_core.package_identification:_identify(src/serialib) by extension 'python_setup_py'
[1.224s] Level 1:colcon.colcon_core.package_identification:_identify(src/serialib/example1) by extensions ['ignore', 'ignore_ament_install']
[1.224s] Level 1:colcon.colcon_core.package_identification:_identify(src/serialib/example1) by extension 'ignore'
[1.224s] Level 1:colcon.colcon_core.package_identification:_identify(src/serialib/example1) by extension 'ignore_ament_install'
[1.225s] Level 1:colcon.colcon_core.package_identification:_identify(src/serialib/example1) by extensions ['colcon_pkg']
[1.225s] Level 1:colcon.colcon_core.package_identification:_identify(src/serialib/example1) by extension 'colcon_pkg'
[1.225s] Level 1:colcon.colcon_core.package_identification:_identify(src/serialib/example1) by extensions ['colcon_meta']
[1.225s] Level 1:colcon.colcon_core.package_identification:_identify(src/serialib/example1) by extension 'colcon_meta'
[1.225s] Level 1:colcon.colcon_core.package_identification:_identify(src/serialib/example1) by extensions ['ros']
[1.226s] Level 1:colcon.colcon_core.package_identification:_identify(src/serialib/example1) by extension 'ros'
[1.226s] Level 1:colcon.colcon_core.package_identification:_identify(src/serialib/example1) by extensions ['cmake', 'python']
[1.226s] Level 1:colcon.colcon_core.package_identification:_identify(src/serialib/example1) by extension 'cmake'
[1.226s] Level 1:colcon.colcon_core.package_identification:_identify(src/serialib/example1) by extension 'python'
[1.226s] Level 1:colcon.colcon_core.package_identification:_identify(src/serialib/example1) by extensions ['python_setup_py']
[1.226s] Level 1:colcon.colcon_core.package_identification:_identify(src/serialib/example1) by extension 'python_setup_py'
[1.227s] Level 1:colcon.colcon_core.package_identification:_identify(src/serialib/example2) by extensions ['ignore', 'ignore_ament_install']
[1.227s] Level 1:colcon.colcon_core.package_identification:_identify(src/serialib/example2) by extension 'ignore'
[1.228s] Level 1:colcon.colcon_core.package_identification:_identify(src/serialib/example2) by extension 'ignore_ament_install'
[1.228s] Level 1:colcon.colcon_core.package_identification:_identify(src/serialib/example2) by extensions ['colcon_pkg']
[1.228s] Level 1:colcon.colcon_core.package_identification:_identify(src/serialib/example2) by extension 'colcon_pkg'
[1.228s] Level 1:colcon.colcon_core.package_identification:_identify(src/serialib/example2) by extensions ['colcon_meta']
[1.228s] Level 1:colcon.colcon_core.package_identification:_identify(src/serialib/example2) by extension 'colcon_meta'
[1.229s] Level 1:colcon.colcon_core.package_identification:_identify(src/serialib/example2) by extensions ['ros']
[1.229s] Level 1:colcon.colcon_core.package_identification:_identify(src/serialib/example2) by extension 'ros'
[1.229s] Level 1:colcon.colcon_core.package_identification:_identify(src/serialib/example2) by extensions ['cmake', 'python']
[1.229s] Level 1:colcon.colcon_core.package_identification:_identify(src/serialib/example2) by extension 'cmake'
[1.229s] Level 1:colcon.colcon_core.package_identification:_identify(src/serialib/example2) by extension 'python'
[1.230s] Level 1:colcon.colcon_core.package_identification:_identify(src/serialib/example2) by extensions ['python_setup_py']
[1.230s] Level 1:colcon.colcon_core.package_identification:_identify(src/serialib/example2) by extension 'python_setup_py'
[1.230s] Level 1:colcon.colcon_core.package_identification:_identify(src/serialib/example3) by extensions ['ignore', 'ignore_ament_install']
[1.230s] Level 1:colcon.colcon_core.package_identification:_identify(src/serialib/example3) by extension 'ignore'
[1.231s] Level 1:colcon.colcon_core.package_identification:_identify(src/serialib/example3) by extension 'ignore_ament_install'
[1.231s] Level 1:colcon.colcon_core.package_identification:_identify(src/serialib/example3) by extensions ['colcon_pkg']
[1.231s] Level 1:colcon.colcon_core.package_identification:_identify(src/serialib/example3) by extension 'colcon_pkg'
[1.231s] Level 1:colcon.colcon_core.package_identification:_identify(src/serialib/example3) by extensions ['colcon_meta']
[1.231s] Level 1:colcon.colcon_core.package_identification:_identify(src/serialib/example3) by extension 'colcon_meta'
[1.232s] Level 1:colcon.colcon_core.package_identification:_identify(src/serialib/example3) by extensions ['ros']
[1.232s] Level 1:colcon.colcon_core.package_identification:_identify(src/serialib/example3) by extension 'ros'
[1.232s] Level 1:colcon.colcon_core.package_identification:_identify(src/serialib/example3) by extensions ['cmake', 'python']
[1.232s] Level 1:colcon.colcon_core.package_identification:_identify(src/serialib/example3) by extension 'cmake'
[1.232s] Level 1:colcon.colcon_core.package_identification:_identify(src/serialib/example3) by extension 'python'
[1.233s] Level 1:colcon.colcon_core.package_identification:_identify(src/serialib/example3) by extensions ['python_setup_py']
[1.233s] Level 1:colcon.colcon_core.package_identification:_identify(src/serialib/example3) by extension 'python_setup_py'
[1.233s] Level 1:colcon.colcon_core.package_identification:_identify(src/serialib/example3/arduino-code) by extensions ['ignore', 'ignore_ament_install']
[1.234s] Level 1:colcon.colcon_core.package_identification:_identify(src/serialib/example3/arduino-code) by extension 'ignore'
[1.234s] Level 1:colcon.colcon_core.package_identification:_identify(src/serialib/example3/arduino-code) by extension 'ignore_ament_install'
[1.234s] Level 1:colcon.colcon_core.package_identification:_identify(src/serialib/example3/arduino-code) by extensions ['colcon_pkg']
[1.234s] Level 1:colcon.colcon_core.package_identification:_identify(src/serialib/example3/arduino-code) by extension 'colcon_pkg'
[1.234s] Level 1:colcon.colcon_core.package_identification:_identify(src/serialib/example3/arduino-code) by extensions ['colcon_meta']
[1.234s] Level 1:colcon.colcon_core.package_identification:_identify(src/serialib/example3/arduino-code) by extension 'colcon_meta'
[1.235s] Level 1:colcon.colcon_core.package_identification:_identify(src/serialib/example3/arduino-code) by extensions ['ros']
[1.235s] Level 1:colcon.colcon_core.package_identification:_identify(src/serialib/example3/arduino-code) by extension 'ros'
[1.235s] Level 1:colcon.colcon_core.package_identification:_identify(src/serialib/example3/arduino-code) by extensions ['cmake', 'python']
[1.235s] Level 1:colcon.colcon_core.package_identification:_identify(src/serialib/example3/arduino-code) by extension 'cmake'
[1.236s] Level 1:colcon.colcon_core.package_identification:_identify(src/serialib/example3/arduino-code) by extension 'python'
[1.236s] Level 1:colcon.colcon_core.package_identification:_identify(src/serialib/example3/arduino-code) by extensions ['python_setup_py']
[1.236s] Level 1:colcon.colcon_core.package_identification:_identify(src/serialib/example3/arduino-code) by extension 'python_setup_py'
[1.236s] Level 1:colcon.colcon_core.package_identification:_identify(src/serialib/example4) by extensions ['ignore', 'ignore_ament_install']
[1.237s] Level 1:colcon.colcon_core.package_identification:_identify(src/serialib/example4) by extension 'ignore'
[1.237s] Level 1:colcon.colcon_core.package_identification:_identify(src/serialib/example4) by extension 'ignore_ament_install'
[1.237s] Level 1:colcon.colcon_core.package_identification:_identify(src/serialib/example4) by extensions ['colcon_pkg']
[1.237s] Level 1:colcon.colcon_core.package_identification:_identify(src/serialib/example4) by extension 'colcon_pkg'
[1.238s] Level 1:colcon.colcon_core.package_identification:_identify(src/serialib/example4) by extensions ['colcon_meta']
[1.238s] Level 1:colcon.colcon_core.package_identification:_identify(src/serialib/example4) by extension 'colcon_meta'
[1.238s] Level 1:colcon.colcon_core.package_identification:_identify(src/serialib/example4) by extensions ['ros']
[1.238s] Level 1:colcon.colcon_core.package_identification:_identify(src/serialib/example4) by extension 'ros'
[1.238s] Level 1:colcon.colcon_core.package_identification:_identify(src/serialib/example4) by extensions ['cmake', 'python']
[1.238s] Level 1:colcon.colcon_core.package_identification:_identify(src/serialib/example4) by extension 'cmake'
[1.239s] Level 1:colcon.colcon_core.package_identification:_identify(src/serialib/example4) by extension 'python'
[1.239s] Level 1:colcon.colcon_core.package_identification:_identify(src/serialib/example4) by extensions ['python_setup_py']
[1.239s] Level 1:colcon.colcon_core.package_identification:_identify(src/serialib/example4) by extension 'python_setup_py'
[1.239s] Level 1:colcon.colcon_core.package_identification:_identify(src/serialib/example4/arduino-code) by extensions ['ignore', 'ignore_ament_install']
[1.240s] Level 1:colcon.colcon_core.package_identification:_identify(src/serialib/example4/arduino-code) by extension 'ignore'
[1.240s] Level 1:colcon.colcon_core.package_identification:_identify(src/serialib/example4/arduino-code) by extension 'ignore_ament_install'
[1.240s] Level 1:colcon.colcon_core.package_identification:_identify(src/serialib/example4/arduino-code) by extensions ['colcon_pkg']
[1.240s] Level 1:colcon.colcon_core.package_identification:_identify(src/serialib/example4/arduino-code) by extension 'colcon_pkg'
[1.241s] Level 1:colcon.colcon_core.package_identification:_identify(src/serialib/example4/arduino-code) by extensions ['colcon_meta']
[1.241s] Level 1:colcon.colcon_core.package_identification:_identify(src/serialib/example4/arduino-code) by extension 'colcon_meta'
[1.241s] Level 1:colcon.colcon_core.package_identification:_identify(src/serialib/example4/arduino-code) by extensions ['ros']
[1.241s] Level 1:colcon.colcon_core.package_identification:_identify(src/serialib/example4/arduino-code) by extension 'ros'
[1.241s] Level 1:colcon.colcon_core.package_identification:_identify(src/serialib/example4/arduino-code) by extensions ['cmake', 'python']
[1.242s] Level 1:colcon.colcon_core.package_identification:_identify(src/serialib/example4/arduino-code) by extension 'cmake'
[1.242s] Level 1:colcon.colcon_core.package_identification:_identify(src/serialib/example4/arduino-code) by extension 'python'
[1.242s] Level 1:colcon.colcon_core.package_identification:_identify(src/serialib/example4/arduino-code) by extensions ['python_setup_py']
[1.242s] Level 1:colcon.colcon_core.package_identification:_identify(src/serialib/example4/arduino-code) by extension 'python_setup_py'
[1.243s] Level 1:colcon.colcon_core.package_identification:_identify(src/serialib/lib) by extensions ['ignore', 'ignore_ament_install']
[1.243s] Level 1:colcon.colcon_core.package_identification:_identify(src/serialib/lib) by extension 'ignore'
[1.243s] Level 1:colcon.colcon_core.package_identification:_identify(src/serialib/lib) by extension 'ignore_ament_install'
[1.243s] Level 1:colcon.colcon_core.package_identification:_identify(src/serialib/lib) by extensions ['colcon_pkg']
[1.244s] Level 1:colcon.colcon_core.package_identification:_identify(src/serialib/lib) by extension 'colcon_pkg'
[1.244s] Level 1:colcon.colcon_core.package_identification:_identify(src/serialib/lib) by extensions ['colcon_meta']
[1.244s] Level 1:colcon.colcon_core.package_identification:_identify(src/serialib/lib) by extension 'colcon_meta'
[1.244s] Level 1:colcon.colcon_core.package_identification:_identify(src/serialib/lib) by extensions ['ros']
[1.244s] Level 1:colcon.colcon_core.package_identification:_identify(src/serialib/lib) by extension 'ros'
[1.245s] Level 1:colcon.colcon_core.package_identification:_identify(src/serialib/lib) by extensions ['cmake', 'python']
[1.245s] Level 1:colcon.colcon_core.package_identification:_identify(src/serialib/lib) by extension 'cmake'
[1.245s] Level 1:colcon.colcon_core.package_identification:_identify(src/serialib/lib) by extension 'python'
[1.245s] Level 1:colcon.colcon_core.package_identification:_identify(src/serialib/lib) by extensions ['python_setup_py']
[1.245s] Level 1:colcon.colcon_core.package_identification:_identify(src/serialib/lib) by extension 'python_setup_py'
[1.245s] Level 1:colcon.colcon_core.package_discovery:discover_packages(recursive) using defaults
[1.246s] Level 1:colcon.colcon_core.package_discovery:discover_packages(ignore) discover
[1.246s] Level 1:colcon.colcon_core.package_discovery:discover_packages(ignore) using defaults
[1.246s] Level 1:colcon.colcon_core.package_discovery:discover_packages(path) discover
[1.246s] Level 1:colcon.colcon_core.package_discovery:discover_packages(path) using defaults
[1.320s] INFO:colcon.colcon_core.package_selection:Skipping not selected package 'controller' in 'src/controller'
[1.320s] INFO:colcon.colcon_core.package_selection:Skipping not selected package 'turtlesim' in 'src/ros_tutorials/turtlesim'
[1.322s] Level 1:colcon.colcon_core.package_discovery:discover_packages(prefix_path) check parameters
[1.322s] Level 1:colcon.colcon_core.package_discovery:discover_packages(prefix_path) discover
[1.330s] DEBUG:colcon.colcon_installed_package_information.package_discovery:Found 3 installed packages in /home/moses/marp/install
[1.336s] DEBUG:colcon.colcon_installed_package_information.package_discovery:Found 180 installed packages in /opt/ros/humble
[1.341s] Level 1:colcon.colcon_core.package_discovery:discover_packages(prefix_path) using defaults
[1.490s] Level 5:colcon.colcon_core.verb:set package 'dtc' build argument 'cmake_args' from command line to 'None'
[1.491s] Level 5:colcon.colcon_core.verb:set package 'dtc' build argument 'cmake_target' from command line to 'None'
[1.491s] Level 5:colcon.colcon_core.verb:set package 'dtc' build argument 'cmake_target_skip_unavailable' from command line to 'False'
[1.491s] Level 5:colcon.colcon_core.verb:set package 'dtc' build argument 'cmake_clean_cache' from command line to 'False'
[1.491s] Level 5:colcon.colcon_core.verb:set package 'dtc' build argument 'cmake_clean_first' from command line to 'False'
[1.491s] Level 5:colcon.colcon_core.verb:set package 'dtc' build argument 'cmake_force_configure' from command line to 'False'
[1.491s] Level 5:colcon.colcon_core.verb:set package 'dtc' build argument 'ament_cmake_args' from command line to 'None'
[1.492s] Level 5:colcon.colcon_core.verb:set package 'dtc' build argument 'catkin_cmake_args' from command line to 'None'
[1.492s] Level 5:colcon.colcon_core.verb:set package 'dtc' build argument 'catkin_skip_building_tests' from command line to 'False'
[1.492s] DEBUG:colcon.colcon_core.verb:Building package 'dtc' with the following arguments: {'ament_cmake_args': None, 'build_base': '/home/moses/marp/build/dtc', 'catkin_cmake_args': None, 'catkin_skip_building_tests': False, 'cmake_args': None, 'cmake_clean_cache': False, 'cmake_clean_first': False, 'cmake_force_configure': False, 'cmake_target': None, 'cmake_target_skip_unavailable': False, 'install_base': '/home/moses/marp/install/dtc', 'merge_install': False, 'path': '/home/moses/marp/src/dtc', 'symlink_install': False, 'test_result_base': None}
[1.492s] INFO:colcon.colcon_core.executor:Executing jobs using 'parallel' executor
[1.496s] DEBUG:colcon.colcon_parallel_executor.executor.parallel:run_until_complete
[1.497s] INFO:colcon.colcon_ros.task.ament_cmake.build:Building ROS package in '/home/moses/marp/src/dtc' with build type 'ament_cmake'
[1.498s] INFO:colcon.colcon_cmake.task.cmake.build:Building CMake package in '/home/moses/marp/src/dtc'
[1.507s] INFO:colcon.colcon_core.plugin_system:Skipping extension 'colcon_core.shell.bat': Not used on non-Windows systems
[1.508s] INFO:colcon.colcon_core.shell:Skip shell extension 'powershell' for command environment: Not usable outside of PowerShell
[1.508s] DEBUG:colcon.colcon_core.shell:Skip shell extension 'dsv' for command environment
[1.546s] DEBUG:colcon.colcon_core.event_handler.log_command:Invoking command in '/home/moses/marp/build/dtc': CMAKE_PREFIX_PATH=${CMAKE_PREFIX_PATH}:/opt/ros/humble /usr/bin/cmake --build /home/moses/marp/build/dtc -- -j4 -l4
[36.172s] DEBUG:colcon.colcon_core.event_handler.log_command:Invoked command in '/home/moses/marp/build/dtc' returned '0': CMAKE_PREFIX_PATH=${CMAKE_PREFIX_PATH}:/opt/ros/humble /usr/bin/cmake --build /home/moses/marp/build/dtc -- -j4 -l4
[36.347s] DEBUG:colcon.colcon_core.event_handler.log_command:Invoking command in '/home/moses/marp/build/dtc': CMAKE_PREFIX_PATH=${CMAKE_PREFIX_PATH}:/opt/ros/humble /usr/bin/cmake --install /home/moses/marp/build/dtc
[36.414s] Level 1:colcon.colcon_core.environment:create_environment_scripts_only(dtc)
[36.416s] DEBUG:colcon.colcon_core.event_handler.log_command:Invoked command in '/home/moses/marp/build/dtc' returned '0': CMAKE_PREFIX_PATH=${CMAKE_PREFIX_PATH}:/opt/ros/humble /usr/bin/cmake --install /home/moses/marp/build/dtc
[36.426s] Level 1:colcon.colcon_core.environment:checking '/home/moses/marp/install/dtc' for CMake module files
[36.428s] Level 1:colcon.colcon_core.environment:checking '/home/moses/marp/install/dtc' for CMake config files
[36.431s] Level 1:colcon.colcon_core.shell:create_environment_hook('dtc', 'cmake_prefix_path')
[36.432s] INFO:colcon.colcon_core.shell:Creating environment hook '/home/moses/marp/install/dtc/share/dtc/hook/cmake_prefix_path.ps1'
[36.434s] INFO:colcon.colcon_core.shell:Creating environment descriptor '/home/moses/marp/install/dtc/share/dtc/hook/cmake_prefix_path.dsv'
[36.437s] INFO:colcon.colcon_core.shell:Creating environment hook '/home/moses/marp/install/dtc/share/dtc/hook/cmake_prefix_path.sh'
[36.440s] Level 1:colcon.colcon_core.environment:checking '/home/moses/marp/install/dtc/lib'
[36.441s] Level 1:colcon.colcon_core.environment:checking '/home/moses/marp/install/dtc/bin'
[36.442s] Level 1:colcon.colcon_core.environment:checking '/home/moses/marp/install/dtc/lib/pkgconfig/dtc.pc'
[36.443s] Level 1:colcon.colcon_core.environment:checking '/home/moses/marp/install/dtc/lib/python3.10/site-packages'
[36.444s] Level 1:colcon.colcon_core.environment:checking '/home/moses/marp/install/dtc/bin'
[36.445s] INFO:colcon.colcon_core.shell:Creating package script '/home/moses/marp/install/dtc/share/dtc/package.ps1'
[36.449s] INFO:colcon.colcon_core.shell:Creating package descriptor '/home/moses/marp/install/dtc/share/dtc/package.dsv'
[36.452s] INFO:colcon.colcon_core.shell:Creating package script '/home/moses/marp/install/dtc/share/dtc/package.sh'
[36.455s] INFO:colcon.colcon_core.shell:Creating package script '/home/moses/marp/install/dtc/share/dtc/package.bash'
[36.458s] INFO:colcon.colcon_core.shell:Creating package script '/home/moses/marp/install/dtc/share/dtc/package.zsh'
[36.461s] Level 1:colcon.colcon_core.environment:create_file_with_runtime_dependencies(/home/moses/marp/install/dtc/share/colcon-core/packages/dtc)
[36.604s] Level 1:colcon.colcon_core.environment:create_environment_scripts_only(dtc)
[36.606s] Level 1:colcon.colcon_core.environment:checking '/home/moses/marp/install/dtc' for CMake module files
[36.610s] Level 1:colcon.colcon_core.environment:checking '/home/moses/marp/install/dtc' for CMake config files
[36.613s] Level 1:colcon.colcon_core.shell:create_environment_hook('dtc', 'cmake_prefix_path')
[36.615s] INFO:colcon.colcon_core.shell:Creating environment hook '/home/moses/marp/install/dtc/share/dtc/hook/cmake_prefix_path.ps1'
[36.617s] INFO:colcon.colcon_core.shell:Creating environment descriptor '/home/moses/marp/install/dtc/share/dtc/hook/cmake_prefix_path.dsv'
[36.620s] INFO:colcon.colcon_core.shell:Creating environment hook '/home/moses/marp/install/dtc/share/dtc/hook/cmake_prefix_path.sh'
[36.625s] Level 1:colcon.colcon_core.environment:checking '/home/moses/marp/install/dtc/lib'
[36.626s] Level 1:colcon.colcon_core.environment:checking '/home/moses/marp/install/dtc/bin'
[36.627s] Level 1:colcon.colcon_core.environment:checking '/home/moses/marp/install/dtc/lib/pkgconfig/dtc.pc'
[36.629s] Level 1:colcon.colcon_core.environment:checking '/home/moses/marp/install/dtc/lib/python3.10/site-packages'
[36.632s] Level 1:colcon.colcon_core.environment:checking '/home/moses/marp/install/dtc/bin'
[36.634s] INFO:colcon.colcon_core.shell:Creating package script '/home/moses/marp/install/dtc/share/dtc/package.ps1'
[36.640s] INFO:colcon.colcon_core.shell:Creating package descriptor '/home/moses/marp/install/dtc/share/dtc/package.dsv'
[36.643s] INFO:colcon.colcon_core.shell:Creating package script '/home/moses/marp/install/dtc/share/dtc/package.sh'
[36.646s] INFO:colcon.colcon_core.shell:Creating package script '/home/moses/marp/install/dtc/share/dtc/package.bash'
[36.649s] INFO:colcon.colcon_core.shell:Creating package script '/home/moses/marp/install/dtc/share/dtc/package.zsh'
[36.651s] Level 1:colcon.colcon_core.environment:create_file_with_runtime_dependencies(/home/moses/marp/install/dtc/share/colcon-core/packages/dtc)
[36.653s] DEBUG:colcon.colcon_parallel_executor.executor.parallel:closing loop
[36.655s] DEBUG:colcon.colcon_parallel_executor.executor.parallel:loop closed
[36.656s] DEBUG:colcon.colcon_parallel_executor.executor.parallel:run_until_complete finished with '0'
[36.656s] DEBUG:colcon.colcon_core.event_reactor:joining thread
[36.678s] INFO:colcon.colcon_core.plugin_system:Skipping extension 'colcon_notification.desktop_notification.notify_send': Could not find 'notify-send'
[36.679s] INFO:colcon.colcon_core.plugin_system:Skipping extension 'colcon_notification.desktop_notification.terminal_notifier': Not used on non-Darwin systems
[36.679s] INFO:colcon.colcon_core.plugin_system:Skipping extension 'colcon_notification.desktop_notification.win32': Not used on non-Windows systems
[36.679s] INFO:colcon.colcon_notification.desktop_notification:Sending desktop notification using 'notify2'
[36.682s] DEBUG:colcon.colcon_notification.desktop_notification.notify2:Failed to initialize notify2: org.freedesktop.DBus.Error.ServiceUnknown: The name org.freedesktop.Notifications was not provided by any .service files
[36.682s] DEBUG:colcon.colcon_core.event_reactor:joined thread
[36.684s] INFO:colcon.colcon_core.shell:Creating prefix script '/home/moses/marp/install/local_setup.ps1'
[36.688s] INFO:colcon.colcon_core.shell:Creating prefix util module '/home/moses/marp/install/_local_setup_util_ps1.py'
[36.694s] INFO:colcon.colcon_core.shell:Creating prefix chain script '/home/moses/marp/install/setup.ps1'
[36.699s] INFO:colcon.colcon_core.shell:Creating prefix script '/home/moses/marp/install/local_setup.sh'
[36.701s] INFO:colcon.colcon_core.shell:Creating prefix util module '/home/moses/marp/install/_local_setup_util_sh.py'
[36.704s] INFO:colcon.colcon_core.shell:Creating prefix chain script '/home/moses/marp/install/setup.sh'
[36.709s] INFO:colcon.colcon_core.shell:Creating prefix script '/home/moses/marp/install/local_setup.bash'
[36.711s] INFO:colcon.colcon_core.shell:Creating prefix chain script '/home/moses/marp/install/setup.bash'
[36.716s] INFO:colcon.colcon_core.shell:Creating prefix script '/home/moses/marp/install/local_setup.zsh'
[36.719s] INFO:colcon.colcon_core.shell:Creating prefix chain script '/home/moses/marp/install/setup.zsh'
