[0.092s] Invoking command in '/home/moses/marp/build/dtc': CMAKE_PREFIX_PATH=${CMAKE_PREFIX_PATH}:/home/moses/marp/install/turtlesim:/opt/ros/humble /usr/bin/cmake --build /home/moses/marp/build/dtc -- -j4 -l4
[0.345s] [100%] Built target dtc
[0.436s] Invoked command in '/home/moses/marp/build/dtc' returned '0': CMAKE_PREFIX_PATH=${CMAKE_PREFIX_PATH}:/home/moses/marp/install/turtlesim:/opt/ros/humble /usr/bin/cmake --build /home/moses/marp/build/dtc -- -j4 -l4
[0.936s] Invoking command in '/home/moses/marp/build/dtc': CMAKE_PREFIX_PATH=${CMAKE_PREFIX_PATH}:/home/moses/marp/install/turtlesim:/opt/ros/humble /usr/bin/cmake --install /home/moses/marp/build/dtc
[1.031s] -- Install configuration: ""
[1.033s] -- Up-to-date: /home/moses/marp/install/dtc/lib/dtc/dtc
[1.036s] -- Up-to-date: /home/moses/marp/install/dtc/share/ament_index/resource_index/package_run_dependencies/dtc
[1.036s] -- Up-to-date: /home/moses/marp/install/dtc/share/ament_index/resource_index/parent_prefix_path/dtc
[1.037s] -- Up-to-date: /home/moses/marp/install/dtc/share/dtc/environment/ament_prefix_path.sh
[1.037s] -- Up-to-date: /home/moses/marp/install/dtc/share/dtc/environment/ament_prefix_path.dsv
[1.042s] -- Up-to-date: /home/moses/marp/install/dtc/share/dtc/environment/path.sh
[1.042s] -- Up-to-date: /home/moses/marp/install/dtc/share/dtc/environment/path.dsv
[1.043s] -- Up-to-date: /home/moses/marp/install/dtc/share/dtc/local_setup.bash
[1.044s] -- Up-to-date: /home/moses/marp/install/dtc/share/dtc/local_setup.sh
[1.045s] -- Up-to-date: /home/moses/marp/install/dtc/share/dtc/local_setup.zsh
[1.071s] -- Up-to-date: /home/moses/marp/install/dtc/share/dtc/local_setup.dsv
[1.072s] -- Installing: /home/moses/marp/install/dtc/share/dtc/package.dsv
[1.072s] -- Up-to-date: /home/moses/marp/install/dtc/share/ament_index/resource_index/packages/dtc
[1.074s] -- Up-to-date: /home/moses/marp/install/dtc/share/dtc/cmake/dtcConfig.cmake
[1.075s] -- Up-to-date: /home/moses/marp/install/dtc/share/dtc/cmake/dtcConfig-version.cmake
[1.076s] -- Up-to-date: /home/moses/marp/install/dtc/share/dtc/package.xml
[1.077s] Invoked command in '/home/moses/marp/build/dtc' returned '0': CMAKE_PREFIX_PATH=${CMAKE_PREFIX_PATH}:/home/moses/marp/install/turtlesim:/opt/ros/humble /usr/bin/cmake --install /home/moses/marp/build/dtc
