[0.077s] Invoking command in '/home/moses/marp/build/dtc': CMAKE_PREFIX_PATH=${CMAKE_PREFIX_PATH}:/home/moses/marp/install/turtlesim:/opt/ros/humble /usr/bin/cmake --build /home/moses/marp/build/dtc -- -j4 -l4
[0.395s] [100%] Built target dtc
[0.477s] Invoked command in '/home/moses/marp/build/dtc' returned '0': CMAKE_PREFIX_PATH=${CMAKE_PREFIX_PATH}:/home/moses/marp/install/turtlesim:/opt/ros/humble /usr/bin/cmake --build /home/moses/marp/build/dtc -- -j4 -l4
[0.965s] Invoking command in '/home/moses/marp/build/dtc': CMAKE_PREFIX_PATH=${CMAKE_PREFIX_PATH}:/home/moses/marp/install/turtlesim:/opt/ros/humble /usr/bin/cmake --install /home/moses/marp/build/dtc
[1.036s] -- Install configuration: ""
[1.040s] -- Up-to-date: /home/moses/marp/install/dtc/lib/dtc/dtc
[1.045s] -- Up-to-date: /home/moses/marp/install/dtc/share/ament_index/resource_index/package_run_dependencies/dtc
[1.053s] -- Up-to-date: /home/moses/marp/install/dtc/share/ament_index/resource_index/parent_prefix_path/dtc
[1.059s] -- Up-to-date: /home/moses/marp/install/dtc/share/dtc/environment/ament_prefix_path.sh
[1.062s] -- Up-to-date: /home/moses/marp/install/dtc/share/dtc/environment/ament_prefix_path.dsv
[1.064s] -- Up-to-date: /home/moses/marp/install/dtc/share/dtc/environment/path.sh
[1.065s] -- Up-to-date: /home/moses/marp/install/dtc/share/dtc/environment/path.dsv
[1.067s] -- Up-to-date: /home/moses/marp/install/dtc/share/dtc/local_setup.bash
[1.068s] -- Up-to-date: /home/moses/marp/install/dtc/share/dtc/local_setup.sh
[1.069s] -- Up-to-date: /home/moses/marp/install/dtc/share/dtc/local_setup.zsh
[1.069s] -- Up-to-date: /home/moses/marp/install/dtc/share/dtc/local_setup.dsv
[1.071s] -- Installing: /home/moses/marp/install/dtc/share/dtc/package.dsv
[1.071s] -- Up-to-date: /home/moses/marp/install/dtc/share/ament_index/resource_index/packages/dtc
[1.072s] -- Up-to-date: /home/moses/marp/install/dtc/share/dtc/cmake/dtcConfig.cmake
[1.072s] -- Up-to-date: /home/moses/marp/install/dtc/share/dtc/cmake/dtcConfig-version.cmake
[1.073s] -- Up-to-date: /home/moses/marp/install/dtc/share/dtc/package.xml
[1.108s] Invoked command in '/home/moses/marp/build/dtc' returned '0': CMAKE_PREFIX_PATH=${CMAKE_PREFIX_PATH}:/home/moses/marp/install/turtlesim:/opt/ros/humble /usr/bin/cmake --install /home/moses/marp/build/dtc
