[0.056s] Invoking command in '/home/moses/marp/build/dtc': CMAKE_PREFIX_PATH=${CMAKE_PREFIX_PATH}:/opt/ros/humble /usr/bin/cmake --build /home/moses/marp/build/dtc -- -j4 -l4
[0.217s] [35m[1mConsolidate compiler generated dependencies of target dtc[0m
[0.312s] [ 50%] [32mBuilding CXX object CMakeFiles/dtc.dir/src/dtc.cpp.o[0m
[18.265s] [100%] [32m[1mLinking CXX executable dtc[0m
[19.209s] [100%] Built target dtc
[19.254s] Invoked command in '/home/moses/marp/build/dtc' returned '0': CMAKE_PREFIX_PATH=${CMAKE_PREFIX_PATH}:/opt/ros/humble /usr/bin/cmake --build /home/moses/marp/build/dtc -- -j4 -l4
[19.416s] Invoking command in '/home/moses/marp/build/dtc': CMAKE_PREFIX_PATH=${CMAKE_PREFIX_PATH}:/opt/ros/humble /usr/bin/cmake --install /home/moses/marp/build/dtc
[19.446s] -- Install configuration: ""
[19.446s] -- Installing: /home/moses/marp/install/dtc/lib/dtc/dtc
[19.456s] -- Set runtime path of "/home/moses/marp/install/dtc/lib/dtc/dtc" to ""
[19.457s] -- Up-to-date: /home/moses/marp/install/dtc/share/ament_index/resource_index/package_run_dependencies/dtc
[19.457s] -- Up-to-date: /home/moses/marp/install/dtc/share/ament_index/resource_index/parent_prefix_path/dtc
[19.458s] -- Up-to-date: /home/moses/marp/install/dtc/share/dtc/environment/ament_prefix_path.sh
[19.459s] -- Up-to-date: /home/moses/marp/install/dtc/share/dtc/environment/ament_prefix_path.dsv
[19.459s] -- Up-to-date: /home/moses/marp/install/dtc/share/dtc/environment/path.sh
[19.461s] -- Up-to-date: /home/moses/marp/install/dtc/share/dtc/environment/path.dsv
[19.461s] -- Up-to-date: /home/moses/marp/install/dtc/share/dtc/local_setup.bash
[19.462s] -- Up-to-date: /home/moses/marp/install/dtc/share/dtc/local_setup.sh
[19.464s] -- Up-to-date: /home/moses/marp/install/dtc/share/dtc/local_setup.zsh
[19.465s] -- Up-to-date: /home/moses/marp/install/dtc/share/dtc/local_setup.dsv
[19.465s] -- Installing: /home/moses/marp/install/dtc/share/dtc/package.dsv
[19.466s] -- Up-to-date: /home/moses/marp/install/dtc/share/ament_index/resource_index/packages/dtc
[19.466s] -- Up-to-date: /home/moses/marp/install/dtc/share/dtc/cmake/dtcConfig.cmake
[19.467s] -- Up-to-date: /home/moses/marp/install/dtc/share/dtc/cmake/dtcConfig-version.cmake
[19.468s] -- Up-to-date: /home/moses/marp/install/dtc/share/dtc/package.xml
[19.471s] Invoked command in '/home/moses/marp/build/dtc' returned '0': CMAKE_PREFIX_PATH=${CMAKE_PREFIX_PATH}:/opt/ros/humble /usr/bin/cmake --install /home/moses/marp/build/dtc
