[0.444s] DEBUG:colcon:Command line arguments: ['/usr/bin/colcon', 'build']
[0.444s] DEBUG:colcon:Parsed command line arguments: Namespace(log_base=None, log_level=None, verb_name='build', build_base='build', install_base='install', merge_install=False, symlink_install=False, test_result_base=None, continue_on_error=False, executor='parallel', parallel_workers=4, event_handlers=None, ignore_user_meta=False, metas=['./colcon.meta'], base_paths=['.'], packages_ignore=None, packages_ignore_regex=None, paths=None, packages_up_to=None, packages_up_to_regex=None, packages_above=None, packages_above_and_dependencies=None, packages_above_depth=None, packages_select_by_dep=None, packages_skip_by_dep=None, packages_skip_up_to=None, packages_select_build_failed=False, packages_skip_build_finished=False, packages_select_test_failures=False, packages_skip_test_passed=False, packages_select=None, packages_skip=None, packages_select_regex=None, packages_skip_regex=None, packages_start=None, packages_end=None, allow_overriding=[], cmake_args=None, cmake_target=None, cmake_target_skip_unavailable=False, cmake_clean_cache=False, cmake_clean_first=False, cmake_force_configure=False, ament_cmake_args=None, catkin_cmake_args=None, catkin_skip_building_tests=False, mixin_files=None, mixin=None, verb_parser=<colcon_mixin.mixin.mixin_argument.MixinArgumentDecorator object at 0xffff7e2404c0>, verb_extension=<colcon_core.verb.build.BuildVerb object at 0xffff7e390b50>, main=<bound method BuildVerb.main of <colcon_core.verb.build.BuildVerb object at 0xffff7e390b50>>, mixin_verb=('build',))
[1.132s] Level 1:colcon.colcon_core.package_discovery:discover_packages(colcon_meta) check parameters
[1.132s] Level 1:colcon.colcon_core.package_discovery:discover_packages(recursive) check parameters
[1.133s] Level 1:colcon.colcon_core.package_discovery:discover_packages(ignore) check parameters
[1.133s] Level 1:colcon.colcon_core.package_discovery:discover_packages(path) check parameters
[1.133s] Level 1:colcon.colcon_core.package_discovery:discover_packages(colcon_meta) discover
[1.133s] Level 1:colcon.colcon_core.package_discovery:discover_packages(recursive) discover
[1.134s] INFO:colcon.colcon_core.package_discovery:Crawling recursively for packages in '/home/moses/marp'
[1.134s] Level 1:colcon.colcon_core.package_identification:_identify(.) by extensions ['ignore', 'ignore_ament_install']
[1.135s] Level 1:colcon.colcon_core.package_identification:_identify(.) by extension 'ignore'
[1.135s] Level 1:colcon.colcon_core.package_identification:_identify(.) by extension 'ignore_ament_install'
[1.135s] Level 1:colcon.colcon_core.package_identification:_identify(.) by extensions ['colcon_pkg']
[1.135s] Level 1:colcon.colcon_core.package_identification:_identify(.) by extension 'colcon_pkg'
[1.136s] Level 1:colcon.colcon_core.package_identification:_identify(.) by extensions ['colcon_meta']
[1.136s] Level 1:colcon.colcon_core.package_identification:_identify(.) by extension 'colcon_meta'
[1.136s] Level 1:colcon.colcon_core.package_identification:_identify(.) by extensions ['ros']
[1.136s] Level 1:colcon.colcon_core.package_identification:_identify(.) by extension 'ros'
[1.188s] Level 1:colcon.colcon_core.package_identification:_identify(.) by extensions ['cmake', 'python']
[1.188s] Level 1:colcon.colcon_core.package_identification:_identify(.) by extension 'cmake'
[1.189s] Level 1:colcon.colcon_core.package_identification:_identify(.) by extension 'python'
[1.189s] Level 1:colcon.colcon_core.package_identification:_identify(.) by extensions ['python_setup_py']
[1.189s] Level 1:colcon.colcon_core.package_identification:_identify(.) by extension 'python_setup_py'
[1.190s] Level 1:colcon.colcon_core.package_identification:_identify(build) by extensions ['ignore', 'ignore_ament_install']
[1.190s] Level 1:colcon.colcon_core.package_identification:_identify(build) by extension 'ignore'
[1.190s] Level 1:colcon.colcon_core.package_identification:_identify(build) ignored
[1.191s] Level 1:colcon.colcon_core.package_identification:_identify(install) by extensions ['ignore', 'ignore_ament_install']
[1.191s] Level 1:colcon.colcon_core.package_identification:_identify(install) by extension 'ignore'
[1.192s] Level 1:colcon.colcon_core.package_identification:_identify(install) ignored
[1.193s] Level 1:colcon.colcon_core.package_identification:_identify(log) by extensions ['ignore', 'ignore_ament_install']
[1.193s] Level 1:colcon.colcon_core.package_identification:_identify(log) by extension 'ignore'
[1.193s] Level 1:colcon.colcon_core.package_identification:_identify(log) ignored
[1.194s] Level 1:colcon.colcon_core.package_identification:_identify(src) by extensions ['ignore', 'ignore_ament_install']
[1.194s] Level 1:colcon.colcon_core.package_identification:_identify(src) by extension 'ignore'
[1.194s] Level 1:colcon.colcon_core.package_identification:_identify(src) by extension 'ignore_ament_install'
[1.195s] Level 1:colcon.colcon_core.package_identification:_identify(src) by extensions ['colcon_pkg']
[1.195s] Level 1:colcon.colcon_core.package_identification:_identify(src) by extension 'colcon_pkg'
[1.195s] Level 1:colcon.colcon_core.package_identification:_identify(src) by extensions ['colcon_meta']
[1.195s] Level 1:colcon.colcon_core.package_identification:_identify(src) by extension 'colcon_meta'
[1.195s] Level 1:colcon.colcon_core.package_identification:_identify(src) by extensions ['ros']
[1.196s] Level 1:colcon.colcon_core.package_identification:_identify(src) by extension 'ros'
[1.196s] Level 1:colcon.colcon_core.package_identification:_identify(src) by extensions ['cmake', 'python']
[1.196s] Level 1:colcon.colcon_core.package_identification:_identify(src) by extension 'cmake'
[1.196s] Level 1:colcon.colcon_core.package_identification:_identify(src) by extension 'python'
[1.196s] Level 1:colcon.colcon_core.package_identification:_identify(src) by extensions ['python_setup_py']
[1.197s] Level 1:colcon.colcon_core.package_identification:_identify(src) by extension 'python_setup_py'
[1.197s] Level 1:colcon.colcon_core.package_identification:_identify(src/controller) by extensions ['ignore', 'ignore_ament_install']
[1.197s] Level 1:colcon.colcon_core.package_identification:_identify(src/controller) by extension 'ignore'
[1.198s] Level 1:colcon.colcon_core.package_identification:_identify(src/controller) by extension 'ignore_ament_install'
[1.198s] Level 1:colcon.colcon_core.package_identification:_identify(src/controller) by extensions ['colcon_pkg']
[1.198s] Level 1:colcon.colcon_core.package_identification:_identify(src/controller) by extension 'colcon_pkg'
[1.198s] Level 1:colcon.colcon_core.package_identification:_identify(src/controller) by extensions ['colcon_meta']
[1.198s] Level 1:colcon.colcon_core.package_identification:_identify(src/controller) by extension 'colcon_meta'
[1.199s] Level 1:colcon.colcon_core.package_identification:_identify(src/controller) by extensions ['ros']
[1.199s] Level 1:colcon.colcon_core.package_identification:_identify(src/controller) by extension 'ros'
[1.207s] DEBUG:colcon.colcon_core.package_identification:Package 'src/controller' with type 'ros.ament_cmake' and name 'controller'
[1.208s] Level 1:colcon.colcon_core.package_identification:_identify(src/dtc) by extensions ['ignore', 'ignore_ament_install']
[1.209s] Level 1:colcon.colcon_core.package_identification:_identify(src/dtc) by extension 'ignore'
[1.209s] Level 1:colcon.colcon_core.package_identification:_identify(src/dtc) by extension 'ignore_ament_install'
[1.209s] Level 1:colcon.colcon_core.package_identification:_identify(src/dtc) by extensions ['colcon_pkg']
[1.209s] Level 1:colcon.colcon_core.package_identification:_identify(src/dtc) by extension 'colcon_pkg'
[1.210s] Level 1:colcon.colcon_core.package_identification:_identify(src/dtc) by extensions ['colcon_meta']
[1.210s] Level 1:colcon.colcon_core.package_identification:_identify(src/dtc) by extension 'colcon_meta'
[1.210s] Level 1:colcon.colcon_core.package_identification:_identify(src/dtc) by extensions ['ros']
[1.210s] Level 1:colcon.colcon_core.package_identification:_identify(src/dtc) by extension 'ros'
[1.213s] DEBUG:colcon.colcon_core.package_identification:Package 'src/dtc' with type 'ros.ament_cmake' and name 'dtc'
[1.214s] Level 1:colcon.colcon_core.package_identification:_identify(src/ros_tutorials) by extensions ['ignore', 'ignore_ament_install']
[1.214s] Level 1:colcon.colcon_core.package_identification:_identify(src/ros_tutorials) by extension 'ignore'
[1.214s] Level 1:colcon.colcon_core.package_identification:_identify(src/ros_tutorials) by extension 'ignore_ament_install'
[1.215s] Level 1:colcon.colcon_core.package_identification:_identify(src/ros_tutorials) by extensions ['colcon_pkg']
[1.215s] Level 1:colcon.colcon_core.package_identification:_identify(src/ros_tutorials) by extension 'colcon_pkg'
[1.215s] Level 1:colcon.colcon_core.package_identification:_identify(src/ros_tutorials) by extensions ['colcon_meta']
[1.215s] Level 1:colcon.colcon_core.package_identification:_identify(src/ros_tutorials) by extension 'colcon_meta'
[1.215s] Level 1:colcon.colcon_core.package_identification:_identify(src/ros_tutorials) by extensions ['ros']
[1.215s] Level 1:colcon.colcon_core.package_identification:_identify(src/ros_tutorials) by extension 'ros'
[1.216s] Level 1:colcon.colcon_core.package_identification:_identify(src/ros_tutorials) by extensions ['cmake', 'python']
[1.216s] Level 1:colcon.colcon_core.package_identification:_identify(src/ros_tutorials) by extension 'cmake'
[1.216s] Level 1:colcon.colcon_core.package_identification:_identify(src/ros_tutorials) by extension 'python'
[1.216s] Level 1:colcon.colcon_core.package_identification:_identify(src/ros_tutorials) by extensions ['python_setup_py']
[1.216s] Level 1:colcon.colcon_core.package_identification:_identify(src/ros_tutorials) by extension 'python_setup_py'
[1.217s] Level 1:colcon.colcon_core.package_identification:_identify(src/ros_tutorials/ros_tutorials) by extensions ['ignore', 'ignore_ament_install']
[1.218s] Level 1:colcon.colcon_core.package_identification:_identify(src/ros_tutorials/ros_tutorials) by extension 'ignore'
[1.218s] Level 1:colcon.colcon_core.package_identification:_identify(src/ros_tutorials/ros_tutorials) ignored
[1.219s] Level 1:colcon.colcon_core.package_identification:_identify(src/ros_tutorials/roscpp_tutorials) by extensions ['ignore', 'ignore_ament_install']
[1.219s] Level 1:colcon.colcon_core.package_identification:_identify(src/ros_tutorials/roscpp_tutorials) by extension 'ignore'
[1.220s] Level 1:colcon.colcon_core.package_identification:_identify(src/ros_tutorials/roscpp_tutorials) ignored
[1.220s] Level 1:colcon.colcon_core.package_identification:_identify(src/ros_tutorials/rospy_tutorials) by extensions ['ignore', 'ignore_ament_install']
[1.221s] Level 1:colcon.colcon_core.package_identification:_identify(src/ros_tutorials/rospy_tutorials) by extension 'ignore'
[1.221s] Level 1:colcon.colcon_core.package_identification:_identify(src/ros_tutorials/rospy_tutorials) ignored
[1.222s] Level 1:colcon.colcon_core.package_identification:_identify(src/ros_tutorials/turtlesim) by extensions ['ignore', 'ignore_ament_install']
[1.222s] Level 1:colcon.colcon_core.package_identification:_identify(src/ros_tutorials/turtlesim) by extension 'ignore'
[1.223s] Level 1:colcon.colcon_core.package_identification:_identify(src/ros_tutorials/turtlesim) by extension 'ignore_ament_install'
[1.223s] Level 1:colcon.colcon_core.package_identification:_identify(src/ros_tutorials/turtlesim) by extensions ['colcon_pkg']
[1.223s] Level 1:colcon.colcon_core.package_identification:_identify(src/ros_tutorials/turtlesim) by extension 'colcon_pkg'
[1.223s] Level 1:colcon.colcon_core.package_identification:_identify(src/ros_tutorials/turtlesim) by extensions ['colcon_meta']
[1.223s] Level 1:colcon.colcon_core.package_identification:_identify(src/ros_tutorials/turtlesim) by extension 'colcon_meta'
[1.224s] Level 1:colcon.colcon_core.package_identification:_identify(src/ros_tutorials/turtlesim) by extensions ['ros']
[1.224s] Level 1:colcon.colcon_core.package_identification:_identify(src/ros_tutorials/turtlesim) by extension 'ros'
[1.229s] DEBUG:colcon.colcon_core.package_identification:Package 'src/ros_tutorials/turtlesim' with type 'ros.ament_cmake' and name 'turtlesim'
[1.229s] Level 1:colcon.colcon_core.package_identification:_identify(src/serialib) by extensions ['ignore', 'ignore_ament_install']
[1.230s] Level 1:colcon.colcon_core.package_identification:_identify(src/serialib) by extension 'ignore'
[1.230s] Level 1:colcon.colcon_core.package_identification:_identify(src/serialib) by extension 'ignore_ament_install'
[1.230s] Level 1:colcon.colcon_core.package_identification:_identify(src/serialib) by extensions ['colcon_pkg']
[1.230s] Level 1:colcon.colcon_core.package_identification:_identify(src/serialib) by extension 'colcon_pkg'
[1.231s] Level 1:colcon.colcon_core.package_identification:_identify(src/serialib) by extensions ['colcon_meta']
[1.231s] Level 1:colcon.colcon_core.package_identification:_identify(src/serialib) by extension 'colcon_meta'
[1.231s] Level 1:colcon.colcon_core.package_identification:_identify(src/serialib) by extensions ['ros']
[1.231s] Level 1:colcon.colcon_core.package_identification:_identify(src/serialib) by extension 'ros'
[1.231s] Level 1:colcon.colcon_core.package_identification:_identify(src/serialib) by extensions ['cmake', 'python']
[1.232s] Level 1:colcon.colcon_core.package_identification:_identify(src/serialib) by extension 'cmake'
[1.232s] Level 1:colcon.colcon_core.package_identification:_identify(src/serialib) by extension 'python'
[1.232s] Level 1:colcon.colcon_core.package_identification:_identify(src/serialib) by extensions ['python_setup_py']
[1.232s] Level 1:colcon.colcon_core.package_identification:_identify(src/serialib) by extension 'python_setup_py'
[1.233s] Level 1:colcon.colcon_core.package_identification:_identify(src/serialib/example1) by extensions ['ignore', 'ignore_ament_install']
[1.233s] Level 1:colcon.colcon_core.package_identification:_identify(src/serialib/example1) by extension 'ignore'
[1.233s] Level 1:colcon.colcon_core.package_identification:_identify(src/serialib/example1) by extension 'ignore_ament_install'
[1.234s] Level 1:colcon.colcon_core.package_identification:_identify(src/serialib/example1) by extensions ['colcon_pkg']
[1.234s] Level 1:colcon.colcon_core.package_identification:_identify(src/serialib/example1) by extension 'colcon_pkg'
[1.234s] Level 1:colcon.colcon_core.package_identification:_identify(src/serialib/example1) by extensions ['colcon_meta']
[1.234s] Level 1:colcon.colcon_core.package_identification:_identify(src/serialib/example1) by extension 'colcon_meta'
[1.234s] Level 1:colcon.colcon_core.package_identification:_identify(src/serialib/example1) by extensions ['ros']
[1.234s] Level 1:colcon.colcon_core.package_identification:_identify(src/serialib/example1) by extension 'ros'
[1.235s] Level 1:colcon.colcon_core.package_identification:_identify(src/serialib/example1) by extensions ['cmake', 'python']
[1.235s] Level 1:colcon.colcon_core.package_identification:_identify(src/serialib/example1) by extension 'cmake'
[1.235s] Level 1:colcon.colcon_core.package_identification:_identify(src/serialib/example1) by extension 'python'
[1.235s] Level 1:colcon.colcon_core.package_identification:_identify(src/serialib/example1) by extensions ['python_setup_py']
[1.235s] Level 1:colcon.colcon_core.package_identification:_identify(src/serialib/example1) by extension 'python_setup_py'
[1.236s] Level 1:colcon.colcon_core.package_identification:_identify(src/serialib/example2) by extensions ['ignore', 'ignore_ament_install']
[1.236s] Level 1:colcon.colcon_core.package_identification:_identify(src/serialib/example2) by extension 'ignore'
[1.236s] Level 1:colcon.colcon_core.package_identification:_identify(src/serialib/example2) by extension 'ignore_ament_install'
[1.237s] Level 1:colcon.colcon_core.package_identification:_identify(src/serialib/example2) by extensions ['colcon_pkg']
[1.237s] Level 1:colcon.colcon_core.package_identification:_identify(src/serialib/example2) by extension 'colcon_pkg'
[1.237s] Level 1:colcon.colcon_core.package_identification:_identify(src/serialib/example2) by extensions ['colcon_meta']
[1.237s] Level 1:colcon.colcon_core.package_identification:_identify(src/serialib/example2) by extension 'colcon_meta'
[1.237s] Level 1:colcon.colcon_core.package_identification:_identify(src/serialib/example2) by extensions ['ros']
[1.238s] Level 1:colcon.colcon_core.package_identification:_identify(src/serialib/example2) by extension 'ros'
[1.238s] Level 1:colcon.colcon_core.package_identification:_identify(src/serialib/example2) by extensions ['cmake', 'python']
[1.238s] Level 1:colcon.colcon_core.package_identification:_identify(src/serialib/example2) by extension 'cmake'
[1.238s] Level 1:colcon.colcon_core.package_identification:_identify(src/serialib/example2) by extension 'python'
[1.238s] Level 1:colcon.colcon_core.package_identification:_identify(src/serialib/example2) by extensions ['python_setup_py']
[1.239s] Level 1:colcon.colcon_core.package_identification:_identify(src/serialib/example2) by extension 'python_setup_py'
[1.239s] Level 1:colcon.colcon_core.package_identification:_identify(src/serialib/example3) by extensions ['ignore', 'ignore_ament_install']
[1.239s] Level 1:colcon.colcon_core.package_identification:_identify(src/serialib/example3) by extension 'ignore'
[1.240s] Level 1:colcon.colcon_core.package_identification:_identify(src/serialib/example3) by extension 'ignore_ament_install'
[1.240s] Level 1:colcon.colcon_core.package_identification:_identify(src/serialib/example3) by extensions ['colcon_pkg']
[1.240s] Level 1:colcon.colcon_core.package_identification:_identify(src/serialib/example3) by extension 'colcon_pkg'
[1.240s] Level 1:colcon.colcon_core.package_identification:_identify(src/serialib/example3) by extensions ['colcon_meta']
[1.240s] Level 1:colcon.colcon_core.package_identification:_identify(src/serialib/example3) by extension 'colcon_meta'
[1.241s] Level 1:colcon.colcon_core.package_identification:_identify(src/serialib/example3) by extensions ['ros']
[1.241s] Level 1:colcon.colcon_core.package_identification:_identify(src/serialib/example3) by extension 'ros'
[1.241s] Level 1:colcon.colcon_core.package_identification:_identify(src/serialib/example3) by extensions ['cmake', 'python']
[1.241s] Level 1:colcon.colcon_core.package_identification:_identify(src/serialib/example3) by extension 'cmake'
[1.241s] Level 1:colcon.colcon_core.package_identification:_identify(src/serialib/example3) by extension 'python'
[1.242s] Level 1:colcon.colcon_core.package_identification:_identify(src/serialib/example3) by extensions ['python_setup_py']
[1.242s] Level 1:colcon.colcon_core.package_identification:_identify(src/serialib/example3) by extension 'python_setup_py'
[1.242s] Level 1:colcon.colcon_core.package_identification:_identify(src/serialib/example3/arduino-code) by extensions ['ignore', 'ignore_ament_install']
[1.243s] Level 1:colcon.colcon_core.package_identification:_identify(src/serialib/example3/arduino-code) by extension 'ignore'
[1.243s] Level 1:colcon.colcon_core.package_identification:_identify(src/serialib/example3/arduino-code) by extension 'ignore_ament_install'
[1.243s] Level 1:colcon.colcon_core.package_identification:_identify(src/serialib/example3/arduino-code) by extensions ['colcon_pkg']
[1.243s] Level 1:colcon.colcon_core.package_identification:_identify(src/serialib/example3/arduino-code) by extension 'colcon_pkg'
[1.243s] Level 1:colcon.colcon_core.package_identification:_identify(src/serialib/example3/arduino-code) by extensions ['colcon_meta']
[1.243s] Level 1:colcon.colcon_core.package_identification:_identify(src/serialib/example3/arduino-code) by extension 'colcon_meta'
[1.244s] Level 1:colcon.colcon_core.package_identification:_identify(src/serialib/example3/arduino-code) by extensions ['ros']
[1.244s] Level 1:colcon.colcon_core.package_identification:_identify(src/serialib/example3/arduino-code) by extension 'ros'
[1.244s] Level 1:colcon.colcon_core.package_identification:_identify(src/serialib/example3/arduino-code) by extensions ['cmake', 'python']
[1.244s] Level 1:colcon.colcon_core.package_identification:_identify(src/serialib/example3/arduino-code) by extension 'cmake'
[1.245s] Level 1:colcon.colcon_core.package_identification:_identify(src/serialib/example3/arduino-code) by extension 'python'
[1.245s] Level 1:colcon.colcon_core.package_identification:_identify(src/serialib/example3/arduino-code) by extensions ['python_setup_py']
[1.245s] Level 1:colcon.colcon_core.package_identification:_identify(src/serialib/example3/arduino-code) by extension 'python_setup_py'
[1.246s] Level 1:colcon.colcon_core.package_identification:_identify(src/serialib/example4) by extensions ['ignore', 'ignore_ament_install']
[1.246s] Level 1:colcon.colcon_core.package_identification:_identify(src/serialib/example4) by extension 'ignore'
[1.246s] Level 1:colcon.colcon_core.package_identification:_identify(src/serialib/example4) by extension 'ignore_ament_install'
[1.246s] Level 1:colcon.colcon_core.package_identification:_identify(src/serialib/example4) by extensions ['colcon_pkg']
[1.246s] Level 1:colcon.colcon_core.package_identification:_identify(src/serialib/example4) by extension 'colcon_pkg'
[1.247s] Level 1:colcon.colcon_core.package_identification:_identify(src/serialib/example4) by extensions ['colcon_meta']
[1.247s] Level 1:colcon.colcon_core.package_identification:_identify(src/serialib/example4) by extension 'colcon_meta'
[1.247s] Level 1:colcon.colcon_core.package_identification:_identify(src/serialib/example4) by extensions ['ros']
[1.247s] Level 1:colcon.colcon_core.package_identification:_identify(src/serialib/example4) by extension 'ros'
[1.247s] Level 1:colcon.colcon_core.package_identification:_identify(src/serialib/example4) by extensions ['cmake', 'python']
[1.248s] Level 1:colcon.colcon_core.package_identification:_identify(src/serialib/example4) by extension 'cmake'
[1.248s] Level 1:colcon.colcon_core.package_identification:_identify(src/serialib/example4) by extension 'python'
[1.248s] Level 1:colcon.colcon_core.package_identification:_identify(src/serialib/example4) by extensions ['python_setup_py']
[1.248s] Level 1:colcon.colcon_core.package_identification:_identify(src/serialib/example4) by extension 'python_setup_py'
[1.249s] Level 1:colcon.colcon_core.package_identification:_identify(src/serialib/example4/arduino-code) by extensions ['ignore', 'ignore_ament_install']
[1.249s] Level 1:colcon.colcon_core.package_identification:_identify(src/serialib/example4/arduino-code) by extension 'ignore'
[1.249s] Level 1:colcon.colcon_core.package_identification:_identify(src/serialib/example4/arduino-code) by extension 'ignore_ament_install'
[1.250s] Level 1:colcon.colcon_core.package_identification:_identify(src/serialib/example4/arduino-code) by extensions ['colcon_pkg']
[1.250s] Level 1:colcon.colcon_core.package_identification:_identify(src/serialib/example4/arduino-code) by extension 'colcon_pkg'
[1.250s] Level 1:colcon.colcon_core.package_identification:_identify(src/serialib/example4/arduino-code) by extensions ['colcon_meta']
[1.250s] Level 1:colcon.colcon_core.package_identification:_identify(src/serialib/example4/arduino-code) by extension 'colcon_meta'
[1.250s] Level 1:colcon.colcon_core.package_identification:_identify(src/serialib/example4/arduino-code) by extensions ['ros']
[1.250s] Level 1:colcon.colcon_core.package_identification:_identify(src/serialib/example4/arduino-code) by extension 'ros'
[1.251s] Level 1:colcon.colcon_core.package_identification:_identify(src/serialib/example4/arduino-code) by extensions ['cmake', 'python']
[1.251s] Level 1:colcon.colcon_core.package_identification:_identify(src/serialib/example4/arduino-code) by extension 'cmake'
[1.251s] Level 1:colcon.colcon_core.package_identification:_identify(src/serialib/example4/arduino-code) by extension 'python'
[1.251s] Level 1:colcon.colcon_core.package_identification:_identify(src/serialib/example4/arduino-code) by extensions ['python_setup_py']
[1.251s] Level 1:colcon.colcon_core.package_identification:_identify(src/serialib/example4/arduino-code) by extension 'python_setup_py'
[1.252s] Level 1:colcon.colcon_core.package_identification:_identify(src/serialib/lib) by extensions ['ignore', 'ignore_ament_install']
[1.252s] Level 1:colcon.colcon_core.package_identification:_identify(src/serialib/lib) by extension 'ignore'
[1.253s] Level 1:colcon.colcon_core.package_identification:_identify(src/serialib/lib) by extension 'ignore_ament_install'
[1.253s] Level 1:colcon.colcon_core.package_identification:_identify(src/serialib/lib) by extensions ['colcon_pkg']
[1.253s] Level 1:colcon.colcon_core.package_identification:_identify(src/serialib/lib) by extension 'colcon_pkg'
[1.253s] Level 1:colcon.colcon_core.package_identification:_identify(src/serialib/lib) by extensions ['colcon_meta']
[1.253s] Level 1:colcon.colcon_core.package_identification:_identify(src/serialib/lib) by extension 'colcon_meta'
[1.253s] Level 1:colcon.colcon_core.package_identification:_identify(src/serialib/lib) by extensions ['ros']
[1.254s] Level 1:colcon.colcon_core.package_identification:_identify(src/serialib/lib) by extension 'ros'
[1.254s] Level 1:colcon.colcon_core.package_identification:_identify(src/serialib/lib) by extensions ['cmake', 'python']
[1.254s] Level 1:colcon.colcon_core.package_identification:_identify(src/serialib/lib) by extension 'cmake'
[1.254s] Level 1:colcon.colcon_core.package_identification:_identify(src/serialib/lib) by extension 'python'
[1.254s] Level 1:colcon.colcon_core.package_identification:_identify(src/serialib/lib) by extensions ['python_setup_py']
[1.255s] Level 1:colcon.colcon_core.package_identification:_identify(src/serialib/lib) by extension 'python_setup_py'
[1.255s] Level 1:colcon.colcon_core.package_discovery:discover_packages(recursive) using defaults
[1.255s] Level 1:colcon.colcon_core.package_discovery:discover_packages(ignore) discover
[1.255s] Level 1:colcon.colcon_core.package_discovery:discover_packages(ignore) using defaults
[1.255s] Level 1:colcon.colcon_core.package_discovery:discover_packages(path) discover
[1.255s] Level 1:colcon.colcon_core.package_discovery:discover_packages(path) using defaults
[1.330s] Level 1:colcon.colcon_core.package_discovery:discover_packages(prefix_path) check parameters
[1.331s] Level 1:colcon.colcon_core.package_discovery:discover_packages(prefix_path) discover
[1.335s] WARNING:colcon.colcon_ros.prefix_path.ament:The path '/home/moses/marp/install/dt_controller' in the environment variable AMENT_PREFIX_PATH doesn't exist
[1.336s] WARNING:colcon.colcon_ros.prefix_path.catkin:The path '/home/moses/marp/install/dt_controller' in the environment variable CMAKE_PREFIX_PATH doesn't exist
[1.340s] DEBUG:colcon.colcon_installed_package_information.package_discovery:Found 3 installed packages in /home/moses/marp/install
[1.346s] DEBUG:colcon.colcon_installed_package_information.package_discovery:Found 180 installed packages in /opt/ros/humble
[1.351s] Level 1:colcon.colcon_core.package_discovery:discover_packages(prefix_path) using defaults
[1.501s] Level 5:colcon.colcon_core.verb:set package 'controller' build argument 'cmake_args' from command line to 'None'
[1.502s] Level 5:colcon.colcon_core.verb:set package 'controller' build argument 'cmake_target' from command line to 'None'
[1.502s] Level 5:colcon.colcon_core.verb:set package 'controller' build argument 'cmake_target_skip_unavailable' from command line to 'False'
[1.502s] Level 5:colcon.colcon_core.verb:set package 'controller' build argument 'cmake_clean_cache' from command line to 'False'
[1.502s] Level 5:colcon.colcon_core.verb:set package 'controller' build argument 'cmake_clean_first' from command line to 'False'
[1.502s] Level 5:colcon.colcon_core.verb:set package 'controller' build argument 'cmake_force_configure' from command line to 'False'
[1.502s] Level 5:colcon.colcon_core.verb:set package 'controller' build argument 'ament_cmake_args' from command line to 'None'
[1.502s] Level 5:colcon.colcon_core.verb:set package 'controller' build argument 'catkin_cmake_args' from command line to 'None'
[1.502s] Level 5:colcon.colcon_core.verb:set package 'controller' build argument 'catkin_skip_building_tests' from command line to 'False'
[1.502s] DEBUG:colcon.colcon_core.verb:Building package 'controller' with the following arguments: {'ament_cmake_args': None, 'build_base': '/home/moses/marp/build/controller', 'catkin_cmake_args': None, 'catkin_skip_building_tests': False, 'cmake_args': None, 'cmake_clean_cache': False, 'cmake_clean_first': False, 'cmake_force_configure': False, 'cmake_target': None, 'cmake_target_skip_unavailable': False, 'install_base': '/home/moses/marp/install/controller', 'merge_install': False, 'path': '/home/moses/marp/src/controller', 'symlink_install': False, 'test_result_base': None}
[1.504s] Level 5:colcon.colcon_core.verb:set package 'dtc' build argument 'cmake_args' from command line to 'None'
[1.504s] Level 5:colcon.colcon_core.verb:set package 'dtc' build argument 'cmake_target' from command line to 'None'
[1.504s] Level 5:colcon.colcon_core.verb:set package 'dtc' build argument 'cmake_target_skip_unavailable' from command line to 'False'
[1.505s] Level 5:colcon.colcon_core.verb:set package 'dtc' build argument 'cmake_clean_cache' from command line to 'False'
[1.505s] Level 5:colcon.colcon_core.verb:set package 'dtc' build argument 'cmake_clean_first' from command line to 'False'
[1.505s] Level 5:colcon.colcon_core.verb:set package 'dtc' build argument 'cmake_force_configure' from command line to 'False'
[1.505s] Level 5:colcon.colcon_core.verb:set package 'dtc' build argument 'ament_cmake_args' from command line to 'None'
[1.505s] Level 5:colcon.colcon_core.verb:set package 'dtc' build argument 'catkin_cmake_args' from command line to 'None'
[1.505s] Level 5:colcon.colcon_core.verb:set package 'dtc' build argument 'catkin_skip_building_tests' from command line to 'False'
[1.505s] DEBUG:colcon.colcon_core.verb:Building package 'dtc' with the following arguments: {'ament_cmake_args': None, 'build_base': '/home/moses/marp/build/dtc', 'catkin_cmake_args': None, 'catkin_skip_building_tests': False, 'cmake_args': None, 'cmake_clean_cache': False, 'cmake_clean_first': False, 'cmake_force_configure': False, 'cmake_target': None, 'cmake_target_skip_unavailable': False, 'install_base': '/home/moses/marp/install/dtc', 'merge_install': False, 'path': '/home/moses/marp/src/dtc', 'symlink_install': False, 'test_result_base': None}
[1.507s] Level 5:colcon.colcon_core.verb:set package 'turtlesim' build argument 'cmake_args' from command line to 'None'
[1.507s] Level 5:colcon.colcon_core.verb:set package 'turtlesim' build argument 'cmake_target' from command line to 'None'
[1.507s] Level 5:colcon.colcon_core.verb:set package 'turtlesim' build argument 'cmake_target_skip_unavailable' from command line to 'False'
[1.507s] Level 5:colcon.colcon_core.verb:set package 'turtlesim' build argument 'cmake_clean_cache' from command line to 'False'
[1.507s] Level 5:colcon.colcon_core.verb:set package 'turtlesim' build argument 'cmake_clean_first' from command line to 'False'
[1.507s] Level 5:colcon.colcon_core.verb:set package 'turtlesim' build argument 'cmake_force_configure' from command line to 'False'
[1.507s] Level 5:colcon.colcon_core.verb:set package 'turtlesim' build argument 'ament_cmake_args' from command line to 'None'
[1.507s] Level 5:colcon.colcon_core.verb:set package 'turtlesim' build argument 'catkin_cmake_args' from command line to 'None'
[1.508s] Level 5:colcon.colcon_core.verb:set package 'turtlesim' build argument 'catkin_skip_building_tests' from command line to 'False'
[1.508s] DEBUG:colcon.colcon_core.verb:Building package 'turtlesim' with the following arguments: {'ament_cmake_args': None, 'build_base': '/home/moses/marp/build/turtlesim', 'catkin_cmake_args': None, 'catkin_skip_building_tests': False, 'cmake_args': None, 'cmake_clean_cache': False, 'cmake_clean_first': False, 'cmake_force_configure': False, 'cmake_target': None, 'cmake_target_skip_unavailable': False, 'install_base': '/home/moses/marp/install/turtlesim', 'merge_install': False, 'path': '/home/moses/marp/src/ros_tutorials/turtlesim', 'symlink_install': False, 'test_result_base': None}
[1.508s] INFO:colcon.colcon_core.executor:Executing jobs using 'parallel' executor
[1.512s] DEBUG:colcon.colcon_parallel_executor.executor.parallel:run_until_complete
[1.513s] INFO:colcon.colcon_ros.task.ament_cmake.build:Building ROS package in '/home/moses/marp/src/controller' with build type 'ament_cmake'
[1.514s] INFO:colcon.colcon_cmake.task.cmake.build:Building CMake package in '/home/moses/marp/src/controller'
[1.523s] INFO:colcon.colcon_core.plugin_system:Skipping extension 'colcon_core.shell.bat': Not used on non-Windows systems
[1.524s] INFO:colcon.colcon_core.shell:Skip shell extension 'powershell' for command environment: Not usable outside of PowerShell
[1.525s] DEBUG:colcon.colcon_core.shell:Skip shell extension 'dsv' for command environment
[1.541s] INFO:colcon.colcon_ros.task.ament_cmake.build:Building ROS package in '/home/moses/marp/src/dtc' with build type 'ament_cmake'
[1.541s] INFO:colcon.colcon_cmake.task.cmake.build:Building CMake package in '/home/moses/marp/src/dtc'
[1.542s] INFO:colcon.colcon_core.shell:Skip shell extension 'powershell' for command environment: Not usable outside of PowerShell
[1.543s] DEBUG:colcon.colcon_core.shell:Skip shell extension 'dsv' for command environment
[1.559s] INFO:colcon.colcon_ros.task.ament_cmake.build:Building ROS package in '/home/moses/marp/src/ros_tutorials/turtlesim' with build type 'ament_cmake'
[1.561s] INFO:colcon.colcon_cmake.task.cmake.build:Building CMake package in '/home/moses/marp/src/ros_tutorials/turtlesim'
[1.562s] INFO:colcon.colcon_core.shell:Skip shell extension 'powershell' for command environment: Not usable outside of PowerShell
[1.562s] DEBUG:colcon.colcon_core.shell:Skip shell extension 'dsv' for command environment
[1.600s] DEBUG:colcon.colcon_core.event_handler.log_command:Invoking command in '/home/moses/marp/build/controller': CMAKE_PREFIX_PATH=${CMAKE_PREFIX_PATH}:/home/moses/marp/install/turtlesim:/opt/ros/humble /usr/bin/cmake --build /home/moses/marp/build/controller -- -j4 -l4
[1.632s] DEBUG:colcon.colcon_core.event_handler.log_command:Invoking command in '/home/moses/marp/build/dtc': CMAKE_PREFIX_PATH=${CMAKE_PREFIX_PATH}:/home/moses/marp/install/turtlesim:/opt/ros/humble /usr/bin/cmake --build /home/moses/marp/build/dtc -- -j4 -l4
[1.653s] DEBUG:colcon.colcon_core.event_handler.log_command:Invoking command in '/home/moses/marp/build/turtlesim': CMAKE_PREFIX_PATH=${CMAKE_PREFIX_PATH}:/home/moses/marp/install/turtlesim:/opt/ros/humble /usr/bin/cmake --build /home/moses/marp/build/turtlesim -- -j4 -l4
[2.033s] DEBUG:colcon.colcon_core.event_handler.log_command:Invoked command in '/home/moses/marp/build/dtc' returned '0': CMAKE_PREFIX_PATH=${CMAKE_PREFIX_PATH}:/home/moses/marp/install/turtlesim:/opt/ros/humble /usr/bin/cmake --build /home/moses/marp/build/dtc -- -j4 -l4
[2.423s] DEBUG:colcon.colcon_core.event_handler.log_command:Invoking command in '/home/moses/marp/build/dtc': CMAKE_PREFIX_PATH=${CMAKE_PREFIX_PATH}:/home/moses/marp/install/turtlesim:/opt/ros/humble /usr/bin/cmake --install /home/moses/marp/build/dtc
[2.529s] Level 1:colcon.colcon_core.environment:create_environment_scripts_only(dtc)
[2.533s] DEBUG:colcon.colcon_core.event_handler.log_command:Invoked command in '/home/moses/marp/build/dtc' returned '0': CMAKE_PREFIX_PATH=${CMAKE_PREFIX_PATH}:/home/moses/marp/install/turtlesim:/opt/ros/humble /usr/bin/cmake --install /home/moses/marp/build/dtc
[2.551s] Level 1:colcon.colcon_core.environment:checking '/home/moses/marp/install/dtc' for CMake module files
[2.555s] Level 1:colcon.colcon_core.environment:checking '/home/moses/marp/install/dtc' for CMake config files
[2.569s] Level 1:colcon.colcon_core.shell:create_environment_hook('dtc', 'cmake_prefix_path')
[2.581s] INFO:colcon.colcon_core.shell:Creating environment hook '/home/moses/marp/install/dtc/share/dtc/hook/cmake_prefix_path.ps1'
[2.585s] INFO:colcon.colcon_core.shell:Creating environment descriptor '/home/moses/marp/install/dtc/share/dtc/hook/cmake_prefix_path.dsv'
[2.589s] INFO:colcon.colcon_core.shell:Creating environment hook '/home/moses/marp/install/dtc/share/dtc/hook/cmake_prefix_path.sh'
[2.602s] Level 1:colcon.colcon_core.environment:checking '/home/moses/marp/install/dtc/lib'
[2.604s] Level 1:colcon.colcon_core.environment:checking '/home/moses/marp/install/dtc/bin'
[2.604s] Level 1:colcon.colcon_core.environment:checking '/home/moses/marp/install/dtc/lib/pkgconfig/dtc.pc'
[2.606s] Level 1:colcon.colcon_core.environment:checking '/home/moses/marp/install/dtc/lib/python3.10/site-packages'
[2.608s] Level 1:colcon.colcon_core.environment:checking '/home/moses/marp/install/dtc/bin'
[2.611s] INFO:colcon.colcon_core.shell:Creating package script '/home/moses/marp/install/dtc/share/dtc/package.ps1'
[2.618s] INFO:colcon.colcon_core.shell:Creating package descriptor '/home/moses/marp/install/dtc/share/dtc/package.dsv'
[2.622s] INFO:colcon.colcon_core.shell:Creating package script '/home/moses/marp/install/dtc/share/dtc/package.sh'
[2.626s] INFO:colcon.colcon_core.shell:Creating package script '/home/moses/marp/install/dtc/share/dtc/package.bash'
[2.630s] INFO:colcon.colcon_core.shell:Creating package script '/home/moses/marp/install/dtc/share/dtc/package.zsh'
[2.634s] Level 1:colcon.colcon_core.environment:create_file_with_runtime_dependencies(/home/moses/marp/install/dtc/share/colcon-core/packages/dtc)
[3.161s] Level 1:colcon.colcon_core.environment:create_environment_scripts_only(dtc)
[3.163s] Level 1:colcon.colcon_core.environment:checking '/home/moses/marp/install/dtc' for CMake module files
[3.167s] Level 1:colcon.colcon_core.environment:checking '/home/moses/marp/install/dtc' for CMake config files
[3.174s] Level 1:colcon.colcon_core.shell:create_environment_hook('dtc', 'cmake_prefix_path')
[3.178s] INFO:colcon.colcon_core.shell:Creating environment hook '/home/moses/marp/install/dtc/share/dtc/hook/cmake_prefix_path.ps1'
[3.195s] INFO:colcon.colcon_core.shell:Creating environment descriptor '/home/moses/marp/install/dtc/share/dtc/hook/cmake_prefix_path.dsv'
[3.206s] INFO:colcon.colcon_core.shell:Creating environment hook '/home/moses/marp/install/dtc/share/dtc/hook/cmake_prefix_path.sh'
[3.212s] Level 1:colcon.colcon_core.environment:checking '/home/moses/marp/install/dtc/lib'
[3.215s] Level 1:colcon.colcon_core.environment:checking '/home/moses/marp/install/dtc/bin'
[3.216s] Level 1:colcon.colcon_core.environment:checking '/home/moses/marp/install/dtc/lib/pkgconfig/dtc.pc'
[3.218s] Level 1:colcon.colcon_core.environment:checking '/home/moses/marp/install/dtc/lib/python3.10/site-packages'
[3.225s] Level 1:colcon.colcon_core.environment:checking '/home/moses/marp/install/dtc/bin'
[3.233s] INFO:colcon.colcon_core.shell:Creating package script '/home/moses/marp/install/dtc/share/dtc/package.ps1'
[3.238s] INFO:colcon.colcon_core.shell:Creating package descriptor '/home/moses/marp/install/dtc/share/dtc/package.dsv'
[3.252s] INFO:colcon.colcon_core.shell:Creating package script '/home/moses/marp/install/dtc/share/dtc/package.sh'
[3.260s] INFO:colcon.colcon_core.shell:Creating package script '/home/moses/marp/install/dtc/share/dtc/package.bash'
[3.269s] INFO:colcon.colcon_core.shell:Creating package script '/home/moses/marp/install/dtc/share/dtc/package.zsh'
[3.285s] Level 1:colcon.colcon_core.environment:create_file_with_runtime_dependencies(/home/moses/marp/install/dtc/share/colcon-core/packages/dtc)
[4.666s] DEBUG:colcon.colcon_core.event_handler.log_command:Invoked command in '/home/moses/marp/build/turtlesim' returned '0': CMAKE_PREFIX_PATH=${CMAKE_PREFIX_PATH}:/home/moses/marp/install/turtlesim:/opt/ros/humble /usr/bin/cmake --build /home/moses/marp/build/turtlesim -- -j4 -l4
[6.228s] DEBUG:colcon.colcon_core.event_handler.log_command:Invoking command in '/home/moses/marp/build/turtlesim': CMAKE_PREFIX_PATH=${CMAKE_PREFIX_PATH}:/home/moses/marp/install/turtlesim:/opt/ros/humble /usr/bin/cmake --install /home/moses/marp/build/turtlesim
[6.797s] Level 1:colcon.colcon_core.environment:create_environment_scripts_only(turtlesim)
[6.798s] Level 1:colcon.colcon_core.environment:checking '/home/moses/marp/install/turtlesim' for CMake module files
[6.808s] Level 1:colcon.colcon_core.environment:checking '/home/moses/marp/install/turtlesim' for CMake config files
[6.827s] Level 1:colcon.colcon_core.shell:create_environment_hook('turtlesim', 'cmake_prefix_path')
[6.829s] INFO:colcon.colcon_core.shell:Creating environment hook '/home/moses/marp/install/turtlesim/share/turtlesim/hook/cmake_prefix_path.ps1'
[6.834s] DEBUG:colcon.colcon_core.event_handler.log_command:Invoked command in '/home/moses/marp/build/turtlesim' returned '0': CMAKE_PREFIX_PATH=${CMAKE_PREFIX_PATH}:/home/moses/marp/install/turtlesim:/opt/ros/humble /usr/bin/cmake --install /home/moses/marp/build/turtlesim
[6.835s] INFO:colcon.colcon_core.shell:Creating environment descriptor '/home/moses/marp/install/turtlesim/share/turtlesim/hook/cmake_prefix_path.dsv'
[6.838s] INFO:colcon.colcon_core.shell:Creating environment hook '/home/moses/marp/install/turtlesim/share/turtlesim/hook/cmake_prefix_path.sh'
[6.842s] Level 1:colcon.colcon_core.environment:checking '/home/moses/marp/install/turtlesim/lib'
[6.843s] Level 1:colcon.colcon_core.shell:create_environment_hook('turtlesim', 'ld_library_path_lib')
[6.845s] INFO:colcon.colcon_core.shell:Creating environment hook '/home/moses/marp/install/turtlesim/share/turtlesim/hook/ld_library_path_lib.ps1'
[6.848s] INFO:colcon.colcon_core.shell:Creating environment descriptor '/home/moses/marp/install/turtlesim/share/turtlesim/hook/ld_library_path_lib.dsv'
[6.851s] INFO:colcon.colcon_core.shell:Creating environment hook '/home/moses/marp/install/turtlesim/share/turtlesim/hook/ld_library_path_lib.sh'
[6.854s] Level 1:colcon.colcon_core.environment:checking '/home/moses/marp/install/turtlesim/bin'
[6.855s] Level 1:colcon.colcon_core.environment:checking '/home/moses/marp/install/turtlesim/lib/pkgconfig/turtlesim.pc'
[6.857s] Level 1:colcon.colcon_core.environment:checking '/home/moses/marp/install/turtlesim/lib/python3.10/site-packages'
[6.858s] Level 1:colcon.colcon_core.environment:checking '/home/moses/marp/install/turtlesim/bin'
[6.860s] INFO:colcon.colcon_core.shell:Creating package script '/home/moses/marp/install/turtlesim/share/turtlesim/package.ps1'
[6.863s] INFO:colcon.colcon_core.shell:Creating package descriptor '/home/moses/marp/install/turtlesim/share/turtlesim/package.dsv'
[6.867s] INFO:colcon.colcon_core.shell:Creating package script '/home/moses/marp/install/turtlesim/share/turtlesim/package.sh'
[6.871s] INFO:colcon.colcon_core.shell:Creating package script '/home/moses/marp/install/turtlesim/share/turtlesim/package.bash'
[6.875s] INFO:colcon.colcon_core.shell:Creating package script '/home/moses/marp/install/turtlesim/share/turtlesim/package.zsh'
[6.878s] Level 1:colcon.colcon_core.environment:create_file_with_runtime_dependencies(/home/moses/marp/install/turtlesim/share/colcon-core/packages/turtlesim)
[8.709s] Level 1:colcon.colcon_core.environment:create_environment_scripts_only(turtlesim)
[8.711s] Level 1:colcon.colcon_core.environment:checking '/home/moses/marp/install/turtlesim' for CMake module files
[8.717s] Level 1:colcon.colcon_core.environment:checking '/home/moses/marp/install/turtlesim' for CMake config files
[8.726s] Level 1:colcon.colcon_core.shell:create_environment_hook('turtlesim', 'cmake_prefix_path')
[8.728s] INFO:colcon.colcon_core.shell:Creating environment hook '/home/moses/marp/install/turtlesim/share/turtlesim/hook/cmake_prefix_path.ps1'
[8.733s] INFO:colcon.colcon_core.shell:Creating environment descriptor '/home/moses/marp/install/turtlesim/share/turtlesim/hook/cmake_prefix_path.dsv'
[8.738s] INFO:colcon.colcon_core.shell:Creating environment hook '/home/moses/marp/install/turtlesim/share/turtlesim/hook/cmake_prefix_path.sh'
[8.748s] Level 1:colcon.colcon_core.environment:checking '/home/moses/marp/install/turtlesim/lib'
[8.751s] Level 1:colcon.colcon_core.shell:create_environment_hook('turtlesim', 'ld_library_path_lib')
[8.753s] INFO:colcon.colcon_core.shell:Creating environment hook '/home/moses/marp/install/turtlesim/share/turtlesim/hook/ld_library_path_lib.ps1'
[8.760s] INFO:colcon.colcon_core.shell:Creating environment descriptor '/home/moses/marp/install/turtlesim/share/turtlesim/hook/ld_library_path_lib.dsv'
[8.765s] INFO:colcon.colcon_core.shell:Creating environment hook '/home/moses/marp/install/turtlesim/share/turtlesim/hook/ld_library_path_lib.sh'
[8.771s] Level 1:colcon.colcon_core.environment:checking '/home/moses/marp/install/turtlesim/bin'
[8.772s] Level 1:colcon.colcon_core.environment:checking '/home/moses/marp/install/turtlesim/lib/pkgconfig/turtlesim.pc'
[8.774s] Level 1:colcon.colcon_core.environment:checking '/home/moses/marp/install/turtlesim/lib/python3.10/site-packages'
[8.776s] Level 1:colcon.colcon_core.environment:checking '/home/moses/marp/install/turtlesim/bin'
[8.779s] INFO:colcon.colcon_core.shell:Creating package script '/home/moses/marp/install/turtlesim/share/turtlesim/package.ps1'
[8.784s] INFO:colcon.colcon_core.shell:Creating package descriptor '/home/moses/marp/install/turtlesim/share/turtlesim/package.dsv'
[8.789s] INFO:colcon.colcon_core.shell:Creating package script '/home/moses/marp/install/turtlesim/share/turtlesim/package.sh'
[8.796s] INFO:colcon.colcon_core.shell:Creating package script '/home/moses/marp/install/turtlesim/share/turtlesim/package.bash'
[8.801s] INFO:colcon.colcon_core.shell:Creating package script '/home/moses/marp/install/turtlesim/share/turtlesim/package.zsh'
[8.805s] Level 1:colcon.colcon_core.environment:create_file_with_runtime_dependencies(/home/moses/marp/install/turtlesim/share/colcon-core/packages/turtlesim)
[24.344s] DEBUG:colcon.colcon_core.event_handler.log_command:Invoked command in '/home/moses/marp/build/controller' returned '0': CMAKE_PREFIX_PATH=${CMAKE_PREFIX_PATH}:/home/moses/marp/install/turtlesim:/opt/ros/humble /usr/bin/cmake --build /home/moses/marp/build/controller -- -j4 -l4
[24.473s] DEBUG:colcon.colcon_core.event_handler.log_command:Invoking command in '/home/moses/marp/build/controller': CMAKE_PREFIX_PATH=${CMAKE_PREFIX_PATH}:/home/moses/marp/install/turtlesim:/opt/ros/humble /usr/bin/cmake --install /home/moses/marp/build/controller
[24.530s] Level 1:colcon.colcon_core.environment:create_environment_scripts_only(controller)
[24.531s] Level 1:colcon.colcon_core.environment:checking '/home/moses/marp/install/controller' for CMake module files
[24.535s] Level 1:colcon.colcon_core.environment:checking '/home/moses/marp/install/controller' for CMake config files
[24.537s] DEBUG:colcon.colcon_core.event_handler.log_command:Invoked command in '/home/moses/marp/build/controller' returned '0': CMAKE_PREFIX_PATH=${CMAKE_PREFIX_PATH}:/home/moses/marp/install/turtlesim:/opt/ros/humble /usr/bin/cmake --install /home/moses/marp/build/controller
[24.539s] Level 1:colcon.colcon_core.shell:create_environment_hook('controller', 'cmake_prefix_path')
[24.540s] INFO:colcon.colcon_core.shell:Creating environment hook '/home/moses/marp/install/controller/share/controller/hook/cmake_prefix_path.ps1'
[24.543s] INFO:colcon.colcon_core.shell:Creating environment descriptor '/home/moses/marp/install/controller/share/controller/hook/cmake_prefix_path.dsv'
[24.545s] INFO:colcon.colcon_core.shell:Creating environment hook '/home/moses/marp/install/controller/share/controller/hook/cmake_prefix_path.sh'
[24.548s] Level 1:colcon.colcon_core.environment:checking '/home/moses/marp/install/controller/lib'
[24.549s] Level 1:colcon.colcon_core.environment:checking '/home/moses/marp/install/controller/bin'
[24.549s] Level 1:colcon.colcon_core.environment:checking '/home/moses/marp/install/controller/lib/pkgconfig/controller.pc'
[24.550s] Level 1:colcon.colcon_core.environment:checking '/home/moses/marp/install/controller/lib/python3.10/site-packages'
[24.551s] Level 1:colcon.colcon_core.environment:checking '/home/moses/marp/install/controller/bin'
[24.553s] INFO:colcon.colcon_core.shell:Creating package script '/home/moses/marp/install/controller/share/controller/package.ps1'
[24.555s] INFO:colcon.colcon_core.shell:Creating package descriptor '/home/moses/marp/install/controller/share/controller/package.dsv'
[24.558s] INFO:colcon.colcon_core.shell:Creating package script '/home/moses/marp/install/controller/share/controller/package.sh'
[24.560s] INFO:colcon.colcon_core.shell:Creating package script '/home/moses/marp/install/controller/share/controller/package.bash'
[24.562s] INFO:colcon.colcon_core.shell:Creating package script '/home/moses/marp/install/controller/share/controller/package.zsh'
[24.565s] Level 1:colcon.colcon_core.environment:create_file_with_runtime_dependencies(/home/moses/marp/install/controller/share/colcon-core/packages/controller)
[24.687s] Level 1:colcon.colcon_core.environment:create_environment_scripts_only(controller)
[24.689s] Level 1:colcon.colcon_core.environment:checking '/home/moses/marp/install/controller' for CMake module files
[24.694s] Level 1:colcon.colcon_core.environment:checking '/home/moses/marp/install/controller' for CMake config files
[24.698s] Level 1:colcon.colcon_core.shell:create_environment_hook('controller', 'cmake_prefix_path')
[24.699s] INFO:colcon.colcon_core.shell:Creating environment hook '/home/moses/marp/install/controller/share/controller/hook/cmake_prefix_path.ps1'
[24.703s] INFO:colcon.colcon_core.shell:Creating environment descriptor '/home/moses/marp/install/controller/share/controller/hook/cmake_prefix_path.dsv'
[24.706s] INFO:colcon.colcon_core.shell:Creating environment hook '/home/moses/marp/install/controller/share/controller/hook/cmake_prefix_path.sh'
[24.711s] Level 1:colcon.colcon_core.environment:checking '/home/moses/marp/install/controller/lib'
[24.712s] Level 1:colcon.colcon_core.environment:checking '/home/moses/marp/install/controller/bin'
[24.713s] Level 1:colcon.colcon_core.environment:checking '/home/moses/marp/install/controller/lib/pkgconfig/controller.pc'
[24.715s] Level 1:colcon.colcon_core.environment:checking '/home/moses/marp/install/controller/lib/python3.10/site-packages'
[24.718s] Level 1:colcon.colcon_core.environment:checking '/home/moses/marp/install/controller/bin'
[24.720s] INFO:colcon.colcon_core.shell:Creating package script '/home/moses/marp/install/controller/share/controller/package.ps1'
[24.726s] INFO:colcon.colcon_core.shell:Creating package descriptor '/home/moses/marp/install/controller/share/controller/package.dsv'
[24.733s] INFO:colcon.colcon_core.shell:Creating package script '/home/moses/marp/install/controller/share/controller/package.sh'
[24.740s] INFO:colcon.colcon_core.shell:Creating package script '/home/moses/marp/install/controller/share/controller/package.bash'
[24.743s] INFO:colcon.colcon_core.shell:Creating package script '/home/moses/marp/install/controller/share/controller/package.zsh'
[24.747s] Level 1:colcon.colcon_core.environment:create_file_with_runtime_dependencies(/home/moses/marp/install/controller/share/colcon-core/packages/controller)
[24.750s] DEBUG:colcon.colcon_parallel_executor.executor.parallel:closing loop
[24.753s] DEBUG:colcon.colcon_parallel_executor.executor.parallel:loop closed
[24.754s] DEBUG:colcon.colcon_parallel_executor.executor.parallel:run_until_complete finished with '0'
[24.755s] DEBUG:colcon.colcon_core.event_reactor:joining thread
[24.802s] INFO:colcon.colcon_core.plugin_system:Skipping extension 'colcon_notification.desktop_notification.notify_send': Could not find 'notify-send'
[24.803s] INFO:colcon.colcon_core.plugin_system:Skipping extension 'colcon_notification.desktop_notification.terminal_notifier': Not used on non-Darwin systems
[24.803s] INFO:colcon.colcon_core.plugin_system:Skipping extension 'colcon_notification.desktop_notification.win32': Not used on non-Windows systems
[24.803s] INFO:colcon.colcon_notification.desktop_notification:Sending desktop notification using 'notify2'
[24.806s] DEBUG:colcon.colcon_notification.desktop_notification.notify2:Failed to initialize notify2: org.freedesktop.DBus.Error.ServiceUnknown: The name org.freedesktop.Notifications was not provided by any .service files
[24.807s] DEBUG:colcon.colcon_core.event_reactor:joined thread
[24.808s] INFO:colcon.colcon_core.shell:Creating prefix script '/home/moses/marp/install/local_setup.ps1'
[24.812s] INFO:colcon.colcon_core.shell:Creating prefix util module '/home/moses/marp/install/_local_setup_util_ps1.py'
[24.818s] INFO:colcon.colcon_core.shell:Creating prefix chain script '/home/moses/marp/install/setup.ps1'
[24.823s] INFO:colcon.colcon_core.shell:Creating prefix script '/home/moses/marp/install/local_setup.sh'
[24.827s] INFO:colcon.colcon_core.shell:Creating prefix util module '/home/moses/marp/install/_local_setup_util_sh.py'
[24.830s] INFO:colcon.colcon_core.shell:Creating prefix chain script '/home/moses/marp/install/setup.sh'
[24.835s] INFO:colcon.colcon_core.shell:Creating prefix script '/home/moses/marp/install/local_setup.bash'
[24.837s] INFO:colcon.colcon_core.shell:Creating prefix chain script '/home/moses/marp/install/setup.bash'
[24.842s] INFO:colcon.colcon_core.shell:Creating prefix script '/home/moses/marp/install/local_setup.zsh'
[24.845s] INFO:colcon.colcon_core.shell:Creating prefix chain script '/home/moses/marp/install/setup.zsh'
