[0.048s] Invoking command in '/home/moses/marp/build/dtc': CMAKE_PREFIX_PATH=${CMAKE_PREFIX_PATH}:/opt/ros/humble /usr/bin/cmake --build /home/moses/marp/build/dtc -- -j4 -l4
[0.153s] -- Found ament_cmake: 1.3.9 (/opt/ros/humble/share/ament_cmake/cmake)
[0.718s] -- Found rclcpp: 16.0.9 (/opt/ros/humble/share/rclcpp/cmake)
[0.852s] -- Found rosidl_generator_c: 3.1.5 (/opt/ros/humble/share/rosidl_generator_c/cmake)
[0.863s] -- Found rosidl_adapter: 3.1.5 (/opt/ros/humble/share/rosidl_adapter/cmake)
[0.891s] -- Found rosidl_generator_cpp: 3.1.5 (/opt/ros/humble/share/rosidl_generator_cpp/cmake)
[0.936s] -- Using all available rosidl_typesupport_c: rosidl_typesupport_fastrtps_c;rosidl_typesupport_introspection_c
[0.997s] -- Using all available rosidl_typesupport_cpp: rosidl_typesupport_fastrtps_cpp;rosidl_typesupport_introspection_cpp
[1.222s] -- Found rmw_implementation_cmake: 6.1.2 (/opt/ros/humble/share/rmw_implementation_cmake/cmake)
[1.230s] -- Found rmw_fastrtps_cpp: 6.2.6 (/opt/ros/humble/share/rmw_fastrtps_cpp/cmake)
[1.782s] -- Using RMW implementation 'rmw_fastrtps_cpp' as default
[2.375s] -- Found ament_lint_auto: 0.12.11 (/opt/ros/humble/share/ament_lint_auto/cmake)
[2.680s] -- Added test 'cppcheck' to perform static code analysis on C / C++ code
[2.681s] -- Configured cppcheck include dirs: $<BUILD_INTERFACE:/home/moses/marp/src/dtc/include>
[2.681s] -- Configured cppcheck exclude dirs and/or files: 
[2.684s] -- Added test 'lint_cmake' to check CMake code style
[2.690s] -- Added test 'uncrustify' to check C / C++ code style
[2.690s] -- Configured uncrustify additional arguments: 
[2.692s] -- Added test 'xmllint' to check XML markup files
[2.696s] -- Configuring done
[2.750s] -- Generating done
[2.758s] -- Build files have been written to: /home/moses/marp/build/dtc
[2.857s] [35m[1mConsolidate compiler generated dependencies of target dtc[0m
[2.952s] [ 50%] [32m[1mLinking CXX executable dtc[0m
[3.783s] /usr/bin/ld: CMakeFiles/dtc.dir/src/dtc.cpp.o: in function `main':
[3.784s] dtc.cpp:(.text+0x34): undefined reference to `serialib::serialib()'
[3.785s] /usr/bin/ld: dtc.cpp:(.text+0x58): undefined reference to `serialib::openDevice(char const*, unsigned int, SerialDataBits, SerialParity, SerialStopBits)'
[3.785s] /usr/bin/ld: dtc.cpp:(.text+0x168): undefined reference to `serialib::~serialib()'
[3.785s] /usr/bin/ld: dtc.cpp:(.text+0x1e8): undefined reference to `serialib::~serialib()'
[3.856s] collect2: error: ld returned 1 exit status
[3.861s] gmake[2]: *** [CMakeFiles/dtc.dir/build.make:159: dtc] Error 1
[3.862s] gmake[1]: *** [CMakeFiles/Makefile2:137: CMakeFiles/dtc.dir/all] Error 2
[3.864s] gmake: *** [Makefile:146: all] Error 2
[3.870s] Invoked command in '/home/moses/marp/build/dtc' returned '2': CMAKE_PREFIX_PATH=${CMAKE_PREFIX_PATH}:/opt/ros/humble /usr/bin/cmake --build /home/moses/marp/build/dtc -- -j4 -l4
