[0.076s] Invoking command in '/home/moses/marp/build/controller': CMAKE_PREFIX_PATH=/opt/ros/humble /usr/bin/cmake --build /home/moses/marp/build/controller -- -j4 -l4
[0.255s] [35m[1mConsolidate compiler generated dependencies of target controller[0m
[0.391s] [100%] Built target controller
[0.517s] Invoked command in '/home/moses/marp/build/controller' returned '0': CMAKE_PREFIX_PATH=/opt/ros/humble /usr/bin/cmake --build /home/moses/marp/build/controller -- -j4 -l4
[0.979s] Invoking command in '/home/moses/marp/build/controller': CMAKE_PREFIX_PATH=/opt/ros/humble /usr/bin/cmake --install /home/moses/marp/build/controller
[1.129s] -- Install configuration: ""
[1.142s] -- Up-to-date: /home/moses/marp/install/controller/lib/controller/controller
[1.151s] -- Up-to-date: /home/moses/marp/install/controller/share/ament_index/resource_index/package_run_dependencies/controller
[1.156s] -- Up-to-date: /home/moses/marp/install/controller/share/ament_index/resource_index/parent_prefix_path/controller
[1.160s] -- Up-to-date: /home/moses/marp/install/controller/share/controller/environment/ament_prefix_path.sh
[1.163s] -- Up-to-date: /home/moses/marp/install/controller/share/controller/environment/ament_prefix_path.dsv
[1.170s] -- Up-to-date: /home/moses/marp/install/controller/share/controller/environment/path.sh
[1.172s] -- Up-to-date: /home/moses/marp/install/controller/share/controller/environment/path.dsv
[1.174s] -- Up-to-date: /home/moses/marp/install/controller/share/controller/local_setup.bash
[1.175s] -- Up-to-date: /home/moses/marp/install/controller/share/controller/local_setup.sh
[1.176s] -- Up-to-date: /home/moses/marp/install/controller/share/controller/local_setup.zsh
[1.177s] -- Up-to-date: /home/moses/marp/install/controller/share/controller/local_setup.dsv
[1.178s] -- Installing: /home/moses/marp/install/controller/share/controller/package.dsv
[1.178s] -- Up-to-date: /home/moses/marp/install/controller/share/ament_index/resource_index/packages/controller
[1.179s] -- Up-to-date: /home/moses/marp/install/controller/share/controller/cmake/controllerConfig.cmake
[1.180s] -- Up-to-date: /home/moses/marp/install/controller/share/controller/cmake/controllerConfig-version.cmake
[1.180s] -- Up-to-date: /home/moses/marp/install/controller/share/controller/package.xml
[1.357s] Invoked command in '/home/moses/marp/build/controller' returned '0': CMAKE_PREFIX_PATH=/opt/ros/humble /usr/bin/cmake --install /home/moses/marp/build/controller
